PLINK v1.90b6.26 64-bit (2 Apr 2022)
Options in effect:
  --allow-extra-chr
  --double-id
  --indep-pairwise 50 10 0.1
  --out multiSpp_filtered
  --set-missing-var-ids @:#$1,$2
  --vcf /SAN/Ctyzzeri/all/results/vcf/multiSpp_filtered.vcf.gz

Hostname: harriet
Working directory: /SAN/Ctyzzeri/all/scripts
Start time: Wed Jul 20 07:20:56 2022

Random number seed: 1658294456
515931 MB RAM detected; reserving 257965 MB for main workspace.
--vcf: multiSpp_filtered-temporary.bed + multiSpp_filtered-temporary.bim +
multiSpp_filtered-temporary.fam written.
364927 variants loaded from .bim file.
364927 missing IDs set.
12 people (0 males, 0 females, 12 ambiguous) loaded from .fam.
Ambiguous sex IDs written to multiSpp_filtered.nosex .
Using 1 thread (no multithreaded calculations invoked).
Before main variant filters, 12 founders and 0 nonfounders present.
Calculating allele frequencies... done.
Total genotyping rate is 0.935183.
364927 variants and 12 people pass filters and QC.
Note: No phenotypes present.
Pruned 35706 variants from chromosome 27, leaving 609.
Pruned 40060 variants from chromosome 28, leaving 693.
Pruned 44708 variants from chromosome 29, leaving 796.
Pruned 44464 variants from chromosome 30, leaving 772.
Pruned 36286 variants from chromosome 31, leaving 634.
Pruned 49044 variants from chromosome 32, leaving 875.
Pruned 48718 variants from chromosome 33, leaving 834.
Pruned 53546 variants from chromosome 34, leaving 929.
Pruned 359 variants from chromosome 35, leaving 9.
Pruned 264 variants from chromosome 36, leaving 5.
Pruned 5524 variants from chromosome 37, leaving 92.
Pruning complete.  358679 of 364927 variants removed.
Marker lists written to multiSpp_filtered.prune.in and
multiSpp_filtered.prune.out .

End time: Wed Jul 20 07:20:58 2022
