Ctyz_1:102936C,T
Ctyz_1:102939A,G
Ctyz_1:115179A,T
Ctyz_1:124129G,T
Ctyz_1:163751A,G
Ctyz_1:167331A,G
Ctyz_1:218398A,T
Ctyz_1:218400C,T
Ctyz_1:235758A,G
Ctyz_1:687908A,C
Ctyz_1:687923A,C
Ctyz_1:687947G,T
Ctyz_1:707667C,T
Ctyz_1:761047A,T
Ctyz_1:761049C,G
Ctyz_1:781985G,T
Ctyz_1:781986A,G
Ctyz_1:800430A,T
Ctyz_2:33641A,T
Ctyz_2:38787A,T
Ctyz_2:42800A,T
Ctyz_2:86779A,G
Ctyz_2:86795A,T
Ctyz_2:86801A,G
Ctyz_2:86866A,C
Ctyz_2:86910A,G
Ctyz_2:88056C,T
Ctyz_2:89646C,T
Ctyz_2:95733C,T
Ctyz_2:95739G,T
Ctyz_2:105623C,T
Ctyz_2:151335A,C
Ctyz_2:160950G,T
Ctyz_2:208521A,G
Ctyz_2:298673A,G
Ctyz_2:646314A,G
Ctyz_2:729600C,T
Ctyz_2:750252A,C
Ctyz_2:750511C,G
Ctyz_2:751032C,T
Ctyz_2:759220A,C
Ctyz_2:863123A,G
Ctyz_2:867201A,C
Ctyz_2:867255C,T
Ctyz_2:876679A,T
Ctyz_2:907886A,G
Ctyz_2:907909A,T
Ctyz_2:918811C,T
Ctyz_2:924122C,T
Ctyz_2:974933A,T
Ctyz_2:990947C,T
Ctyz_2:990948G,T
Ctyz_2:990951A,C
Ctyz_3:76994A,G
Ctyz_3:77695A,C
Ctyz_3:78204C,G
Ctyz_3:97044A,T
Ctyz_3:97048A,T
Ctyz_3:181840A,T
Ctyz_3:231912G,T
Ctyz_3:320960A,G
Ctyz_3:431290A,T
Ctyz_3:431292A,T
