PLINK v1.90b6.26 64-bit (2 Apr 2022)
Options in effect:
  --allow-extra-chr
  --double-id
  --extract /SAN/Ctyzzeri/all/results/pca/HZ_UGA_TYGZ1_PAR/HZ_UGA_TYGZ1_PAR_filtered_sorted.prune.in
  --make-bed
  --out HZ_UGA_TYGZ1_PAR_filtered_sorted
  --pca
  --set-missing-var-ids @:#$1,$2
  --vcf /SAN/Ctyzzeri/all/results/vcf/HZ_UGA_TYGZ1_PAR_filtered.vcf.gz

Hostname: harriet
Working directory: /SAN/Ctyzzeri/all/scripts
Start time: Tue Jun 14 08:40:47 2022

Random number seed: 1655188847
515931 MB RAM detected; reserving 257965 MB for main workspace.
--vcf: HZ_UGA_TYGZ1_PAR_filtered_sorted-temporary.bed +
HZ_UGA_TYGZ1_PAR_filtered_sorted-temporary.bim +
HZ_UGA_TYGZ1_PAR_filtered_sorted-temporary.fam written.
70 variants loaded from .bim file.
70 missing IDs set.
6 people (0 males, 0 females, 6 ambiguous) loaded from .fam.
Ambiguous sex IDs written to HZ_UGA_TYGZ1_PAR_filtered_sorted.nosex .
--extract: 7 variants remaining.
Using up to 95 threads (change this with --threads).
Before main variant filters, 6 founders and 0 nonfounders present.
Calculating allele frequencies... done.
Total genotyping rate is 0.833333.
7 variants and 6 people pass filters and QC.
Note: No phenotypes present.
Relationship matrix calculation complete.
Warning: calculating 6 PCs, since there are only 6 samples.
--pca: Results saved to HZ_UGA_TYGZ1_PAR_filtered_sorted.eigenval and
HZ_UGA_TYGZ1_PAR_filtered_sorted.eigenvec .
--make-bed to HZ_UGA_TYGZ1_PAR_filtered_sorted.bed +
HZ_UGA_TYGZ1_PAR_filtered_sorted.bim + HZ_UGA_TYGZ1_PAR_filtered_sorted.fam ...
done.

End time: Tue Jun 14 08:40:47 2022
