PLINK v1.90b6.26 64-bit (2 Apr 2022)
Options in effect:
  --allow-extra-chr
  --double-id
  --indep-pairwise 50 10 0.1
  --out TYZ
  --set-missing-var-ids @:#$1,$2
  --vcf /SAN/Ctyzzeri/all/results/vcf/05_samples/TYZ.vcf.gz

Hostname: harriet
Working directory: /SAN/Ctyzzeri/all/scripts
Start time: Fri Jul 22 08:56:04 2022

Random number seed: 1658472964
515931 MB RAM detected; reserving 257965 MB for main workspace.
--vcf: TYZ-temporary.bed + TYZ-temporary.bim + TYZ-temporary.fam written.
30515 variants loaded from .bim file.
30515 missing IDs set.
5 people (0 males, 0 females, 5 ambiguous) loaded from .fam.
Ambiguous sex IDs written to TYZ.nosex .
Using 1 thread (no multithreaded calculations invoked).
Before main variant filters, 5 founders and 0 nonfounders present.
Calculating allele frequencies... done.
Total genotyping rate is 0.872528.
30515 variants and 5 people pass filters and QC.
Note: No phenotypes present.
Pruned 2677 variants from chromosome 27, leaving 92.
Pruned 2990 variants from chromosome 28, leaving 98.
Pruned 4176 variants from chromosome 29, leaving 148.
Pruned 3367 variants from chromosome 30, leaving 115.
Pruned 2669 variants from chromosome 31, leaving 97.
Pruned 4362 variants from chromosome 32, leaving 154.
Pruned 4243 variants from chromosome 33, leaving 135.
Pruned 4464 variants from chromosome 34, leaving 153.
Pruned 114 variants from chromosome 35, leaving 4.
Pruned 66 variants from chromosome 36, leaving 5.
Pruned 372 variants from chromosome 37, leaving 14.
Pruning complete.  29500 of 30515 variants removed.
Marker lists written to TYZ.prune.in and TYZ.prune.out .

End time: Fri Jul 22 08:56:04 2022
