PLINK v1.90b6.26 64-bit (2 Apr 2022)
Options in effect:
  --allow-extra-chr
  --double-id
  --extract /SAN/Ctyzzeri/all/results/pca/05_samples/TYZ.prune.in
  --make-bed
  --out /SAN/Ctyzzeri/all/results/pca/TYZ_sorted
  --pca
  --set-missing-var-ids @:#$1,$2
  --vcf /SAN/Ctyzzeri/all/results/vcf/05_samples/TYZ.vcf.gz

Hostname: harriet
Working directory: /SAN/Ctyzzeri/all/scripts
Start time: Fri Jul 22 08:57:31 2022

Random number seed: 1658473051
515931 MB RAM detected; reserving 257965 MB for main workspace.
--vcf: /SAN/Ctyzzeri/all/results/pca/TYZ_sorted-temporary.bed +
/SAN/Ctyzzeri/all/results/pca/TYZ_sorted-temporary.bim +
/SAN/Ctyzzeri/all/results/pca/TYZ_sorted-temporary.fam written.
30515 variants loaded from .bim file.
30515 missing IDs set.
5 people (0 males, 0 females, 5 ambiguous) loaded from .fam.
Ambiguous sex IDs written to /SAN/Ctyzzeri/all/results/pca/TYZ_sorted.nosex .
--extract: 1015 variants remaining.
Using up to 95 threads (change this with --threads).
Before main variant filters, 5 founders and 0 nonfounders present.
Calculating allele frequencies... done.
Total genotyping rate is 0.826404.
1015 variants and 5 people pass filters and QC.
Note: No phenotypes present.
Relationship matrix calculation complete.
Warning: calculating 5 PCs, since there are only 5 samples.
--pca: Results saved to /SAN/Ctyzzeri/all/results/pca/TYZ_sorted.eigenval and
/SAN/Ctyzzeri/all/results/pca/TYZ_sorted.eigenvec .
--make-bed to /SAN/Ctyzzeri/all/results/pca/TYZ_sorted.bed +
/SAN/Ctyzzeri/all/results/pca/TYZ_sorted.bim +
/SAN/Ctyzzeri/all/results/pca/TYZ_sorted.fam ... done.

End time: Fri Jul 22 08:57:32 2022
