****                   ADMIXTURE Version 1.3.0                  ****
****                    Copyright 2008-2015                     ****
****           David Alexander, Suyash Shringarpure,            ****
****                John  Novembre, Ken Lange                   ****
****                                                            ****
****                 Please cite our paper!                     ****
****   Information at www.genetics.ucla.edu/software/admixture  ****

Cross-validation will be performed.  Folds=5.
Random seed: 43
Point estimation method: Block relaxation algorithm
Convergence acceleration algorithm: QuasiNewton, 3 secant conditions
Point estimation will terminate when objective function delta < 0.0001
Estimation of standard errors disabled; will compute point estimates only.
Size of G: 18x3271
Performing five EM steps to prime main algorithm
1 (EM) 	Elapsed: 0.003	Loglikelihood: -55104.9	(delta): 35594.5
2 (EM) 	Elapsed: 0.003	Loglikelihood: -51282.1	(delta): 3822.81
3 (EM) 	Elapsed: 0.003	Loglikelihood: -44845.9	(delta): 6436.16
4 (EM) 	Elapsed: 0.003	Loglikelihood: -34153.8	(delta): 10692.1
5 (EM) 	Elapsed: 0.003	Loglikelihood: -25461.9	(delta): 8691.89
Initial loglikelihood: -25461.9
Starting main algorithm
1 (QN/Block) 	Elapsed: 0.034	Loglikelihood: -8831.45	(delta): 16630.5
2 (QN/Block) 	Elapsed: 0.035	Loglikelihood: -8373.85	(delta): 457.601
3 (QN/Block) 	Elapsed: 0.033	Loglikelihood: -8130.17	(delta): 243.684
4 (QN/Block) 	Elapsed: 0.032	Loglikelihood: -7964.5	(delta): 165.67
5 (QN/Block) 	Elapsed: 0.032	Loglikelihood: -7863.42	(delta): 101.075
6 (QN/Block) 	Elapsed: 0.037	Loglikelihood: -7818.88	(delta): 44.5445
7 (QN/Block) 	Elapsed: 0.036	Loglikelihood: -7809.09	(delta): 9.78669
8 (QN/Block) 	Elapsed: 0.037	Loglikelihood: -7809.05	(delta): 0.0405194
9 (QN/Block) 	Elapsed: 0.036	Loglikelihood: -7809.05	(delta): 3.63798e-11
Summary: 
Converged in 9 iterations (0.342 sec)
Loglikelihood: -7809.050174
Fst divergences between estimated populations: 
	Pop0	
Pop0	
Pop1	0.935	
CV error (K=2): 0.38735
Writing output files.
