
VCFtools - 0.1.16
(C) Adam Auton and Anthony Marcketta 2009

Parameters as interpreted:
	--gzvcf /Users/finnlo/Documents/Github/Crypto/Genome_Analysis/products/vcf/04_samples.vcf.gz
	--maf 0.05
	--maxDP 150
	--max-meanDP 150
	--minDP 10
	--min-meanDP 10
	--minQ 30
	--max-missing 0.75
	--recode
	--remove-indels
	--stdout

Using zlib version: 1.2.11
Warning: Expected at least 2 parts in INFO entry: ID=AC,Number=A,Type=Integer,Description="Allele count in genotypes for each ALT allele, in the same order as listed">
Warning: Expected at least 2 parts in INFO entry: ID=DP4,Number=4,Type=Integer,Description="Number of high-quality ref-forward , ref-reverse, alt-forward and alt-reverse bases">
Warning: Expected at least 2 parts in INFO entry: ID=DP4,Number=4,Type=Integer,Description="Number of high-quality ref-forward , ref-reverse, alt-forward and alt-reverse bases">
After filtering, kept 4 out of 4 Individuals
Outputting VCF file...
After filtering, kept 513 out of a possible 24555 Sites
Run Time = 1.00 seconds
