PLINK v1.90b6.26 64-bit (2 Apr 2022)
Options in effect:
  --allow-extra-chr
  --const-fid 0
  --make-bed
  --out 07_samples_filtered_stats2
  --vcf /SAN/Ctyzzeri/all/results/vcfFiltered/07_samples_filtered_stats2.vcf.gz

Hostname: harriet
Working directory: /SAN/Ctyzzeri/all/scripts
Start time: Mon Aug  1 18:45:03 2022

Random number seed: 1659372303
515931 MB RAM detected; reserving 257965 MB for main workspace.
--vcf: 07_samples_filtered_stats2-temporary.bed +
07_samples_filtered_stats2-temporary.bim +
07_samples_filtered_stats2-temporary.fam written.
1592 variants loaded from .bim file.
7 people (0 males, 0 females, 7 ambiguous) loaded from .fam.
Ambiguous sex IDs written to 07_samples_filtered_stats2.nosex .
Using 1 thread (no multithreaded calculations invoked).
Before main variant filters, 7 founders and 0 nonfounders present.
Calculating allele frequencies... done.
Total genotyping rate is 0.874462.
1592 variants and 7 people pass filters and QC.
Note: No phenotypes present.
--make-bed to 07_samples_filtered_stats2.bed + 07_samples_filtered_stats2.bim +
07_samples_filtered_stats2.fam ... done.

End time: Mon Aug  1 18:45:03 2022
