****                   ADMIXTURE Version 1.3.0                  ****
****                    Copyright 2008-2015                     ****
****           David Alexander, Suyash Shringarpure,            ****
****                John  Novembre, Ken Lange                   ****
****                                                            ****
****                 Please cite our paper!                     ****
****   Information at www.genetics.ucla.edu/software/admixture  ****

Cross-validation will be performed.  Folds=5.
Random seed: 43
Point estimation method: Block relaxation algorithm
Convergence acceleration algorithm: QuasiNewton, 3 secant conditions
Point estimation will terminate when objective function delta < 0.0001
Estimation of standard errors disabled; will compute point estimates only.
Size of G: 38x4345
Performing five EM steps to prime main algorithm
1 (EM) 	Elapsed: 0.07	Loglikelihood: -193285	(delta): 27849.1
2 (EM) 	Elapsed: 0.071	Loglikelihood: -176285	(delta): 17000.1
3 (EM) 	Elapsed: 0.06	Loglikelihood: -138818	(delta): 37466.8
4 (EM) 	Elapsed: 0.059	Loglikelihood: -87242.7	(delta): 51575.4
5 (EM) 	Elapsed: 0.059	Loglikelihood: -51598	(delta): 35644.7
Initial loglikelihood: -51598
Starting main algorithm
1 (QN/Block) 	Elapsed: 0.186	Loglikelihood: -12416.9	(delta): 39181.2
2 (QN/Block) 	Elapsed: 0.207	Loglikelihood: -6296.74	(delta): 6120.12
3 (QN/Block) 	Elapsed: 0.227	Loglikelihood: -5361.63	(delta): 935.107
4 (QN/Block) 	Elapsed: 0.227	Loglikelihood: -4879.47	(delta): 482.165
5 (QN/Block) 	Elapsed: 0.211	Loglikelihood: -4621.45	(delta): 258.02
6 (QN/Block) 	Elapsed: 0.188	Loglikelihood: -4525.18	(delta): 96.266
7 (QN/Block) 	Elapsed: 0.21	Loglikelihood: -4445.98	(delta): 79.1961
8 (QN/Block) 	Elapsed: 0.186	Loglikelihood: -4442.44	(delta): 3.54252
9 (QN/Block) 	Elapsed: 0.192	Loglikelihood: -4442.07	(delta): 0.372225
10 (QN/Block) 	Elapsed: 0.209	Loglikelihood: -4442.07	(delta): 0.00129916
11 (QN/Block) 	Elapsed: 0.186	Loglikelihood: -4442.07	(delta): 2.33386e-05
Summary: 
Converged in 11 iterations (2.616 sec)
Loglikelihood: -4442.067414
Fst divergences between estimated populations: 
	Pop0	Pop1	Pop2	Pop3	Pop4	Pop5	Pop6	Pop7	Pop8	Pop9	
Pop0	
Pop1	0.783	
Pop2	0.995	0.989	
Pop3	1.000	0.994	0.975	
Pop4	0.996	0.989	0.982	0.989	
Pop5	0.795	0.715	0.992	0.997	0.993	
Pop6	0.952	0.543	0.994	0.999	0.995	0.874	
Pop7	0.979	0.973	0.569	0.889	0.942	0.976	0.978	
Pop8	0.683	0.627	0.989	0.994	0.990	0.622	0.784	0.973	
Pop9	1.000	0.993	0.988	1.000	0.799	0.997	0.999	0.949	0.993	
Pop10	0.691	0.661	0.990	0.996	0.991	0.459	0.819	0.974	0.502	0.994	
CV error (K=11): 0.23768
Writing output files.
