****                   ADMIXTURE Version 1.3.0                  ****
****                    Copyright 2008-2015                     ****
****           David Alexander, Suyash Shringarpure,            ****
****                John  Novembre, Ken Lange                   ****
****                                                            ****
****                 Please cite our paper!                     ****
****   Information at www.genetics.ucla.edu/software/admixture  ****

Cross-validation will be performed.  Folds=5.
Random seed: 43
Point estimation method: Block relaxation algorithm
Convergence acceleration algorithm: QuasiNewton, 3 secant conditions
Point estimation will terminate when objective function delta < 0.0001
Estimation of standard errors disabled; will compute point estimates only.
Size of G: 38x4345
Performing five EM steps to prime main algorithm
1 (EM) 	Elapsed: 0.029	Loglikelihood: -195625	(delta): 41467.4
2 (EM) 	Elapsed: 0.02	Loglikelihood: -176983	(delta): 18642.1
3 (EM) 	Elapsed: 0.02	Loglikelihood: -134920	(delta): 42062.1
4 (EM) 	Elapsed: 0.02	Loglikelihood: -78962.5	(delta): 55958
5 (EM) 	Elapsed: 0.016	Loglikelihood: -49288.9	(delta): 29673.6
Initial loglikelihood: -49288.9
Starting main algorithm
1 (QN/Block) 	Elapsed: 0.074	Loglikelihood: -9812.81	(delta): 39476.1
2 (QN/Block) 	Elapsed: 0.074	Loglikelihood: -8603.52	(delta): 1209.28
3 (QN/Block) 	Elapsed: 0.086	Loglikelihood: -8049.07	(delta): 554.455
4 (QN/Block) 	Elapsed: 0.078	Loglikelihood: -7810.92	(delta): 238.145
5 (QN/Block) 	Elapsed: 0.106	Loglikelihood: -7697.91	(delta): 113.012
6 (QN/Block) 	Elapsed: 0.092	Loglikelihood: -7671.07	(delta): 26.8385
7 (QN/Block) 	Elapsed: 0.088	Loglikelihood: -7670.83	(delta): 0.246904
8 (QN/Block) 	Elapsed: 0.087	Loglikelihood: -7670.61	(delta): 0.218837
9 (QN/Block) 	Elapsed: 0.09	Loglikelihood: -7670.59	(delta): 0.0205131
10 (QN/Block) 	Elapsed: 0.086	Loglikelihood: -7670.57	(delta): 0.0178334
11 (QN/Block) 	Elapsed: 0.082	Loglikelihood: -7670.56	(delta): 0.00492626
12 (QN/Block) 	Elapsed: 0.082	Loglikelihood: -7670.56	(delta): 3.69319e-08
Summary: 
Converged in 12 iterations (1.175 sec)
Loglikelihood: -7670.564338
Fst divergences between estimated populations: 
	Pop0	Pop1	Pop2	
Pop0	
Pop1	0.967	
Pop2	0.624	0.966	
Pop3	0.987	0.925	0.986	
CV error (K=4): 0.10023
Writing output files.
