****                   ADMIXTURE Version 1.3.0                  ****
****                    Copyright 2008-2015                     ****
****           David Alexander, Suyash Shringarpure,            ****
****                John  Novembre, Ken Lange                   ****
****                                                            ****
****                 Please cite our paper!                     ****
****   Information at www.genetics.ucla.edu/software/admixture  ****

Cross-validation will be performed.  Folds=5.
Random seed: 43
Point estimation method: Block relaxation algorithm
Convergence acceleration algorithm: QuasiNewton, 3 secant conditions
Point estimation will terminate when objective function delta < 0.0001
Estimation of standard errors disabled; will compute point estimates only.
Size of G: 38x4345
Performing five EM steps to prime main algorithm
1 (EM) 	Elapsed: 0.023	Loglikelihood: -197389	(delta): 35073.4
2 (EM) 	Elapsed: 0.023	Loglikelihood: -183871	(delta): 13518.3
3 (EM) 	Elapsed: 0.026	Loglikelihood: -150075	(delta): 33795.1
4 (EM) 	Elapsed: 0.025	Loglikelihood: -90759	(delta): 59316.5
5 (EM) 	Elapsed: 0.022	Loglikelihood: -48701.6	(delta): 42057.4
Initial loglikelihood: -48701.6
Starting main algorithm
1 (QN/Block) 	Elapsed: 0.087	Loglikelihood: -10993.6	(delta): 37708
2 (QN/Block) 	Elapsed: 0.086	Loglikelihood: -6997.7	(delta): 3995.87
3 (QN/Block) 	Elapsed: 0.098	Loglikelihood: -6564.9	(delta): 432.795
4 (QN/Block) 	Elapsed: 0.092	Loglikelihood: -6111.77	(delta): 453.136
5 (QN/Block) 	Elapsed: 0.104	Loglikelihood: -5726.2	(delta): 385.562
6 (QN/Block) 	Elapsed: 0.102	Loglikelihood: -5470.57	(delta): 255.636
7 (QN/Block) 	Elapsed: 0.106	Loglikelihood: -5341.44	(delta): 129.124
8 (QN/Block) 	Elapsed: 0.112	Loglikelihood: -5322.04	(delta): 19.4049
9 (QN/Block) 	Elapsed: 0.094	Loglikelihood: -5321.81	(delta): 0.231451
10 (QN/Block) 	Elapsed: 0.095	Loglikelihood: -5321.81	(delta): 1.60593e-07
Summary: 
Converged in 10 iterations (1.136 sec)
Loglikelihood: -5321.808161
Fst divergences between estimated populations: 
	Pop0	Pop1	Pop2	Pop3	
Pop0	
Pop1	0.989	
Pop2	0.977	0.986	
Pop3	0.569	0.972	0.937	
Pop4	0.989	0.627	0.987	0.973	
CV error (K=5): 0.11715
Writing output files.
