****                   ADMIXTURE Version 1.3.0                  ****
****                    Copyright 2008-2015                     ****
****           David Alexander, Suyash Shringarpure,            ****
****                John  Novembre, Ken Lange                   ****
****                                                            ****
****                 Please cite our paper!                     ****
****   Information at www.genetics.ucla.edu/software/admixture  ****

Cross-validation will be performed.  Folds=5.
Random seed: 43
Point estimation method: Block relaxation algorithm
Convergence acceleration algorithm: QuasiNewton, 3 secant conditions
Point estimation will terminate when objective function delta < 0.0001
Estimation of standard errors disabled; will compute point estimates only.
Size of G: 38x4345
Performing five EM steps to prime main algorithm
1 (EM) 	Elapsed: 0.049	Loglikelihood: -194808	(delta): 32216.6
2 (EM) 	Elapsed: 0.044	Loglikelihood: -177282	(delta): 17526.3
3 (EM) 	Elapsed: 0.041	Loglikelihood: -138818	(delta): 38463.7
4 (EM) 	Elapsed: 0.058	Loglikelihood: -85964.6	(delta): 52853.4
5 (EM) 	Elapsed: 0.048	Loglikelihood: -49912.7	(delta): 36051.9
Initial loglikelihood: -49912.7
Starting main algorithm
1 (QN/Block) 	Elapsed: 0.143	Loglikelihood: -8884.3	(delta): 41028.4
2 (QN/Block) 	Elapsed: 0.151	Loglikelihood: -6410.88	(delta): 2473.43
3 (QN/Block) 	Elapsed: 0.206	Loglikelihood: -5894.49	(delta): 516.39
4 (QN/Block) 	Elapsed: 0.364	Loglikelihood: -5576.28	(delta): 318.203
5 (QN/Block) 	Elapsed: 0.228	Loglikelihood: -5423.19	(delta): 153.09
6 (QN/Block) 	Elapsed: 0.186	Loglikelihood: -5377.86	(delta): 45.334
7 (QN/Block) 	Elapsed: 0.189	Loglikelihood: -5365.13	(delta): 12.7346
8 (QN/Block) 	Elapsed: 0.192	Loglikelihood: -5364.85	(delta): 0.273899
9 (QN/Block) 	Elapsed: 0.153	Loglikelihood: -5364.76	(delta): 0.0876258
10 (QN/Block) 	Elapsed: 0.133	Loglikelihood: -5364.76	(delta): 0.0018328
11 (QN/Block) 	Elapsed: 0.121	Loglikelihood: -5364.76	(delta): 0.00137444
12 (QN/Block) 	Elapsed: 0.123	Loglikelihood: -5364.76	(delta): 2.28233e-05
Summary: 
Converged in 12 iterations (2.499 sec)
Loglikelihood: -5364.761356
Fst divergences between estimated populations: 
	Pop0	Pop1	Pop2	Pop3	Pop4	Pop5	
Pop0	
Pop1	0.663	
Pop2	0.990	0.992	
Pop3	0.989	0.991	0.651	
Pop4	0.663	0.306	0.991	0.989	
Pop5	0.991	0.992	0.987	0.984	0.991	
Pop6	0.975	0.976	0.950	0.948	0.976	0.714	
CV error (K=7): 0.16991
Writing output files.
