Ctyz_1:91735A,T
Ctyz_1:96724A,G
Ctyz_1:96733C,T
Ctyz_1:113551A,G
Ctyz_1:163721C,G
Ctyz_1:165754A,C
Ctyz_1:241286A,C
Ctyz_1:470889A,T
Ctyz_1:707651C,T
Ctyz_1:715061G,T
Ctyz_1:750207A,T
Ctyz_1:757279A,G
Ctyz_1:790177A,T
Ctyz_1:849210A,G
Ctyz_2:159663A,T
Ctyz_2:161596C,T
Ctyz_2:298577C,T
Ctyz_2:298782A,G
Ctyz_2:298788A,G
Ctyz_2:298800A,G
Ctyz_2:637974C,T
Ctyz_2:697338C,T
Ctyz_2:731779C,T
Ctyz_2:750511C,G
Ctyz_2:762002A,G
Ctyz_2:762509C,T
Ctyz_2:764809A,T
Ctyz_2:853281C,G
Ctyz_2:908269A,G
Ctyz_2:968685C,T
Ctyz_2:974199G,T
Ctyz_2:975603C,T
Ctyz_2:975937C,T
Ctyz_2:977891A,G
Ctyz_2:978072A,G
Ctyz_2:980270A,T
Ctyz_2:987341A,G
Ctyz_2:987392G,T
Ctyz_2:988067C,T
Ctyz_2:988574C,T
Ctyz_2:988877C,T
Ctyz_2:989314G,T
Ctyz_3:97215A,G
Ctyz_3:181909A,T
Ctyz_3:186496A,G
Ctyz_3:192570C,T
Ctyz_3:308366A,G
Ctyz_3:308374A,G
Ctyz_3:308386A,G
Ctyz_3:383605C,T
Ctyz_3:419071A,G
Ctyz_3:447935A,T
Ctyz_3:460614A,C
Ctyz_3:468012G,T
Ctyz_3:634837G,T
Ctyz_3:750912A,T
Ctyz_3:765544C,T
Ctyz_3:826559A,T
Ctyz_3:832237A,T
Ctyz_3:896144A,T
Ctyz_3:945238A,T
Ctyz_3:945667A,G
Ctyz_3:948219C,G
Ctyz_3:988563A,C
Ctyz_3:1021680A,T
Ctyz_3:1021719A,T
Ctyz_3:1084756C,T
Ctyz_3:1084797G,T
Ctyz_4:9200C,T
Ctyz_4:20772A,T
Ctyz_4:64205A,G
Ctyz_4:65376A,C
Ctyz_4:220450A,G
Ctyz_4:272887A,C
Ctyz_4:338088A,G
Ctyz_4:422442C,T
Ctyz_4:617387A,G
Ctyz_4:637835G,T
Ctyz_4:639906A,C
Ctyz_4:759298A,T
Ctyz_4:807715C,T
Ctyz_4:808284C,T
Ctyz_4:808851A,T
Ctyz_4:811924A,G
Ctyz_4:813451A,G
Ctyz_4:822023A,G
Ctyz_4:830396C,T
Ctyz_4:850724C,T
Ctyz_4:851767C,T
Ctyz_4:851811C,T
Ctyz_4:889903C,T
Ctyz_4:906516A,G
Ctyz_4:978856C,T
Ctyz_4:985480A,G
Ctyz_4:1036280A,T
Ctyz_4:1068093A,G
Ctyz_4:1098011C,T
Ctyz_5:10433C,T
Ctyz_5:10435G,T
Ctyz_5:28564C,T
Ctyz_5:66650A,G
Ctyz_5:74339C,T
Ctyz_5:109528A,G
Ctyz_5:109543A,G
Ctyz_5:112676A,G
Ctyz_5:113143A,G
Ctyz_5:162133A,G
Ctyz_5:237257A,G
Ctyz_5:392401C,T
Ctyz_5:513039A,T
Ctyz_5:566259A,T
Ctyz_5:583023C,T
Ctyz_5:594221C,T
Ctyz_5:605769A,G
Ctyz_5:663182A,T
Ctyz_5:668481A,T
Ctyz_5:726132C,G
Ctyz_5:822098A,T
Ctyz_5:867948A,G
Ctyz_6:5973A,T
Ctyz_6:6001A,T
Ctyz_6:8511C,T
Ctyz_6:10050G,T
Ctyz_6:10067G,T
Ctyz_6:58421C,T
Ctyz_6:63542A,G
Ctyz_6:63794C,T
Ctyz_6:80364A,T
Ctyz_6:104038A,T
Ctyz_6:104422A,G
Ctyz_6:111894A,G
Ctyz_6:172473G,T
Ctyz_6:198013C,T
Ctyz_6:249241A,T
Ctyz_6:259841C,T
Ctyz_6:371152C,T
Ctyz_6:715329A,T
Ctyz_6:810684A,G
Ctyz_6:984373C,T
Ctyz_6:1136720A,G
Ctyz_6:1163834C,T
Ctyz_6:1171362C,T
Ctyz_6:1253763A,G
Ctyz_7:6450A,T
Ctyz_7:6459C,T
Ctyz_7:7447C,T
Ctyz_7:7449A,C
Ctyz_7:7635A,T
Ctyz_7:8814A,T
Ctyz_7:106041G,T
Ctyz_7:130431A,T
Ctyz_7:130523A,T
Ctyz_7:171657C,T
Ctyz_7:189076C,T
Ctyz_7:262955A,T
Ctyz_7:274621A,G
Ctyz_7:274858A,T
Ctyz_7:274861A,T
Ctyz_7:333565A,G
Ctyz_7:334101A,G
Ctyz_7:343273C,T
Ctyz_7:594730C,G
Ctyz_7:890122A,G
Ctyz_7:892827G,T
Ctyz_7:898896A,T
Ctyz_7:906083C,T
Ctyz_7:1016572C,T
Ctyz_7:1275022C,T
Ctyz_7:1275104A,G
Ctyz_7:1278504C,T
Ctyz_7:1278508A,G
Ctyz_7:1278536A,T
Ctyz_7:1278552C,T
Ctyz_7:1278564A,C
Ctyz_7:1278775C,T
Ctyz_8:168456C,T
Ctyz_8:168463A,T
Ctyz_8:170900A,T
Ctyz_8:174765A,G
Ctyz_8:262083A,T
Ctyz_8:314198A,G
Ctyz_8:347852A,T
Ctyz_8:466591A,G
Ctyz_8:479376C,T
Ctyz_8:574614A,G
Ctyz_8:579178A,G
Ctyz_8:866595A,T
Ctyz_8:885873C,T
Ctyz_8:986502C,G
Ctyz_8:1006147A,T
Ctyz_8:1059128A,G
Ctyz_8:1067527A,T
Ctyz_8:1069613C,T
Ctyz_8:1115131A,T
Ctyz_8:1120572A,C
Ctyz_8:1167624C,T
Ctyz_8:1181036C,T
Ctyz_8:1182003A,T
Ctyz_8:1197945G,T
Ctyz_8:1223639A,G
Ctyz_8:1237346A,G
Ctyz_00_3:69704A,G
Ctyz_00_3:101611A,T
