PLINK v1.90b6.26 64-bit (2 Apr 2022)
Options in effect:
  --allow-extra-chr
  --double-id
  --extract /SAN/Ctyzzeri/all/results/pcaFiltered/05_samples.prune.in
  --make-bed
  --out /SAN/Ctyzzeri/all/results/pcaFiltered/05_samples
  --pca
  --set-missing-var-ids @:#$1,$2
  --vcf /SAN/Ctyzzeri/all/results/vcfFiltered/05_samples_filtered.vcf.gz

Hostname: harriet
Working directory: /SAN/Ctyzzeri/all/scripts
Start time: Sun Jul 24 22:46:07 2022

Random number seed: 1658695567
515931 MB RAM detected; reserving 257965 MB for main workspace.
--vcf: /SAN/Ctyzzeri/all/results/pcaFiltered/05_samples-temporary.bed +
/SAN/Ctyzzeri/all/results/pcaFiltered/05_samples-temporary.bim +
/SAN/Ctyzzeri/all/results/pcaFiltered/05_samples-temporary.fam written.
200 variants loaded from .bim file.
200 missing IDs set.
5 people (0 males, 0 females, 5 ambiguous) loaded from .fam.
Ambiguous sex IDs written to
/SAN/Ctyzzeri/all/results/pcaFiltered/05_samples.nosex .
--extract: 14 variants remaining.
Using up to 95 threads (change this with --threads).
Before main variant filters, 5 founders and 0 nonfounders present.
Calculating allele frequencies... done.
Total genotyping rate is 0.814286.
14 variants and 5 people pass filters and QC.
Note: No phenotypes present.
Relationship matrix calculation complete.
Warning: calculating 5 PCs, since there are only 5 samples.
--pca: Results saved to
/SAN/Ctyzzeri/all/results/pcaFiltered/05_samples.eigenval and
/SAN/Ctyzzeri/all/results/pcaFiltered/05_samples.eigenvec .
--make-bed to /SAN/Ctyzzeri/all/results/pcaFiltered/05_samples.bed +
/SAN/Ctyzzeri/all/results/pcaFiltered/05_samples.bim +
/SAN/Ctyzzeri/all/results/pcaFiltered/05_samples.fam ... done.

End time: Sun Jul 24 22:46:07 2022
