PLINK v1.90b6.26 64-bit (2 Apr 2022)
Options in effect:
  --allow-extra-chr
  --double-id
  --extract /SAN/Ctyzzeri/all/results/pcaFiltered/06_samples.prune.in
  --make-bed
  --out /SAN/Ctyzzeri/all/results/pcaFiltered/06_samples
  --pca
  --set-missing-var-ids @:#$1,$2
  --vcf /SAN/Ctyzzeri/all/results/vcfFiltered/06_samples_filtered.vcf.gz

Hostname: harriet
Working directory: /SAN/Ctyzzeri/all/scripts
Start time: Tue Jul 26 23:15:59 2022

Random number seed: 1658870159
515931 MB RAM detected; reserving 257965 MB for main workspace.
--vcf: /SAN/Ctyzzeri/all/results/pcaFiltered/06_samples-temporary.bed +
/SAN/Ctyzzeri/all/results/pcaFiltered/06_samples-temporary.bim +
/SAN/Ctyzzeri/all/results/pcaFiltered/06_samples-temporary.fam written.
760 variants loaded from .bim file.
760 missing IDs set.
6 people (0 males, 0 females, 6 ambiguous) loaded from .fam.
Ambiguous sex IDs written to
/SAN/Ctyzzeri/all/results/pcaFiltered/06_samples.nosex .
--extract: 24 variants remaining.
Using up to 95 threads (change this with --threads).
Before main variant filters, 6 founders and 0 nonfounders present.
Calculating allele frequencies... done.
Total genotyping rate is 0.819444.
24 variants and 6 people pass filters and QC.
Note: No phenotypes present.
Relationship matrix calculation complete.
Warning: calculating 6 PCs, since there are only 6 samples.
--pca: Results saved to
/SAN/Ctyzzeri/all/results/pcaFiltered/06_samples.eigenval and
/SAN/Ctyzzeri/all/results/pcaFiltered/06_samples.eigenvec .
--make-bed to /SAN/Ctyzzeri/all/results/pcaFiltered/06_samples.bed +
/SAN/Ctyzzeri/all/results/pcaFiltered/06_samples.bim +
/SAN/Ctyzzeri/all/results/pcaFiltered/06_samples.fam ... done.

End time: Tue Jul 26 23:15:59 2022
