Ctyz_1:6686A,G
Ctyz_1:22261G,T
Ctyz_1:22278C,T
Ctyz_1:22321A,T
Ctyz_1:22449A,T
Ctyz_1:22450A,T
Ctyz_1:22728A,G
Ctyz_1:22729A,G
Ctyz_1:22731C,T
Ctyz_1:22732A,G
Ctyz_1:22733A,C
Ctyz_1:22968C,T
Ctyz_1:22970C,T
Ctyz_1:22972A,C
Ctyz_1:22973A,T
Ctyz_1:22975C,T
Ctyz_1:23052A,T
Ctyz_1:23053C,T
Ctyz_1:23056C,T
Ctyz_1:25163A,G
Ctyz_1:25166A,T
Ctyz_1:25174A,G
Ctyz_1:25181A,G
Ctyz_1:25183A,T
Ctyz_1:25184A,G
Ctyz_1:25185A,G
Ctyz_1:25186A,C
Ctyz_1:25190G,T
Ctyz_1:25197A,G
Ctyz_1:25200G,T
Ctyz_1:25201A,G
Ctyz_1:25235C,G
Ctyz_1:25236A,G
Ctyz_1:25238A,C
Ctyz_1:25240G,T
Ctyz_1:25246A,C
Ctyz_1:25247C,T
Ctyz_1:25250A,T
Ctyz_1:26953G,T
Ctyz_1:26954C,G
Ctyz_1:26957A,G
Ctyz_1:26960A,T
Ctyz_1:26965C,T
Ctyz_1:26966A,C
Ctyz_1:27391A,G
Ctyz_1:27440C,T
Ctyz_1:31942G,T
Ctyz_1:34743A,G
Ctyz_1:41801C,T
Ctyz_1:43042A,C
Ctyz_1:45439A,T
Ctyz_1:76514C,T
Ctyz_1:91085A,T
Ctyz_1:94408A,G
Ctyz_1:95571C,T
Ctyz_1:95915C,G
Ctyz_1:98363A,G
Ctyz_1:99038A,G
Ctyz_1:99075A,G
Ctyz_1:100449A,G
Ctyz_1:100454C,G
Ctyz_1:100777C,T
Ctyz_1:102936C,T
Ctyz_1:102939A,G
Ctyz_1:108474A,G
Ctyz_1:111377A,G
Ctyz_1:115179A,T
Ctyz_1:115567A,G
Ctyz_1:122359A,C
Ctyz_1:130571C,T
Ctyz_1:130574A,G
Ctyz_1:132139A,T
Ctyz_1:132143C,T
Ctyz_1:139381A,C
Ctyz_1:153517A,T
Ctyz_1:153523A,G
Ctyz_1:153528A,T
Ctyz_1:153529A,G
Ctyz_1:155673A,T
Ctyz_1:155975A,G
Ctyz_1:161654A,C
Ctyz_1:163751A,G
Ctyz_1:163761A,T
Ctyz_1:163764A,C
Ctyz_1:166113C,T
Ctyz_1:166125C,T
Ctyz_1:167331A,G
Ctyz_1:168194A,T
Ctyz_1:168201A,T
Ctyz_1:168206A,T
Ctyz_1:168207A,T
Ctyz_1:204942C,T
Ctyz_1:205186C,T
Ctyz_1:216652A,C
Ctyz_1:216657A,G
Ctyz_1:216696A,T
Ctyz_1:218398A,T
Ctyz_1:218400C,T
Ctyz_1:228894C,T
Ctyz_1:235721C,T
Ctyz_1:235758A,G
Ctyz_1:235791C,T
Ctyz_1:236132A,G
Ctyz_1:239228A,T
Ctyz_1:247625A,T
Ctyz_1:253285C,G
Ctyz_1:253286C,T
Ctyz_1:253287A,G
Ctyz_1:253288C,G
Ctyz_1:258317A,T
Ctyz_1:258319A,G
Ctyz_1:258320A,G
Ctyz_1:258322A,T
Ctyz_1:258324C,T
Ctyz_1:258325C,T
Ctyz_1:258327A,T
Ctyz_1:258332A,T
Ctyz_1:264263C,T
Ctyz_1:264265A,T
Ctyz_1:274400A,T
Ctyz_1:274406A,G
Ctyz_1:313256A,T
Ctyz_1:331444A,G
Ctyz_1:447982C,T
Ctyz_1:447984A,T
Ctyz_1:453919G,T
Ctyz_1:516574C,T
Ctyz_1:555842A,G
Ctyz_1:557779A,G
Ctyz_1:557969A,C
Ctyz_1:563653C,T
Ctyz_1:565337A,T
Ctyz_1:591389A,C
Ctyz_1:604748A,G
Ctyz_1:620118A,T
Ctyz_1:624921A,T
Ctyz_1:624930A,T
Ctyz_1:624931A,T
Ctyz_1:643457C,T
Ctyz_1:644237A,T
Ctyz_1:646049G,T
Ctyz_1:682033C,T
Ctyz_1:686364A,C
Ctyz_1:687456C,G
Ctyz_1:687905A,C
Ctyz_1:687908A,C
Ctyz_1:687923A,C
Ctyz_1:687947G,T
Ctyz_1:688088A,C
Ctyz_1:689307A,G
Ctyz_1:689308G,T
Ctyz_1:689677A,T
Ctyz_1:690100A,G
Ctyz_1:696169C,T
Ctyz_1:707667C,T
Ctyz_1:708100A,C
Ctyz_1:710811A,T
Ctyz_1:712651A,G
Ctyz_1:712654C,T
Ctyz_1:730061C,T
Ctyz_1:734228A,C
Ctyz_1:744571A,T
Ctyz_1:747968C,T
Ctyz_1:747979A,T
Ctyz_1:750667A,C
Ctyz_1:751200C,T
Ctyz_1:751206C,T
Ctyz_1:751209A,T
Ctyz_1:755904A,T
Ctyz_1:756002C,T
Ctyz_1:756017A,T
Ctyz_1:761047A,T
Ctyz_1:761049C,G
Ctyz_1:761053C,T
Ctyz_1:770402C,T
Ctyz_1:774273A,G
Ctyz_1:774304A,G
Ctyz_1:774319A,C
Ctyz_1:781985G,T
Ctyz_1:781986A,G
Ctyz_1:784666C,T
Ctyz_1:784681A,T
Ctyz_1:784684C,T
Ctyz_1:796582C,T
Ctyz_1:800430A,T
Ctyz_1:801802A,G
Ctyz_1:801806A,G
Ctyz_1:801809A,G
Ctyz_1:806424C,T
Ctyz_1:808298A,T
Ctyz_1:818136C,T
Ctyz_1:836397A,C
Ctyz_1:839745A,T
Ctyz_1:839752A,G
Ctyz_1:857738A,C
Ctyz_1:863539A,T
Ctyz_1:863540A,G
Ctyz_1:870483G,T
Ctyz_2:12634A,G
Ctyz_2:16341A,T
Ctyz_2:28147A,G
Ctyz_2:33641A,T
Ctyz_2:34130A,G
Ctyz_2:38578A,G
Ctyz_2:38787A,T
Ctyz_2:42800A,T
Ctyz_2:43245G,T
Ctyz_2:43249A,G
Ctyz_2:43263A,T
Ctyz_2:44324A,G
Ctyz_2:45663A,C
Ctyz_2:48393A,T
Ctyz_2:58098C,T
Ctyz_2:75510C,T
Ctyz_2:76628A,T
Ctyz_2:86768C,T
Ctyz_2:86779A,G
Ctyz_2:86795A,T
Ctyz_2:86801A,G
Ctyz_2:86866A,C
Ctyz_2:86905C,T
Ctyz_2:86910A,G
Ctyz_2:88056C,T
Ctyz_2:88460A,C
Ctyz_2:88473C,T
Ctyz_2:88475C,T
Ctyz_2:88492A,C
Ctyz_2:88494C,T
Ctyz_2:89020A,T
Ctyz_2:89021A,G
Ctyz_2:89030A,G
Ctyz_2:89031G,T
Ctyz_2:89035A,T
Ctyz_2:89568C,T
Ctyz_2:89575C,G
Ctyz_2:89646C,T
Ctyz_2:91904A,T
Ctyz_2:91963A,C
Ctyz_2:91966A,T
Ctyz_2:91968A,G
Ctyz_2:91973C,T
Ctyz_2:91977C,T
Ctyz_2:91978A,C
Ctyz_2:91989A,G
Ctyz_2:91992C,T
Ctyz_2:92007C,T
Ctyz_2:92008A,T
Ctyz_2:92010C,T
Ctyz_2:92050C,T
Ctyz_2:92117C,G
Ctyz_2:92127C,T
Ctyz_2:92132A,T
Ctyz_2:94325C,T
Ctyz_2:94326C,G
Ctyz_2:94332C,T
Ctyz_2:94848A,T
Ctyz_2:95733C,T
Ctyz_2:95739G,T
Ctyz_2:100926G,T
Ctyz_2:100988G,T
Ctyz_2:100995G,T
Ctyz_2:101141A,T
Ctyz_2:102736C,T
Ctyz_2:103440C,T
Ctyz_2:103444A,G
Ctyz_2:105623C,T
Ctyz_2:106082C,T
Ctyz_2:109468C,T
Ctyz_2:114315A,C
Ctyz_2:116016A,G
Ctyz_2:116017C,T
Ctyz_2:116022A,G
Ctyz_2:126458C,T
Ctyz_2:131680A,G
Ctyz_2:131683C,T
Ctyz_2:131686A,C
Ctyz_2:133960A,T
Ctyz_2:133961A,G
Ctyz_2:133963A,G
Ctyz_2:134509G,T
Ctyz_2:134510C,T
Ctyz_2:147162A,T
Ctyz_2:151335A,C
Ctyz_2:159565A,G
Ctyz_2:159630C,T
Ctyz_2:159635C,T
Ctyz_2:159663A,T
Ctyz_2:159948C,T
Ctyz_2:160420C,T
Ctyz_2:160910A,C
Ctyz_2:160921A,T
Ctyz_2:160929C,T
Ctyz_2:160937A,G
Ctyz_2:160950G,T
Ctyz_2:161549C,T
Ctyz_2:161559C,T
Ctyz_2:161585C,T
Ctyz_2:161897C,T
Ctyz_2:161902C,T
Ctyz_2:161908A,C
Ctyz_2:161909A,C
Ctyz_2:161912C,T
Ctyz_2:162306A,G
Ctyz_2:162324A,G
Ctyz_2:164562C,T
Ctyz_2:164599A,T
Ctyz_2:166222A,C
Ctyz_2:167174A,G
Ctyz_2:167175C,T
Ctyz_2:167176C,T
Ctyz_2:167181C,T
Ctyz_2:189105A,T
Ctyz_2:189106C,G
Ctyz_2:189107C,G
Ctyz_2:189108C,G
Ctyz_2:189109A,T
Ctyz_2:189335C,T
Ctyz_2:189340C,T
Ctyz_2:189357A,T
Ctyz_2:189360A,G
Ctyz_2:189364A,G
Ctyz_2:189368C,T
Ctyz_2:189369A,G
Ctyz_2:189372A,G
Ctyz_2:189375A,G
Ctyz_2:189504A,G
Ctyz_2:196522C,G
Ctyz_2:200901A,C
Ctyz_2:208521A,G
Ctyz_2:233254A,T
Ctyz_2:273996C,T
Ctyz_2:298673A,G
Ctyz_2:298823A,G
Ctyz_2:299416A,G
Ctyz_2:302162A,G
Ctyz_2:371103A,G
Ctyz_2:454208A,T
Ctyz_2:457546A,T
Ctyz_2:492553A,G
Ctyz_2:493165A,T
Ctyz_2:493400A,T
Ctyz_2:506667C,T
Ctyz_2:509710G,T
Ctyz_2:509738C,T
Ctyz_2:509744A,G
Ctyz_2:530570C,T
Ctyz_2:536340A,C
Ctyz_2:554106C,T
Ctyz_2:574974A,G
Ctyz_2:596325G,T
Ctyz_2:611883C,T
Ctyz_2:620294C,G
Ctyz_2:628019A,G
Ctyz_2:632161A,G
Ctyz_2:637974C,T
Ctyz_2:641482A,G
Ctyz_2:641944A,G
Ctyz_2:643118C,G
Ctyz_2:643911A,T
Ctyz_2:643992A,T
Ctyz_2:644573G,T
Ctyz_2:644579G,T
Ctyz_2:644591G,T
Ctyz_2:644627A,G
Ctyz_2:646314A,G
Ctyz_2:665005C,T
Ctyz_2:673728A,G
Ctyz_2:673854A,G
Ctyz_2:673858A,C
Ctyz_2:676997C,T
Ctyz_2:679278C,T
Ctyz_2:682343G,T
Ctyz_2:682344A,T
Ctyz_2:682355A,T
Ctyz_2:698167A,G
Ctyz_2:710975C,T
Ctyz_2:711618C,T
Ctyz_2:717347C,T
Ctyz_2:722467A,G
Ctyz_2:728188A,C
Ctyz_2:728244A,G
Ctyz_2:728259A,G
Ctyz_2:728544A,C
Ctyz_2:728550A,C
Ctyz_2:728559C,T
Ctyz_2:728586A,C
Ctyz_2:728592A,C
Ctyz_2:728598A,C
Ctyz_2:729600C,T
Ctyz_2:732127A,T
Ctyz_2:745631A,T
Ctyz_2:745646A,T
Ctyz_2:745649A,T
Ctyz_2:745655A,T
Ctyz_2:745658A,T
Ctyz_2:745661A,T
Ctyz_2:745664A,T
Ctyz_2:747159A,G
Ctyz_2:747644A,G
Ctyz_2:747666A,T
Ctyz_2:750122A,T
Ctyz_2:750252A,C
Ctyz_2:750260C,T
Ctyz_2:750318C,T
Ctyz_2:750511C,G
Ctyz_2:750889A,G
Ctyz_2:751032C,T
Ctyz_2:752145A,C
Ctyz_2:759220A,C
Ctyz_2:770170C,T
Ctyz_2:771655C,T
Ctyz_2:771661C,T
Ctyz_2:771683A,T
Ctyz_2:771687C,T
Ctyz_2:771688A,C
Ctyz_2:789842C,T
Ctyz_2:809665G,T
Ctyz_2:815846A,T
Ctyz_2:816583C,T
Ctyz_2:816585C,T
Ctyz_2:816592C,T
Ctyz_2:816618C,T
Ctyz_2:816619C,T
Ctyz_2:816623A,T
Ctyz_2:816629C,T
Ctyz_2:821784A,C
Ctyz_2:821834A,C
Ctyz_2:825300G,T
Ctyz_2:831144C,T
Ctyz_2:831145A,T
Ctyz_2:831889A,G
Ctyz_2:833618A,T
Ctyz_2:833619A,T
Ctyz_2:833621C,T
Ctyz_2:833622G,T
Ctyz_2:835395A,T
Ctyz_2:836006A,G
Ctyz_2:838686A,C
Ctyz_2:839973A,G
Ctyz_2:845493A,G
Ctyz_2:845552A,G
Ctyz_2:857170C,G
Ctyz_2:858174A,G
Ctyz_2:858875G,T
Ctyz_2:860035C,T
Ctyz_2:860257A,G
Ctyz_2:862409A,T
Ctyz_2:862411C,T
Ctyz_2:862413A,C
Ctyz_2:862421A,G
Ctyz_2:863123A,G
Ctyz_2:863133A,C
Ctyz_2:866609C,G
Ctyz_2:867075A,G
Ctyz_2:867201A,C
Ctyz_2:867255C,T
Ctyz_2:871993G,T
Ctyz_2:873500A,T
Ctyz_2:873736G,T
Ctyz_2:873792A,G
Ctyz_2:873964A,G
Ctyz_2:876679A,T
Ctyz_2:882059C,T
Ctyz_2:882060A,G
Ctyz_2:893707A,C
Ctyz_2:894659A,G
Ctyz_2:894660C,T
Ctyz_2:907886A,G
Ctyz_2:907909A,T
Ctyz_2:911136A,G
Ctyz_2:911146A,G
Ctyz_2:916211C,T
Ctyz_2:918811C,T
Ctyz_2:921132C,T
Ctyz_2:924122C,T
Ctyz_2:943854A,T
Ctyz_2:952241A,G
Ctyz_2:963954A,G
Ctyz_2:968329A,G
Ctyz_2:968939A,G
Ctyz_2:968952A,G
Ctyz_2:968954A,G
Ctyz_2:969064A,G
Ctyz_2:973297A,G
Ctyz_2:973298A,G
Ctyz_2:974925C,T
Ctyz_2:974933A,T
Ctyz_2:975692A,T
Ctyz_2:975720A,T
Ctyz_2:975875A,T
Ctyz_2:975878A,T
Ctyz_2:981008A,G
Ctyz_2:981054C,T
Ctyz_2:981263A,G
Ctyz_2:981269C,G
Ctyz_2:981373A,T
Ctyz_2:986317A,T
Ctyz_2:986318A,G
Ctyz_2:986319A,G
Ctyz_2:987069A,T
Ctyz_2:987200A,T
Ctyz_2:987562A,T
Ctyz_2:987563C,G
Ctyz_2:987592A,G
Ctyz_2:987595A,G
Ctyz_2:987596A,T
Ctyz_2:987603G,T
Ctyz_2:987670A,G
Ctyz_2:990851A,G
Ctyz_2:990946C,T
Ctyz_2:990947C,T
Ctyz_2:990951A,C
Ctyz_2:990970A,T
Ctyz_3:159A,C
Ctyz_3:160A,C
Ctyz_3:2497G,T
Ctyz_3:2499C,G
Ctyz_3:2506A,C
Ctyz_3:2507A,C
Ctyz_3:2508A,G
Ctyz_3:2510A,T
Ctyz_3:2520G,T
Ctyz_3:2521A,C
Ctyz_3:2523C,T
Ctyz_3:2532C,T
Ctyz_3:2539C,T
Ctyz_3:2541A,G
Ctyz_3:2542A,G
Ctyz_3:2544G,T
Ctyz_3:2680C,T
Ctyz_3:2682C,T
Ctyz_3:2683C,G
Ctyz_3:2684C,T
Ctyz_3:2689C,T
Ctyz_3:2690C,T
Ctyz_3:2695C,T
Ctyz_3:2998G,T
Ctyz_3:3001C,T
Ctyz_3:3004C,T
Ctyz_3:3009A,G
Ctyz_3:3012C,T
Ctyz_3:5118C,T
Ctyz_3:11333C,T
Ctyz_3:32420A,C
Ctyz_3:32421A,G
Ctyz_3:58987A,G
Ctyz_3:58989C,T
Ctyz_3:58991A,G
Ctyz_3:60028A,G
Ctyz_3:73393A,C
Ctyz_3:73397A,C
Ctyz_3:75504C,T
Ctyz_3:76958A,C
Ctyz_3:76991A,G
Ctyz_3:76994A,G
Ctyz_3:77695A,C
Ctyz_3:78204C,G
Ctyz_3:78210A,G
Ctyz_3:94739C,T
Ctyz_3:94814A,T
Ctyz_3:95923A,T
Ctyz_3:95924A,G
Ctyz_3:97048A,T
Ctyz_3:98704C,T
Ctyz_3:98706C,T
Ctyz_3:98709C,T
Ctyz_3:102391A,G
Ctyz_3:114148A,T
Ctyz_3:114149A,T
Ctyz_3:114150A,T
Ctyz_3:119206A,T
Ctyz_3:119221A,T
Ctyz_3:119224A,T
Ctyz_3:119227A,T
Ctyz_3:119236A,T
Ctyz_3:119239A,T
Ctyz_3:119267A,G
Ctyz_3:130810C,T
Ctyz_3:136247C,T
Ctyz_3:149926C,T
Ctyz_3:167653C,T
Ctyz_3:179354A,C
Ctyz_3:181299C,T
Ctyz_3:181840A,T
Ctyz_3:185893C,G
Ctyz_3:185929A,C
Ctyz_3:186353C,T
Ctyz_3:188656G,T
Ctyz_3:192079A,C
Ctyz_3:192465A,T
Ctyz_3:192591A,T
Ctyz_3:192964A,G
Ctyz_3:193546A,T
Ctyz_3:193558A,G
Ctyz_3:193700C,T
Ctyz_3:193705G,T
Ctyz_3:193708C,T
Ctyz_3:193710C,T
Ctyz_3:206566A,G
Ctyz_3:219753A,T
Ctyz_3:219764A,G
Ctyz_3:219773A,T
Ctyz_3:219778A,G
Ctyz_3:219779A,G
Ctyz_3:219783A,G
Ctyz_3:219789A,T
Ctyz_3:223884C,T
Ctyz_3:223890C,T
Ctyz_3:223896A,T
Ctyz_3:225484C,T
Ctyz_3:225486C,T
Ctyz_3:225503A,G
Ctyz_3:225505A,G
Ctyz_3:225506C,T
Ctyz_3:225537C,T
Ctyz_3:225540A,T
Ctyz_3:225813C,T
Ctyz_3:225848C,G
Ctyz_3:229681A,G
Ctyz_3:229682C,T
Ctyz_3:229688C,T
Ctyz_3:229707A,T
Ctyz_3:229710A,T
Ctyz_3:229713A,T
Ctyz_3:229716A,T
Ctyz_3:231738C,T
Ctyz_3:231912G,T
Ctyz_3:231936A,C
Ctyz_3:231996A,T
Ctyz_3:232017C,T
Ctyz_3:232029G,T
Ctyz_3:232032G,T
Ctyz_3:232068C,T
Ctyz_3:243720A,T
Ctyz_3:275938A,G
Ctyz_3:298666A,T
Ctyz_3:301108C,G
Ctyz_3:305004A,C
Ctyz_3:305444A,G
Ctyz_3:305472A,G
Ctyz_3:305822A,C
Ctyz_3:307009A,T
Ctyz_3:308433A,C
Ctyz_3:308434A,G
Ctyz_3:320960A,G
Ctyz_3:325264C,T
Ctyz_3:326321C,T
Ctyz_3:327065G,T
Ctyz_3:327508A,T
Ctyz_3:327510C,T
Ctyz_3:327514A,T
Ctyz_3:327698C,T
Ctyz_3:328541G,T
Ctyz_3:328583C,T
Ctyz_3:328584A,T
Ctyz_3:329077A,T
Ctyz_3:329078A,T
Ctyz_3:329311G,T
Ctyz_3:329312A,G
Ctyz_3:329317A,C
Ctyz_3:329321A,T
Ctyz_3:329684C,T
Ctyz_3:329688C,G
Ctyz_3:329695C,T
Ctyz_3:329716A,G
Ctyz_3:329719C,T
Ctyz_3:329723A,C
Ctyz_3:329851A,G
Ctyz_3:330668C,T
Ctyz_3:330674C,T
Ctyz_3:331724C,T
Ctyz_3:331725C,G
Ctyz_3:331729C,T
Ctyz_3:331730A,C
Ctyz_3:331735A,C
Ctyz_3:331737C,T
Ctyz_3:331739C,T
Ctyz_3:331745A,G
Ctyz_3:331746A,G
Ctyz_3:332407A,T
Ctyz_3:336061A,T
Ctyz_3:351326A,T
Ctyz_3:364491A,G
Ctyz_3:381884A,T
Ctyz_3:404697A,G
Ctyz_3:407890C,T
Ctyz_3:415875C,G
Ctyz_3:415876C,T
Ctyz_3:415882C,T
Ctyz_3:415885A,C
Ctyz_3:415894C,T
Ctyz_3:415897A,T
Ctyz_3:415903A,C
Ctyz_3:415906A,C
Ctyz_3:415909A,T
Ctyz_3:415912C,T
Ctyz_3:415915A,T
Ctyz_3:416641C,T
Ctyz_3:416643G,T
Ctyz_3:416644A,G
Ctyz_3:416742A,G
Ctyz_3:416980A,G
Ctyz_3:418532A,G
Ctyz_3:419635A,T
Ctyz_3:421610C,T
Ctyz_3:431287C,T
Ctyz_3:431290A,T
Ctyz_3:431292A,T
Ctyz_3:443701A,T
Ctyz_3:447302A,T
Ctyz_3:455887C,G
Ctyz_3:455897G,T
Ctyz_3:455898C,T
Ctyz_3:456196C,T
Ctyz_3:460566A,T
Ctyz_3:464247A,G
Ctyz_3:464250A,T
Ctyz_3:464252A,C
Ctyz_3:464254A,G
Ctyz_3:464255A,G
Ctyz_3:464256G,T
Ctyz_3:464260A,G
Ctyz_3:465425A,G
Ctyz_3:466023A,G
Ctyz_3:466024C,T
Ctyz_3:466034C,T
Ctyz_3:466037A,G
Ctyz_3:466042A,C
Ctyz_3:466045A,G
Ctyz_3:466048A,C
Ctyz_3:466049G,T
Ctyz_3:466054C,T
Ctyz_3:466060A,T
Ctyz_3:466063A,G
Ctyz_3:466064A,C
Ctyz_3:466067C,T
