Ctyz_1:51062A,T
Ctyz_1:94631A,G
Ctyz_1:99075A,G
Ctyz_1:115179A,T
Ctyz_1:235758A,G
Ctyz_1:247602A,T
Ctyz_1:247607A,T
Ctyz_1:313689A,T
Ctyz_1:684471A,G
Ctyz_1:687908A,C
Ctyz_1:687911A,C
Ctyz_1:687923A,C
Ctyz_1:689292C,T
Ctyz_1:708104C,T
Ctyz_1:744620A,T
Ctyz_1:757763C,T
Ctyz_1:760658C,T
Ctyz_1:761047A,T
Ctyz_1:761049C,G
Ctyz_1:765369A,G
Ctyz_1:781985G,T
Ctyz_1:781986A,G
Ctyz_1:800430A,T
Ctyz_1:856870A,T
Ctyz_1:869048A,T
Ctyz_2:16321C,T
Ctyz_2:16341A,T
Ctyz_2:33637G,T
Ctyz_2:33640A,T
Ctyz_2:33641A,T
Ctyz_2:35888A,T
Ctyz_2:43297A,G
Ctyz_2:58285C,T
Ctyz_2:86779A,G
Ctyz_2:86795A,T
Ctyz_2:86866A,C
Ctyz_2:86910A,G
Ctyz_2:95733C,T
Ctyz_2:95739G,T
Ctyz_2:110469A,T
Ctyz_2:126563C,T
Ctyz_2:151335A,C
Ctyz_2:160950G,T
Ctyz_2:208521A,G
Ctyz_2:641482A,G
Ctyz_2:649550C,G
Ctyz_2:670670C,T
Ctyz_2:750252A,C
Ctyz_2:750511C,G
Ctyz_2:751032C,T
Ctyz_2:751033A,C
Ctyz_2:858768A,T
Ctyz_2:859951A,G
Ctyz_2:859956A,G
Ctyz_2:867201A,C
Ctyz_2:867255C,T
Ctyz_2:876679A,T
Ctyz_2:876925A,G
Ctyz_2:880771A,G
Ctyz_2:907909A,T
Ctyz_2:918811C,T
Ctyz_2:924122C,T
Ctyz_2:974933A,T
Ctyz_2:990947C,T
Ctyz_2:990948G,T
Ctyz_2:990951A,C
Ctyz_2:990963A,G
Ctyz_2:990966A,G
Ctyz_3:76991A,G
Ctyz_3:76994A,G
Ctyz_3:192973A,G
Ctyz_3:192975A,T
Ctyz_3:298666A,T
Ctyz_3:366283A,G
Ctyz_3:366285A,T
Ctyz_3:366306C,T
Ctyz_3:860424A,G
Ctyz_3:922288G,T
Ctyz_3:926879A,G
Ctyz_3:934956A,G
Ctyz_3:972831A,T
Ctyz_3:984899A,T
Ctyz_3:1022888A,G
Ctyz_3:1084797G,T
Ctyz_4:58186A,G
Ctyz_4:240231A,C
Ctyz_4:263236C,T
Ctyz_4:275357A,T
Ctyz_4:296752C,T
Ctyz_4:297284A,T
Ctyz_4:297285A,C
Ctyz_4:318127A,T
Ctyz_4:324929A,G
Ctyz_4:352701A,G
Ctyz_4:355475A,T
Ctyz_4:360237A,T
Ctyz_4:366964A,T
Ctyz_4:375101A,C
Ctyz_4:381520A,G
Ctyz_4:391223C,T
Ctyz_4:399895A,C
Ctyz_4:542224G,T
Ctyz_4:545199A,G
Ctyz_4:545205G,T
Ctyz_4:757328A,G
Ctyz_4:759298A,T
Ctyz_4:771612A,T
Ctyz_4:808127A,T
Ctyz_4:808141A,T
Ctyz_4:851798A,C
Ctyz_4:851811C,T
Ctyz_4:885296A,T
Ctyz_4:885301A,T
Ctyz_4:897620A,T
Ctyz_4:897623A,T
Ctyz_4:897765A,T
Ctyz_4:930938A,T
Ctyz_4:941923A,G
Ctyz_4:941924A,G
Ctyz_4:942325A,T
Ctyz_4:942326C,T
Ctyz_4:951460C,T
Ctyz_4:951462A,T
Ctyz_4:963017C,T
Ctyz_4:963021A,T
Ctyz_4:963023A,T
Ctyz_4:978926A,G
Ctyz_4:979023A,T
Ctyz_4:979229G,T
Ctyz_4:1060305A,C
Ctyz_4:1098303G,T
Ctyz_5:10929G,T
Ctyz_5:48086A,T
Ctyz_5:86294C,T
Ctyz_5:86298C,T
Ctyz_5:91330A,G
Ctyz_5:130834A,G
Ctyz_5:206066C,T
Ctyz_5:308998A,G
Ctyz_5:392571A,C
Ctyz_5:493982A,T
Ctyz_5:501448C,T
Ctyz_5:502771G,T
Ctyz_5:652193C,T
Ctyz_5:712426A,G
Ctyz_5:712434A,G
Ctyz_5:715010A,G
Ctyz_5:719400A,G
Ctyz_5:719401A,G
Ctyz_5:734944A,T
Ctyz_5:734946C,T
Ctyz_5:782677A,G
Ctyz_5:784720G,T
Ctyz_5:791803C,T
Ctyz_5:793686C,T
Ctyz_5:795199C,G
Ctyz_5:801767C,T
Ctyz_5:803192A,T
Ctyz_5:810884A,C
Ctyz_5:829374A,T
Ctyz_5:834662A,T
Ctyz_5:839579C,T
Ctyz_5:848162A,G
Ctyz_5:858469A,C
Ctyz_5:868704A,T
Ctyz_5:874184G,T
Ctyz_5:890842A,G
Ctyz_5:898015A,T
Ctyz_6:38089A,G
Ctyz_6:58477A,G
Ctyz_6:61481A,G
Ctyz_6:66770A,T
Ctyz_6:69740A,T
Ctyz_6:88508A,G
Ctyz_6:99086C,T
Ctyz_6:102684A,G
Ctyz_6:102723A,T
Ctyz_6:102726A,T
Ctyz_6:102729A,T
Ctyz_6:118387C,T
Ctyz_6:164054A,G
Ctyz_6:193790C,T
Ctyz_6:195784C,T
Ctyz_6:199409G,T
Ctyz_6:199922G,T
Ctyz_6:213500C,T
Ctyz_6:213686C,T
Ctyz_6:219811A,C
Ctyz_6:598574A,C
Ctyz_6:598616A,T
Ctyz_6:711233A,G
Ctyz_6:711724A,G
Ctyz_6:796495A,C
Ctyz_6:819685C,T
Ctyz_6:899980A,T
Ctyz_6:938178C,T
Ctyz_6:940302A,C
Ctyz_6:976521G,T
Ctyz_6:1016590A,G
Ctyz_6:1026003C,T
Ctyz_6:1090078A,T
Ctyz_7:80689G,T
Ctyz_7:100912G,T
Ctyz_7:102116G,T
Ctyz_7:108286A,G
Ctyz_7:130431A,T
Ctyz_7:130492C,T
Ctyz_7:206688C,T
Ctyz_7:238814C,T
Ctyz_7:254862A,C
Ctyz_7:267333C,T
Ctyz_7:271489A,T
Ctyz_7:291096C,T
Ctyz_7:334101A,G
Ctyz_7:343377A,C
Ctyz_7:652440A,G
Ctyz_7:652441C,T
Ctyz_7:673527A,T
Ctyz_7:1275311A,T
Ctyz_7:1275312A,T
Ctyz_8:1681A,G
Ctyz_8:1792A,C
Ctyz_8:1793A,T
Ctyz_8:111285C,T
Ctyz_8:130839A,T
Ctyz_8:130847A,T
Ctyz_8:130848A,T
Ctyz_8:130859C,T
Ctyz_8:219733A,T
Ctyz_8:219743G,T
Ctyz_8:219744A,G
Ctyz_8:268243A,G
Ctyz_8:280034A,T
Ctyz_8:280038C,T
Ctyz_8:280039A,T
Ctyz_8:295335A,G
Ctyz_8:300534A,T
Ctyz_8:359055A,G
Ctyz_8:365075A,T
Ctyz_8:374317C,T
Ctyz_8:374319C,T
Ctyz_8:406775A,C
Ctyz_8:485336A,G
Ctyz_8:531212A,T
Ctyz_8:560398C,T
Ctyz_8:587188G,T
Ctyz_8:989438A,G
Ctyz_8:1000797A,T
Ctyz_8:1000798A,T
Ctyz_8:1000799A,T
Ctyz_8:1000800A,T
Ctyz_8:1003155A,T
Ctyz_8:1025855C,T
Ctyz_8:1025857A,C
Ctyz_8:1044733A,G
Ctyz_8:1053571A,G
Ctyz_8:1054386C,T
Ctyz_8:1054493G,T
Ctyz_8:1054494A,T
Ctyz_8:1054496A,G
Ctyz_8:1054497A,T
Ctyz_8:1056940A,G
Ctyz_8:1061610A,C
Ctyz_8:1082203A,G
Ctyz_8:1086181A,T
Ctyz_8:1095714A,C
Ctyz_8:1095970A,C
Ctyz_8:1102957C,T
Ctyz_8:1103581A,C
Ctyz_8:1103950A,T
Ctyz_8:1103959A,G
Ctyz_8:1111215A,T
Ctyz_8:1116624A,G
Ctyz_8:1137727A,C
Ctyz_8:1169958A,G
Ctyz_8:1194772G,T
Ctyz_8:1197708A,G
Ctyz_8:1212604C,T
Ctyz_8:1213051C,T
Ctyz_8:1217018C,T
Ctyz_8:1306133A,G
Ctyz_8:1313062A,G
Ctyz_8:1313085C,T
Ctyz_8:1313130A,T
