PLINK v1.90b6.26 64-bit (2 Apr 2022)
Options in effect:
  --allow-extra-chr
  --double-id
  --extract /SAN/Ctyzzeri/all/results/pcaFiltered/12_samples.prune.in
  --make-bed
  --out /SAN/Ctyzzeri/all/results/pcaFiltered/12_samples
  --pca
  --set-missing-var-ids @:#$1,$2
  --vcf /SAN/Ctyzzeri/all/results/vcfFiltered/12_samples_filtered.vcf.gz

Hostname: harriet
Working directory: /SAN/Ctyzzeri/all/scripts
Start time: Sun Jul 24 22:46:07 2022

Random number seed: 1658695567
515931 MB RAM detected; reserving 257965 MB for main workspace.
--vcf: /SAN/Ctyzzeri/all/results/pcaFiltered/12_samples-temporary.bed +
/SAN/Ctyzzeri/all/results/pcaFiltered/12_samples-temporary.bim +
/SAN/Ctyzzeri/all/results/pcaFiltered/12_samples-temporary.fam written.
4990 variants loaded from .bim file.
4990 missing IDs set.
12 people (0 males, 0 females, 12 ambiguous) loaded from .fam.
Ambiguous sex IDs written to
/SAN/Ctyzzeri/all/results/pcaFiltered/12_samples.nosex .
--extract: 102 variants remaining.
Using up to 95 threads (change this with --threads).
Before main variant filters, 12 founders and 0 nonfounders present.
Calculating allele frequencies... done.
Total genotyping rate is 0.745915.
102 variants and 12 people pass filters and QC.
Note: No phenotypes present.
Relationship matrix calculation complete.
Warning: calculating 12 PCs, since there are only 12 samples.
--pca: Results saved to
/SAN/Ctyzzeri/all/results/pcaFiltered/12_samples.eigenval and
/SAN/Ctyzzeri/all/results/pcaFiltered/12_samples.eigenvec .
--make-bed to /SAN/Ctyzzeri/all/results/pcaFiltered/12_samples.bed +
/SAN/Ctyzzeri/all/results/pcaFiltered/12_samples.bim +
/SAN/Ctyzzeri/all/results/pcaFiltered/12_samples.fam ... done.

End time: Sun Jul 24 22:46:07 2022
