Ctyz_1:293C,T
Ctyz_1:299C,T
Ctyz_1:322C,T
Ctyz_1:333A,C
Ctyz_1:335C,T
Ctyz_1:342A,C
Ctyz_1:353A,G
Ctyz_1:383A,G
Ctyz_1:389A,G
Ctyz_1:391A,G
Ctyz_1:413C,T
Ctyz_1:417A,C
Ctyz_1:471C,T
Ctyz_1:2571A,G
Ctyz_1:2621A,G
Ctyz_1:2629A,G
Ctyz_1:3430C,T
Ctyz_1:3526C,T
Ctyz_1:3543A,C
Ctyz_1:3565G,T
Ctyz_1:3568A,T
Ctyz_1:3570A,C
Ctyz_1:3582A,G
Ctyz_1:3639C,T
Ctyz_1:3645A,G
Ctyz_1:3670G,T
Ctyz_1:3677A,C
Ctyz_1:3686A,G
Ctyz_1:3786G,T
Ctyz_1:3791A,T
Ctyz_1:3819C,T
Ctyz_1:3872A,T
Ctyz_1:19600A,G
Ctyz_1:19642C,T
Ctyz_1:21486C,T
Ctyz_1:21563G,T
Ctyz_1:21580A,G
Ctyz_1:21582A,G
Ctyz_1:21592A,C
Ctyz_1:21688A,G
Ctyz_1:21714A,T
Ctyz_1:21723A,G
Ctyz_1:21724C,T
Ctyz_1:21759C,T
Ctyz_1:21774A,G
Ctyz_1:21781C,T
Ctyz_1:21789A,T
Ctyz_1:23195A,G
Ctyz_1:23223C,T
Ctyz_1:23244A,T
Ctyz_1:23258C,T
Ctyz_1:23262C,T
Ctyz_1:23271A,G
Ctyz_1:23290A,C
Ctyz_1:23305A,G
Ctyz_1:23330A,G
Ctyz_1:23399A,G
Ctyz_1:23523C,T
Ctyz_1:23539G,T
Ctyz_1:23540C,T
Ctyz_1:23584C,T
Ctyz_1:23586A,G
Ctyz_1:23846C,T
Ctyz_1:23874C,T
Ctyz_1:23887A,G
Ctyz_1:23923C,T
Ctyz_1:23933A,G
Ctyz_1:23958C,T
Ctyz_1:24017A,T
Ctyz_1:24025C,T
Ctyz_1:24214A,G
Ctyz_1:24218A,T
Ctyz_1:24225A,G
Ctyz_1:24233A,T
Ctyz_1:24250A,G
Ctyz_1:24268C,T
Ctyz_1:24271C,T
Ctyz_1:24285C,T
Ctyz_1:24479G,T
Ctyz_1:24494C,T
Ctyz_1:24791A,T
Ctyz_1:24800A,C
Ctyz_1:24817A,G
Ctyz_1:24831G,T
Ctyz_1:24839A,C
Ctyz_1:24852A,G
Ctyz_1:24865C,T
Ctyz_1:24870C,T
Ctyz_1:24900A,G
Ctyz_1:24901A,T
Ctyz_1:29098C,T
Ctyz_1:32993A,T
Ctyz_1:33004C,T
Ctyz_1:33006C,T
Ctyz_1:33010A,T
Ctyz_1:33034A,G
Ctyz_1:36749A,T
Ctyz_1:36957C,T
Ctyz_1:42891A,T
Ctyz_1:42901C,G
Ctyz_1:42959A,G
Ctyz_1:42993C,T
Ctyz_1:43005A,C
Ctyz_1:43020C,T
Ctyz_1:43021C,T
Ctyz_1:44263A,T
Ctyz_1:44290C,T
Ctyz_1:44307G,T
Ctyz_1:44329C,T
Ctyz_1:44350A,G
Ctyz_1:44373A,T
Ctyz_1:44375A,T
Ctyz_1:44431A,G
Ctyz_1:44439A,C
Ctyz_1:44460C,T
Ctyz_1:44484A,G
Ctyz_1:44490G,T
Ctyz_1:44498G,T
Ctyz_1:44589A,G
Ctyz_1:44598A,T
Ctyz_1:45750G,T
Ctyz_1:45900A,G
Ctyz_1:45950C,T
Ctyz_1:45954A,C
Ctyz_1:45987A,G
Ctyz_1:46205A,G
Ctyz_1:53143A,G
Ctyz_1:53185A,T
Ctyz_1:71984A,T
Ctyz_1:77468C,T
Ctyz_1:77625A,G
Ctyz_1:77629A,G
Ctyz_1:86125A,G
Ctyz_1:94631A,G
Ctyz_1:96754A,G
Ctyz_1:96755C,T
Ctyz_1:96818C,T
Ctyz_1:96835C,T
Ctyz_1:96842C,T
Ctyz_1:96865A,G
Ctyz_1:110082A,G
Ctyz_1:110089C,T
Ctyz_1:111755G,T
Ctyz_1:112050C,T
Ctyz_1:113286A,G
Ctyz_1:114106A,G
Ctyz_1:114232A,G
Ctyz_1:114267A,G
Ctyz_1:114318C,T
Ctyz_1:114321C,T
Ctyz_1:116874A,T
Ctyz_1:155356C,T
Ctyz_1:174461A,G
Ctyz_1:190146C,T
Ctyz_1:235791C,T
Ctyz_1:236131C,T
Ctyz_1:239228A,T
Ctyz_1:240682A,G
Ctyz_1:240690C,T
Ctyz_1:240694A,G
Ctyz_1:240697A,T
Ctyz_1:240736A,C
Ctyz_1:240737A,G
Ctyz_1:240740G,T
Ctyz_1:240741A,C
Ctyz_1:240745G,T
Ctyz_1:240750C,T
Ctyz_1:240810A,G
Ctyz_1:240826G,T
Ctyz_1:240828A,G
Ctyz_1:240829C,T
Ctyz_1:240834A,T
Ctyz_1:240843A,G
Ctyz_1:247625A,T
Ctyz_1:253085A,G
Ctyz_1:253312A,G
Ctyz_1:257896C,T
Ctyz_1:258182A,T
Ctyz_1:258215C,T
Ctyz_1:258225C,T
Ctyz_1:258271C,T
Ctyz_1:258274G,T
Ctyz_1:258275A,G
Ctyz_1:258303C,T
Ctyz_1:258317A,T
Ctyz_1:313274A,G
Ctyz_1:428263C,T
Ctyz_1:438386C,T
Ctyz_1:438435A,G
Ctyz_1:442893A,C
Ctyz_1:443162A,G
Ctyz_1:462015A,T
Ctyz_1:476151A,T
Ctyz_1:476168C,T
Ctyz_1:476172C,T
Ctyz_1:510551A,G
Ctyz_1:620118A,T
Ctyz_1:629491C,T
Ctyz_1:661431A,T
Ctyz_1:670922A,G
Ctyz_1:670929A,G
Ctyz_1:674430A,G
Ctyz_1:682032C,T
Ctyz_1:682033C,T
Ctyz_1:682249A,G
Ctyz_1:683991C,T
Ctyz_1:684005A,T
Ctyz_1:687456C,G
Ctyz_1:687905A,C
Ctyz_1:687908A,C
Ctyz_1:687923A,C
Ctyz_1:689292C,T
Ctyz_1:690100A,G
Ctyz_1:692454A,C
Ctyz_1:692596A,T
Ctyz_1:692599A,T
Ctyz_1:692601A,G
Ctyz_1:694432A,T
Ctyz_1:700591C,T
Ctyz_1:700728A,G
Ctyz_1:700736A,G
Ctyz_1:700740A,G
Ctyz_1:700745C,T
Ctyz_1:700749G,T
Ctyz_1:700765A,G
Ctyz_1:700795C,T
Ctyz_1:707264G,T
Ctyz_1:707275A,T
Ctyz_1:707337C,T
Ctyz_1:707355G,T
Ctyz_1:707373A,G
Ctyz_1:707379C,T
Ctyz_1:707380A,C
Ctyz_1:707381A,G
Ctyz_1:707383A,G
Ctyz_1:707384C,T
Ctyz_1:707904A,G
Ctyz_1:708568A,C
Ctyz_1:708627A,G
Ctyz_1:708661A,T
Ctyz_1:708665A,G
Ctyz_1:715061G,T
Ctyz_1:715085C,T
Ctyz_1:715087C,T
Ctyz_1:715118G,T
Ctyz_1:715995A,G
Ctyz_1:718299A,G
Ctyz_1:719223A,G
Ctyz_1:719235A,G
Ctyz_1:720592C,T
Ctyz_1:720605C,T
Ctyz_1:720654C,T
Ctyz_1:720665A,G
Ctyz_1:720696C,T
Ctyz_1:720709A,G
Ctyz_1:720744A,G
Ctyz_1:721498C,T
Ctyz_1:721538C,T
Ctyz_1:721542A,G
Ctyz_1:721592A,G
Ctyz_1:721598A,G
Ctyz_1:721664A,G
Ctyz_1:723213C,T
Ctyz_1:723403C,T
Ctyz_1:723709C,G
Ctyz_1:724070C,T
Ctyz_1:724075A,C
Ctyz_1:724091A,C
Ctyz_1:725161A,G
Ctyz_1:725168A,G
Ctyz_1:725199A,G
Ctyz_1:725791A,G
Ctyz_1:725812C,T
Ctyz_1:726515A,T
Ctyz_1:726525A,C
Ctyz_1:726630A,G
Ctyz_1:726635A,G
Ctyz_1:726639A,C
Ctyz_1:726655A,G
Ctyz_1:726667A,C
Ctyz_1:728576C,T
Ctyz_1:728583A,T
Ctyz_1:728586C,T
Ctyz_1:728597C,G
Ctyz_1:728713G,T
Ctyz_1:728716A,G
Ctyz_1:729593A,G
Ctyz_1:729594A,G
Ctyz_1:729632A,G
Ctyz_1:729778A,G
Ctyz_1:729937C,T
Ctyz_1:729985G,T
Ctyz_1:730052C,T
Ctyz_1:730061C,T
Ctyz_1:730075C,T
Ctyz_1:730076A,G
Ctyz_1:730081A,G
Ctyz_1:732948A,T
Ctyz_1:735208C,T
Ctyz_1:735215G,T
Ctyz_1:735245G,T
Ctyz_1:735349G,T
Ctyz_1:738427A,T
Ctyz_1:738440A,G
Ctyz_1:738445G,T
Ctyz_1:738576A,G
Ctyz_1:743251A,G
Ctyz_1:749862C,T
Ctyz_1:754742A,T
Ctyz_1:757747A,G
Ctyz_1:757750C,T
Ctyz_1:757957C,T
Ctyz_1:757961C,T
Ctyz_1:757968G,T
Ctyz_1:757971C,T
Ctyz_1:757985A,T
Ctyz_1:758407A,G
Ctyz_1:758410C,T
Ctyz_1:758421A,T
Ctyz_1:758424C,T
Ctyz_1:758510C,T
Ctyz_1:758525C,T
Ctyz_1:758577C,T
Ctyz_1:765176A,C
Ctyz_1:769984C,T
Ctyz_1:770135A,G
Ctyz_1:770142G,T
Ctyz_1:770194C,T
Ctyz_1:770197A,G
Ctyz_1:770201A,G
Ctyz_1:770241A,G
Ctyz_1:770264A,T
Ctyz_1:770490C,T
Ctyz_1:770903C,T
Ctyz_1:773899A,G
Ctyz_1:781940A,T
Ctyz_1:781985G,T
Ctyz_1:781986A,G
Ctyz_1:782116C,T
Ctyz_1:782123A,G
Ctyz_1:786262G,T
Ctyz_1:786278C,T
Ctyz_1:786860A,T
Ctyz_1:787004C,T
Ctyz_1:787010A,C
Ctyz_1:787026A,T
Ctyz_1:787048C,T
Ctyz_1:787050G,T
Ctyz_1:788748C,T
Ctyz_1:788774A,G
Ctyz_1:790391A,G
Ctyz_1:790400C,T
Ctyz_1:790420A,C
Ctyz_1:795667A,G
Ctyz_1:799623A,T
Ctyz_1:800430A,T
Ctyz_1:856850C,T
Ctyz_1:856889A,T
Ctyz_1:857049C,T
Ctyz_1:857890A,C
Ctyz_1:861791C,T
Ctyz_1:862438A,C
Ctyz_1:862442A,G
Ctyz_1:862486A,G
Ctyz_2:287A,G
Ctyz_2:332C,T
Ctyz_2:618A,T
Ctyz_2:639A,T
Ctyz_2:641C,T
Ctyz_2:671A,G
Ctyz_2:672A,G
Ctyz_2:674G,T
Ctyz_2:711G,T
Ctyz_2:813C,T
Ctyz_2:848A,G
Ctyz_2:869A,G
Ctyz_2:877A,T
Ctyz_2:966A,C
Ctyz_2:990A,T
Ctyz_2:1099C,T
Ctyz_2:1101A,G
Ctyz_2:1104A,G
Ctyz_2:1120A,T
Ctyz_2:1179C,G
Ctyz_2:1190A,T
Ctyz_2:1199C,T
Ctyz_2:1210C,T
Ctyz_2:1357C,G
Ctyz_2:1362A,G
Ctyz_2:1378A,T
Ctyz_2:1866C,T
Ctyz_2:16321C,T
Ctyz_2:16351A,T
Ctyz_2:16453A,T
Ctyz_2:16456A,C
Ctyz_2:16734C,T
Ctyz_2:16746C,T
Ctyz_2:16780A,T
Ctyz_2:16996C,T
Ctyz_2:16998A,G
Ctyz_2:17016C,T
Ctyz_2:17020C,T
Ctyz_2:17323A,G
Ctyz_2:17370G,T
Ctyz_2:17383A,G
Ctyz_2:17438C,T
Ctyz_2:20716C,T
Ctyz_2:20756A,T
Ctyz_2:20827A,G
Ctyz_2:20848A,T
Ctyz_2:20854C,T
Ctyz_2:21016A,G
Ctyz_2:21143C,T
Ctyz_2:21174A,G
Ctyz_2:21207C,T
Ctyz_2:21274C,T
Ctyz_2:21410C,T
Ctyz_2:21444A,G
Ctyz_2:21445A,C
Ctyz_2:22608C,T
Ctyz_2:23069C,T
Ctyz_2:23071A,G
Ctyz_2:23131G,T
Ctyz_2:23142A,T
Ctyz_2:23153G,T
Ctyz_2:23302A,G
Ctyz_2:33631A,T
Ctyz_2:33686A,G
Ctyz_2:35311C,T
Ctyz_2:36160C,T
Ctyz_2:36193A,G
Ctyz_2:36326A,G
Ctyz_2:36353G,T
Ctyz_2:36356A,T
Ctyz_2:36357C,T
Ctyz_2:36378A,G
Ctyz_2:36407A,G
Ctyz_2:36414A,G
Ctyz_2:36431A,G
Ctyz_2:36457G,T
Ctyz_2:36462G,T
Ctyz_2:38002C,T
Ctyz_2:38017A,G
Ctyz_2:38149A,G
Ctyz_2:38153C,T
Ctyz_2:38177A,G
Ctyz_2:38186C,T
Ctyz_2:38188A,G
Ctyz_2:38195C,T
Ctyz_2:38216A,G
Ctyz_2:38228C,T
Ctyz_2:38229A,G
Ctyz_2:38276C,T
Ctyz_2:38301A,T
Ctyz_2:38306G,T
Ctyz_2:38326C,T
Ctyz_2:38335C,T
Ctyz_2:38336A,G
Ctyz_2:39079A,C
Ctyz_2:39099A,G
Ctyz_2:39167A,G
Ctyz_2:43263A,T
Ctyz_2:43297A,G
Ctyz_2:58098C,T
Ctyz_2:58315A,T
Ctyz_2:58335A,G
Ctyz_2:58352A,G
Ctyz_2:75392C,T
Ctyz_2:75497C,T
Ctyz_2:82870A,G
Ctyz_2:84194C,T
Ctyz_2:84220C,T
Ctyz_2:85426G,T
Ctyz_2:86828C,T
Ctyz_2:86854C,T
Ctyz_2:86888A,G
Ctyz_2:86901A,G
Ctyz_2:86905C,T
Ctyz_2:86935A,T
Ctyz_2:86947C,T
Ctyz_2:86955A,C
Ctyz_2:86958A,G
Ctyz_2:86964A,T
Ctyz_2:86968C,T
Ctyz_2:86969C,T
Ctyz_2:86979C,T
Ctyz_2:87997C,T
Ctyz_2:88004A,C
Ctyz_2:88020A,G
Ctyz_2:88071A,T
Ctyz_2:88077C,T
Ctyz_2:88111C,T
Ctyz_2:88121A,G
Ctyz_2:88337A,G
Ctyz_2:88398C,T
Ctyz_2:88402A,G
Ctyz_2:88404A,T
Ctyz_2:88417A,T
Ctyz_2:88427A,G
Ctyz_2:88460A,C
Ctyz_2:88473C,T
Ctyz_2:88492A,C
Ctyz_2:88494C,T
Ctyz_2:88546A,G
Ctyz_2:89471A,C
Ctyz_2:89472A,G
Ctyz_2:90758A,C
Ctyz_2:90765A,G
Ctyz_2:90789A,G
Ctyz_2:90790A,G
Ctyz_2:90822C,T
Ctyz_2:91307A,G
Ctyz_2:91391A,G
Ctyz_2:99493A,T
Ctyz_2:101141A,T
Ctyz_2:103444A,G
Ctyz_2:105497A,T
Ctyz_2:106822A,G
Ctyz_2:106960A,G
Ctyz_2:107202A,G
Ctyz_2:108636C,T
Ctyz_2:108685C,T
Ctyz_2:108704C,T
Ctyz_2:108720A,G
Ctyz_2:109403A,G
Ctyz_2:109444A,G
Ctyz_2:109476A,T
Ctyz_2:110456A,T
Ctyz_2:110469A,T
Ctyz_2:110635C,T
Ctyz_2:110710C,T
Ctyz_2:111777A,C
Ctyz_2:111782A,G
Ctyz_2:111796C,T
Ctyz_2:112634A,G
Ctyz_2:112666A,T
Ctyz_2:113949C,T
Ctyz_2:113977A,G
Ctyz_2:114311A,G
Ctyz_2:114314A,T
Ctyz_2:114315A,C
Ctyz_2:114322G,T
Ctyz_2:114329C,T
Ctyz_2:114349A,G
Ctyz_2:114358A,C
Ctyz_2:114406C,T
Ctyz_2:116737A,G
Ctyz_2:116742A,G
Ctyz_2:116745A,C
Ctyz_2:116751A,G
Ctyz_2:116787A,C
Ctyz_2:116899A,G
Ctyz_2:117074G,T
Ctyz_2:134509G,T
Ctyz_2:134510C,T
Ctyz_2:134846A,C
Ctyz_2:147129A,G
Ctyz_2:147130A,G
Ctyz_2:147180A,C
Ctyz_2:147187C,T
Ctyz_2:147191G,T
Ctyz_2:147195A,T
Ctyz_2:147277A,T
Ctyz_2:150826A,G
Ctyz_2:151335A,C
Ctyz_2:151350A,C
Ctyz_2:151389A,G
Ctyz_2:151418G,T
Ctyz_2:152721C,G
Ctyz_2:152724A,G
Ctyz_2:152731A,G
Ctyz_2:158797A,G
Ctyz_2:158859G,T
Ctyz_2:160950A,T
Ctyz_2:161585C,T
Ctyz_2:161956A,C
Ctyz_2:164599A,T
Ctyz_2:208446A,G
Ctyz_2:208453C,G
Ctyz_2:208529G,T
Ctyz_2:254776A,T
Ctyz_2:254792C,T
Ctyz_2:254865A,C
Ctyz_2:266558A,G
Ctyz_2:266588A,G
Ctyz_2:298487A,G
Ctyz_2:298494A,G
Ctyz_2:298495A,G
Ctyz_2:298497A,G
Ctyz_2:298508A,G
Ctyz_2:298517A,G
Ctyz_2:298627A,G
Ctyz_2:355504C,G
Ctyz_2:355505A,C
Ctyz_2:355513C,G
Ctyz_2:437259C,T
Ctyz_2:437276A,G
Ctyz_2:437367C,T
Ctyz_2:474799C,T
Ctyz_2:474800A,T
Ctyz_2:479472G,T
Ctyz_2:498339C,T
Ctyz_2:498391G,T
Ctyz_2:498455C,T
Ctyz_2:509540C,T
Ctyz_2:509544C,G
Ctyz_2:509548C,T
Ctyz_2:509552A,G
Ctyz_2:509562A,G
Ctyz_2:509576C,T
Ctyz_2:509588C,T
Ctyz_2:509593C,T
Ctyz_2:509600C,G
Ctyz_2:509642C,G
Ctyz_2:509674C,T
Ctyz_2:509706A,T
Ctyz_2:509710G,T
Ctyz_2:509737A,T
Ctyz_2:509738C,T
Ctyz_2:509740A,T
Ctyz_2:509744A,G
Ctyz_2:509833A,G
Ctyz_2:573556A,T
Ctyz_2:573557A,T
Ctyz_2:631755A,C
Ctyz_2:644573G,T
Ctyz_2:644576G,T
Ctyz_2:644585G,T
Ctyz_2:645648G,T
Ctyz_2:645802A,T
Ctyz_2:645911C,T
Ctyz_2:645927A,C
Ctyz_2:649436C,T
Ctyz_2:649550C,G
Ctyz_2:659801C,T
Ctyz_2:660433A,G
Ctyz_2:660434A,G
Ctyz_2:660442C,T
Ctyz_2:685778G,T
Ctyz_2:747677A,G
Ctyz_2:747683C,T
Ctyz_2:747684G,T
Ctyz_2:749973A,G
Ctyz_2:750252A,C
Ctyz_2:756903C,T
Ctyz_2:758926C,T
Ctyz_2:758937A,T
Ctyz_2:758946C,T
Ctyz_2:758951C,T
Ctyz_2:758953C,T
Ctyz_2:758957A,G
Ctyz_2:758958C,T
Ctyz_2:759075A,G
Ctyz_2:759140A,G
Ctyz_2:759145A,G
Ctyz_2:759225C,T
Ctyz_2:759229C,T
Ctyz_2:761393C,T
Ctyz_2:762487A,T
Ctyz_2:762492G,T
Ctyz_2:762509C,T
Ctyz_2:762527C,T
Ctyz_2:762774C,T
Ctyz_2:762835C,T
Ctyz_2:764849A,G
Ctyz_2:764868C,T
Ctyz_2:775049C,T
Ctyz_2:779342A,G
Ctyz_2:779352A,G
Ctyz_2:779354A,G
Ctyz_2:779377G,T
Ctyz_2:779466A,T
Ctyz_2:779467A,G
Ctyz_2:779487A,T
Ctyz_2:789842C,T
Ctyz_2:809656C,G
Ctyz_2:809665G,T
Ctyz_2:821936C,G
Ctyz_2:821957A,C
Ctyz_2:821979C,T
Ctyz_2:822184A,T
Ctyz_2:822196A,G
Ctyz_2:822197A,G
Ctyz_2:822260C,T
Ctyz_2:834184A,C
Ctyz_2:834185A,G
Ctyz_2:834190A,T
Ctyz_2:838686A,C
Ctyz_2:838800C,G
Ctyz_2:838802C,T
Ctyz_2:839102A,G
Ctyz_2:839107A,G
Ctyz_2:841251A,G
Ctyz_2:843519C,T
Ctyz_2:843533G,T
Ctyz_2:843572A,G
Ctyz_2:843580C,T
Ctyz_2:843618A,T
Ctyz_2:843633C,T
Ctyz_2:843641A,G
Ctyz_2:843683A,G
Ctyz_2:844136C,T
Ctyz_2:844198A,G
Ctyz_2:844347A,C
Ctyz_2:844569A,G
Ctyz_2:844587A,G
Ctyz_2:844598C,T
Ctyz_2:845202C,T
Ctyz_2:845231A,G
Ctyz_2:845232A,G
Ctyz_2:845278A,G
Ctyz_2:845717C,T
Ctyz_2:845729A,G
Ctyz_2:845731A,G
Ctyz_2:845732A,G
Ctyz_2:845735A,G
Ctyz_2:845764G,T
Ctyz_2:849608A,T
Ctyz_2:851981G,T
Ctyz_2:857120A,G
Ctyz_2:857165C,T
Ctyz_2:857170C,G
Ctyz_2:857197C,T
Ctyz_2:858768A,T
Ctyz_2:859828A,T
Ctyz_2:859833C,T
Ctyz_2:859873A,G
Ctyz_2:859910A,G
Ctyz_2:859939G,T
Ctyz_2:859951A,G
Ctyz_2:859956A,G
Ctyz_2:860035C,T
Ctyz_2:862595A,G
Ctyz_2:862841C,T
Ctyz_2:865425C,T
Ctyz_2:865588G,T
Ctyz_2:865592A,G
Ctyz_2:865607G,T
Ctyz_2:866205C,T
Ctyz_2:866212A,T
Ctyz_2:866245A,C
Ctyz_2:866268A,G
Ctyz_2:866275A,G
Ctyz_2:866609C,G
Ctyz_2:867131C,T
Ctyz_2:867692A,C
Ctyz_2:868036A,T
Ctyz_2:868324A,T
Ctyz_2:871927C,G
Ctyz_2:871930A,T
Ctyz_2:873028A,T
Ctyz_2:873030A,T
Ctyz_2:873031A,T
Ctyz_2:873769G,T
Ctyz_2:873775C,T
Ctyz_2:873785C,T
Ctyz_2:873792A,G
Ctyz_2:873815C,T
Ctyz_2:876625C,G
Ctyz_2:876679A,T
Ctyz_2:876806A,T
Ctyz_2:876925A,G
Ctyz_2:876926C,T
Ctyz_2:877011C,T
Ctyz_2:880517A,G
Ctyz_2:880771A,G
Ctyz_2:880924A,T
Ctyz_2:883000A,C
Ctyz_2:883077G,T
Ctyz_2:894247A,T
Ctyz_2:894267A,G
Ctyz_2:894624A,T
Ctyz_2:901638C,T
Ctyz_2:902747A,C
Ctyz_2:907890A,T
Ctyz_2:907903A,G
Ctyz_2:907936A,C
Ctyz_2:918719C,T
Ctyz_2:918786A,G
Ctyz_2:918811C,T
Ctyz_2:924122C,T
Ctyz_2:929383A,G
Ctyz_2:929415A,G
Ctyz_2:964309G,T
Ctyz_2:964384A,T
Ctyz_2:974925C,T
Ctyz_2:974933A,T
Ctyz_2:978624C,T
Ctyz_2:979935C,T
Ctyz_2:979946A,G
Ctyz_2:986405A,G
Ctyz_2:986406G,T
Ctyz_2:986418G,T
Ctyz_2:991936A,G
Ctyz_3:3666C,T
Ctyz_3:3709A,G
Ctyz_3:3710A,G
Ctyz_3:4093A,G
Ctyz_3:4170C,T
Ctyz_3:40458A,T
Ctyz_3:76991A,G
Ctyz_3:76994A,G
Ctyz_3:78204C,G
Ctyz_3:78207A,G
Ctyz_3:79111A,G
Ctyz_3:79994A,T
Ctyz_3:80002C,G
Ctyz_3:80018A,C
Ctyz_3:80168C,T
Ctyz_3:80404G,T
Ctyz_3:80426G,T
Ctyz_3:80761A,G
Ctyz_3:80775A,G
Ctyz_3:80780C,T
Ctyz_3:80946C,T
Ctyz_3:81013A,G
Ctyz_3:81053A,T
Ctyz_3:81070A,G
Ctyz_3:83668A,G
Ctyz_3:83671A,C
Ctyz_3:83691C,T
Ctyz_3:83763C,T
Ctyz_3:84070C,T
Ctyz_3:84132C,T
Ctyz_3:84165G,T
Ctyz_3:84185A,C
Ctyz_3:98143A,G
Ctyz_3:98163A,G
Ctyz_3:98165A,G
Ctyz_3:165173A,G
Ctyz_3:180050C,T
Ctyz_3:181865A,G
Ctyz_3:181869C,T
Ctyz_3:181873A,G
Ctyz_3:192085C,T
Ctyz_3:193141A,G
Ctyz_3:197842A,G
Ctyz_3:197877A,G
Ctyz_3:219863A,T
Ctyz_3:219864A,T
Ctyz_3:231987C,T
Ctyz_3:232002A,C
Ctyz_3:233682A,T
Ctyz_3:233683A,G
Ctyz_3:233735A,T
Ctyz_3:246175C,T
Ctyz_3:246184C,T
Ctyz_3:246265C,T
Ctyz_3:246276C,T
Ctyz_3:246278C,T
Ctyz_3:246441A,G
Ctyz_3:246455C,T
Ctyz_3:246474A,T
Ctyz_3:246477A,G
Ctyz_3:246480A,C
Ctyz_3:246505C,T
Ctyz_3:246506C,T
Ctyz_3:246537A,G
Ctyz_3:251351C,T
Ctyz_3:251364A,G
Ctyz_3:251366G,T
Ctyz_3:275938A,G
Ctyz_3:297130A,G
Ctyz_3:297137C,T
Ctyz_3:297156A,G
Ctyz_3:297160G,T
Ctyz_3:297162A,G
Ctyz_3:297164A,C
Ctyz_3:297206C,T
Ctyz_3:297211A,T
Ctyz_3:297399A,G
Ctyz_3:297407C,G
Ctyz_3:297408C,T
Ctyz_3:297414A,T
Ctyz_3:320882A,G
Ctyz_3:320928G,T
Ctyz_3:320936C,T
Ctyz_3:320964C,T
Ctyz_3:324201A,G
Ctyz_3:324205A,G
Ctyz_3:325293C,T
Ctyz_3:325297A,G
Ctyz_3:325300C,T
Ctyz_3:325576A,T
Ctyz_3:325879A,T
Ctyz_3:325880A,G
Ctyz_3:326339C,T
Ctyz_3:326454C,T
Ctyz_3:326542A,C
Ctyz_3:326554A,C
Ctyz_3:326557C,T
Ctyz_3:328113C,T
Ctyz_3:328146A,G
Ctyz_3:328148C,T
Ctyz_3:328149C,T
Ctyz_3:328321A,G
Ctyz_3:328322C,T
Ctyz_3:328325A,G
Ctyz_3:328413A,G
Ctyz_3:328417A,G
Ctyz_3:328481A,T
Ctyz_3:328487C,T
Ctyz_3:328488A,G
Ctyz_3:328494C,T
Ctyz_3:328509C,T
Ctyz_3:328511C,T
Ctyz_3:328516A,G
Ctyz_3:328523A,T
Ctyz_3:328527C,T
Ctyz_3:328528C,T
Ctyz_3:328536A,G
Ctyz_3:328541G,T
Ctyz_3:328671G,T
Ctyz_3:328673G,T
Ctyz_3:328675A,G
Ctyz_3:328719A,C
Ctyz_3:328720C,T
Ctyz_3:328722A,G
Ctyz_3:328728A,T
Ctyz_3:328760A,G
Ctyz_3:328761A,G
Ctyz_3:328762A,C
Ctyz_3:328770A,G
Ctyz_3:328772C,T
Ctyz_3:328775A,G
Ctyz_3:328778C,T
Ctyz_3:328787A,T
Ctyz_3:328918A,G
Ctyz_3:330668C,T
Ctyz_3:330674C,T
Ctyz_3:330704A,G
Ctyz_3:330707A,T
Ctyz_3:330716A,G
Ctyz_3:330719A,T
Ctyz_3:330736A,C
Ctyz_3:330758C,T
Ctyz_3:330765A,T
Ctyz_3:330779A,T
Ctyz_3:330782A,G
Ctyz_3:330837C,T
Ctyz_3:330841C,T
Ctyz_3:330848A,T
Ctyz_3:330994A,G
Ctyz_3:332533A,G
Ctyz_3:359792G,T
Ctyz_3:364491A,G
Ctyz_3:366285A,T
Ctyz_3:366306C,T
Ctyz_3:375642C,T
Ctyz_3:386241C,T
Ctyz_3:386245A,T
Ctyz_3:404697A,G
Ctyz_3:431330A,G
Ctyz_3:431485C,T
Ctyz_3:439649C,T
Ctyz_3:439654A,T
Ctyz_3:444279G,T
Ctyz_3:447742C,T
Ctyz_3:449741A,C
Ctyz_3:449749C,T
Ctyz_3:449754C,T
Ctyz_3:449806A,T
Ctyz_3:449822A,G
Ctyz_3:449827A,T
Ctyz_3:459047A,T
Ctyz_3:460452C,T
Ctyz_3:460551A,G
Ctyz_3:460566A,T
Ctyz_3:460567C,T
Ctyz_3:460568C,T
Ctyz_3:460580A,G
Ctyz_3:460614A,C
Ctyz_3:460751A,G
Ctyz_3:465425A,G
Ctyz_3:467605A,C
Ctyz_3:557659A,C
Ctyz_3:557660A,G
Ctyz_3:731509C,T
Ctyz_3:731518C,T
Ctyz_3:731538C,T
Ctyz_3:731548A,T
Ctyz_3:731551A,G
Ctyz_3:731725A,G
Ctyz_3:746126A,T
Ctyz_3:823304A,G
Ctyz_3:823346C,T
Ctyz_3:826153C,T
Ctyz_3:826327C,T
Ctyz_3:826333C,T
Ctyz_3:826349A,G
Ctyz_3:826351A,G
Ctyz_3:831609A,G
Ctyz_3:831685G,T
Ctyz_3:831710C,T
Ctyz_3:831833A,G
Ctyz_3:832045A,G
Ctyz_3:851368G,T
Ctyz_3:851456A,G
Ctyz_3:854102A,G
Ctyz_3:854105A,G
Ctyz_3:860087C,T
Ctyz_3:860256A,G
Ctyz_3:860295C,T
Ctyz_3:860304A,G
Ctyz_3:860424A,G
Ctyz_3:860883G,T
Ctyz_3:861249A,G
Ctyz_3:861271C,T
Ctyz_3:861291C,T
Ctyz_3:862114C,T
Ctyz_3:862116G,T
Ctyz_3:862125C,T
Ctyz_3:862137A,G
Ctyz_3:862138C,T
Ctyz_3:862151A,C
Ctyz_3:862238A,T
Ctyz_3:862254A,G
Ctyz_3:866469A,G
Ctyz_3:866482C,T
Ctyz_3:866531C,T
Ctyz_3:866559C,T
Ctyz_3:866560G,T
Ctyz_3:866561G,T
Ctyz_3:866578C,T
Ctyz_3:866585A,T
Ctyz_3:866606A,G
Ctyz_3:866619A,T
Ctyz_3:866625C,T
Ctyz_3:866636C,T
Ctyz_3:866640C,T
Ctyz_3:866641A,G
Ctyz_3:866644C,T
Ctyz_3:866868A,G
Ctyz_3:866872A,G
Ctyz_3:866873G,T
Ctyz_3:866941A,G
Ctyz_3:867046C,T
Ctyz_3:867054C,T
Ctyz_3:867165A,G
Ctyz_3:870592C,T
Ctyz_3:870605C,T
Ctyz_3:870640C,T
Ctyz_3:870641C,T
Ctyz_3:870691A,G
Ctyz_3:870700A,G
Ctyz_3:892187A,T
Ctyz_3:892189C,T
Ctyz_3:892191A,G
Ctyz_3:892196G,T
Ctyz_3:892203A,G
Ctyz_3:896589A,T
Ctyz_3:896652A,G
Ctyz_3:899347A,G
Ctyz_3:899989A,G
Ctyz_3:901187A,C
Ctyz_3:901190A,C
Ctyz_3:903110A,C
Ctyz_3:906088C,T
Ctyz_3:906093C,T
Ctyz_3:908258C,T
Ctyz_3:908263C,T
Ctyz_3:908268A,T
Ctyz_3:908279A,T
Ctyz_3:908289C,T
Ctyz_3:908978A,T
Ctyz_3:908980A,G
Ctyz_3:908984C,T
Ctyz_3:909015A,C
Ctyz_3:909023C,G
Ctyz_3:909025A,G
Ctyz_3:914473C,G
Ctyz_3:914476A,T
Ctyz_3:914486A,G
Ctyz_3:914516A,T
Ctyz_3:914519A,G
Ctyz_3:914568A,T
Ctyz_3:914610C,T
Ctyz_3:914785C,T
Ctyz_3:914791C,T
Ctyz_3:914799A,T
Ctyz_3:914880G,T
Ctyz_3:918248C,T
Ctyz_3:918250A,G
Ctyz_3:918310G,T
Ctyz_3:918528A,T
Ctyz_3:918568A,G
Ctyz_3:918607C,T
Ctyz_3:918612A,G
Ctyz_3:918783G,T
Ctyz_3:918816C,T
Ctyz_3:922419A,C
Ctyz_3:922444A,T
Ctyz_3:922648C,T
Ctyz_3:922663A,G
Ctyz_3:922677A,G
Ctyz_3:922810A,G
Ctyz_3:923959A,G
Ctyz_3:924177C,T
Ctyz_3:924183C,T
Ctyz_3:925435A,T
Ctyz_3:926106A,T
Ctyz_3:926258A,G
Ctyz_3:926261A,C
Ctyz_3:926301A,G
Ctyz_3:926879A,G
Ctyz_3:927033C,T
Ctyz_3:927110A,G
Ctyz_3:927111A,G
Ctyz_3:927129C,T
Ctyz_3:927135A,G
Ctyz_3:927136A,C
Ctyz_3:927163C,T
Ctyz_3:927165A,C
Ctyz_3:927206G,T
Ctyz_3:927208C,T
Ctyz_3:927217A,C
Ctyz_3:927264C,T
Ctyz_3:928320A,G
Ctyz_3:928428C,T
Ctyz_3:928431G,T
Ctyz_3:928442A,T
Ctyz_3:928443A,T
Ctyz_3:928445A,G
Ctyz_3:928451A,G
Ctyz_3:928463A,T
Ctyz_3:933687C,T
Ctyz_3:933700C,T
Ctyz_3:933709G,T
Ctyz_3:933710C,T
Ctyz_3:933724A,G
Ctyz_3:934956A,G
Ctyz_3:935155G,T
Ctyz_3:935169A,T
Ctyz_3:935279A,G
Ctyz_3:935286A,T
Ctyz_3:935292C,T
Ctyz_3:935299C,G
Ctyz_3:937005C,T
Ctyz_3:937034A,T
Ctyz_3:937058A,T
Ctyz_3:937060G,T
Ctyz_3:937100A,G
Ctyz_3:937631A,G
Ctyz_3:938809A,G
Ctyz_3:939022C,T
Ctyz_3:939037C,T
Ctyz_3:939539A,T
Ctyz_3:939543C,T
Ctyz_3:939545A,G
Ctyz_3:939592A,T
Ctyz_3:939595C,T
Ctyz_3:939629A,G
Ctyz_3:942235A,T
Ctyz_3:942237A,G
Ctyz_3:942249C,G
Ctyz_3:942257C,T
Ctyz_3:942864A,G
Ctyz_3:942901A,G
Ctyz_3:944308A,C
Ctyz_3:944379A,G
Ctyz_3:944428A,G
Ctyz_3:947830C,T
Ctyz_3:948219C,G
Ctyz_3:948385C,T
Ctyz_3:948395C,T
Ctyz_3:959920A,T
Ctyz_3:959971A,T
Ctyz_3:960018A,G
Ctyz_3:960044A,T
Ctyz_3:969391C,T
Ctyz_3:969416A,G
Ctyz_3:969690A,G
Ctyz_3:972989A,T
Ctyz_3:972990A,G
Ctyz_3:972991G,T
Ctyz_3:972996A,T
Ctyz_3:973148G,T
Ctyz_3:973165A,T
Ctyz_3:988516A,G
Ctyz_3:988518A,T
Ctyz_3:988526G,T
Ctyz_3:988555A,G
Ctyz_3:997214A,T
Ctyz_3:997235C,T
Ctyz_3:1013482A,G
Ctyz_3:1013495C,T
Ctyz_3:1020623C,T
Ctyz_3:1021692A,C
Ctyz_3:1048380A,T
Ctyz_3:1048425C,T
Ctyz_3:1048557A,G
Ctyz_3:1048571C,T
Ctyz_3:1048613C,G
Ctyz_3:1048624C,T
Ctyz_3:1048625A,C
Ctyz_3:1048628C,T
Ctyz_3:1048641G,T
Ctyz_3:1050379C,T
Ctyz_3:1050386C,G
Ctyz_3:1050455G,T
Ctyz_3:1050572A,T
Ctyz_3:1050576A,G
Ctyz_3:1051478A,G
Ctyz_3:1055151C,T
Ctyz_3:1055182A,G
Ctyz_3:1055224G,T
Ctyz_3:1055226C,T
Ctyz_3:1055230A,G
Ctyz_3:1061805C,T
Ctyz_3:1062873A,G
Ctyz_3:1063842A,C
Ctyz_3:1063843C,T
Ctyz_3:1076155C,T
Ctyz_3:1076167A,T
Ctyz_3:1076263A,G
Ctyz_3:1076287C,T
Ctyz_3:1076296A,G
Ctyz_3:1076300G,T
Ctyz_3:1082976A,G
Ctyz_3:1083005A,T
Ctyz_3:1083134A,G
Ctyz_3:1083135A,T
Ctyz_3:1083257A,G
Ctyz_3:1083262A,G
Ctyz_3:1083266A,G
Ctyz_3:1083267A,G
Ctyz_3:1083287A,G
Ctyz_3:1083290C,T
Ctyz_3:1083291C,T
Ctyz_3:1083316A,G
Ctyz_3:1083317A,G
Ctyz_3:1083345C,T
Ctyz_3:1083362A,G
Ctyz_3:1083365A,T
Ctyz_3:1083385A,T
Ctyz_3:1083825C,G
Ctyz_3:1083836C,T
Ctyz_3:1083951C,T
Ctyz_3:1083987C,T
Ctyz_3:1084006A,C
Ctyz_3:1084040G,T
Ctyz_3:1084041A,T
Ctyz_3:1084085A,G
Ctyz_3:1084087C,G
Ctyz_3:1084863C,T
Ctyz_4:2036C,T
Ctyz_4:2061A,G
Ctyz_4:2064G,T
Ctyz_4:2119A,C
Ctyz_4:2123C,T
Ctyz_4:2126C,T
Ctyz_4:2128C,T
Ctyz_4:2132A,G
Ctyz_4:2133C,T
Ctyz_4:2135A,T
Ctyz_4:2137A,G
Ctyz_4:2138A,G
Ctyz_4:2155A,G
Ctyz_4:2156A,T
Ctyz_4:2159C,T
Ctyz_4:2165A,T
Ctyz_4:2166A,T
Ctyz_4:2169A,G
Ctyz_4:2171A,G
Ctyz_4:2174A,G
Ctyz_4:2175A,G
Ctyz_4:2176C,T
Ctyz_4:2177A,G
Ctyz_4:2178C,T
Ctyz_4:2188A,C
Ctyz_4:2194G,T
Ctyz_4:2195C,T
Ctyz_4:2198A,T
Ctyz_4:2201G,T
Ctyz_4:2202G,T
Ctyz_4:2205A,T
Ctyz_4:2207A,G
Ctyz_4:2215A,G
Ctyz_4:2223C,T
Ctyz_4:2224A,G
Ctyz_4:2230A,T
Ctyz_4:2231C,T
Ctyz_4:2246G,T
Ctyz_4:3134C,G
Ctyz_4:3135A,G
Ctyz_4:4359A,T
Ctyz_4:4878A,T
Ctyz_4:5017A,T
Ctyz_4:5020C,T
Ctyz_4:5032A,G
Ctyz_4:5111C,T
Ctyz_4:5148A,T
Ctyz_4:5152C,T
Ctyz_4:6753A,G
Ctyz_4:9200C,T
Ctyz_4:12067A,T
Ctyz_4:23894A,G
Ctyz_4:39178A,C
Ctyz_4:43667C,T
Ctyz_4:43669G,T
Ctyz_4:48052A,G
Ctyz_4:48053A,C
Ctyz_4:48078C,T
Ctyz_4:48210C,T
Ctyz_4:48213A,G
Ctyz_4:48231C,T
Ctyz_4:48240C,T
Ctyz_4:48244A,G
Ctyz_4:48251C,T
Ctyz_4:48264A,G
Ctyz_4:48313A,G
Ctyz_4:48332C,T
Ctyz_4:48339C,T
Ctyz_4:48448C,T
Ctyz_4:48557C,T
Ctyz_4:48586A,G
Ctyz_4:48864A,G
Ctyz_4:49149C,T
Ctyz_4:49519C,T
Ctyz_4:49536G,T
Ctyz_4:49581A,G
Ctyz_4:49642C,T
Ctyz_4:49686A,G
Ctyz_4:49690C,T
Ctyz_4:49692C,T
Ctyz_4:49725A,G
Ctyz_4:49728A,G
Ctyz_4:50601A,G
Ctyz_4:51222A,G
Ctyz_4:51261G,T
Ctyz_4:51276A,G
Ctyz_4:51278C,T
Ctyz_4:51280A,G
Ctyz_4:51282A,G
Ctyz_4:51293A,G
Ctyz_4:51330C,T
Ctyz_4:51335A,G
Ctyz_4:51412A,G
Ctyz_4:51424C,T
Ctyz_4:51501G,T
Ctyz_4:51530A,G
Ctyz_4:51532G,T
Ctyz_4:51551C,T
Ctyz_4:51634C,T
Ctyz_4:51636A,C
Ctyz_4:51754A,G
Ctyz_4:51831C,T
Ctyz_4:54679C,G
Ctyz_4:54811A,G
Ctyz_4:54817A,G
Ctyz_4:54832A,C
Ctyz_4:54946C,T
Ctyz_4:55500G,T
Ctyz_4:55503C,T
Ctyz_4:55519C,T
Ctyz_4:55532A,G
Ctyz_4:55538A,T
Ctyz_4:55555A,G
Ctyz_4:55558A,G
Ctyz_4:55581C,T
Ctyz_4:55584C,T
Ctyz_4:55599A,G
Ctyz_4:55698A,G
Ctyz_4:55813C,T
Ctyz_4:55818C,T
Ctyz_4:57717C,T
Ctyz_4:57732C,T
Ctyz_4:57733C,T
Ctyz_4:57735A,G
Ctyz_4:57777A,G
Ctyz_4:57778A,G
Ctyz_4:57822C,T
Ctyz_4:57837A,G
Ctyz_4:57861C,T
Ctyz_4:57892A,G
Ctyz_4:57935C,T
Ctyz_4:57972C,T
Ctyz_4:57985C,T
Ctyz_4:58052A,G
Ctyz_4:58056C,T
Ctyz_4:58105C,T
Ctyz_4:58169A,T
Ctyz_4:58179A,G
Ctyz_4:58186A,G
Ctyz_4:58233A,G
Ctyz_4:58290C,T
Ctyz_4:64029A,G
Ctyz_4:64266A,T
Ctyz_4:65309A,G
Ctyz_4:66340A,G
Ctyz_4:67634A,G
Ctyz_4:67681C,T
Ctyz_4:68461C,T
Ctyz_4:68593C,T
Ctyz_4:68650A,G
Ctyz_4:68653C,T
Ctyz_4:68668C,G
Ctyz_4:68674A,G
Ctyz_4:69273A,G
Ctyz_4:69386G,T
Ctyz_4:69403A,G
Ctyz_4:69416C,T
Ctyz_4:69453C,T
Ctyz_4:69469A,G
Ctyz_4:69482G,T
Ctyz_4:70889C,T
Ctyz_4:81888A,G
Ctyz_4:109900C,T
Ctyz_4:110018A,T
Ctyz_4:110019A,T
Ctyz_4:110037A,T
Ctyz_4:110058G,T
Ctyz_4:121146A,T
Ctyz_4:121489A,G
Ctyz_4:121498A,G
Ctyz_4:121508C,T
Ctyz_4:121509A,G
Ctyz_4:121519A,G
Ctyz_4:121590A,G
Ctyz_4:121888C,T
Ctyz_4:121895A,T
Ctyz_4:121916C,T
Ctyz_4:122010C,T
Ctyz_4:122019C,G
Ctyz_4:122039C,T
Ctyz_4:169195C,T
Ctyz_4:169213C,T
Ctyz_4:170211A,G
Ctyz_4:170215A,T
Ctyz_4:170278C,T
Ctyz_4:170288A,G
Ctyz_4:170395A,G
Ctyz_4:170399A,G
Ctyz_4:184224A,G
Ctyz_4:191672C,T
Ctyz_4:202746A,G
Ctyz_4:202765A,T
Ctyz_4:202770A,G
Ctyz_4:202771C,T
Ctyz_4:202774C,T
Ctyz_4:202792C,G
Ctyz_4:202839A,T
Ctyz_4:202842A,T
Ctyz_4:202845A,T
Ctyz_4:202864C,G
Ctyz_4:202870C,T
Ctyz_4:202906A,T
Ctyz_4:202913A,G
Ctyz_4:202928C,T
Ctyz_4:202941A,G
Ctyz_4:202983G,T
Ctyz_4:202984G,T
Ctyz_4:203001A,G
Ctyz_4:203017A,T
Ctyz_4:203020C,T
Ctyz_4:203082A,G
Ctyz_4:203182A,G
Ctyz_4:203187C,T
Ctyz_4:206226A,G
Ctyz_4:206235A,G
Ctyz_4:206242A,G
Ctyz_4:206343A,G
Ctyz_4:206525A,G
Ctyz_4:206527G,T
Ctyz_4:206788G,T
Ctyz_4:206880A,G
Ctyz_4:206943C,T
Ctyz_4:206946C,T
Ctyz_4:209377A,G
Ctyz_4:209399C,T
Ctyz_4:209457A,G
Ctyz_4:210529G,T
Ctyz_4:210533A,G
Ctyz_4:210581C,T
Ctyz_4:210584C,T
Ctyz_4:210588A,G
Ctyz_4:210601A,T
Ctyz_4:210639A,G
Ctyz_4:210690A,G
Ctyz_4:210691A,T
Ctyz_4:211675C,T
Ctyz_4:211708A,G
Ctyz_4:211728A,G
Ctyz_4:211777C,T
Ctyz_4:215089A,G
Ctyz_4:226895C,T
Ctyz_4:246826A,G
Ctyz_4:257360A,G
Ctyz_4:257367A,T
Ctyz_4:257370C,T
Ctyz_4:257469A,G
Ctyz_4:257589A,G
Ctyz_4:257590C,T
Ctyz_4:257619A,G
Ctyz_4:257691C,T
Ctyz_4:257789C,T
Ctyz_4:257792A,T
Ctyz_4:257796A,G
Ctyz_4:257821A,G
Ctyz_4:258150A,G
Ctyz_4:262809A,C
Ctyz_4:262814A,G
Ctyz_4:262817A,G
Ctyz_4:262823C,T
Ctyz_4:262827A,G
Ctyz_4:262881A,T
Ctyz_4:262899A,T
Ctyz_4:262915A,T
Ctyz_4:262930A,G
Ctyz_4:262934A,C
Ctyz_4:263045A,G
Ctyz_4:263060A,G
Ctyz_4:263148A,G
Ctyz_4:263169C,T
Ctyz_4:263214A,G
Ctyz_4:263273A,C
Ctyz_4:272688A,G
Ctyz_4:272701G,T
Ctyz_4:273296A,G
Ctyz_4:273306A,G
Ctyz_4:273320G,T
Ctyz_4:273514A,G
Ctyz_4:274807A,T
Ctyz_4:274809A,G
Ctyz_4:274817A,T
Ctyz_4:275034A,C
Ctyz_4:275090A,G
Ctyz_4:275091C,T
Ctyz_4:275094C,T
Ctyz_4:275095A,G
Ctyz_4:275098G,T
Ctyz_4:275117C,T
Ctyz_4:275122C,T
Ctyz_4:275137A,G
Ctyz_4:275159C,T
Ctyz_4:275171A,G
Ctyz_4:275214C,T
Ctyz_4:275250C,T
Ctyz_4:275259A,G
Ctyz_4:275260A,C
Ctyz_4:275279A,T
Ctyz_4:275283A,G
Ctyz_4:275300A,G
Ctyz_4:275345A,T
Ctyz_4:275384A,G
Ctyz_4:276806C,T
Ctyz_4:276810A,C
Ctyz_4:277608A,T
Ctyz_4:277665C,T
Ctyz_4:284410A,G
Ctyz_4:284415C,T
Ctyz_4:284416G,T
Ctyz_4:284551A,T
Ctyz_4:284553A,T
Ctyz_4:284943C,T
Ctyz_4:284944A,G
Ctyz_4:285135C,T
Ctyz_4:285140G,T
Ctyz_4:285147A,T
Ctyz_4:285154A,G
Ctyz_4:285459C,G
Ctyz_4:285474G,T
Ctyz_4:285621A,G
Ctyz_4:285630A,C
Ctyz_4:286608A,G
Ctyz_4:289805C,T
Ctyz_4:289812A,G
Ctyz_4:289814A,G
Ctyz_4:289901A,G
Ctyz_4:290087G,T
Ctyz_4:291196C,G
Ctyz_4:291236A,G
Ctyz_4:291309A,G
Ctyz_4:291374C,G
Ctyz_4:291378A,G
Ctyz_4:291410A,G
Ctyz_4:292490A,T
Ctyz_4:292553A,G
Ctyz_4:292786A,G
Ctyz_4:292910A,G
Ctyz_4:293015A,G
Ctyz_4:293016C,T
Ctyz_4:293017C,T
Ctyz_4:293023A,T
Ctyz_4:293030A,G
Ctyz_4:293047C,T
Ctyz_4:293053C,T
Ctyz_4:293183A,G
Ctyz_4:293185A,G
Ctyz_4:293210A,T
Ctyz_4:293233C,G
Ctyz_4:293264C,T
Ctyz_4:293282A,C
Ctyz_4:293302A,C
Ctyz_4:293585A,G
Ctyz_4:293591A,G
Ctyz_4:294820C,G
Ctyz_4:294860C,G
Ctyz_4:294862C,T
Ctyz_4:294933C,T
Ctyz_4:294977C,T
Ctyz_4:295093C,T
Ctyz_4:295113C,T
Ctyz_4:295115A,T
Ctyz_4:295116A,T
Ctyz_4:295165A,G
Ctyz_4:295166A,C
Ctyz_4:295175G,T
Ctyz_4:295212C,T
Ctyz_4:295213A,G
Ctyz_4:295240A,G
Ctyz_4:295394C,G
Ctyz_4:295419A,T
Ctyz_4:295422G,T
Ctyz_4:295429A,G
Ctyz_4:295446A,T
Ctyz_4:295454A,G
Ctyz_4:295458C,T
Ctyz_4:295472A,G
Ctyz_4:295473A,T
Ctyz_4:295478A,G
Ctyz_4:295479C,T
Ctyz_4:295480A,G
Ctyz_4:295482A,G
Ctyz_4:295519C,T
Ctyz_4:295525G,T
Ctyz_4:295529A,T
Ctyz_4:295616G,T
Ctyz_4:295695A,G
Ctyz_4:295738A,G
Ctyz_4:295802A,G
Ctyz_4:295878A,C
Ctyz_4:295882G,T
Ctyz_4:296377A,G
Ctyz_4:296380C,T
Ctyz_4:296644C,T
Ctyz_4:296646C,T
Ctyz_4:296729C,T
Ctyz_4:296737A,G
Ctyz_4:296744A,T
Ctyz_4:296746C,T
Ctyz_4:296781A,T
Ctyz_4:296791C,T
Ctyz_4:296793A,T
Ctyz_4:296796C,T
Ctyz_4:296858C,T
Ctyz_4:296860C,T
Ctyz_4:296877A,G
Ctyz_4:296891G,T
Ctyz_4:296894C,T
Ctyz_4:296903C,T
Ctyz_4:296925A,G
Ctyz_4:296931A,C
Ctyz_4:296979C,T
Ctyz_4:296980A,T
Ctyz_4:297003A,T
Ctyz_4:297012A,T
Ctyz_4:297025A,G
Ctyz_4:297050C,T
Ctyz_4:297073A,G
Ctyz_4:297112A,T
Ctyz_4:297133A,G
Ctyz_4:297139C,T
Ctyz_4:297144C,T
Ctyz_4:297156C,T
Ctyz_4:297178C,T
Ctyz_4:297284A,T
Ctyz_4:297285A,C
Ctyz_4:297293C,T
Ctyz_4:297299A,T
Ctyz_4:297305A,T
Ctyz_4:297308A,T
Ctyz_4:297311A,C
Ctyz_4:297313C,T
Ctyz_4:297327A,G
Ctyz_4:297434A,G
Ctyz_4:297435A,C
Ctyz_4:297448A,G
Ctyz_4:297454C,T
Ctyz_4:297471A,C
Ctyz_4:297474A,G
Ctyz_4:297482A,G
Ctyz_4:298093C,T
Ctyz_4:298120C,T
Ctyz_4:298173C,T
Ctyz_4:298219A,T
Ctyz_4:298221C,T
Ctyz_4:298223C,T
Ctyz_4:298288C,T
Ctyz_4:298290A,C
Ctyz_4:298407C,T
Ctyz_4:298413A,G
Ctyz_4:298416A,T
Ctyz_4:298434C,G
Ctyz_4:304122G,T
Ctyz_4:304690C,G
Ctyz_4:304752G,T
Ctyz_4:304773C,T
Ctyz_4:304786C,T
Ctyz_4:304794C,T
Ctyz_4:304807C,T
Ctyz_4:304809A,T
Ctyz_4:304842C,G
Ctyz_4:307902A,G
Ctyz_4:308570A,G
Ctyz_4:308581A,T
Ctyz_4:308704C,T
Ctyz_4:308709A,G
Ctyz_4:308714C,T
Ctyz_4:309848A,T
Ctyz_4:309954C,T
Ctyz_4:312667A,G
Ctyz_4:312669A,G
Ctyz_4:314815A,G
Ctyz_4:314875A,G
Ctyz_4:315918C,T
Ctyz_4:316022A,C
Ctyz_4:316092C,T
Ctyz_4:318430A,G
Ctyz_4:318433A,G
Ctyz_4:322205C,T
Ctyz_4:322222G,T
Ctyz_4:322239C,T
Ctyz_4:322252A,C
Ctyz_4:327969C,T
Ctyz_4:330221A,G
Ctyz_4:330229A,C
Ctyz_4:331190G,T
Ctyz_4:334273C,T
Ctyz_4:334328A,G
Ctyz_4:334335A,G
Ctyz_4:334340C,T
Ctyz_4:334540A,G
Ctyz_4:334580A,G
Ctyz_4:334590G,T
Ctyz_4:334700A,G
Ctyz_4:334793A,G
Ctyz_4:334819C,T
Ctyz_4:334825A,T
Ctyz_4:334827A,G
Ctyz_4:335925C,T
Ctyz_4:335930A,T
Ctyz_4:335939A,G
Ctyz_4:336643C,T
Ctyz_4:339556C,T
Ctyz_4:339564C,T
Ctyz_4:339571A,G
Ctyz_4:347255C,T
Ctyz_4:347344G,T
Ctyz_4:347364A,C
Ctyz_4:347377C,T
Ctyz_4:347387G,T
Ctyz_4:347448A,T
Ctyz_4:347526A,C
Ctyz_4:352555A,G
Ctyz_4:352557A,G
Ctyz_4:352558A,G
Ctyz_4:352565A,G
Ctyz_4:352571A,C
Ctyz_4:352572A,T
Ctyz_4:352599A,G
Ctyz_4:352685C,T
Ctyz_4:352745C,T
Ctyz_4:352772C,T
Ctyz_4:354451G,T
Ctyz_4:354476A,G
Ctyz_4:354869A,G
Ctyz_4:354932C,T
Ctyz_4:354941A,G
Ctyz_4:354946A,T
Ctyz_4:354948A,G
Ctyz_4:354951A,T
Ctyz_4:354963A,G
Ctyz_4:354973G,T
Ctyz_4:354995A,G
Ctyz_4:355211A,T
Ctyz_4:355732G,T
Ctyz_4:355948C,T
Ctyz_4:355993G,T
Ctyz_4:355997C,T
Ctyz_4:356018A,G
Ctyz_4:356036A,G
Ctyz_4:356062C,T
Ctyz_4:356077C,T
Ctyz_4:356540A,C
Ctyz_4:356590C,T
Ctyz_4:356607A,G
Ctyz_4:356623A,G
Ctyz_4:356871A,G
Ctyz_4:356898A,G
Ctyz_4:356926C,T
Ctyz_4:356945A,G
Ctyz_4:356995G,T
Ctyz_4:357095A,T
Ctyz_4:357104C,T
Ctyz_4:358060A,T
Ctyz_4:358076C,T
Ctyz_4:358091C,T
Ctyz_4:358092A,G
Ctyz_4:358227C,T
Ctyz_4:358246A,T
Ctyz_4:358557C,T
Ctyz_4:358585A,G
Ctyz_4:358629A,T
Ctyz_4:358660G,T
Ctyz_4:358687A,C
Ctyz_4:358702A,G
Ctyz_4:358707A,G
Ctyz_4:358709C,T
Ctyz_4:358710C,T
Ctyz_4:361701A,G
Ctyz_4:361739C,T
Ctyz_4:361792A,T
Ctyz_4:361814C,T
Ctyz_4:365756A,G
Ctyz_4:365757C,T
Ctyz_4:365893C,T
Ctyz_4:365940C,T
Ctyz_4:366019A,T
Ctyz_4:366180C,T
Ctyz_4:366182C,T
Ctyz_4:366195A,G
Ctyz_4:366200G,T
Ctyz_4:366210C,T
Ctyz_4:366211C,T
Ctyz_4:366216C,T
Ctyz_4:366222A,G
Ctyz_4:366224A,T
Ctyz_4:366227C,T
Ctyz_4:366229C,T
Ctyz_4:366244C,T
Ctyz_4:366246C,T
Ctyz_4:366250A,C
Ctyz_4:366255A,G
Ctyz_4:366258A,G
Ctyz_4:366264C,G
Ctyz_4:366266A,T
Ctyz_4:366267C,T
Ctyz_4:366269A,G
Ctyz_4:366283C,T
Ctyz_4:366297A,G
Ctyz_4:366298A,G
Ctyz_4:366300A,C
Ctyz_4:366301A,T
Ctyz_4:366317G,T
Ctyz_4:366327A,G
Ctyz_4:366340C,T
Ctyz_4:366372A,G
Ctyz_4:366400A,G
Ctyz_4:366411A,C
Ctyz_4:366416A,T
Ctyz_4:366437A,G
Ctyz_4:366449A,G
Ctyz_4:366477A,G
Ctyz_4:366513A,T
Ctyz_4:366540A,T
Ctyz_4:366590G,T
Ctyz_4:366619C,T
Ctyz_4:366652C,T
Ctyz_4:366665C,T
Ctyz_4:366670G,T
Ctyz_4:366673A,G
Ctyz_4:366680C,T
Ctyz_4:366888A,T
Ctyz_4:366899A,G
Ctyz_4:366922A,G
Ctyz_4:366925C,T
Ctyz_4:367002C,T
Ctyz_4:367012A,T
Ctyz_4:367029A,G
Ctyz_4:374859C,T
Ctyz_4:374988G,T
Ctyz_4:375018A,G
Ctyz_4:379776C,T
Ctyz_4:379855A,G
Ctyz_4:379866A,C
Ctyz_4:379875C,G
Ctyz_4:379876A,G
Ctyz_4:379902C,T
Ctyz_4:379960A,G
Ctyz_4:381686A,G
Ctyz_4:384048A,G
Ctyz_4:384051G,T
Ctyz_4:384092C,T
Ctyz_4:384094C,T
Ctyz_4:384387A,C
Ctyz_4:384464A,T
Ctyz_4:384478A,G
Ctyz_4:384480A,G
Ctyz_4:384940C,T
Ctyz_4:384960A,T
Ctyz_4:384991A,G
Ctyz_4:385053C,T
Ctyz_4:385083A,G
Ctyz_4:385110C,G
Ctyz_4:385129C,T
Ctyz_4:385427A,T
Ctyz_4:385484C,T
Ctyz_4:390197A,T
Ctyz_4:390263A,G
Ctyz_4:397580A,G
Ctyz_4:397688C,T
Ctyz_4:399793A,T
Ctyz_4:399901A,T
Ctyz_4:399992C,T
Ctyz_4:400040A,G
Ctyz_4:400083A,T
Ctyz_4:400085C,G
Ctyz_4:400096G,T
Ctyz_4:400098C,T
Ctyz_4:400121C,G
Ctyz_4:400126A,G
Ctyz_4:400238C,T
Ctyz_4:400471A,G
Ctyz_4:400511A,G
Ctyz_4:400542A,G
Ctyz_4:400601A,C
Ctyz_4:400777C,T
Ctyz_4:400832A,T
Ctyz_4:400847A,G
Ctyz_4:400955C,T
Ctyz_4:401135C,T
Ctyz_4:401179A,G
Ctyz_4:401356A,G
Ctyz_4:401411A,G
Ctyz_4:401529A,G
Ctyz_4:401738A,G
Ctyz_4:401740A,G
Ctyz_4:402236A,G
Ctyz_4:402290C,T
Ctyz_4:402415C,T
Ctyz_4:402503G,T
Ctyz_4:402533A,G
Ctyz_4:403105A,G
Ctyz_4:403109C,T
Ctyz_4:403118A,G
Ctyz_4:403122A,G
Ctyz_4:403529A,G
Ctyz_4:403595C,T
Ctyz_4:403596A,G
Ctyz_4:403639A,G
Ctyz_4:403755A,T
Ctyz_4:403769C,T
Ctyz_4:403813A,T
Ctyz_4:404032A,G
Ctyz_4:404092A,T
Ctyz_4:404399A,G
Ctyz_4:404402A,G
Ctyz_4:404449C,T
Ctyz_4:404687A,G
Ctyz_4:404735C,T
Ctyz_4:404753A,G
Ctyz_4:404754C,T
Ctyz_4:404785A,C
Ctyz_4:404794C,T
Ctyz_4:405195A,T
Ctyz_4:405207A,T
Ctyz_4:405208C,T
Ctyz_4:405241A,G
Ctyz_4:405244A,G
Ctyz_4:405279C,T
Ctyz_4:405286C,T
Ctyz_4:405287A,T
Ctyz_4:405288A,T
Ctyz_4:405422A,G
Ctyz_4:405498C,T
Ctyz_4:406500A,C
Ctyz_4:406502G,T
Ctyz_4:406503A,C
Ctyz_4:406549A,G
Ctyz_4:409297A,G
Ctyz_4:409353C,T
Ctyz_4:409400G,T
Ctyz_4:409504C,T
Ctyz_4:409546C,T
Ctyz_4:409631A,T
Ctyz_4:409639A,G
Ctyz_4:409733A,G
Ctyz_4:409739A,G
Ctyz_4:409782A,G
Ctyz_4:409784C,G
Ctyz_4:409792C,T
Ctyz_4:410014A,C
Ctyz_4:410034A,G
Ctyz_4:410037A,G
Ctyz_4:410039C,T
Ctyz_4:410046A,G
Ctyz_4:410082C,T
Ctyz_4:410083A,G
Ctyz_4:410092G,T
Ctyz_4:410096A,C
Ctyz_4:410100A,G
Ctyz_4:410150A,G
Ctyz_4:410372A,T
Ctyz_4:410391A,C
Ctyz_4:410429C,T
Ctyz_4:410431C,T
Ctyz_4:410471A,G
Ctyz_4:410473C,T
Ctyz_4:410474A,T
Ctyz_4:410884C,T
Ctyz_4:410897C,T
Ctyz_4:410920C,T
Ctyz_4:410925A,G
Ctyz_4:410934A,G
Ctyz_4:410937A,G
Ctyz_4:410940A,T
Ctyz_4:411375A,G
Ctyz_4:412556A,T
Ctyz_4:414633A,G
Ctyz_4:414666A,G
Ctyz_4:415516A,G
Ctyz_4:416577C,T
Ctyz_4:416605C,T
Ctyz_4:416613C,T
Ctyz_4:416618C,T
Ctyz_4:416619C,T
Ctyz_4:416625A,T
Ctyz_4:416632C,T
Ctyz_4:416851A,G
Ctyz_4:416859A,G
Ctyz_4:416871C,T
Ctyz_4:416872A,T
Ctyz_4:416875A,G
Ctyz_4:416908C,T
Ctyz_4:416957A,G
Ctyz_4:416995A,G
Ctyz_4:417041A,G
Ctyz_4:417044A,G
Ctyz_4:417061A,G
Ctyz_4:419954C,T
Ctyz_4:419989C,T
Ctyz_4:419991C,T
Ctyz_4:420048C,G
Ctyz_4:420704G,T
Ctyz_4:421174C,T
Ctyz_4:421243A,G
Ctyz_4:421338A,C
Ctyz_4:427876A,T
Ctyz_4:434005C,T
Ctyz_4:480217C,T
Ctyz_4:492742A,G
Ctyz_4:500876A,G
Ctyz_4:500886C,T
Ctyz_4:500888A,G
Ctyz_4:500890C,T
Ctyz_4:510556A,T
Ctyz_4:525369C,T
Ctyz_4:534343A,G
Ctyz_4:534354A,C
Ctyz_4:534386A,T
Ctyz_4:534441C,T
Ctyz_4:534507C,T
Ctyz_4:544203A,C
Ctyz_4:544770A,G
Ctyz_4:544772G,T
Ctyz_4:544776A,T
Ctyz_4:544794C,T
Ctyz_4:544809C,T
Ctyz_4:544862C,T
Ctyz_4:637717A,G
Ctyz_4:637866C,T
Ctyz_4:642999C,T
Ctyz_4:643032C,T
Ctyz_4:643129C,T
Ctyz_4:643191C,T
Ctyz_4:643232A,G
Ctyz_4:650436A,C
Ctyz_4:651182A,G
Ctyz_4:651183C,T
Ctyz_4:654942C,T
Ctyz_4:654949A,C
Ctyz_4:654950A,G
Ctyz_4:759298A,T
Ctyz_4:771612A,T
Ctyz_4:807923A,G
Ctyz_4:808127A,T
Ctyz_4:826746A,T
Ctyz_4:835330A,G
Ctyz_4:841970C,T
Ctyz_4:842156G,T
Ctyz_4:842165A,G
Ctyz_4:845229C,T
Ctyz_4:845305C,G
Ctyz_4:845323C,T
Ctyz_4:850687A,G
Ctyz_4:850697A,T
Ctyz_4:850735C,T
Ctyz_4:850744A,G
Ctyz_4:851798A,C
Ctyz_4:854278C,T
Ctyz_4:854332A,G
Ctyz_4:881199A,G
Ctyz_4:885301A,T
Ctyz_4:897620A,T
Ctyz_4:897623A,T
Ctyz_4:897631C,G
Ctyz_4:897632A,G
Ctyz_4:897634C,T
Ctyz_4:897635C,T
Ctyz_4:897993C,T
Ctyz_4:897997C,T
Ctyz_4:898041A,G
Ctyz_4:898044C,T
Ctyz_4:898719A,G
Ctyz_4:898763A,T
Ctyz_4:898772C,T
Ctyz_4:898773A,T
Ctyz_4:904372C,G
Ctyz_4:904381C,T
Ctyz_4:904438A,G
Ctyz_4:904471A,G
Ctyz_4:904477A,G
Ctyz_4:904502A,C
Ctyz_4:904550A,C
Ctyz_4:904557G,T
Ctyz_4:904588A,T
Ctyz_4:904598A,G
Ctyz_4:904637A,T
Ctyz_4:904649C,T
Ctyz_4:904844C,T
Ctyz_4:914768C,T
Ctyz_4:914781C,T
Ctyz_4:914788A,G
Ctyz_4:914809A,G
Ctyz_4:917217A,T
Ctyz_4:922934A,G
Ctyz_4:924914G,T
Ctyz_4:924932C,T
Ctyz_4:924936C,T
Ctyz_4:924938A,T
Ctyz_4:925145C,T
Ctyz_4:925146C,T
Ctyz_4:925362C,G
Ctyz_4:925375C,T
Ctyz_4:925381A,T
Ctyz_4:925392A,C
Ctyz_4:925393A,G
Ctyz_4:925396C,T
Ctyz_4:925406A,T
Ctyz_4:925411A,G
Ctyz_4:925414A,T
Ctyz_4:925427C,T
Ctyz_4:925435C,T
Ctyz_4:926782A,G
Ctyz_4:927525C,T
Ctyz_4:929628A,G
Ctyz_4:929668C,T
Ctyz_4:929735C,G
Ctyz_4:929757C,T
Ctyz_4:929774A,G
Ctyz_4:930898C,T
Ctyz_4:930903C,T
Ctyz_4:931401A,G
Ctyz_4:932717A,G
Ctyz_4:933202A,G
Ctyz_4:933302C,T
Ctyz_4:933369A,G
Ctyz_4:933392A,G
Ctyz_4:933395C,T
Ctyz_4:933586C,G
Ctyz_4:935853C,G
Ctyz_4:935858C,T
Ctyz_4:936044A,G
Ctyz_4:936047C,T
Ctyz_4:936130C,T
Ctyz_4:936137A,G
Ctyz_4:936192A,C
Ctyz_4:936997C,T
Ctyz_4:937001A,G
Ctyz_4:937004A,G
Ctyz_4:937013G,T
Ctyz_4:937312C,T
Ctyz_4:937338A,G
Ctyz_4:937350A,C
Ctyz_4:937355C,T
Ctyz_4:938351A,T
Ctyz_4:938374C,T
Ctyz_4:938408C,T
Ctyz_4:938430A,G
Ctyz_4:938442C,T
Ctyz_4:938482C,T
Ctyz_4:938520A,T
Ctyz_4:938528A,G
Ctyz_4:938551A,C
Ctyz_4:938567A,T
Ctyz_4:938584A,G
Ctyz_4:938614C,T
Ctyz_4:939814C,T
Ctyz_4:940516C,T
Ctyz_4:940525A,G
Ctyz_4:940756A,G
Ctyz_4:940959A,G
Ctyz_4:941285A,C
Ctyz_4:941305C,T
Ctyz_4:941311C,G
Ctyz_4:941751C,T
Ctyz_4:941782C,T
Ctyz_4:941844A,G
Ctyz_4:941858C,T
Ctyz_4:941866C,T
Ctyz_4:941923A,G
Ctyz_4:941924A,G
Ctyz_4:941947A,T
Ctyz_4:941973C,T
Ctyz_4:941988G,T
Ctyz_4:942053G,T
Ctyz_4:942057C,G
Ctyz_4:942073A,C
Ctyz_4:942074A,G
Ctyz_4:942160A,G
Ctyz_4:942325A,T
Ctyz_4:942326C,T
Ctyz_4:942431C,G
Ctyz_4:942438A,G
Ctyz_4:942439C,T
Ctyz_4:942525A,T
Ctyz_4:942547A,G
Ctyz_4:942558A,T
Ctyz_4:950655C,T
Ctyz_4:950656G,T
Ctyz_4:950682G,T
Ctyz_4:950693A,T
Ctyz_4:950767C,T
Ctyz_4:951145A,T
Ctyz_4:951350C,T
Ctyz_4:951460C,T
Ctyz_4:951462A,T
Ctyz_4:953162G,T
Ctyz_4:963485A,G
Ctyz_4:963711G,T
Ctyz_4:963756A,T
Ctyz_4:969059A,C
Ctyz_4:969124C,T
Ctyz_4:979023A,T
Ctyz_4:979229G,T
Ctyz_4:982362C,T
Ctyz_4:985082A,T
Ctyz_4:985866A,G
Ctyz_4:986008A,C
Ctyz_4:986016A,G
Ctyz_4:989243A,G
Ctyz_4:989270A,G
Ctyz_4:989280G,T
Ctyz_4:989507A,T
Ctyz_4:989526A,G
Ctyz_4:990649A,G
Ctyz_4:990736A,G
Ctyz_4:990751C,T
Ctyz_4:990760A,G
Ctyz_4:990763C,T
Ctyz_4:990783C,T
Ctyz_4:990784C,T
Ctyz_4:990785A,C
Ctyz_4:990834A,G
Ctyz_4:990870C,G
Ctyz_4:990877G,T
Ctyz_4:990885A,T
Ctyz_4:990887A,C
Ctyz_4:990977A,G
Ctyz_4:991122A,G
Ctyz_4:991144A,G
Ctyz_4:991354C,T
Ctyz_4:991377G,T
Ctyz_4:991414A,G
Ctyz_4:991416A,G
Ctyz_4:991434G,T
Ctyz_4:991723C,T
Ctyz_4:991729A,T
Ctyz_4:993065A,G
Ctyz_4:993096C,T
Ctyz_4:993424A,C
Ctyz_4:993553G,T
Ctyz_4:993555A,G
Ctyz_4:993562G,T
Ctyz_4:993581A,G
Ctyz_4:993593A,T
Ctyz_4:993596G,T
Ctyz_4:994037C,T
Ctyz_4:994094A,T
Ctyz_4:994997A,T
Ctyz_4:995000A,G
Ctyz_4:995027C,T
Ctyz_4:995048A,G
Ctyz_4:995086C,T
Ctyz_4:995328A,T
Ctyz_4:995463A,G
Ctyz_4:995549A,C
Ctyz_4:995554A,T
Ctyz_4:995559A,G
Ctyz_4:995564A,G
Ctyz_4:995576A,C
Ctyz_4:995594A,G
Ctyz_4:995623A,C
Ctyz_4:995628A,G
Ctyz_4:995649C,T
Ctyz_4:995659C,T
Ctyz_4:1001079A,G
Ctyz_4:1001082C,T
Ctyz_4:1001093A,T
Ctyz_4:1001096C,T
Ctyz_4:1001102A,G
Ctyz_4:1001105A,G
Ctyz_4:1001114A,T
Ctyz_4:1001119C,T
Ctyz_4:1001159A,T
Ctyz_4:1001290G,T
Ctyz_4:1006980A,G
Ctyz_4:1006982A,G
Ctyz_4:1015768A,G
Ctyz_4:1015775C,T
Ctyz_4:1016719A,G
Ctyz_4:1016755C,T
Ctyz_4:1016767A,T
Ctyz_4:1016773A,T
Ctyz_4:1016775A,G
Ctyz_4:1018223A,G
Ctyz_4:1018226A,C
Ctyz_4:1018235A,G
Ctyz_4:1018244C,T
Ctyz_4:1018288A,G
Ctyz_4:1018291A,G
Ctyz_4:1028552A,G
Ctyz_4:1030755A,G
Ctyz_4:1030764C,T
Ctyz_4:1030805A,G
Ctyz_4:1030855A,T
Ctyz_4:1030869A,G
Ctyz_4:1031980A,G
Ctyz_4:1032007C,T
Ctyz_4:1032021C,T
Ctyz_4:1032034C,T
Ctyz_4:1032038A,G
Ctyz_4:1032041A,G
Ctyz_4:1034909C,T
Ctyz_4:1034913C,T
Ctyz_4:1036003A,G
Ctyz_4:1036035A,C
Ctyz_4:1036041A,C
Ctyz_4:1036098A,T
Ctyz_4:1036585A,G
Ctyz_4:1039100A,C
Ctyz_4:1039118C,T
Ctyz_4:1039145A,G
Ctyz_4:1039309A,G
Ctyz_4:1045479G,T
Ctyz_4:1046061A,C
Ctyz_4:1046100C,T
Ctyz_4:1046167A,T
Ctyz_4:1046209A,G
Ctyz_4:1046218A,T
Ctyz_4:1046236C,T
Ctyz_4:1046256G,T
Ctyz_4:1046262C,T
Ctyz_4:1046264C,T
Ctyz_4:1047026C,T
Ctyz_4:1047357C,T
Ctyz_4:1047508A,G
Ctyz_4:1047661C,T
Ctyz_4:1047693C,G
Ctyz_4:1047715C,T
Ctyz_4:1047767A,G
Ctyz_4:1047814C,T
Ctyz_4:1047865A,T
Ctyz_4:1047964A,T
Ctyz_4:1047973C,T
Ctyz_4:1048051A,C
Ctyz_4:1048058A,T
Ctyz_4:1058208C,T
Ctyz_4:1058322A,G
Ctyz_4:1058354C,G
Ctyz_4:1058387A,G
Ctyz_4:1058407A,T
Ctyz_4:1058463G,T
Ctyz_4:1062345C,T
Ctyz_4:1062483A,C
Ctyz_4:1062494A,G
Ctyz_4:1062495A,C
Ctyz_4:1062500A,G
Ctyz_4:1062505G,T
Ctyz_4:1062515A,T
Ctyz_4:1064692A,G
Ctyz_4:1064713A,G
Ctyz_4:1064717A,G
Ctyz_4:1064718C,T
Ctyz_4:1064762A,C
Ctyz_4:1064779A,G
Ctyz_4:1064791A,C
Ctyz_4:1064792A,C
Ctyz_4:1064801C,T
Ctyz_4:1064805A,G
Ctyz_4:1064806C,T
Ctyz_4:1064807A,G
Ctyz_4:1065733A,G
Ctyz_4:1065779C,T
Ctyz_4:1065807C,T
Ctyz_4:1066058A,G
Ctyz_4:1068255A,G
Ctyz_4:1068319A,G
Ctyz_4:1068366A,T
Ctyz_4:1071622G,T
Ctyz_4:1071625A,G
Ctyz_4:1072269A,G
Ctyz_4:1072275C,G
Ctyz_4:1072500C,T
Ctyz_4:1072501A,T
Ctyz_4:1072507C,T
Ctyz_4:1072830A,C
Ctyz_4:1072906A,G
Ctyz_4:1072908A,C
Ctyz_4:1072914C,T
Ctyz_4:1072941A,G
Ctyz_4:1072945C,T
Ctyz_4:1072965A,T
Ctyz_4:1072992A,G
Ctyz_4:1073054C,T
Ctyz_4:1073239A,T
Ctyz_4:1073246C,T
Ctyz_4:1079304A,G
Ctyz_4:1079305C,G
Ctyz_4:1079325G,T
Ctyz_4:1079327C,T
Ctyz_4:1079368A,T
Ctyz_4:1079401A,G
Ctyz_4:1079436A,G
Ctyz_4:1079486C,T
Ctyz_4:1079498A,G
Ctyz_4:1079511C,T
Ctyz_4:1079513A,C
Ctyz_4:1079524A,G
Ctyz_4:1079557C,T
Ctyz_4:1079602G,T
Ctyz_4:1083646A,G
Ctyz_4:1083654C,T
Ctyz_4:1083676A,G
Ctyz_4:1095711A,G
Ctyz_4:1098348A,T
Ctyz_4:1098352A,G
Ctyz_4:1098356A,T
Ctyz_4:1098494A,G
Ctyz_4:1098518A,G
Ctyz_4:1105230C,T
Ctyz_4:1105493C,G
Ctyz_4:1106147G,T
Ctyz_4:1106158A,T
Ctyz_4:1106164A,G
Ctyz_4:1106170A,G
Ctyz_5:5183A,G
Ctyz_5:10731A,C
Ctyz_5:10732C,T
Ctyz_5:11101A,G
Ctyz_5:11103A,T
Ctyz_5:23552C,T
Ctyz_5:23586C,T
Ctyz_5:23625A,T
Ctyz_5:23650C,T
Ctyz_5:23651A,G
Ctyz_5:23660C,T
Ctyz_5:25602A,G
Ctyz_5:25603C,T
Ctyz_5:25625A,G
Ctyz_5:25649A,G
Ctyz_5:25723C,T
Ctyz_5:25731A,T
Ctyz_5:25740A,G
Ctyz_5:26202G,T
Ctyz_5:26317C,T
Ctyz_5:26341A,C
Ctyz_5:26350C,T
Ctyz_5:26358A,G
Ctyz_5:26393A,T
Ctyz_5:26407A,G
Ctyz_5:33518A,G
Ctyz_5:33541A,G
Ctyz_5:33554C,T
Ctyz_5:33559C,T
Ctyz_5:48221A,T
Ctyz_5:48299A,G
Ctyz_5:48301A,C
Ctyz_5:48345C,T
Ctyz_5:48371A,T
Ctyz_5:50517A,T
Ctyz_5:50656C,T
Ctyz_5:50693C,T
Ctyz_5:50699G,T
Ctyz_5:50759C,T
Ctyz_5:50791C,T
Ctyz_5:50792A,G
Ctyz_5:50793C,T
Ctyz_5:50795A,T
Ctyz_5:50817A,T
Ctyz_5:50823A,G
Ctyz_5:50824G,T
Ctyz_5:50831A,G
Ctyz_5:50855A,C
Ctyz_5:50933C,T
Ctyz_5:50968C,T
Ctyz_5:50986C,T
Ctyz_5:51001A,G
Ctyz_5:51042A,G
Ctyz_5:51056A,G
Ctyz_5:51143C,T
Ctyz_5:60853A,T
Ctyz_5:62040C,T
Ctyz_5:62043A,G
Ctyz_5:62073A,G
Ctyz_5:62074A,G
Ctyz_5:62099A,G
Ctyz_5:62103C,T
Ctyz_5:62113C,T
Ctyz_5:62117A,C
Ctyz_5:62129C,T
Ctyz_5:62133A,G
Ctyz_5:62139C,T
Ctyz_5:62155C,T
Ctyz_5:62159A,T
Ctyz_5:62168C,G
Ctyz_5:62176C,T
Ctyz_5:62200A,T
Ctyz_5:62245C,T
Ctyz_5:62350C,T
Ctyz_5:62359C,T
Ctyz_5:62382A,G
Ctyz_5:62450C,T
Ctyz_5:62466A,C
Ctyz_5:62476A,T
Ctyz_5:62486A,T
Ctyz_5:62631A,G
Ctyz_5:65672A,G
Ctyz_5:72546A,G
Ctyz_5:72693A,G
Ctyz_5:73561G,T
Ctyz_5:73563C,T
Ctyz_5:73601C,T
Ctyz_5:73603C,T
Ctyz_5:73604C,T
Ctyz_5:73646C,T
Ctyz_5:74123A,G
Ctyz_5:74125A,T
Ctyz_5:74263A,G
Ctyz_5:74268A,G
Ctyz_5:76109C,T
Ctyz_5:76282A,G
Ctyz_5:76314A,G
Ctyz_5:76429A,T
Ctyz_5:77533A,G
Ctyz_5:77545A,G
Ctyz_5:77548A,G
Ctyz_5:77549C,T
Ctyz_5:77558C,T
Ctyz_5:77607A,G
Ctyz_5:79357A,G
Ctyz_5:79365A,G
Ctyz_5:79372A,G
Ctyz_5:79455C,T
Ctyz_5:79463A,C
Ctyz_5:79500A,G
Ctyz_5:79514C,T
Ctyz_5:79518A,C
Ctyz_5:79520C,T
Ctyz_5:79544G,T
Ctyz_5:79554A,C
Ctyz_5:79569C,T
Ctyz_5:79580A,T
Ctyz_5:79654C,T
Ctyz_5:84614C,T
Ctyz_5:86294C,T
Ctyz_5:86298C,T
Ctyz_5:86304A,C
Ctyz_5:86310A,C
Ctyz_5:86380C,T
Ctyz_5:86385C,T
Ctyz_5:86417A,G
Ctyz_5:86428A,G
Ctyz_5:86478A,G
Ctyz_5:86785C,T
Ctyz_5:86795A,G
Ctyz_5:88187C,T
Ctyz_5:88189A,T
Ctyz_5:88242C,T
Ctyz_5:88245C,T
Ctyz_5:88257A,G
Ctyz_5:88266C,T
Ctyz_5:88301A,T
Ctyz_5:88344A,C
Ctyz_5:88352A,T
Ctyz_5:88420A,G
Ctyz_5:88462G,T
Ctyz_5:88482A,T
Ctyz_5:89544C,T
Ctyz_5:89700C,T
Ctyz_5:89930A,T
Ctyz_5:89933C,T
Ctyz_5:90351C,G
Ctyz_5:90356C,T
Ctyz_5:90386A,T
Ctyz_5:90396A,G
Ctyz_5:90412G,T
Ctyz_5:90416C,T
Ctyz_5:90428C,T
Ctyz_5:90430C,T
Ctyz_5:90433A,C
Ctyz_5:90434C,T
Ctyz_5:90810A,T
Ctyz_5:90858C,T
Ctyz_5:91362A,T
Ctyz_5:92515C,T
Ctyz_5:93907A,G
Ctyz_5:94152A,G
Ctyz_5:96738A,G
Ctyz_5:96742C,G
Ctyz_5:96749A,G
Ctyz_5:96750A,G
Ctyz_5:96787C,T
Ctyz_5:96943A,G
Ctyz_5:97049C,T
Ctyz_5:97112A,C
Ctyz_5:97167C,G
Ctyz_5:97172C,T
Ctyz_5:97190A,G
Ctyz_5:97236C,T
Ctyz_5:97294A,G
Ctyz_5:97304C,T
Ctyz_5:97358C,T
Ctyz_5:97397C,T
Ctyz_5:97961A,G
Ctyz_5:97988C,T
Ctyz_5:98306A,G
Ctyz_5:98476A,G
Ctyz_5:98490G,T
Ctyz_5:98492A,G
Ctyz_5:98506A,C
Ctyz_5:98513A,G
Ctyz_5:98686A,G
Ctyz_5:98688G,T
Ctyz_5:98697G,T
Ctyz_5:98733C,T
Ctyz_5:98811A,T
Ctyz_5:98813C,T
Ctyz_5:98820C,T
Ctyz_5:98851C,T
Ctyz_5:98877C,T
Ctyz_5:98882A,T
Ctyz_5:99901A,G
Ctyz_5:99929A,G
Ctyz_5:100185C,T
Ctyz_5:100201A,G
Ctyz_5:100245A,T
Ctyz_5:100246C,T
Ctyz_5:100312C,T
Ctyz_5:100610C,T
Ctyz_5:100613G,T
Ctyz_5:100636A,G
Ctyz_5:101138A,G
Ctyz_5:101153A,T
Ctyz_5:101183A,G
Ctyz_5:101982A,T
Ctyz_5:102032A,G
Ctyz_5:102034C,T
Ctyz_5:102087C,T
Ctyz_5:102158A,G
Ctyz_5:102188C,T
Ctyz_5:102203C,T
Ctyz_5:102204A,G
Ctyz_5:102207C,T
Ctyz_5:102232C,G
Ctyz_5:102239C,T
Ctyz_5:107216A,G
Ctyz_5:107222C,T
Ctyz_5:107670A,G
Ctyz_5:109181A,G
Ctyz_5:109933A,T
Ctyz_5:109936A,T
Ctyz_5:109973A,G
Ctyz_5:112221C,T
Ctyz_5:112489A,G
Ctyz_5:114934C,T
Ctyz_5:114993A,G
Ctyz_5:115002A,T
Ctyz_5:115009C,T
Ctyz_5:115050A,G
Ctyz_5:115661A,G
Ctyz_5:115663A,G
Ctyz_5:115664C,T
Ctyz_5:124241A,C
Ctyz_5:124271A,G
Ctyz_5:124545C,T
Ctyz_5:124548C,T
Ctyz_5:124555G,T
Ctyz_5:124592A,G
Ctyz_5:124599C,T
Ctyz_5:124601G,T
Ctyz_5:124617C,T
Ctyz_5:124647G,T
Ctyz_5:124650A,G
Ctyz_5:124651C,T
Ctyz_5:124660C,T
Ctyz_5:124679C,T
Ctyz_5:124697C,T
Ctyz_5:125068A,G
Ctyz_5:125088G,T
Ctyz_5:125110A,G
Ctyz_5:125366G,T
Ctyz_5:125369A,T
Ctyz_5:125372G,T
Ctyz_5:128653G,T
Ctyz_5:130834A,G
Ctyz_5:132135C,T
Ctyz_5:132183A,G
Ctyz_5:132212A,T
Ctyz_5:132421A,G
Ctyz_5:132425A,C
Ctyz_5:137030C,T
Ctyz_5:137042A,C
Ctyz_5:137074C,G
Ctyz_5:138757C,T
Ctyz_5:138787G,T
Ctyz_5:138979A,G
Ctyz_5:139085A,C
Ctyz_5:139091C,T
Ctyz_5:140820C,T
Ctyz_5:140837A,G
Ctyz_5:141155G,T
Ctyz_5:142131A,G
Ctyz_5:144668A,T
Ctyz_5:144776C,T
Ctyz_5:144990A,G
Ctyz_5:145578C,T
Ctyz_5:147064C,T
Ctyz_5:147065A,C
Ctyz_5:147069C,T
Ctyz_5:147073A,G
Ctyz_5:147075A,T
Ctyz_5:147776A,G
Ctyz_5:150762A,C
Ctyz_5:151949A,T
Ctyz_5:152503G,T
Ctyz_5:152504A,C
Ctyz_5:152505A,C
Ctyz_5:152508A,C
Ctyz_5:152509G,T
Ctyz_5:152511A,C
Ctyz_5:157592A,G
Ctyz_5:157593A,G
Ctyz_5:157668A,G
Ctyz_5:157676A,T
Ctyz_5:181883C,T
Ctyz_5:184763C,T
Ctyz_5:184994A,G
Ctyz_5:185052C,T
Ctyz_5:185060C,T
Ctyz_5:185144C,T
Ctyz_5:186484G,T
Ctyz_5:186497A,G
Ctyz_5:186500A,C
Ctyz_5:186540A,G
Ctyz_5:186581A,G
Ctyz_5:186594C,T
Ctyz_5:186597C,T
Ctyz_5:186601A,G
Ctyz_5:186661G,T
Ctyz_5:186922A,G
Ctyz_5:291628A,G
Ctyz_5:297052C,T
Ctyz_5:297054C,T
Ctyz_5:297056A,T
Ctyz_5:297120A,C
Ctyz_5:297131C,T
Ctyz_5:297136A,G
Ctyz_5:300881A,G
Ctyz_5:326771A,C
Ctyz_5:326842A,G
Ctyz_5:329801C,T
Ctyz_5:329837A,G
Ctyz_5:392571A,C
Ctyz_5:450046A,T
Ctyz_5:469201A,C
Ctyz_5:482337A,T
Ctyz_5:482354C,T
Ctyz_5:482355A,G
Ctyz_5:482356C,G
Ctyz_5:482402C,T
Ctyz_5:482408C,T
Ctyz_5:482456A,T
Ctyz_5:483074C,T
Ctyz_5:483077A,T
Ctyz_5:483082A,C
Ctyz_5:483083A,G
Ctyz_5:483118G,T
Ctyz_5:486038C,G
Ctyz_5:486377C,T
Ctyz_5:486448C,T
Ctyz_5:486456A,C
Ctyz_5:493979A,T
Ctyz_5:493982A,T
Ctyz_5:493985A,T
Ctyz_5:502790A,T
Ctyz_5:503169C,T
Ctyz_5:503171A,T
Ctyz_5:503192A,G
Ctyz_5:503219A,G
Ctyz_5:503249C,T
Ctyz_5:503270A,G
Ctyz_5:503274C,T
Ctyz_5:507941A,G
Ctyz_5:507958C,T
Ctyz_5:516855A,G
Ctyz_5:516880C,T
Ctyz_5:517045A,G
Ctyz_5:517073C,T
Ctyz_5:524772A,G
Ctyz_5:527051A,G
Ctyz_5:527053A,G
Ctyz_5:527129C,T
Ctyz_5:533301C,T
Ctyz_5:533304C,T
Ctyz_5:536319C,T
Ctyz_5:582696C,T
Ctyz_5:598574C,T
Ctyz_5:598589C,T
Ctyz_5:609846C,G
Ctyz_5:609848A,G
Ctyz_5:610412C,T
Ctyz_5:615539C,T
Ctyz_5:615553A,C
Ctyz_5:615564A,G
Ctyz_5:615592A,G
Ctyz_5:615631A,G
Ctyz_5:615637A,T
Ctyz_5:615638G,T
Ctyz_5:615818C,T
Ctyz_5:620229C,G
Ctyz_5:620231A,G
Ctyz_5:620271C,T
Ctyz_5:620335C,T
Ctyz_5:620353C,T
Ctyz_5:620366G,T
Ctyz_5:620369A,G
Ctyz_5:620384A,T
Ctyz_5:620386C,T
Ctyz_5:620393A,T
Ctyz_5:620394C,T
Ctyz_5:631783A,G
Ctyz_5:631788C,T
Ctyz_5:631796G,T
Ctyz_5:631867A,T
Ctyz_5:631997C,T
Ctyz_5:632019C,T
Ctyz_5:632024C,T
Ctyz_5:632368A,G
Ctyz_5:632394C,T
Ctyz_5:632418A,T
Ctyz_5:633985C,T
Ctyz_5:633994C,T
Ctyz_5:634015A,C
Ctyz_5:634059G,T
Ctyz_5:635028C,T
Ctyz_5:635034C,T
Ctyz_5:635047A,G
Ctyz_5:635643A,G
Ctyz_5:635655A,G
Ctyz_5:635661A,G
Ctyz_5:635720A,T
Ctyz_5:650927A,G
Ctyz_5:651390A,T
Ctyz_5:651391A,T
Ctyz_5:652193C,T
Ctyz_5:655572C,T
Ctyz_5:658993C,T
Ctyz_5:659082A,G
Ctyz_5:659417A,G
Ctyz_5:663296C,T
Ctyz_5:663297A,G
Ctyz_5:663309C,T
Ctyz_5:663323C,T
Ctyz_5:663342A,T
Ctyz_5:664790C,T
Ctyz_5:664791A,T
Ctyz_5:664792A,T
Ctyz_5:664793A,T
Ctyz_5:668406A,C
Ctyz_5:668410A,G
Ctyz_5:668428C,T
Ctyz_5:671579A,T
Ctyz_5:671591C,T
Ctyz_5:679036A,G
Ctyz_5:679042C,T
Ctyz_5:679047A,G
Ctyz_5:679095A,G
Ctyz_5:679101C,T
Ctyz_5:679104C,T
Ctyz_5:679105C,T
Ctyz_5:679116C,T
Ctyz_5:686148A,G
Ctyz_5:686156A,G
Ctyz_5:691899A,G
Ctyz_5:699291C,T
Ctyz_5:699304C,T
Ctyz_5:699359A,G
Ctyz_5:701635C,T
Ctyz_5:701938C,T
Ctyz_5:704729A,G
Ctyz_5:704732A,G
Ctyz_5:704735A,G
Ctyz_5:704758G,T
Ctyz_5:704804A,G
Ctyz_5:704862A,G
Ctyz_5:704864C,T
Ctyz_5:711946A,T
Ctyz_5:712434A,G
Ctyz_5:715010A,G
Ctyz_5:717456A,G
Ctyz_5:717630C,T
Ctyz_5:717658C,T
Ctyz_5:717775C,T
Ctyz_5:717791A,G
Ctyz_5:717800C,T
Ctyz_5:717906C,T
Ctyz_5:718850C,T
Ctyz_5:718900A,G
Ctyz_5:718901A,G
Ctyz_5:718938A,G
Ctyz_5:719204A,G
Ctyz_5:719215A,G
Ctyz_5:719223A,C
Ctyz_5:719348A,T
Ctyz_5:719353A,G
Ctyz_5:719400A,G
Ctyz_5:719401A,G
Ctyz_5:719538C,G
Ctyz_5:720246A,G
Ctyz_5:720265C,T
Ctyz_5:720376A,G
Ctyz_5:720379A,T
Ctyz_5:720384A,C
Ctyz_5:720390C,G
Ctyz_5:721145A,G
Ctyz_5:724259A,G
Ctyz_5:724289C,T
Ctyz_5:724296A,T
Ctyz_5:724844A,T
Ctyz_5:725497C,G
Ctyz_5:725558C,T
Ctyz_5:725576C,T
Ctyz_5:725636A,C
Ctyz_5:726899C,T
Ctyz_5:731360A,C
Ctyz_5:731391A,C
Ctyz_5:731394C,T
Ctyz_5:731417A,G
Ctyz_5:731497C,T
Ctyz_5:734176A,G
Ctyz_5:734178C,T
Ctyz_5:734195C,T
Ctyz_5:734201C,T
Ctyz_5:734283C,T
Ctyz_5:734542G,T
Ctyz_5:734615A,G
Ctyz_5:734638A,G
Ctyz_5:734722A,G
Ctyz_5:734726A,G
Ctyz_5:734743G,T
Ctyz_5:734750A,G
Ctyz_5:734762C,T
Ctyz_5:734785C,T
Ctyz_5:734793A,T
Ctyz_5:734816A,G
Ctyz_5:734946C,T
Ctyz_5:735083C,T
Ctyz_5:735821C,T
Ctyz_5:751246A,G
Ctyz_5:751247C,T
Ctyz_5:751248C,T
Ctyz_5:782677A,G
Ctyz_5:793686C,T
Ctyz_5:793722A,C
Ctyz_5:798760A,G
Ctyz_5:798772A,G
Ctyz_5:798787C,T
Ctyz_5:799029A,G
Ctyz_5:799080A,G
Ctyz_5:799789A,G
Ctyz_5:799916C,T
Ctyz_5:800834A,G
Ctyz_5:801263A,T
Ctyz_5:801310A,G
Ctyz_5:801327A,T
Ctyz_5:801336C,T
Ctyz_5:801339A,G
Ctyz_5:801352A,T
Ctyz_5:801370A,T
Ctyz_5:801373A,G
Ctyz_5:801374C,T
Ctyz_5:801454C,T
Ctyz_5:801513C,T
Ctyz_5:801568C,T
Ctyz_5:801679A,G
Ctyz_5:801685C,T
Ctyz_5:801767C,T
Ctyz_5:801768C,T
Ctyz_5:801770A,T
Ctyz_5:802035A,G
Ctyz_5:802077C,T
Ctyz_5:802142A,G
Ctyz_5:803118A,T
Ctyz_5:803133A,G
Ctyz_5:803154A,G
Ctyz_5:803168C,T
Ctyz_5:803187A,G
Ctyz_5:803209G,T
Ctyz_5:804738C,T
Ctyz_5:804747A,G
Ctyz_5:805156A,T
Ctyz_5:805159A,G
Ctyz_5:805160C,T
Ctyz_5:805179C,T
Ctyz_5:805181C,T
Ctyz_5:805201C,T
Ctyz_5:805598A,G
Ctyz_5:805616A,G
Ctyz_5:805655A,G
Ctyz_5:810914A,G
Ctyz_5:811157A,C
Ctyz_5:811158C,T
Ctyz_5:811160G,T
Ctyz_5:811170A,G
Ctyz_5:811189A,G
Ctyz_5:811200A,G
Ctyz_5:811202C,T
Ctyz_5:811214C,T
Ctyz_5:811236A,G
Ctyz_5:811240A,C
Ctyz_5:812680C,T
Ctyz_5:812701A,T
Ctyz_5:812703A,G
Ctyz_5:812710C,T
Ctyz_5:812712A,T
Ctyz_5:812746A,C
Ctyz_5:812769A,G
Ctyz_5:812882C,T
Ctyz_5:812934A,C
Ctyz_5:813779A,T
Ctyz_5:813798C,T
Ctyz_5:815402A,G
Ctyz_5:815508A,G
Ctyz_5:821764C,G
Ctyz_5:824543A,T
Ctyz_5:824549A,C
Ctyz_5:824558A,G
Ctyz_5:825082A,T
Ctyz_5:825083A,G
Ctyz_5:825088A,C
Ctyz_5:825111C,T
Ctyz_5:825139A,G
Ctyz_5:825148G,T
Ctyz_5:825323C,G
Ctyz_5:825353A,T
Ctyz_5:825360A,G
Ctyz_5:827007A,T
Ctyz_5:827808A,G
Ctyz_5:827810C,T
Ctyz_5:828885A,G
Ctyz_5:828925A,G
Ctyz_5:829290A,C
Ctyz_5:829328A,G
Ctyz_5:829341A,T
Ctyz_5:829374A,T
Ctyz_5:832704C,T
Ctyz_5:832731A,G
Ctyz_5:834100C,T
Ctyz_5:834540C,G
Ctyz_5:834608A,C
Ctyz_5:835556A,T
Ctyz_5:835570A,G
Ctyz_5:835571A,G
Ctyz_5:835574C,T
Ctyz_5:835578A,C
Ctyz_5:839579C,T
Ctyz_5:842168A,G
Ctyz_5:842200C,T
Ctyz_5:842314C,T
Ctyz_5:842380C,T
Ctyz_5:844909C,T
Ctyz_5:847912A,T
Ctyz_5:847921A,T
Ctyz_5:847929A,T
Ctyz_5:848023C,T
Ctyz_5:848029A,G
Ctyz_5:848036A,C
Ctyz_5:848043C,T
Ctyz_5:848096A,G
Ctyz_5:848121C,T
Ctyz_5:848122A,G
Ctyz_5:848123C,G
Ctyz_5:848162A,G
Ctyz_5:848170C,T
Ctyz_5:848186C,T
Ctyz_5:848386A,G
Ctyz_5:848396A,G
Ctyz_5:848414A,C
Ctyz_5:848423A,G
Ctyz_5:848424G,T
Ctyz_5:848442C,T
Ctyz_5:849897A,G
Ctyz_5:849912A,G
Ctyz_5:851620A,T
Ctyz_5:851624A,G
Ctyz_5:851633C,T
Ctyz_5:851636C,T
Ctyz_5:851637A,C
Ctyz_5:854183A,G
Ctyz_5:855046A,T
Ctyz_5:855073A,G
Ctyz_5:855584A,T
Ctyz_5:855638A,G
Ctyz_5:855664A,G
Ctyz_5:855768C,T
Ctyz_5:856711A,G
Ctyz_5:856716C,T
Ctyz_5:856725A,G
Ctyz_5:856781A,G
Ctyz_5:856797C,T
Ctyz_5:856831A,G
Ctyz_5:856835G,T
Ctyz_5:856839C,G
Ctyz_5:856851A,G
Ctyz_5:856902A,G
Ctyz_5:856904C,T
Ctyz_5:856914A,G
Ctyz_5:856927A,C
Ctyz_5:856954A,G
Ctyz_5:856969A,G
Ctyz_5:856980G,T
Ctyz_5:857005A,T
Ctyz_5:857118A,G
Ctyz_5:857120G,T
Ctyz_5:857247A,G
Ctyz_5:857265A,T
Ctyz_5:857308A,G
Ctyz_5:857339C,T
Ctyz_5:857370C,T
Ctyz_5:857521C,T
Ctyz_5:857523A,G
Ctyz_5:857614A,G
Ctyz_5:857747A,T
Ctyz_5:858003C,T
Ctyz_5:858015C,T
Ctyz_5:858181A,G
Ctyz_5:858376A,G
Ctyz_5:858459A,T
Ctyz_5:858479C,T
Ctyz_5:858487A,G
Ctyz_5:858526A,G
Ctyz_5:859200C,T
Ctyz_5:859204A,G
Ctyz_5:859205C,T
Ctyz_5:859210A,G
Ctyz_5:859321G,T
Ctyz_5:859322A,T
Ctyz_5:859368C,T
Ctyz_5:859483A,G
Ctyz_5:859540C,T
Ctyz_5:859542G,T
Ctyz_5:859558C,G
Ctyz_5:859573G,T
Ctyz_5:859609C,T
Ctyz_5:859625A,G
Ctyz_5:859659A,C
Ctyz_5:860101A,G
Ctyz_5:860119A,G
Ctyz_5:860127G,T
Ctyz_5:860128A,G
Ctyz_5:860131C,T
Ctyz_5:860187C,T
Ctyz_5:860784A,G
Ctyz_5:860914C,T
Ctyz_5:860976C,T
Ctyz_5:861168C,T
Ctyz_5:861259C,T
Ctyz_5:861274A,T
Ctyz_5:861295A,T
Ctyz_5:861310C,T
Ctyz_5:861313C,T
Ctyz_5:861352A,G
Ctyz_5:861663C,T
Ctyz_5:861693C,T
Ctyz_5:861744A,T
Ctyz_5:861783A,G
Ctyz_5:861874C,T
Ctyz_5:861885C,T
Ctyz_5:861981A,T
Ctyz_5:861997C,T
Ctyz_5:862091A,T
Ctyz_5:862093A,C
Ctyz_5:862105C,T
Ctyz_5:862116A,G
Ctyz_5:862117C,G
Ctyz_5:863625C,T
Ctyz_5:863677A,T
Ctyz_5:863712A,G
Ctyz_5:864499C,T
Ctyz_5:864581C,T
Ctyz_5:864588A,T
Ctyz_5:864590C,T
Ctyz_5:864608A,C
Ctyz_5:864613C,T
Ctyz_5:864623C,T
Ctyz_5:864687A,C
Ctyz_5:864722C,T
Ctyz_5:864732A,T
Ctyz_5:864919A,T
Ctyz_5:864958A,G
Ctyz_5:865036A,G
Ctyz_5:866769A,G
Ctyz_5:866794C,T
Ctyz_5:867079A,G
Ctyz_5:867130A,G
Ctyz_5:867824A,T
Ctyz_5:868319G,T
Ctyz_5:868787A,T
Ctyz_5:871842C,T
Ctyz_5:871876A,G
Ctyz_5:879707A,T
Ctyz_5:879714A,T
Ctyz_5:879734A,G
Ctyz_5:879754A,G
Ctyz_5:879898A,T
Ctyz_5:889512A,T
Ctyz_5:890517C,T
Ctyz_5:893895G,T
Ctyz_5:893924C,T
Ctyz_5:893926C,T
Ctyz_5:893951A,G
Ctyz_5:895231A,T
Ctyz_5:895233C,T
Ctyz_5:895450A,T
Ctyz_5:897722A,G
Ctyz_5:897741A,G
Ctyz_5:897749A,T
Ctyz_5:897771C,T
Ctyz_5:897773C,T
Ctyz_5:897941A,T
Ctyz_5:898015A,T
Ctyz_5:900769C,T
Ctyz_5:900772A,G
Ctyz_5:900776G,T
Ctyz_5:900780A,G
Ctyz_5:900848A,G
Ctyz_5:900901C,T
Ctyz_5:900906A,T
Ctyz_5:900926A,C
Ctyz_5:910176C,T
Ctyz_5:910220C,T
Ctyz_5:910228C,T
Ctyz_5:910267G,T
Ctyz_5:910275G,T
Ctyz_5:910276C,T
Ctyz_5:910279G,T
Ctyz_5:910280A,G
Ctyz_5:913345A,G
Ctyz_5:913398C,T
Ctyz_5:916926C,T
Ctyz_5:917141C,T
Ctyz_5:918449C,T
Ctyz_5:918452C,T
Ctyz_5:918530C,T
Ctyz_5:919219G,T
Ctyz_6:337A,G
Ctyz_6:347A,G
Ctyz_6:359G,T
Ctyz_6:497A,G
Ctyz_6:505A,G
Ctyz_6:527A,G
Ctyz_6:553C,T
Ctyz_6:555C,T
Ctyz_6:557A,G
Ctyz_6:564C,T
Ctyz_6:565A,G
Ctyz_6:570A,T
Ctyz_6:571A,C
Ctyz_6:586A,T
Ctyz_6:590C,T
Ctyz_6:932A,G
Ctyz_6:1131A,T
Ctyz_6:2794C,T
Ctyz_6:2943A,G
Ctyz_6:2944A,G
Ctyz_6:2945C,T
Ctyz_6:2952A,G
Ctyz_6:3256G,T
Ctyz_6:3351C,T
Ctyz_6:3354A,G
Ctyz_6:3357A,C
Ctyz_6:3445C,G
Ctyz_6:3448C,T
Ctyz_6:3450A,G
Ctyz_6:33216A,G
Ctyz_6:33219A,T
Ctyz_6:37803A,G
Ctyz_6:39919A,T
Ctyz_6:39934A,G
Ctyz_6:39955A,T
Ctyz_6:39964A,T
Ctyz_6:39977A,G
Ctyz_6:39992A,T
Ctyz_6:39995A,G
Ctyz_6:40003G,T
Ctyz_6:40015A,G
Ctyz_6:40027A,G
Ctyz_6:40145A,C
Ctyz_6:40163A,T
Ctyz_6:40167A,C
Ctyz_6:40176A,G
Ctyz_6:40181C,G
Ctyz_6:40184A,T
Ctyz_6:40740C,T
Ctyz_6:40760A,T
Ctyz_6:40762C,T
Ctyz_6:40763C,T
Ctyz_6:45084A,G
Ctyz_6:45086C,T
Ctyz_6:49503C,T
Ctyz_6:49514A,T
Ctyz_6:49545A,G
Ctyz_6:49552A,G
Ctyz_6:49562A,C
Ctyz_6:49566A,T
Ctyz_6:49571G,T
Ctyz_6:49573A,G
Ctyz_6:49579A,G
Ctyz_6:58421C,T
Ctyz_6:58432A,G
Ctyz_6:58471A,G
Ctyz_6:58477A,G
Ctyz_6:61522C,G
Ctyz_6:65618C,T
Ctyz_6:65630C,G
Ctyz_6:65641C,T
Ctyz_6:65696C,T
Ctyz_6:65700A,T
Ctyz_6:65738A,G
Ctyz_6:65748C,G
Ctyz_6:66788A,G
Ctyz_6:66877C,G
Ctyz_6:67372C,T
Ctyz_6:67617G,T
Ctyz_6:69651A,T
Ctyz_6:69652A,T
Ctyz_6:69845A,G
Ctyz_6:69927A,G
Ctyz_6:69936A,C
Ctyz_6:69960C,T
Ctyz_6:70990A,T
Ctyz_6:71036C,T
Ctyz_6:71037A,C
Ctyz_6:71041A,G
Ctyz_6:71069C,T
Ctyz_6:71088C,T
Ctyz_6:71116C,T
Ctyz_6:71148A,T
Ctyz_6:71190A,T
Ctyz_6:71250C,T
Ctyz_6:71251A,G
Ctyz_6:71335C,G
Ctyz_6:71352A,T
Ctyz_6:71354C,T
Ctyz_6:71375A,T
Ctyz_6:71376A,G
Ctyz_6:71384A,G
Ctyz_6:71397A,G
Ctyz_6:71419A,C
Ctyz_6:71578A,G
Ctyz_6:71592A,G
Ctyz_6:71593G,T
Ctyz_6:71597A,G
Ctyz_6:71605A,T
Ctyz_6:71616A,G
Ctyz_6:71619A,G
Ctyz_6:71624A,C
Ctyz_6:71638G,T
Ctyz_6:71639C,T
Ctyz_6:71648G,T
Ctyz_6:71670C,T
Ctyz_6:71677C,T
Ctyz_6:71801C,T
Ctyz_6:72330A,G
Ctyz_6:74491C,T
Ctyz_6:75479A,C
Ctyz_6:75599C,T
Ctyz_6:75600C,T
Ctyz_6:75611A,C
Ctyz_6:75658A,G
Ctyz_6:75857A,G
Ctyz_6:75867C,T
Ctyz_6:75869C,T
Ctyz_6:75893A,T
Ctyz_6:75916A,G
Ctyz_6:75927A,G
Ctyz_6:75966C,T
Ctyz_6:75971A,T
Ctyz_6:75990G,T
Ctyz_6:75991A,T
Ctyz_6:76020A,G
Ctyz_6:79379C,T
Ctyz_6:79921C,T
Ctyz_6:79926G,T
Ctyz_6:80254A,G
Ctyz_6:80260G,T
Ctyz_6:80263A,G
Ctyz_6:80308A,T
Ctyz_6:80309C,G
Ctyz_6:80324A,C
Ctyz_6:80329C,T
Ctyz_6:80332A,G
Ctyz_6:80386A,G
Ctyz_6:80578A,G
Ctyz_6:80607A,G
Ctyz_6:80610G,T
Ctyz_6:81154A,G
Ctyz_6:81597G,T
Ctyz_6:81644A,G
Ctyz_6:84189C,T
Ctyz_6:84190A,T
Ctyz_6:84247A,T
Ctyz_6:84322C,T
Ctyz_6:84332A,G
Ctyz_6:84348A,T
Ctyz_6:84350G,T
Ctyz_6:88497A,T
Ctyz_6:88508A,G
Ctyz_6:88556A,G
Ctyz_6:88566A,G
Ctyz_6:89225A,T
Ctyz_6:89248A,T
Ctyz_6:89249G,T
Ctyz_6:89524C,T
Ctyz_6:89527C,T
Ctyz_6:89562A,G
Ctyz_6:89583A,G
Ctyz_6:89626A,G
Ctyz_6:89633A,C
Ctyz_6:89687A,T
Ctyz_6:89709C,T
Ctyz_6:90143C,T
Ctyz_6:93471C,T
Ctyz_6:93520C,T
Ctyz_6:93560A,G
Ctyz_6:93569A,G
Ctyz_6:93577C,T
Ctyz_6:93578C,T
Ctyz_6:95565A,G
Ctyz_6:96040A,C
Ctyz_6:96050A,G
Ctyz_6:96051C,T
Ctyz_6:96053A,C
Ctyz_6:96233A,T
Ctyz_6:96234A,T
Ctyz_6:96264A,G
Ctyz_6:96319A,T
Ctyz_6:96415A,C
Ctyz_6:96502A,G
Ctyz_6:96580A,C
Ctyz_6:96918A,G
Ctyz_6:97120C,T
Ctyz_6:97396A,C
Ctyz_6:97403A,C
Ctyz_6:97428C,T
Ctyz_6:97429A,G
Ctyz_6:97453C,T
Ctyz_6:97456C,T
Ctyz_6:97608A,C
Ctyz_6:97646C,T
Ctyz_6:97652A,G
Ctyz_6:97657C,T
Ctyz_6:97665C,T
Ctyz_6:97696A,C
Ctyz_6:98968A,G
Ctyz_6:98971A,G
Ctyz_6:98974A,G
Ctyz_6:98989A,C
Ctyz_6:99041A,T
Ctyz_6:99086C,T
Ctyz_6:99104G,T
Ctyz_6:100813G,T
Ctyz_6:100815C,T
Ctyz_6:100818C,T
Ctyz_6:100923A,G
Ctyz_6:101045G,T
Ctyz_6:102134C,T
Ctyz_6:102684A,G
Ctyz_6:102723A,T
Ctyz_6:104543C,T
Ctyz_6:104544A,G
Ctyz_6:105041A,T
Ctyz_6:105050C,T
Ctyz_6:106545C,T
Ctyz_6:112467C,T
Ctyz_6:115269A,G
Ctyz_6:115270A,G
Ctyz_6:115277A,G
Ctyz_6:117335A,C
Ctyz_6:117336C,T
Ctyz_6:118281C,T
Ctyz_6:118290G,T
Ctyz_6:119024A,G
Ctyz_6:119026A,G
Ctyz_6:119080A,G
Ctyz_6:119088A,G
Ctyz_6:124387C,T
Ctyz_6:124398A,G
Ctyz_6:124401A,G
Ctyz_6:124402C,T
Ctyz_6:124405A,G
Ctyz_6:125804A,G
Ctyz_6:125805A,G
Ctyz_6:125829C,T
Ctyz_6:125833C,T
Ctyz_6:130089A,G
Ctyz_6:130298C,T
Ctyz_6:132133C,T
Ctyz_6:132241C,T
Ctyz_6:132373C,T
Ctyz_6:132381A,G
Ctyz_6:132460C,T
Ctyz_6:132463A,C
Ctyz_6:132467A,G
Ctyz_6:132482C,G
Ctyz_6:132485G,T
Ctyz_6:132742C,T
Ctyz_6:132757C,T
Ctyz_6:132859A,T
Ctyz_6:132946C,T
Ctyz_6:132956C,T
Ctyz_6:132958C,T
Ctyz_6:132974A,G
Ctyz_6:133452A,G
Ctyz_6:133472A,G
Ctyz_6:133820A,G
Ctyz_6:133951A,G
Ctyz_6:133954C,T
Ctyz_6:133998C,T
Ctyz_6:134027A,G
Ctyz_6:134070A,G
Ctyz_6:134149C,T
Ctyz_6:134157A,T
Ctyz_6:134172C,T
Ctyz_6:134180C,T
Ctyz_6:134220C,T
Ctyz_6:134223A,G
Ctyz_6:134279A,G
Ctyz_6:134339A,G
Ctyz_6:134367A,C
Ctyz_6:134379A,C
Ctyz_6:134381A,G
Ctyz_6:134383A,G
Ctyz_6:134387A,T
Ctyz_6:134441A,G
Ctyz_6:134486C,T
Ctyz_6:134540A,T
Ctyz_6:134647A,T
Ctyz_6:134695A,T
Ctyz_6:136302A,G
Ctyz_6:138251A,T
Ctyz_6:138267C,G
Ctyz_6:138301A,G
Ctyz_6:138326A,G
Ctyz_6:138338A,G
Ctyz_6:138339A,G
Ctyz_6:138342A,G
Ctyz_6:138346A,T
Ctyz_6:139504C,T
Ctyz_6:139521A,G
Ctyz_6:139705A,T
Ctyz_6:139722G,T
Ctyz_6:139744A,T
Ctyz_6:140771A,G
Ctyz_6:140787A,C
Ctyz_6:144084A,G
Ctyz_6:144368C,T
Ctyz_6:144371A,T
Ctyz_6:144374C,T
Ctyz_6:144375C,T
Ctyz_6:148400A,T
Ctyz_6:148405A,G
Ctyz_6:148497C,T
Ctyz_6:148510C,T
Ctyz_6:148579A,G
Ctyz_6:148681C,T
Ctyz_6:148724C,T
Ctyz_6:148762A,C
Ctyz_6:148807C,T
Ctyz_6:149400A,G
Ctyz_6:150158C,T
Ctyz_6:150267A,G
Ctyz_6:150322A,G
Ctyz_6:150341A,G
Ctyz_6:150342A,T
Ctyz_6:150344C,T
Ctyz_6:150413C,T
Ctyz_6:150492C,T
Ctyz_6:150520A,G
Ctyz_6:150540G,T
Ctyz_6:152511A,T
Ctyz_6:152546C,T
Ctyz_6:152574A,T
Ctyz_6:152576A,G
Ctyz_6:152577A,G
Ctyz_6:152591C,T
Ctyz_6:152593C,T
Ctyz_6:153168C,T
Ctyz_6:155085A,G
Ctyz_6:155132C,G
Ctyz_6:155133A,T
Ctyz_6:155149A,G
Ctyz_6:155190A,C
Ctyz_6:155200A,G
Ctyz_6:155202C,T
Ctyz_6:155221C,T
Ctyz_6:155361C,T
Ctyz_6:161971C,T
Ctyz_6:162283A,G
Ctyz_6:162285A,G
Ctyz_6:162348C,G
Ctyz_6:177547A,T
Ctyz_6:177553C,T
Ctyz_6:177561C,T
Ctyz_6:177570A,G
Ctyz_6:177667A,G
Ctyz_6:177948C,T
Ctyz_6:177951A,C
Ctyz_6:177952A,G
Ctyz_6:178088A,G
Ctyz_6:178200A,G
Ctyz_6:190055C,T
Ctyz_6:190404A,G
Ctyz_6:190605C,G
Ctyz_6:190637C,T
Ctyz_6:193790C,T
Ctyz_6:193813A,C
Ctyz_6:194289A,G
Ctyz_6:195764A,T
Ctyz_6:195784C,T
Ctyz_6:199394C,T
Ctyz_6:199409G,T
Ctyz_6:199880A,T
Ctyz_6:205599A,G
Ctyz_6:205647C,T
Ctyz_6:207222G,T
Ctyz_6:207225A,T
Ctyz_6:207266A,G
Ctyz_6:207273C,T
Ctyz_6:207277A,G
Ctyz_6:207325A,G
Ctyz_6:207390C,T
Ctyz_6:209967C,T
Ctyz_6:210019A,G
Ctyz_6:210040A,G
Ctyz_6:210070C,T
Ctyz_6:213464C,T
Ctyz_6:213466C,T
Ctyz_6:213877C,T
Ctyz_6:213881C,T
Ctyz_6:213884C,T
Ctyz_6:213888A,C
Ctyz_6:213897G,T
Ctyz_6:213913A,C
Ctyz_6:219773A,G
Ctyz_6:219779A,G
Ctyz_6:219811A,C
Ctyz_6:226553C,T
Ctyz_6:230282G,T
Ctyz_6:230286A,G
Ctyz_6:230330A,T
Ctyz_6:230339C,T
Ctyz_6:235842A,T
Ctyz_6:249455A,G
Ctyz_6:263992A,T
Ctyz_6:294093A,T
Ctyz_6:294102C,T
Ctyz_6:316122C,T
Ctyz_6:316133A,G
Ctyz_6:316189C,T
Ctyz_6:316195G,T
Ctyz_6:316315A,T
Ctyz_6:316533A,G
Ctyz_6:443882A,C
Ctyz_6:443897C,T
Ctyz_6:455433A,T
Ctyz_6:456102A,G
Ctyz_6:477002A,G
Ctyz_6:477006A,C
Ctyz_6:477011C,T
Ctyz_6:477016G,T
Ctyz_6:477047C,T
Ctyz_6:477102C,T
Ctyz_6:489817A,G
Ctyz_6:491693C,T
Ctyz_6:491921C,T
Ctyz_6:492087A,C
Ctyz_6:492103C,G
Ctyz_6:492131A,G
Ctyz_6:492204A,G
Ctyz_6:492231C,T
Ctyz_6:492249C,T
Ctyz_6:492253A,G
Ctyz_6:492258A,G
Ctyz_6:492459A,G
Ctyz_6:492462A,G
Ctyz_6:492911A,G
Ctyz_6:492921C,G
Ctyz_6:492959A,C
Ctyz_6:494265A,C
Ctyz_6:494274A,G
Ctyz_6:494282A,C
Ctyz_6:597181C,T
Ctyz_6:597199A,G
Ctyz_6:597232A,G
Ctyz_6:617421A,G
Ctyz_6:617515A,G
Ctyz_6:711473C,T
Ctyz_6:711514A,T
Ctyz_6:711700C,T
Ctyz_6:711710A,C
Ctyz_6:717817G,T
Ctyz_6:743975A,T
Ctyz_6:748610A,G
Ctyz_6:776714C,T
Ctyz_6:776832A,G
Ctyz_6:776833A,T
Ctyz_6:776843C,T
Ctyz_6:776863A,G
Ctyz_6:776883A,G
Ctyz_6:776894A,G
Ctyz_6:790394A,T
Ctyz_6:794462A,G
Ctyz_6:803206A,G
Ctyz_6:803266A,G
Ctyz_6:808673C,T
Ctyz_6:808709C,T
Ctyz_6:808737A,G
Ctyz_6:808751C,T
Ctyz_6:810664C,T
Ctyz_6:810715G,T
Ctyz_6:810717A,T
Ctyz_6:810718C,G
Ctyz_6:810719A,T
Ctyz_6:810727G,T
Ctyz_6:812393A,G
Ctyz_6:812420A,G
Ctyz_6:815017A,G
Ctyz_6:815115C,T
Ctyz_6:816239A,C
Ctyz_6:816257C,T
Ctyz_6:816263A,C
Ctyz_6:816294G,T
Ctyz_6:816317A,G
Ctyz_6:816324C,T
Ctyz_6:816357C,T
Ctyz_6:816358A,T
Ctyz_6:816359A,T
Ctyz_6:816469A,T
Ctyz_6:819685C,T
Ctyz_6:819761A,C
Ctyz_6:819775A,G
Ctyz_6:833009C,T
Ctyz_6:839120C,T
Ctyz_6:839122C,T
Ctyz_6:906157A,G
Ctyz_6:906162A,G
Ctyz_6:906166C,T
Ctyz_6:906179A,G
Ctyz_6:907727C,T
Ctyz_6:907824C,T
Ctyz_6:907883C,T
Ctyz_6:907896A,C
Ctyz_6:907912A,C
Ctyz_6:907913A,G
Ctyz_6:907967C,T
Ctyz_6:907985A,C
Ctyz_6:907989C,T
Ctyz_6:908011A,T
Ctyz_6:908270C,T
Ctyz_6:908798G,T
Ctyz_6:908799A,G
Ctyz_6:908951A,G
Ctyz_6:908969A,G
Ctyz_6:917137G,T
Ctyz_6:917139C,T
Ctyz_6:917142A,T
Ctyz_6:917145A,G
Ctyz_6:917151A,G
Ctyz_6:935319A,C
Ctyz_6:968349A,G
Ctyz_6:968351C,T
Ctyz_6:979355A,G
Ctyz_6:985021C,T
Ctyz_6:985022C,T
Ctyz_6:985043C,T
Ctyz_6:1026212C,T
Ctyz_6:1047548A,G
Ctyz_6:1047577C,T
Ctyz_6:1047744C,G
Ctyz_6:1047746C,T
Ctyz_6:1047778A,G
Ctyz_6:1115030A,C
Ctyz_6:1146212C,T
Ctyz_6:1152691A,G
Ctyz_6:1152693G,T
Ctyz_6:1152695A,G
Ctyz_6:1152708A,G
Ctyz_6:1152756A,G
Ctyz_6:1152764A,G
Ctyz_6:1152773A,G
Ctyz_6:1152775A,G
Ctyz_6:1152777C,T
Ctyz_6:1152790A,G
Ctyz_6:1152803A,T
Ctyz_6:1152872A,G
Ctyz_6:1152879A,G
Ctyz_6:1152884A,G
Ctyz_6:1189530C,T
Ctyz_6:1189531C,T
Ctyz_6:1189641C,G
Ctyz_6:1189644C,T
Ctyz_6:1189666A,T
Ctyz_6:1189667A,G
Ctyz_6:1189680A,G
Ctyz_6:1190995C,T
Ctyz_6:1191037A,G
Ctyz_6:1191148C,T
Ctyz_6:1191198A,G
Ctyz_6:1191204A,G
Ctyz_6:1191219A,C
Ctyz_6:1191235A,G
Ctyz_6:1191242C,T
Ctyz_6:1191253A,G
Ctyz_6:1191267A,G
Ctyz_6:1191293A,T
Ctyz_6:1191296G,T
Ctyz_6:1191470A,G
Ctyz_6:1191516G,T
Ctyz_6:1191518A,G
Ctyz_6:1191551A,G
Ctyz_6:1191565A,T
Ctyz_6:1193727C,T
Ctyz_6:1193746C,T
Ctyz_6:1193747A,G
Ctyz_6:1193750A,G
Ctyz_6:1193782C,T
Ctyz_6:1193850C,T
Ctyz_6:1193881G,T
Ctyz_6:1193934C,T
Ctyz_6:1193942C,T
Ctyz_6:1193977C,T
Ctyz_6:1194112G,T
Ctyz_6:1194139C,T
Ctyz_6:1194166C,T
Ctyz_6:1194170C,T
Ctyz_6:1194554C,T
Ctyz_6:1194626C,T
Ctyz_6:1195139C,T
Ctyz_6:1195161A,C
Ctyz_6:1196080A,T
Ctyz_6:1196412C,T
Ctyz_6:1199547A,T
Ctyz_6:1200553G,T
Ctyz_6:1200620A,G
Ctyz_6:1201067A,T
Ctyz_6:1201075A,T
Ctyz_6:1201292A,T
Ctyz_6:1216907C,T
Ctyz_6:1222194A,G
Ctyz_6:1222261C,T
Ctyz_6:1222263C,T
Ctyz_6:1222264G,T
Ctyz_6:1254219A,T
Ctyz_6:1287518A,G
Ctyz_6:1287529C,T
Ctyz_6:1287789G,T
Ctyz_6:1287964A,G
Ctyz_6:1287969G,T
Ctyz_6:1287971A,T
Ctyz_6:1287987C,T
Ctyz_6:1288021A,G
Ctyz_6:1288024C,T
Ctyz_6:1288032C,T
Ctyz_7:8609A,T
Ctyz_7:8635A,G
Ctyz_7:8637C,T
Ctyz_7:8684A,G
Ctyz_7:8709A,G
Ctyz_7:8719A,C
Ctyz_7:8777A,C
Ctyz_7:8782A,T
Ctyz_7:8789A,T
Ctyz_7:8814A,T
Ctyz_7:8879C,T
Ctyz_7:8894C,T
Ctyz_7:8949A,G
Ctyz_7:9017C,T
Ctyz_7:9031A,G
Ctyz_7:9150C,T
Ctyz_7:9154A,T
Ctyz_7:11658A,T
Ctyz_7:11666A,C
Ctyz_7:11768A,T
Ctyz_7:11798A,G
Ctyz_7:11801C,T
Ctyz_7:11802A,C
Ctyz_7:11815A,G
Ctyz_7:11827C,T
Ctyz_7:11829A,G
Ctyz_7:11832A,G
Ctyz_7:11840A,G
Ctyz_7:11852C,T
Ctyz_7:11903A,T
Ctyz_7:11961G,T
Ctyz_7:11963A,G
Ctyz_7:11967A,G
Ctyz_7:11969A,T
Ctyz_7:11976C,T
Ctyz_7:11979C,T
Ctyz_7:12019A,G
Ctyz_7:12023C,T
Ctyz_7:16081C,T
Ctyz_7:80689G,T
Ctyz_7:100213A,G
Ctyz_7:100330A,G
Ctyz_7:100719A,G
Ctyz_7:100757A,G
Ctyz_7:100879G,T
Ctyz_7:101885C,T
Ctyz_7:104977A,G
Ctyz_7:104981C,T
Ctyz_7:104983C,T
Ctyz_7:106539G,T
Ctyz_7:106542C,T
Ctyz_7:106702A,T
Ctyz_7:106710A,G
Ctyz_7:106713A,G
Ctyz_7:106767C,G
Ctyz_7:107081A,T
Ctyz_7:107898A,C
Ctyz_7:107938A,T
Ctyz_7:108118C,T
Ctyz_7:108128A,T
Ctyz_7:108136C,T
Ctyz_7:108190A,T
Ctyz_7:108286A,G
Ctyz_7:108518C,T
Ctyz_7:108578C,T
Ctyz_7:111438A,G
Ctyz_7:111477C,T
Ctyz_7:111485A,T
Ctyz_7:111491A,C
Ctyz_7:111531C,T
Ctyz_7:111532C,T
Ctyz_7:111533C,T
Ctyz_7:111542C,T
Ctyz_7:111618G,T
Ctyz_7:111619A,G
Ctyz_7:111620A,G
Ctyz_7:111650A,G
Ctyz_7:111699A,T
Ctyz_7:111709C,T
Ctyz_7:111710A,C
Ctyz_7:111888C,T
Ctyz_7:111954A,G
Ctyz_7:111956C,G
Ctyz_7:130431A,T
Ctyz_7:130521A,T
Ctyz_7:130523A,T
Ctyz_7:135312C,T
Ctyz_7:185848G,T
Ctyz_7:185865C,T
Ctyz_7:185867A,G
Ctyz_7:185894C,T
Ctyz_7:185932C,T
Ctyz_7:185980A,T
Ctyz_7:186092A,T
Ctyz_7:186144C,T
Ctyz_7:206502A,T
Ctyz_7:206528A,G
Ctyz_7:206533A,T
Ctyz_7:206536A,T
Ctyz_7:206540A,T
Ctyz_7:206592A,G
Ctyz_7:230115C,G
Ctyz_7:230117A,G
Ctyz_7:230121A,G
Ctyz_7:230125G,T
Ctyz_7:230160C,T
Ctyz_7:230203C,T
Ctyz_7:230217G,T
Ctyz_7:235315G,T
Ctyz_7:235331G,T
Ctyz_7:238797A,G
Ctyz_7:238798A,C
Ctyz_7:238801C,T
Ctyz_7:243640C,T
Ctyz_7:256098C,T
Ctyz_7:264889G,T
Ctyz_7:264912A,C
Ctyz_7:264945A,G
Ctyz_7:267333C,T
Ctyz_7:271489A,T
Ctyz_7:274298A,G
Ctyz_7:274612C,T
Ctyz_7:274621A,G
Ctyz_7:280050C,T
Ctyz_7:291092A,G
Ctyz_7:307038C,T
Ctyz_7:333523A,C
Ctyz_7:333565A,G
Ctyz_7:333568A,G
Ctyz_7:333983A,C
Ctyz_7:334077C,T
Ctyz_7:334078A,T
Ctyz_7:334079A,G
Ctyz_7:334101A,G
Ctyz_7:343263C,T
Ctyz_7:343264C,T
Ctyz_7:343265A,G
Ctyz_7:343273C,T
Ctyz_7:343309A,G
Ctyz_7:343362A,G
Ctyz_7:343374A,G
Ctyz_7:343377A,C
Ctyz_7:343450C,T
Ctyz_7:629973A,G
Ctyz_7:629976A,G
Ctyz_7:649359A,T
Ctyz_7:651019C,T
Ctyz_7:651033C,T
Ctyz_7:651119A,G
Ctyz_7:651986A,G
Ctyz_7:651987A,G
Ctyz_7:652008A,C
Ctyz_7:652011G,T
Ctyz_7:652023C,T
Ctyz_7:652029A,T
Ctyz_7:652244C,G
Ctyz_7:652254A,C
Ctyz_7:652259A,G
Ctyz_7:652381A,T
Ctyz_7:652386C,T
Ctyz_7:702048C,T
Ctyz_7:710887C,T
Ctyz_7:710989C,G
Ctyz_7:756449C,T
Ctyz_7:756473C,T
Ctyz_7:796612G,T
Ctyz_7:796613A,C
Ctyz_7:796637C,T
Ctyz_7:796640A,T
Ctyz_7:796833A,G
Ctyz_7:796835C,T
Ctyz_7:796853A,G
Ctyz_7:796854G,T
Ctyz_7:796857C,T
Ctyz_7:837094A,C
Ctyz_7:837132A,G
Ctyz_7:837141A,G
Ctyz_7:892202C,T
Ctyz_7:892817A,T
Ctyz_7:1035411C,T
Ctyz_7:1035427G,T
Ctyz_7:1069279C,T
Ctyz_7:1114930C,T
Ctyz_7:1121587A,G
Ctyz_7:1121603A,G
Ctyz_7:1121615A,G
Ctyz_7:1121645A,G
Ctyz_7:1122144C,T
Ctyz_7:1122160A,T
Ctyz_7:1122319A,T
Ctyz_7:1122328C,T
Ctyz_7:1122329G,T
Ctyz_7:1122455A,G
Ctyz_7:1158490A,G
Ctyz_7:1166167C,T
Ctyz_7:1166204A,C
Ctyz_7:1166222A,G
Ctyz_7:1166228A,G
Ctyz_7:1166235A,G
Ctyz_7:1166238A,C
Ctyz_7:1167052A,C
Ctyz_7:1181423A,T
Ctyz_7:1181424C,T
Ctyz_7:1181442C,T
Ctyz_7:1181816G,T
Ctyz_7:1181824C,T
Ctyz_7:1181885A,T
Ctyz_7:1181906A,G
Ctyz_7:1181908A,G
Ctyz_7:1181939A,G
Ctyz_7:1181944A,C
Ctyz_7:1181983C,T
Ctyz_7:1252218A,G
Ctyz_7:1252240A,T
Ctyz_7:1252241C,T
Ctyz_7:1252243A,G
Ctyz_7:1252252A,G
Ctyz_7:1252254A,G
Ctyz_7:1256651A,G
Ctyz_7:1256677A,G
Ctyz_7:1256800A,T
Ctyz_7:1256812A,G
Ctyz_7:1270037C,T
Ctyz_7:1270257A,T
Ctyz_7:1270259C,T
Ctyz_7:1270279A,G
Ctyz_7:1270315C,T
Ctyz_7:1270342A,T
Ctyz_7:1270343A,T
Ctyz_7:1270364A,G
Ctyz_7:1270369A,G
Ctyz_7:1270391A,G
Ctyz_7:1270401A,G
Ctyz_7:1270437A,G
Ctyz_7:1270453C,T
Ctyz_7:1270455A,G
Ctyz_7:1270463A,G
Ctyz_7:1270918C,T
Ctyz_7:1271023G,T
Ctyz_7:1271030A,G
Ctyz_7:1271074A,G
Ctyz_7:1271088A,T
Ctyz_7:1271089C,T
Ctyz_7:1271458G,T
Ctyz_7:1271460A,C
Ctyz_7:1271542C,T
Ctyz_7:1274178A,T
Ctyz_7:1274179C,G
Ctyz_7:1275337C,G
Ctyz_7:1275339G,T
Ctyz_7:1275344C,G
Ctyz_7:1275349A,G
Ctyz_7:1276151A,G
Ctyz_7:1276234A,G
Ctyz_7:1276246A,G
Ctyz_7:1276255A,G
Ctyz_7:1276826C,T
Ctyz_7:1276892A,T
Ctyz_7:1276895A,G
Ctyz_7:1276897A,G
Ctyz_7:1276940A,C
Ctyz_7:1276956C,T
Ctyz_7:1276976A,C
Ctyz_8:1713C,T
Ctyz_8:1716A,G
Ctyz_8:1717A,G
Ctyz_8:1739C,T
Ctyz_8:1745C,T
Ctyz_8:1750A,G
Ctyz_8:1759A,G
Ctyz_8:1770C,T
Ctyz_8:1792A,C
Ctyz_8:1793A,T
Ctyz_8:7021A,T
Ctyz_8:10479C,T
Ctyz_8:10496C,T
Ctyz_8:10513A,C
Ctyz_8:10520C,T
Ctyz_8:10596A,C
Ctyz_8:10617C,T
Ctyz_8:10699C,T
Ctyz_8:10706C,T
Ctyz_8:10736A,G
Ctyz_8:10741C,T
Ctyz_8:10772A,T
Ctyz_8:10779C,T
Ctyz_8:10791C,T
Ctyz_8:10796A,C
Ctyz_8:94115C,T
Ctyz_8:95987A,T
Ctyz_8:104128A,C
Ctyz_8:104161A,G
Ctyz_8:122021C,T
Ctyz_8:123761A,G
Ctyz_8:123770C,T
Ctyz_8:123832A,C
Ctyz_8:123841C,T
Ctyz_8:123854A,G
Ctyz_8:123866C,T
Ctyz_8:123880G,T
Ctyz_8:123882A,G
Ctyz_8:123980C,T
Ctyz_8:124397C,T
Ctyz_8:124532A,T
Ctyz_8:124596G,T
Ctyz_8:124620C,T
Ctyz_8:129898C,T
Ctyz_8:130039A,G
Ctyz_8:130290A,G
Ctyz_8:130365A,T
Ctyz_8:130401A,G
Ctyz_8:130549A,C
Ctyz_8:130581C,T
Ctyz_8:130582A,C
Ctyz_8:130601A,G
Ctyz_8:130608C,T
Ctyz_8:130630C,T
Ctyz_8:130631C,T
Ctyz_8:130646C,G
Ctyz_8:130685A,G
Ctyz_8:130783G,T
Ctyz_8:130786A,G
Ctyz_8:130787A,G
Ctyz_8:130859C,T
Ctyz_8:130864A,C
Ctyz_8:130961C,G
Ctyz_8:130978A,T
Ctyz_8:131021A,C
Ctyz_8:139096C,T
Ctyz_8:152707A,T
Ctyz_8:152708A,G
Ctyz_8:152711C,T
Ctyz_8:152716A,G
Ctyz_8:156855G,T
Ctyz_8:170194C,T
Ctyz_8:170199A,G
Ctyz_8:175287C,T
Ctyz_8:181720C,T
Ctyz_8:181867A,G
Ctyz_8:181958A,C
Ctyz_8:181959C,T
Ctyz_8:182009A,G
Ctyz_8:182017C,T
Ctyz_8:182029A,T
Ctyz_8:182044C,T
Ctyz_8:182047C,T
Ctyz_8:182060C,T
Ctyz_8:182066C,T
Ctyz_8:182095A,C
Ctyz_8:182099A,T
Ctyz_8:182130A,C
Ctyz_8:182186A,T
Ctyz_8:182326C,G
Ctyz_8:182330A,G
Ctyz_8:182350A,G
Ctyz_8:182415C,T
Ctyz_8:182481A,T
Ctyz_8:182529C,T
Ctyz_8:182531A,G
Ctyz_8:182533A,G
Ctyz_8:182534C,T
Ctyz_8:182536G,T
Ctyz_8:183355C,T
Ctyz_8:183684C,T
Ctyz_8:184420A,T
Ctyz_8:199055C,T
Ctyz_8:220410C,G
Ctyz_8:235138A,T
Ctyz_8:235145C,T
Ctyz_8:240766A,G
Ctyz_8:240787A,T
Ctyz_8:240808A,T
Ctyz_8:240837A,T
Ctyz_8:262166A,G
Ctyz_8:262243C,T
Ctyz_8:262312A,G
Ctyz_8:268243A,G
Ctyz_8:282822A,G
Ctyz_8:282842C,G
Ctyz_8:284144A,G
Ctyz_8:284146C,T
Ctyz_8:284149A,C
Ctyz_8:284158C,T
Ctyz_8:284249A,G
Ctyz_8:284331C,T
Ctyz_8:284374C,T
Ctyz_8:284381A,C
Ctyz_8:284388C,T
Ctyz_8:284390C,T
Ctyz_8:284414C,T
Ctyz_8:284498G,T
Ctyz_8:285144A,C
Ctyz_8:285164C,T
Ctyz_8:285169A,G
Ctyz_8:286966C,T
Ctyz_8:287018C,T
Ctyz_8:288668G,T
Ctyz_8:292148C,T
Ctyz_8:292160A,T
Ctyz_8:292161G,T
Ctyz_8:292165C,G
Ctyz_8:292182C,T
Ctyz_8:292229G,T
Ctyz_8:292231A,T
Ctyz_8:292234A,C
Ctyz_8:292235A,G
Ctyz_8:292244C,T
Ctyz_8:295326C,T
Ctyz_8:295335A,G
Ctyz_8:295339C,T
Ctyz_8:295347C,T
Ctyz_8:295353G,T
Ctyz_8:295382C,T
Ctyz_8:295391C,T
Ctyz_8:295411A,G
Ctyz_8:295417A,G
Ctyz_8:295419A,G
Ctyz_8:295439A,G
Ctyz_8:295488A,G
Ctyz_8:295490A,T
Ctyz_8:295492A,G
Ctyz_8:295528A,G
Ctyz_8:295537A,T
Ctyz_8:295572A,G
Ctyz_8:295579C,T
Ctyz_8:295625A,G
Ctyz_8:295718C,T
Ctyz_8:295730C,T
Ctyz_8:295735C,T
Ctyz_8:295748C,T
Ctyz_8:295750A,T
Ctyz_8:295760A,T
Ctyz_8:296161C,T
Ctyz_8:296178C,T
Ctyz_8:296189A,G
Ctyz_8:296238C,T
Ctyz_8:296320A,G
Ctyz_8:296660A,T
Ctyz_8:296701A,T
Ctyz_8:296712C,T
Ctyz_8:296726A,G
Ctyz_8:296817G,T
Ctyz_8:296910A,G
Ctyz_8:297024A,C
Ctyz_8:297183A,G
Ctyz_8:298377A,G
Ctyz_8:298389A,G
Ctyz_8:298420A,G
Ctyz_8:298439C,T
Ctyz_8:300534A,T
Ctyz_8:301631C,T
Ctyz_8:301635A,T
Ctyz_8:301641A,G
Ctyz_8:301687C,T
Ctyz_8:302663A,G
Ctyz_8:304538C,G
Ctyz_8:304558C,T
Ctyz_8:304591A,T
Ctyz_8:317004A,G
Ctyz_8:321204G,T
Ctyz_8:333450C,T
Ctyz_8:346530A,T
Ctyz_8:346536A,T
Ctyz_8:346539C,T
Ctyz_8:358412A,T
Ctyz_8:358452A,G
Ctyz_8:358453C,T
Ctyz_8:359354C,T
Ctyz_8:359359G,T
Ctyz_8:359389G,T
Ctyz_8:359458A,T
Ctyz_8:359471A,G
Ctyz_8:359500G,T
Ctyz_8:359538A,G
Ctyz_8:359585C,T
Ctyz_8:359621A,G
Ctyz_8:359638A,G
Ctyz_8:359671A,G
Ctyz_8:359695A,C
Ctyz_8:359711C,T
Ctyz_8:359726C,T
Ctyz_8:359730A,G
Ctyz_8:363489C,T
Ctyz_8:363622A,G
Ctyz_8:363630C,T
Ctyz_8:363634C,T
Ctyz_8:363657A,C
Ctyz_8:363720A,T
Ctyz_8:365087A,G
Ctyz_8:367133A,G
Ctyz_8:367156C,T
Ctyz_8:367751C,T
Ctyz_8:368547C,T
Ctyz_8:368555C,T
Ctyz_8:368599C,T
Ctyz_8:368621A,C
Ctyz_8:368690A,G
Ctyz_8:369437A,G
Ctyz_8:370217C,T
Ctyz_8:370224A,G
Ctyz_8:370231A,G
Ctyz_8:370239A,T
Ctyz_8:370241C,T
Ctyz_8:370382C,T
Ctyz_8:370437C,T
Ctyz_8:370439C,T
Ctyz_8:370486A,G
Ctyz_8:370575C,T
Ctyz_8:370598C,G
Ctyz_8:370603C,T
Ctyz_8:370637A,C
Ctyz_8:370646A,C
Ctyz_8:370727A,C
Ctyz_8:371026A,G
Ctyz_8:371090A,G
Ctyz_8:371114C,T
Ctyz_8:373813C,T
Ctyz_8:376265A,C
Ctyz_8:385767A,T
Ctyz_8:385826A,G
Ctyz_8:385882A,G
Ctyz_8:385892A,G
Ctyz_8:385971A,T
Ctyz_8:406738C,T
Ctyz_8:407152C,T
Ctyz_8:489563A,G
Ctyz_8:507716G,T
Ctyz_8:507743A,G
Ctyz_8:507747C,T
Ctyz_8:515472A,G
Ctyz_8:515475C,T
Ctyz_8:515493C,T
Ctyz_8:531212A,T
Ctyz_8:531423C,T
Ctyz_8:531426A,T
Ctyz_8:531427C,T
Ctyz_8:531444C,T
Ctyz_8:531470A,G
Ctyz_8:531495A,G
Ctyz_8:540377A,G
Ctyz_8:540406G,T
Ctyz_8:540421C,T
Ctyz_8:540422C,T
Ctyz_8:542583C,T
Ctyz_8:542676A,G
Ctyz_8:542686A,C
Ctyz_8:542914A,G
Ctyz_8:550159A,T
Ctyz_8:550193A,G
Ctyz_8:550218C,T
Ctyz_8:550540A,G
Ctyz_8:550567A,G
Ctyz_8:560401C,T
Ctyz_8:560429C,T
Ctyz_8:570135G,T
Ctyz_8:570138A,T
Ctyz_8:570310A,C
Ctyz_8:574376A,G
Ctyz_8:574415A,T
Ctyz_8:574430A,G
Ctyz_8:587188G,T
Ctyz_8:596051C,T
Ctyz_8:610102C,T
Ctyz_8:647448A,G
Ctyz_8:647482C,T
Ctyz_8:647489C,T
Ctyz_8:647514C,T
Ctyz_8:647523C,T
Ctyz_8:647535A,C
Ctyz_8:647551C,T
Ctyz_8:647558C,T
Ctyz_8:647562C,T
Ctyz_8:647587A,C
Ctyz_8:776522C,T
Ctyz_8:776527A,G
Ctyz_8:776551A,T
Ctyz_8:776562A,T
Ctyz_8:776566A,G
Ctyz_8:776570A,C
Ctyz_8:776586A,T
Ctyz_8:776615A,G
Ctyz_8:776625A,C
Ctyz_8:776669C,T
Ctyz_8:776685C,T
Ctyz_8:776691A,G
Ctyz_8:776697A,T
Ctyz_8:776714C,T
Ctyz_8:776718C,T
Ctyz_8:776745A,C
Ctyz_8:776758C,T
Ctyz_8:776796C,T
Ctyz_8:776798A,C
Ctyz_8:776816A,G
Ctyz_8:776817A,G
Ctyz_8:776822A,G
Ctyz_8:776854C,T
Ctyz_8:776860C,T
Ctyz_8:776890A,G
Ctyz_8:877229C,T
Ctyz_8:880949A,G
Ctyz_8:880954C,T
Ctyz_8:880955A,G
Ctyz_8:880970A,G
Ctyz_8:881030A,G
Ctyz_8:881056C,T
Ctyz_8:881063C,T
Ctyz_8:881096A,T
Ctyz_8:881106C,T
Ctyz_8:881153A,C
Ctyz_8:884999C,G
Ctyz_8:964051A,G
Ctyz_8:964054A,G
Ctyz_8:970849A,G
Ctyz_8:975145A,T
Ctyz_8:989175C,T
Ctyz_8:989248A,T
Ctyz_8:989612C,T
Ctyz_8:989680A,C
Ctyz_8:1000229C,T
Ctyz_8:1000798A,T
Ctyz_8:1000799A,T
Ctyz_8:1000800A,T
Ctyz_8:1001070A,C
Ctyz_8:1001874A,G
Ctyz_8:1003155A,T
Ctyz_8:1003165A,T
Ctyz_8:1003173A,G
Ctyz_8:1021640A,T
Ctyz_8:1044909A,G
Ctyz_8:1046185C,G
Ctyz_8:1052340C,T
Ctyz_8:1053493C,T
Ctyz_8:1053514A,G
Ctyz_8:1053571A,G
Ctyz_8:1054235A,G
Ctyz_8:1054305A,G
Ctyz_8:1054326A,C
Ctyz_8:1054356A,G
Ctyz_8:1054369A,G
Ctyz_8:1054386C,T
Ctyz_8:1054394A,G
Ctyz_8:1054409C,T
Ctyz_8:1054457C,T
Ctyz_8:1054465A,T
Ctyz_8:1055352C,G
Ctyz_8:1055587A,C
Ctyz_8:1055603A,G
Ctyz_8:1055680C,T
Ctyz_8:1055730C,T
Ctyz_8:1056940A,G
Ctyz_8:1062018G,T
Ctyz_8:1062019C,T
Ctyz_8:1082203A,G
Ctyz_8:1082570A,G
Ctyz_8:1086181A,T
Ctyz_8:1086204C,G
Ctyz_8:1086423A,G
Ctyz_8:1087733A,T
Ctyz_8:1087734A,G
Ctyz_8:1087740G,T
Ctyz_8:1087768C,T
Ctyz_8:1087819A,G
Ctyz_8:1095556A,C
Ctyz_8:1102302A,G
Ctyz_8:1102303C,T
Ctyz_8:1102939C,T
Ctyz_8:1102957C,T
Ctyz_8:1103491C,T
Ctyz_8:1103538C,T
Ctyz_8:1103545A,G
Ctyz_8:1103581A,C
Ctyz_8:1103602A,T
Ctyz_8:1103795G,T
Ctyz_8:1103831C,T
Ctyz_8:1103943A,T
Ctyz_8:1103959A,G
Ctyz_8:1103960A,G
Ctyz_8:1104008A,G
Ctyz_8:1104010A,G
Ctyz_8:1104013A,G
Ctyz_8:1108706A,T
Ctyz_8:1108709C,T
Ctyz_8:1108746A,T
Ctyz_8:1108775A,G
Ctyz_8:1108781C,T
Ctyz_8:1108906C,T
Ctyz_8:1109237C,T
Ctyz_8:1109239G,T
Ctyz_8:1109264A,C
Ctyz_8:1109284C,T
Ctyz_8:1109292A,G
Ctyz_8:1109310C,G
Ctyz_8:1109321A,T
Ctyz_8:1109426A,G
Ctyz_8:1109917C,T
Ctyz_8:1109945C,T
Ctyz_8:1118037C,T
Ctyz_8:1118067C,T
Ctyz_8:1119070A,G
Ctyz_8:1119083A,G
Ctyz_8:1119341A,G
Ctyz_8:1130795A,G
Ctyz_8:1137559A,T
Ctyz_8:1137657A,G
Ctyz_8:1142081A,G
Ctyz_8:1142114C,T
Ctyz_8:1142132A,G
Ctyz_8:1142144A,G
Ctyz_8:1142150A,T
Ctyz_8:1142160A,G
Ctyz_8:1142164A,G
Ctyz_8:1142201A,G
Ctyz_8:1142221C,T
Ctyz_8:1142230G,T
Ctyz_8:1142237A,G
Ctyz_8:1144887C,T
Ctyz_8:1144952A,G
Ctyz_8:1144961A,G
Ctyz_8:1145045C,T
Ctyz_8:1145046C,T
Ctyz_8:1145056A,G
Ctyz_8:1145069A,T
Ctyz_8:1145077A,G
Ctyz_8:1145173G,T
Ctyz_8:1145196A,G
Ctyz_8:1145206C,T
Ctyz_8:1145214A,T
Ctyz_8:1145253G,T
Ctyz_8:1145265A,G
Ctyz_8:1150644C,T
Ctyz_8:1150646A,C
Ctyz_8:1161838A,T
Ctyz_8:1161839C,T
Ctyz_8:1161860G,T
Ctyz_8:1161863C,T
Ctyz_8:1161887A,T
Ctyz_8:1161897A,G
Ctyz_8:1161908A,T
Ctyz_8:1166860A,G
Ctyz_8:1167465A,T
Ctyz_8:1167467A,G
Ctyz_8:1167470A,T
Ctyz_8:1167773A,T
Ctyz_8:1167802A,T
Ctyz_8:1167837A,T
Ctyz_8:1167856A,T
Ctyz_8:1167859A,G
Ctyz_8:1168483C,T
Ctyz_8:1168623A,G
Ctyz_8:1169420A,G
Ctyz_8:1169545A,G
Ctyz_8:1169584C,T
Ctyz_8:1169646C,T
Ctyz_8:1169651C,T
Ctyz_8:1169674C,T
Ctyz_8:1169681A,T
Ctyz_8:1169703A,T
Ctyz_8:1169704A,G
Ctyz_8:1169709G,T
Ctyz_8:1169713A,G
Ctyz_8:1169873C,T
Ctyz_8:1169940C,T
Ctyz_8:1169953C,T
Ctyz_8:1169963A,T
Ctyz_8:1169972A,G
Ctyz_8:1169981A,C
Ctyz_8:1169986A,C
Ctyz_8:1169991A,G
Ctyz_8:1170005A,T
Ctyz_8:1170008C,T
Ctyz_8:1170029C,T
Ctyz_8:1170031C,G
Ctyz_8:1170034C,T
Ctyz_8:1170046C,T
Ctyz_8:1170047A,T
Ctyz_8:1170382A,G
Ctyz_8:1170413A,G
Ctyz_8:1174921A,G
Ctyz_8:1174932C,T
Ctyz_8:1174990A,C
Ctyz_8:1178674A,G
Ctyz_8:1179414A,G
Ctyz_8:1181477C,T
Ctyz_8:1181537C,T
Ctyz_8:1181545A,C
Ctyz_8:1181683C,T
Ctyz_8:1188934C,T
Ctyz_8:1190762A,T
Ctyz_8:1190763A,T
Ctyz_8:1190803A,G
Ctyz_8:1190844C,T
Ctyz_8:1190941A,T
Ctyz_8:1190944A,C
Ctyz_8:1190963C,T
Ctyz_8:1191309C,T
Ctyz_8:1191311C,T
Ctyz_8:1191312C,T
Ctyz_8:1191608A,G
Ctyz_8:1192062C,T
Ctyz_8:1194600A,T
Ctyz_8:1194601C,T
Ctyz_8:1194689A,G
Ctyz_8:1194703C,T
Ctyz_8:1194704A,G
Ctyz_8:1194732A,G
Ctyz_8:1194734C,T
Ctyz_8:1194765A,G
Ctyz_8:1194772G,T
Ctyz_8:1194797A,G
Ctyz_8:1194802C,T
Ctyz_8:1195382A,G
Ctyz_8:1195388A,G
Ctyz_8:1196912C,T
Ctyz_8:1196915A,T
Ctyz_8:1197153A,G
Ctyz_8:1197295C,T
Ctyz_8:1197392G,T
Ctyz_8:1197395A,G
Ctyz_8:1197708A,G
Ctyz_8:1199142C,T
Ctyz_8:1211780C,T
Ctyz_8:1212604C,T
Ctyz_8:1212638C,G
Ctyz_8:1212874A,G
Ctyz_8:1212915A,G
Ctyz_8:1212932G,T
Ctyz_8:1213641A,G
Ctyz_8:1213647C,T
Ctyz_8:1217018C,T
Ctyz_8:1217030C,T
Ctyz_8:1217033C,T
Ctyz_8:1223201A,T
Ctyz_8:1225106A,T
Ctyz_8:1225108A,C
Ctyz_8:1225115A,T
Ctyz_8:1225118C,T
Ctyz_8:1225128A,T
Ctyz_8:1225173A,G
Ctyz_8:1225186C,T
Ctyz_8:1225193A,T
Ctyz_8:1225211A,T
Ctyz_8:1230093A,G
Ctyz_8:1231355G,T
Ctyz_8:1306133A,G
Ctyz_8:1310288A,T
Ctyz_8:1312268G,T
Ctyz_8:1312596C,T
Ctyz_8:1312601C,T
Ctyz_8:1312667A,G
Ctyz_8:1312679A,G
Ctyz_8:1312688A,G
Ctyz_8:1312773A,G
Ctyz_8:1312784A,G
Ctyz_8:1313802C,T
Ctyz_00_2:1880A,T
Ctyz_00_2:1912C,T
Ctyz_00_2:1915A,G
Ctyz_00_2:1917A,C
Ctyz_00_2:1944C,G
Ctyz_00_3:779A,C
Ctyz_00_3:798A,C
Ctyz_00_3:1030C,T
Ctyz_00_3:1072A,G
Ctyz_00_3:2192A,T
Ctyz_00_3:2265A,G
Ctyz_00_3:2291A,G
Ctyz_00_3:2346A,G
Ctyz_00_3:2462A,T
Ctyz_00_3:3553C,T
Ctyz_00_3:3581A,T
Ctyz_00_3:3614A,T
Ctyz_00_3:3634C,T
Ctyz_00_3:43900C,T
Ctyz_00_3:43917A,G
Ctyz_00_3:43926C,T
Ctyz_00_3:43972A,G
Ctyz_00_3:47481C,T
Ctyz_00_3:47539A,T
Ctyz_00_3:47995A,G
Ctyz_00_3:48662C,T
Ctyz_00_3:48670C,T
Ctyz_00_3:48889G,T
Ctyz_00_3:48919C,T
Ctyz_00_3:55822C,T
Ctyz_00_3:55826C,T
Ctyz_00_3:55831G,T
Ctyz_00_3:60072A,G
Ctyz_00_3:60100G,T
Ctyz_00_3:60227C,T
Ctyz_00_3:60238A,T
Ctyz_00_3:60253G,T
Ctyz_00_3:60256A,T
Ctyz_00_3:60265C,T
Ctyz_00_3:60286A,G
Ctyz_00_3:60331C,T
Ctyz_00_3:60344A,G
Ctyz_00_3:60346C,T
Ctyz_00_3:60349C,T
Ctyz_00_3:60356A,G
Ctyz_00_3:81115A,C
Ctyz_00_3:82626C,T
Ctyz_00_3:82919A,G
Ctyz_00_3:89505A,G
Ctyz_00_3:96227C,T
Ctyz_00_3:96456A,G
Ctyz_00_3:105043A,G
Ctyz_00_3:105134A,T
Ctyz_00_3:106019A,T
Ctyz_00_3:106978A,T
Ctyz_00_3:107062C,T
Ctyz_00_3:107107A,T
Ctyz_00_3:120645A,G
Ctyz_00_3:120650A,T
Ctyz_00_3:132226A,G
Ctyz_00_3:132244A,C
Ctyz_00_3:132274A,G
Ctyz_00_3:132275A,G
Ctyz_00_3:132289G,T
Ctyz_00_3:132295A,G
Ctyz_00_3:132447A,T
Ctyz_00_3:132592A,G
Ctyz_00_3:132599A,G
Ctyz_00_3:133312A,T
Ctyz_00_3:133331C,G
Ctyz_00_3:133358A,C
Ctyz_00_3:133378C,T
Ctyz_00_3:133536A,G
Ctyz_00_3:133589A,C
Ctyz_00_3:133645A,G
Ctyz_00_3:133663C,T
Ctyz_00_3:133759C,T
Ctyz_00_3:133779A,T
Ctyz_00_3:133780C,T
Ctyz_00_3:133785A,C
Ctyz_00_3:133819C,T
Ctyz_00_3:133833A,C
Ctyz_00_3:133846A,G
Ctyz_00_3:133873C,T
Ctyz_00_3:133876C,T
Ctyz_00_3:134009A,G
Ctyz_00_3:134059C,T
Ctyz_00_3:134149A,G
Ctyz_00_3:134332A,T
Ctyz_00_3:134370A,C
Ctyz_00_3:134400C,G
Ctyz_00_3:134470A,G
Ctyz_00_3:134515C,T
Ctyz_00_3:134527A,T
Ctyz_00_3:134532A,G
Ctyz_00_3:134630C,T
Ctyz_00_3:134678A,G
Ctyz_00_3:134683C,T
Ctyz_00_3:134726A,G
Ctyz_00_3:134755A,G
Ctyz_00_3:134843A,C
Ctyz_00_3:135341A,G
Ctyz_00_3:135360C,T
Ctyz_00_3:135522A,G
Ctyz_00_3:135538A,T
Ctyz_00_3:135763A,T
Ctyz_00_3:135820C,T
Ctyz_00_3:135892A,G
Ctyz_00_3:135908A,G
Ctyz_00_3:136470G,T
Ctyz_00_3:136477A,G
Ctyz_00_3:136552C,T
Ctyz_00_3:136604C,T
Ctyz_00_3:136615A,G
Ctyz_00_3:136641A,G
Ctyz_00_3:136644G,T
Ctyz_00_3:136669A,T
Ctyz_00_3:136672A,T
Ctyz_00_3:136681G,T
Ctyz_00_3:136704A,G
Ctyz_00_3:137143C,T
Ctyz_00_3:137179G,T
Ctyz_00_3:137647A,T
Ctyz_00_3:137674A,G
Ctyz_00_3:137711A,T
Ctyz_00_3:137752A,G
Ctyz_00_3:137848C,T
Ctyz_00_3:137849A,G
Ctyz_00_3:137851A,G
Ctyz_00_3:137861A,G
Ctyz_00_3:137880C,T
Ctyz_00_3:137912A,C
Ctyz_00_3:137940A,G
Ctyz_00_3:138093G,T
Ctyz_00_3:138167A,G
Ctyz_00_3:138205C,T
Ctyz_00_3:138256A,G
Ctyz_00_3:138265A,G
Ctyz_00_3:138268A,G
Ctyz_00_3:138276A,G
Ctyz_00_3:138405A,G
Ctyz_00_3:139210A,G
Ctyz_00_3:139212C,T
Ctyz_00_3:139307A,C
Ctyz_00_3:139308A,G
Ctyz_00_3:139435A,G
Ctyz_00_3:139447C,G
Ctyz_00_3:139449A,C
