Ctyz_1:25172A,G
Ctyz_1:25181A,G
Ctyz_1:55236A,G
Ctyz_1:91735A,T
Ctyz_1:95181A,G
Ctyz_1:95571C,T
Ctyz_1:95915C,G
Ctyz_1:96724A,G
Ctyz_1:96733C,T
Ctyz_1:113551A,G
Ctyz_1:142173A,G
Ctyz_1:149005A,T
Ctyz_1:149489A,G
Ctyz_1:163721C,G
Ctyz_1:165754A,C
Ctyz_1:169271C,T
Ctyz_1:188808A,G
Ctyz_1:192568A,C
Ctyz_1:196544A,T
Ctyz_1:241286A,C
Ctyz_1:356929A,G
Ctyz_1:369219A,T
Ctyz_1:369237C,T
Ctyz_1:374956G,T
Ctyz_1:379358A,G
Ctyz_1:443671A,T
Ctyz_1:443675A,T
Ctyz_1:450548C,G
Ctyz_1:470889A,T
Ctyz_1:585373G,T
Ctyz_1:646049G,T
Ctyz_1:686364A,C
Ctyz_1:707651C,T
Ctyz_1:715061G,T
Ctyz_1:750207A,T
Ctyz_1:757279A,G
Ctyz_1:790177A,T
Ctyz_1:848812A,G
Ctyz_1:849210A,G
Ctyz_1:860955A,T
Ctyz_2:61065A,T
Ctyz_2:100926G,T
Ctyz_2:100988G,T
Ctyz_2:100995G,T
Ctyz_2:158776C,T
Ctyz_2:159663A,T
Ctyz_2:161596C,T
Ctyz_2:194997A,G
Ctyz_2:298577C,T
Ctyz_2:298782A,G
Ctyz_2:298788A,G
Ctyz_2:298800A,G
Ctyz_2:298804A,T
Ctyz_2:351768C,T
Ctyz_2:506667C,T
Ctyz_2:511462A,G
Ctyz_2:536340A,C
Ctyz_2:596911A,T
Ctyz_2:621327A,G
Ctyz_2:637974C,T
Ctyz_2:643992A,T
Ctyz_2:685965C,T
Ctyz_2:697338C,T
Ctyz_2:718715A,G
Ctyz_2:718725A,G
Ctyz_2:722285A,T
Ctyz_2:731779C,T
Ctyz_2:750511C,G
Ctyz_2:762002A,G
Ctyz_2:762509C,T
Ctyz_2:764809A,T
Ctyz_2:822595C,T
Ctyz_2:822601A,G
Ctyz_2:824665A,T
Ctyz_2:825300G,T
Ctyz_2:827819C,T
Ctyz_2:853281C,G
Ctyz_2:891129A,C
Ctyz_2:891140C,G
Ctyz_2:908269A,G
Ctyz_2:964853G,T
Ctyz_2:968685C,T
Ctyz_2:973871A,T
Ctyz_2:974199G,T
Ctyz_2:975603C,T
Ctyz_2:975937C,T
Ctyz_2:977891A,G
Ctyz_2:978072A,G
Ctyz_2:980270A,T
Ctyz_2:986885A,G
Ctyz_2:987024C,T
Ctyz_2:987341A,G
Ctyz_2:987392G,T
Ctyz_2:988067C,T
Ctyz_2:988574C,T
Ctyz_2:988806A,G
Ctyz_2:988877C,T
Ctyz_2:989012A,T
Ctyz_2:989314G,T
Ctyz_3:24453A,C
Ctyz_3:24495A,G
Ctyz_3:58987A,G
Ctyz_3:58991A,G
Ctyz_3:83996A,T
Ctyz_3:97215A,G
Ctyz_3:181909A,T
Ctyz_3:186496A,G
Ctyz_3:188809C,T
Ctyz_3:192570C,T
Ctyz_3:225537C,T
Ctyz_3:229344A,T
Ctyz_3:273959A,T
Ctyz_3:273964A,G
Ctyz_3:300385A,G
Ctyz_3:308366A,G
Ctyz_3:308374A,G
Ctyz_3:308386A,G
Ctyz_3:329585C,T
Ctyz_3:383605C,T
Ctyz_3:419071A,G
Ctyz_3:447935A,T
Ctyz_3:449105A,G
Ctyz_3:449106G,T
Ctyz_3:449144A,T
Ctyz_3:460614A,C
Ctyz_3:461990A,G
Ctyz_3:462427C,T
Ctyz_3:468012G,T
Ctyz_3:473675C,T
Ctyz_3:556868C,T
Ctyz_3:608328A,T
Ctyz_3:634837G,T
Ctyz_3:681278A,C
Ctyz_3:739720A,G
Ctyz_3:750912A,T
Ctyz_3:765544C,T
Ctyz_3:819826C,T
Ctyz_3:826559A,T
Ctyz_3:832237A,T
Ctyz_3:871266A,T
Ctyz_3:882747C,T
Ctyz_3:896144A,T
Ctyz_3:913960C,T
Ctyz_3:945238A,T
Ctyz_3:945667A,G
Ctyz_3:948219C,G
Ctyz_3:987006A,G
Ctyz_3:988563A,C
Ctyz_3:996891C,T
Ctyz_3:1021680A,T
Ctyz_3:1021719A,T
Ctyz_3:1022990A,T
Ctyz_3:1028073A,G
Ctyz_3:1029348C,T
Ctyz_3:1029413C,T
Ctyz_3:1030648A,C
Ctyz_3:1031604A,G
Ctyz_3:1055417C,T
Ctyz_3:1073049C,T
Ctyz_3:1084756C,T
Ctyz_3:1084797G,T
Ctyz_4:8831A,T
Ctyz_4:9200C,T
Ctyz_4:10198A,T
Ctyz_4:11217C,T
Ctyz_4:20772A,T
Ctyz_4:64205A,G
Ctyz_4:65376A,C
Ctyz_4:234977C,T
Ctyz_4:272887A,C
Ctyz_4:275010A,C
Ctyz_4:320408A,C
Ctyz_4:338088A,G
Ctyz_4:353429A,T
Ctyz_4:363549C,T
Ctyz_4:363552C,G
Ctyz_4:393631C,T
Ctyz_4:393642C,T
Ctyz_4:422442C,T
Ctyz_4:530471G,T
Ctyz_4:594188A,G
Ctyz_4:617387A,G
Ctyz_4:619824A,G
Ctyz_4:637835G,T
Ctyz_4:639906A,C
Ctyz_4:672856A,G
Ctyz_4:683378G,T
Ctyz_4:759298A,T
Ctyz_4:806608A,T
Ctyz_4:807715C,T
Ctyz_4:808284C,T
Ctyz_4:808851A,T
Ctyz_4:811924A,G
Ctyz_4:813451A,G
Ctyz_4:814427A,C
Ctyz_4:822023A,G
Ctyz_4:830396C,T
Ctyz_4:850724C,T
Ctyz_4:851767C,T
Ctyz_4:851811C,T
Ctyz_4:853330A,G
Ctyz_4:857208A,C
Ctyz_4:857215C,T
Ctyz_4:889903C,T
Ctyz_4:906516A,G
Ctyz_4:978856C,T
Ctyz_4:985480A,G
Ctyz_4:995974A,G
Ctyz_4:995996C,T
Ctyz_4:1036280A,T
Ctyz_4:1098011C,T
Ctyz_5:6445C,T
Ctyz_5:6454A,T
Ctyz_5:10433C,T
Ctyz_5:10435G,T
Ctyz_5:28564C,T
Ctyz_5:30389C,G
Ctyz_5:30390G,T
Ctyz_5:43148A,T
Ctyz_5:66650A,G
Ctyz_5:74339C,T
Ctyz_5:109528A,G
Ctyz_5:109543A,G
Ctyz_5:112676A,G
Ctyz_5:113143A,G
Ctyz_5:162133A,G
Ctyz_5:237257A,G
Ctyz_5:244989A,G
Ctyz_5:339564C,T
Ctyz_5:358080A,T
Ctyz_5:381229A,T
Ctyz_5:392401C,T
Ctyz_5:425499A,T
Ctyz_5:431734A,T
Ctyz_5:493910A,G
Ctyz_5:513039A,T
Ctyz_5:583023C,T
Ctyz_5:591524A,T
Ctyz_5:594221C,T
Ctyz_5:598845A,T
Ctyz_5:605768A,C
Ctyz_5:605769A,G
Ctyz_5:606533C,T
Ctyz_5:608360C,T
Ctyz_5:608366C,T
Ctyz_5:663182A,T
Ctyz_5:668481A,T
Ctyz_5:687367A,T
Ctyz_5:726132C,G
Ctyz_5:728968A,T
Ctyz_5:736655C,G
Ctyz_5:737776A,G
Ctyz_5:737778C,G
Ctyz_5:805469C,T
Ctyz_5:820018C,T
Ctyz_5:820022C,T
Ctyz_5:820025C,T
Ctyz_5:822098A,T
Ctyz_5:822428A,T
Ctyz_5:822850A,G
Ctyz_5:848890A,G
Ctyz_5:848892A,T
Ctyz_5:867948A,G
Ctyz_6:5204C,T
Ctyz_6:5438C,T
Ctyz_6:5443A,G
Ctyz_6:5444A,C
Ctyz_6:5489A,T
Ctyz_6:5695A,G
Ctyz_6:5769A,T
Ctyz_6:5770A,G
Ctyz_6:5823A,G
Ctyz_6:5878A,G
Ctyz_6:5881A,C
Ctyz_6:5893A,G
Ctyz_6:5907G,T
Ctyz_6:5909C,T
Ctyz_6:5911C,T
Ctyz_6:5913A,C
Ctyz_6:5927A,G
Ctyz_6:5969C,T
Ctyz_6:5973A,T
Ctyz_6:6001A,T
Ctyz_6:8511C,T
Ctyz_6:10050G,T
Ctyz_6:10067G,T
Ctyz_6:26676C,T
Ctyz_6:42510C,T
Ctyz_6:42516A,G
Ctyz_6:58421C,T
Ctyz_6:63473A,G
Ctyz_6:63542A,G
Ctyz_6:63794C,T
Ctyz_6:80364A,T
Ctyz_6:104038A,T
Ctyz_6:104422A,G
Ctyz_6:111894A,G
Ctyz_6:113547C,T
Ctyz_6:172473G,T
Ctyz_6:198013C,T
Ctyz_6:249241A,T
Ctyz_6:255187A,G
Ctyz_6:259841C,T
Ctyz_6:290910A,G
Ctyz_6:307752A,G
Ctyz_6:311306C,T
Ctyz_6:360907C,T
Ctyz_6:360989A,G
Ctyz_6:371152C,T
Ctyz_6:594928A,T
Ctyz_6:695228G,T
Ctyz_6:695236C,T
Ctyz_6:715329A,T
Ctyz_6:720567C,T
Ctyz_6:720569A,T
Ctyz_6:781626A,T
Ctyz_6:810684A,G
Ctyz_6:815380C,T
Ctyz_6:857228A,G
Ctyz_6:901975C,T
Ctyz_6:909808A,C
Ctyz_6:910967A,G
Ctyz_6:967264A,T
Ctyz_6:971142G,T
Ctyz_6:984373C,T
Ctyz_6:1009094A,G
Ctyz_6:1010408A,G
Ctyz_6:1064052C,T
Ctyz_6:1102213C,T
Ctyz_6:1116358C,T
Ctyz_6:1116360A,T
Ctyz_6:1136720A,G
Ctyz_6:1171362C,T
Ctyz_6:1210214C,T
Ctyz_6:1210262A,G
Ctyz_6:1213793A,G
Ctyz_6:1228629A,C
Ctyz_6:1235378A,C
Ctyz_6:1253763A,G
Ctyz_6:1272417C,G
Ctyz_6:1279046G,T
Ctyz_6:1279194C,T
Ctyz_6:1279202C,T
Ctyz_6:1279205A,C
Ctyz_6:1279221A,G
Ctyz_7:177A,G
Ctyz_7:225C,T
Ctyz_7:248G,T
Ctyz_7:463A,G
Ctyz_7:986C,T
Ctyz_7:1026C,G
Ctyz_7:1374C,T
Ctyz_7:1642C,T
Ctyz_7:2008A,G
Ctyz_7:2281A,G
Ctyz_7:2318C,T
Ctyz_7:2348C,T
Ctyz_7:2622C,T
Ctyz_7:3640A,G
Ctyz_7:4214C,T
Ctyz_7:4336C,T
Ctyz_7:4780C,T
Ctyz_7:5107A,T
Ctyz_7:5130A,C
Ctyz_7:6450A,T
Ctyz_7:6459C,T
Ctyz_7:7175C,G
Ctyz_7:7435A,T
Ctyz_7:7447C,T
Ctyz_7:7449A,C
Ctyz_7:7635A,T
Ctyz_7:8814A,T
Ctyz_7:106041G,T
Ctyz_7:118227A,G
Ctyz_7:130431A,T
Ctyz_7:130523A,T
Ctyz_7:171657C,T
Ctyz_7:237174C,T
Ctyz_7:262955A,T
Ctyz_7:274621A,G
Ctyz_7:274858A,T
Ctyz_7:274861A,T
Ctyz_7:333565A,G
Ctyz_7:334101A,G
Ctyz_7:337298A,C
Ctyz_7:343273C,T
Ctyz_7:355038A,G
Ctyz_7:409982A,G
Ctyz_7:546564A,T
Ctyz_7:555024C,T
Ctyz_7:559047C,G
Ctyz_7:563738C,T
Ctyz_7:594730C,G
Ctyz_7:609347C,T
Ctyz_7:663447G,T
Ctyz_7:719074C,T
Ctyz_7:781679G,T
Ctyz_7:874121A,G
Ctyz_7:880190A,G
Ctyz_7:890122A,G
Ctyz_7:891531A,G
Ctyz_7:891538A,G
Ctyz_7:891575C,G
Ctyz_7:891725A,G
Ctyz_7:891727A,G
Ctyz_7:891731A,G
Ctyz_7:892237A,T
Ctyz_7:892827G,T
Ctyz_7:898896A,T
Ctyz_7:906083C,T
Ctyz_7:954453A,C
Ctyz_7:975315C,T
Ctyz_7:1016572C,T
Ctyz_7:1160995A,G
Ctyz_7:1272183G,T
Ctyz_7:1275022C,T
Ctyz_7:1275104A,G
Ctyz_7:1277385A,G
Ctyz_7:1278504C,T
Ctyz_7:1278508A,G
Ctyz_7:1278536A,T
Ctyz_7:1278552C,T
Ctyz_7:1278564A,C
Ctyz_8:5015A,G
Ctyz_8:23483A,C
Ctyz_8:122393C,T
Ctyz_8:152113A,T
Ctyz_8:166546A,C
Ctyz_8:166699C,G
Ctyz_8:168456C,T
Ctyz_8:168463A,T
Ctyz_8:170900A,T
Ctyz_8:172213A,C
Ctyz_8:174765A,G
Ctyz_8:262083A,T
Ctyz_8:311096A,G
Ctyz_8:314198A,G
Ctyz_8:346419A,T
Ctyz_8:347852A,T
Ctyz_8:466591A,G
Ctyz_8:471158C,T
Ctyz_8:479376C,T
Ctyz_8:541398C,T
Ctyz_8:552764G,T
Ctyz_8:553131A,T
Ctyz_8:574614A,G
Ctyz_8:579178A,G
Ctyz_8:638464C,G
Ctyz_8:663187A,T
Ctyz_8:699842A,G
Ctyz_8:699843G,T
Ctyz_8:730983G,T
Ctyz_8:866595A,T
Ctyz_8:869817C,T
Ctyz_8:885873C,T
Ctyz_8:891072A,G
Ctyz_8:934664C,T
Ctyz_8:982913A,G
Ctyz_8:986502C,G
Ctyz_8:1006147A,T
Ctyz_8:1059128A,G
Ctyz_8:1067527A,T
Ctyz_8:1069613C,T
Ctyz_8:1083695A,G
Ctyz_8:1115131A,T
Ctyz_8:1118067C,T
Ctyz_8:1120572A,C
Ctyz_8:1130795A,G
Ctyz_8:1161625A,T
Ctyz_8:1167624C,T
Ctyz_8:1181036C,T
Ctyz_8:1182003A,T
Ctyz_8:1182004A,T
Ctyz_8:1186036C,T
Ctyz_8:1197945G,T
Ctyz_8:1223639A,G
Ctyz_8:1237346A,G
Ctyz_8:1287876C,T
Ctyz_8:1296390C,T
Ctyz_8:1302014A,G
Ctyz_00_3:66168A,T
Ctyz_00_3:69704A,G
Ctyz_00_3:98453A,T
Ctyz_00_3:101611A,T
Ctyz_00_3:106450G,T
Ctyz_00_3:108798G,T
