Ctyz_1:8416A,G
Ctyz_1:25172A,G
Ctyz_1:34743A,G
Ctyz_1:55236A,G
Ctyz_1:65001C,T
Ctyz_1:91735A,T
Ctyz_1:95181A,G
Ctyz_1:95571C,T
Ctyz_1:95915C,G
Ctyz_1:96724A,G
Ctyz_1:96733C,T
Ctyz_1:99075A,G
Ctyz_1:113549A,C
Ctyz_1:113551A,G
Ctyz_1:116874A,T
Ctyz_1:122359A,C
Ctyz_1:142173A,G
Ctyz_1:149005A,T
Ctyz_1:149489A,G
Ctyz_1:163721C,G
Ctyz_1:165754A,C
Ctyz_1:169271C,T
Ctyz_1:188808A,G
Ctyz_1:192568A,C
Ctyz_1:241286A,C
Ctyz_1:356929A,G
Ctyz_1:369219A,T
Ctyz_1:369237C,T
Ctyz_1:374956G,T
Ctyz_1:379358A,G
Ctyz_1:443671A,T
Ctyz_1:443675A,T
Ctyz_1:450548C,G
Ctyz_1:470889A,T
Ctyz_1:585373G,T
Ctyz_1:646049G,T
Ctyz_1:686364A,C
Ctyz_1:689677A,T
Ctyz_1:707651C,T
Ctyz_1:715061G,T
Ctyz_1:747305A,C
Ctyz_1:747968C,T
Ctyz_1:750207A,T
Ctyz_1:757279A,G
Ctyz_1:790177A,T
Ctyz_1:808298A,T
Ctyz_1:818125C,T
Ctyz_1:818136C,T
Ctyz_1:818159C,T
Ctyz_1:848770A,G
Ctyz_1:848978C,T
Ctyz_1:860955A,T
Ctyz_1:864467A,T
Ctyz_2:25322A,T
Ctyz_2:28147A,G
Ctyz_2:61065A,T
Ctyz_2:90605A,G
Ctyz_2:105618G,T
Ctyz_2:109468C,T
Ctyz_2:116053C,T
Ctyz_2:147162A,T
Ctyz_2:159663A,T
Ctyz_2:161596C,T
Ctyz_2:161897C,T
Ctyz_2:161902C,T
Ctyz_2:161908A,C
Ctyz_2:161909A,C
Ctyz_2:161911A,T
Ctyz_2:161912C,T
Ctyz_2:164562C,T
Ctyz_2:169077A,T
Ctyz_2:194997A,G
Ctyz_2:217681A,G
Ctyz_2:299127C,G
Ctyz_2:351768C,T
Ctyz_2:419622A,G
Ctyz_2:506667C,T
Ctyz_2:511462A,G
Ctyz_2:536340A,C
Ctyz_2:596911A,T
Ctyz_2:621327A,G
Ctyz_2:637974C,T
Ctyz_2:643992A,T
Ctyz_2:649484A,T
Ctyz_2:685965C,T
Ctyz_2:697338C,T
Ctyz_2:702948C,T
Ctyz_2:718715A,G
Ctyz_2:718725A,G
Ctyz_2:722285A,T
Ctyz_2:731779C,T
Ctyz_2:745646A,T
Ctyz_2:745649A,T
Ctyz_2:745655A,T
Ctyz_2:745658A,T
Ctyz_2:745661A,T
Ctyz_2:745664A,T
Ctyz_2:747644A,G
Ctyz_2:750511C,G
Ctyz_2:751032C,T
Ctyz_2:762002A,G
Ctyz_2:764809A,T
Ctyz_2:804204C,T
Ctyz_2:815846A,T
Ctyz_2:822595C,T
Ctyz_2:822601A,G
Ctyz_2:824665A,T
Ctyz_2:825300G,T
Ctyz_2:827819C,T
Ctyz_2:831889A,G
Ctyz_2:853281C,G
Ctyz_2:860257A,G
Ctyz_2:863133A,C
Ctyz_2:876469C,T
Ctyz_2:882060A,G
Ctyz_2:891129A,C
Ctyz_2:891140C,G
Ctyz_2:908269A,G
Ctyz_2:964853G,T
Ctyz_2:968685C,T
Ctyz_2:973871A,T
Ctyz_2:974199G,T
Ctyz_2:975501C,T
Ctyz_2:975603C,T
Ctyz_2:975937C,T
Ctyz_2:980270A,T
Ctyz_2:986885A,G
Ctyz_2:987024C,T
Ctyz_2:987341A,G
Ctyz_2:987392G,T
Ctyz_2:988067C,T
Ctyz_2:988574C,T
Ctyz_2:988800C,T
Ctyz_2:988806A,G
Ctyz_2:988877C,T
Ctyz_2:989314G,T
Ctyz_3:24495A,G
Ctyz_3:58987A,G
Ctyz_3:58989C,T
Ctyz_3:58991A,G
Ctyz_3:74569A,G
Ctyz_3:76940C,T
Ctyz_3:83996A,T
Ctyz_3:94814A,T
Ctyz_3:97215A,G
Ctyz_3:178441A,T
Ctyz_3:181840A,T
Ctyz_3:181909A,T
Ctyz_3:186496A,G
Ctyz_3:188809C,T
Ctyz_3:192570C,T
Ctyz_3:225537C,T
Ctyz_3:229344A,T
Ctyz_3:231996A,T
Ctyz_3:273959A,T
Ctyz_3:273964A,T
Ctyz_3:300385A,G
Ctyz_3:308366A,G
Ctyz_3:308374A,G
Ctyz_3:325989A,G
Ctyz_3:329585C,T
Ctyz_3:339574G,T
Ctyz_3:381884A,T
Ctyz_3:383602A,T
Ctyz_3:383605C,T
Ctyz_3:419071A,G
Ctyz_3:447935A,T
Ctyz_3:449105A,G
Ctyz_3:449106G,T
Ctyz_3:449144A,T
Ctyz_3:460614A,C
Ctyz_3:461990A,G
Ctyz_3:462427C,T
Ctyz_3:468012G,T
Ctyz_3:473675C,T
Ctyz_3:556868C,T
Ctyz_3:608328A,T
Ctyz_3:634837G,T
Ctyz_3:681278A,C
Ctyz_3:684064G,T
Ctyz_3:739720A,G
Ctyz_3:749515C,T
Ctyz_3:750912A,T
Ctyz_3:765544C,T
Ctyz_3:770638C,T
Ctyz_3:826559A,T
Ctyz_3:839041C,T
Ctyz_3:862916A,G
Ctyz_3:871266A,T
Ctyz_3:882747C,T
Ctyz_3:896144A,T
Ctyz_3:908007A,G
Ctyz_3:908010A,G
Ctyz_3:909023C,G
Ctyz_3:913960C,T
Ctyz_3:917870A,G
Ctyz_3:918888C,T
Ctyz_3:948219C,G
Ctyz_3:949359A,T
Ctyz_3:972831A,T
Ctyz_3:987006A,G
Ctyz_3:988563A,C
Ctyz_3:996891C,T
Ctyz_3:1013224C,T
Ctyz_3:1021680A,T
Ctyz_3:1021719A,T
Ctyz_3:1022888A,G
Ctyz_3:1028073A,G
Ctyz_3:1029348C,T
Ctyz_3:1029413C,T
Ctyz_3:1030648A,C
Ctyz_3:1031604A,G
Ctyz_3:1039832C,T
Ctyz_3:1055417C,T
Ctyz_3:1060313C,T
Ctyz_3:1084797G,T
Ctyz_4:9200C,T
Ctyz_4:11217C,T
Ctyz_4:11457C,T
Ctyz_4:20765A,G
Ctyz_4:20772A,T
Ctyz_4:63463A,G
Ctyz_4:170211A,G
Ctyz_4:170433A,G
Ctyz_4:217947A,G
Ctyz_4:220450A,G
Ctyz_4:234977C,T
Ctyz_4:272887A,C
Ctyz_4:275010A,C
Ctyz_4:320408A,C
Ctyz_4:338088A,G
Ctyz_4:363549C,T
Ctyz_4:363552C,G
Ctyz_4:364482C,T
Ctyz_4:393631C,T
Ctyz_4:393642C,T
Ctyz_4:422442C,T
Ctyz_4:530471G,T
Ctyz_4:594188A,G
Ctyz_4:617387A,G
Ctyz_4:619824A,G
Ctyz_4:621546C,T
Ctyz_4:637835G,T
Ctyz_4:639906A,C
Ctyz_4:672856A,G
Ctyz_4:683378G,T
Ctyz_4:759298A,T
Ctyz_4:806608A,T
Ctyz_4:807715C,T
Ctyz_4:808284C,T
Ctyz_4:808325A,G
Ctyz_4:808328A,C
Ctyz_4:808851A,T
Ctyz_4:811599A,G
Ctyz_4:811924A,G
Ctyz_4:813451A,G
Ctyz_4:814427A,C
Ctyz_4:822023A,G
Ctyz_4:830396C,T
Ctyz_4:845699C,T
Ctyz_4:850724C,T
Ctyz_4:851767C,T
Ctyz_4:851811C,T
Ctyz_4:852166A,C
Ctyz_4:852168A,C
Ctyz_4:853330A,G
Ctyz_4:857208A,C
Ctyz_4:857215C,T
Ctyz_4:889903C,T
Ctyz_4:894743A,G
Ctyz_4:906516A,G
Ctyz_4:978856C,T
Ctyz_4:985480A,G
Ctyz_4:995245A,T
Ctyz_4:995974A,G
Ctyz_4:995996C,T
Ctyz_4:1034842A,T
Ctyz_4:1036280A,T
Ctyz_4:1057585C,T
Ctyz_4:1068093A,G
Ctyz_4:1083809C,G
Ctyz_5:6445C,T
Ctyz_5:6470A,T
Ctyz_5:6473A,C
Ctyz_5:6498A,T
Ctyz_5:6503C,T
Ctyz_5:6597A,G
Ctyz_5:10219A,T
Ctyz_5:10432G,T
Ctyz_5:10433C,T
Ctyz_5:10435G,T
Ctyz_5:28569C,T
Ctyz_5:30389C,G
Ctyz_5:30390G,T
Ctyz_5:30416C,T
Ctyz_5:30418C,G
Ctyz_5:30419C,T
Ctyz_5:43148A,T
Ctyz_5:74339C,T
Ctyz_5:82426A,C
Ctyz_5:82432A,C
Ctyz_5:82456A,C
Ctyz_5:109528A,G
Ctyz_5:109543A,G
Ctyz_5:112676A,G
Ctyz_5:113143A,G
Ctyz_5:132468A,G
Ctyz_5:145606A,G
Ctyz_5:162133A,G
Ctyz_5:166820A,T
Ctyz_5:184751C,T
Ctyz_5:235702C,T
Ctyz_5:237257A,G
Ctyz_5:244989A,G
Ctyz_5:327174G,T
Ctyz_5:339564C,T
Ctyz_5:358080A,T
Ctyz_5:381229A,T
Ctyz_5:392401C,T
Ctyz_5:425499A,T
Ctyz_5:430172C,T
Ctyz_5:431734A,T
Ctyz_5:431765A,C
Ctyz_5:431772A,T
Ctyz_5:431842A,G
Ctyz_5:431844C,T
Ctyz_5:468955A,G
Ctyz_5:492955A,T
Ctyz_5:493910A,G
Ctyz_5:500409C,T
Ctyz_5:513039A,T
Ctyz_5:533223C,T
Ctyz_5:533241C,T
Ctyz_5:533277C,T
Ctyz_5:566259A,T
Ctyz_5:583023C,T
Ctyz_5:594221C,T
Ctyz_5:598845A,T
Ctyz_5:605768A,C
Ctyz_5:605769A,G
Ctyz_5:606533C,T
Ctyz_5:608265C,T
Ctyz_5:608360C,T
Ctyz_5:608366C,T
Ctyz_5:608372C,T
Ctyz_5:608384C,T
Ctyz_5:608414C,T
Ctyz_5:655572C,T
Ctyz_5:663182A,T
Ctyz_5:671649A,T
Ctyz_5:687367A,T
Ctyz_5:726132C,G
Ctyz_5:728968A,T
Ctyz_5:736655C,G
Ctyz_5:737776A,G
Ctyz_5:737778C,G
Ctyz_5:784035A,G
Ctyz_5:805469C,T
Ctyz_5:810887C,T
Ctyz_5:820018C,T
Ctyz_5:820022C,T
Ctyz_5:820025C,T
Ctyz_5:822098A,T
Ctyz_5:822428A,T
Ctyz_5:822850A,G
Ctyz_5:848890A,G
Ctyz_5:848892A,T
Ctyz_5:867948A,G
Ctyz_5:889520C,T
Ctyz_5:893951A,G
Ctyz_6:4901G,T
Ctyz_6:4903C,T
Ctyz_6:4934C,T
Ctyz_6:5162C,T
Ctyz_6:5164G,T
Ctyz_6:5168G,T
Ctyz_6:5189C,T
Ctyz_6:5194A,G
Ctyz_6:5199G,T
Ctyz_6:5214G,T
Ctyz_6:5229G,T
Ctyz_6:5507A,G
Ctyz_6:5511C,T
Ctyz_6:5519A,G
Ctyz_6:5528A,C
Ctyz_6:5552A,G
Ctyz_6:5553C,T
Ctyz_6:5554C,T
Ctyz_6:5561A,G
Ctyz_6:5564C,T
Ctyz_6:5620A,G
Ctyz_6:5622C,T
Ctyz_6:5693C,T
Ctyz_6:5695A,G
Ctyz_6:5705A,G
Ctyz_6:5769A,T
Ctyz_6:5770A,G
Ctyz_6:5823A,G
Ctyz_6:5878A,G
Ctyz_6:5881A,C
Ctyz_6:5893A,G
Ctyz_6:5907G,T
Ctyz_6:5909C,T
Ctyz_6:5911C,T
Ctyz_6:5913A,C
Ctyz_6:5927A,G
Ctyz_6:5969C,T
Ctyz_6:5973A,T
Ctyz_6:6000G,T
Ctyz_6:6001A,T
Ctyz_6:8058C,T
Ctyz_6:8511C,T
Ctyz_6:10050G,T
Ctyz_6:10067G,T
Ctyz_6:14727A,G
Ctyz_6:14736A,G
Ctyz_6:26676C,T
Ctyz_6:37803A,G
Ctyz_6:39964A,T
Ctyz_6:42510C,T
Ctyz_6:42516A,G
Ctyz_6:63473A,G
Ctyz_6:63485A,G
Ctyz_6:63497A,G
Ctyz_6:63515A,G
Ctyz_6:63535C,T
Ctyz_6:63542A,G
Ctyz_6:63776A,T
Ctyz_6:63794C,T
Ctyz_6:75814C,T
Ctyz_6:80364A,T
Ctyz_6:104038A,T
Ctyz_6:104422A,G
Ctyz_6:111894A,G
Ctyz_6:113547C,T
Ctyz_6:162467G,T
Ctyz_6:172473G,T
Ctyz_6:199630A,T
Ctyz_6:199636A,T
Ctyz_6:249241A,T
Ctyz_6:259841C,T
Ctyz_6:290910A,G
Ctyz_6:307752A,G
Ctyz_6:311306C,T
Ctyz_6:360907C,T
Ctyz_6:360989A,G
Ctyz_6:371152C,T
Ctyz_6:656314C,T
Ctyz_6:689352C,T
Ctyz_6:695228G,T
Ctyz_6:695236C,T
Ctyz_6:715329A,T
Ctyz_6:720567C,T
Ctyz_6:720569A,T
Ctyz_6:735736G,T
Ctyz_6:781626A,T
Ctyz_6:810684A,G
Ctyz_6:815380C,T
Ctyz_6:881718C,T
Ctyz_6:899714A,G
Ctyz_6:901975C,T
Ctyz_6:905240C,T
Ctyz_6:909808A,C
Ctyz_6:910967A,G
Ctyz_6:942216C,T
Ctyz_6:943929A,G
Ctyz_6:943983A,G
Ctyz_6:967264A,T
Ctyz_6:971142G,T
Ctyz_6:984373C,T
Ctyz_6:1010408A,G
Ctyz_6:1064052C,T
Ctyz_6:1114589C,T
Ctyz_6:1116358C,T
Ctyz_6:1135422A,C
Ctyz_6:1136720A,G
Ctyz_6:1163834C,T
Ctyz_6:1171362C,T
Ctyz_6:1199810A,T
Ctyz_6:1201292A,T
Ctyz_6:1210214C,T
Ctyz_6:1210262A,G
Ctyz_6:1213793A,G
Ctyz_6:1228629A,C
Ctyz_6:1253763A,G
Ctyz_6:1261966A,T
Ctyz_6:1269698A,G
Ctyz_6:1279046G,T
Ctyz_6:1279089A,T
Ctyz_6:1279123A,T
Ctyz_6:1279125A,T
Ctyz_7:2008A,G
Ctyz_7:2281A,G
Ctyz_7:2318C,T
Ctyz_7:2348C,T
Ctyz_7:2622C,T
Ctyz_7:3640A,G
Ctyz_7:4336C,T
Ctyz_7:4780C,T
Ctyz_7:5107A,T
Ctyz_7:5130A,C
Ctyz_7:6450A,T
Ctyz_7:6459C,T
Ctyz_7:6746C,T
Ctyz_7:7175C,G
Ctyz_7:7435A,T
Ctyz_7:7447C,T
Ctyz_7:7449A,C
Ctyz_7:7635A,T
Ctyz_7:8814A,T
Ctyz_7:106041G,T
Ctyz_7:108532A,C
Ctyz_7:118227A,G
Ctyz_7:130431A,T
Ctyz_7:130523A,T
Ctyz_7:146896A,G
Ctyz_7:169613G,T
Ctyz_7:171657C,T
Ctyz_7:189076C,T
Ctyz_7:237174C,T
Ctyz_7:254001C,G
Ctyz_7:254025C,G
Ctyz_7:262955A,T
Ctyz_7:268461A,C
Ctyz_7:272283C,T
Ctyz_7:272286A,C
Ctyz_7:272290C,T
Ctyz_7:272305C,T
Ctyz_7:272356C,T
Ctyz_7:272382A,C
Ctyz_7:272383C,T
Ctyz_7:272386C,T
Ctyz_7:272413C,T
Ctyz_7:274621A,G
Ctyz_7:274858A,T
Ctyz_7:274861A,T
Ctyz_7:275569A,G
Ctyz_7:333565A,G
Ctyz_7:334101A,G
Ctyz_7:337298A,C
Ctyz_7:343085C,G
Ctyz_7:343273C,T
Ctyz_7:409982A,G
Ctyz_7:546564A,T
Ctyz_7:555024C,T
Ctyz_7:559047C,G
Ctyz_7:563738C,T
Ctyz_7:594730C,G
Ctyz_7:607821A,G
Ctyz_7:609347C,T
Ctyz_7:663447G,T
Ctyz_7:719074C,T
Ctyz_7:781679G,T
Ctyz_7:867281G,T
Ctyz_7:868323C,T
Ctyz_7:871008C,T
Ctyz_7:874121A,G
Ctyz_7:880190A,G
Ctyz_7:887616A,C
Ctyz_7:891531A,G
Ctyz_7:891538A,G
Ctyz_7:891575C,G
Ctyz_7:891725A,G
Ctyz_7:891727A,G
Ctyz_7:891731A,G
Ctyz_7:892237A,T
Ctyz_7:892827G,T
Ctyz_7:892887A,G
Ctyz_7:893994A,G
Ctyz_7:898896A,T
Ctyz_7:903318A,T
Ctyz_7:906083C,T
Ctyz_7:911080A,T
Ctyz_7:911158A,T
Ctyz_7:911275A,T
Ctyz_7:911278A,T
Ctyz_7:954453A,C
Ctyz_7:975315C,T
Ctyz_7:1015745A,G
Ctyz_7:1016572C,T
Ctyz_7:1160995A,G
Ctyz_7:1272183G,T
Ctyz_7:1275022C,T
Ctyz_7:1275104A,G
Ctyz_7:1277385A,G
Ctyz_7:1278504C,T
Ctyz_7:1278508A,G
Ctyz_7:1278522A,T
Ctyz_7:1278536A,T
Ctyz_7:1278552C,T
Ctyz_7:1278564A,C
Ctyz_7:1278775C,T
Ctyz_8:5015A,G
Ctyz_8:11222C,T
Ctyz_8:114466C,T
Ctyz_8:122393C,T
Ctyz_8:122482C,T
Ctyz_8:130939C,T
Ctyz_8:152113A,T
Ctyz_8:161336A,C
Ctyz_8:168217A,C
Ctyz_8:168456C,T
Ctyz_8:168463A,T
Ctyz_8:168474A,C
Ctyz_8:170739C,T
Ctyz_8:170900A,T
Ctyz_8:172213A,C
Ctyz_8:174765A,G
Ctyz_8:186406C,T
Ctyz_8:210556A,T
Ctyz_8:262083A,T
Ctyz_8:279517A,T
Ctyz_8:311096A,G
Ctyz_8:314198A,G
Ctyz_8:346419A,T
Ctyz_8:346572A,C
Ctyz_8:347852A,T
Ctyz_8:373790A,C
Ctyz_8:373795A,G
Ctyz_8:466591A,G
Ctyz_8:469030A,G
Ctyz_8:471158C,T
Ctyz_8:479376C,T
Ctyz_8:541398C,T
Ctyz_8:552764G,T
Ctyz_8:553131A,T
Ctyz_8:565159A,G
Ctyz_8:568154A,G
Ctyz_8:574614A,G
Ctyz_8:579178A,G
Ctyz_8:581684G,T
Ctyz_8:581939C,T
Ctyz_8:638464C,G
Ctyz_8:663187A,T
Ctyz_8:663208A,C
Ctyz_8:699842A,G
Ctyz_8:699843G,T
Ctyz_8:711150A,T
Ctyz_8:726521A,G
Ctyz_8:726615A,G
Ctyz_8:730983G,T
Ctyz_8:866595A,T
Ctyz_8:869817C,T
Ctyz_8:885873C,T
Ctyz_8:895318C,G
Ctyz_8:934664C,T
Ctyz_8:978829A,T
Ctyz_8:982913A,G
Ctyz_8:986502C,G
Ctyz_8:989138A,T
Ctyz_8:1006147A,T
Ctyz_8:1017123A,T
Ctyz_8:1059128A,G
Ctyz_8:1069613C,T
Ctyz_8:1083695A,G
Ctyz_8:1091567A,G
Ctyz_8:1094441C,T
Ctyz_8:1094443C,T
Ctyz_8:1115131A,T
Ctyz_8:1117929C,T
Ctyz_8:1117983C,T
Ctyz_8:1118025C,T
Ctyz_8:1118027C,T
Ctyz_8:1118067C,T
Ctyz_8:1120106A,G
Ctyz_8:1120572A,C
Ctyz_8:1130795A,G
Ctyz_8:1161625A,T
Ctyz_8:1162277A,T
Ctyz_8:1167624C,T
Ctyz_8:1181036C,T
Ctyz_8:1181459C,T
Ctyz_8:1186036C,T
Ctyz_8:1197945G,T
Ctyz_8:1212638C,G
Ctyz_8:1217033C,T
Ctyz_8:1223639A,G
Ctyz_8:1237346A,G
Ctyz_8:1296390C,T
Ctyz_8:1302014A,G
Ctyz_8:1306352C,T
Ctyz_00_1:5430A,G
Ctyz_00_3:27652C,T
Ctyz_00_3:66168A,T
Ctyz_00_3:69704A,G
Ctyz_00_3:98453A,T
Ctyz_00_3:101611A,T
Ctyz_00_3:106019A,T
Ctyz_00_3:106450G,T
Ctyz_00_3:108798G,T
