Ctyz_1:91735A,T
Ctyz_1:99075A,G
Ctyz_1:116874A,T
Ctyz_1:163721C,G
Ctyz_1:241286A,C
Ctyz_1:707651C,T
Ctyz_1:715061G,T
Ctyz_1:790177A,T
Ctyz_2:105618G,T
Ctyz_2:109468C,T
Ctyz_2:147162A,T
Ctyz_2:159663A,T
Ctyz_2:161596C,T
Ctyz_2:161897C,T
Ctyz_2:161908A,C
Ctyz_2:161909A,C
Ctyz_2:161911A,T
Ctyz_2:161912C,T
Ctyz_2:637974C,T
Ctyz_2:649484A,T
Ctyz_2:747644A,G
Ctyz_2:750511C,G
Ctyz_2:751032C,T
Ctyz_2:762509C,T
Ctyz_2:764809A,T
Ctyz_2:831889A,G
Ctyz_2:853281C,G
Ctyz_2:860257A,G
Ctyz_2:863133A,C
Ctyz_2:908269A,G
Ctyz_2:975603C,T
Ctyz_2:980270A,T
Ctyz_2:987341A,G
Ctyz_2:987392G,T
Ctyz_2:988574C,T
Ctyz_2:988877C,T
Ctyz_2:989314G,T
Ctyz_3:76940C,T
Ctyz_3:83996A,T
Ctyz_3:94814A,T
Ctyz_3:97215A,G
Ctyz_3:181840A,T
Ctyz_3:181909A,T
Ctyz_3:460614A,C
Ctyz_3:634837G,T
Ctyz_3:826559A,T
Ctyz_3:832237A,T
Ctyz_3:896144A,T
Ctyz_3:908007A,G
Ctyz_3:908010A,G
Ctyz_3:918888C,T
Ctyz_3:948219C,G
Ctyz_3:949359A,T
Ctyz_3:972831A,T
Ctyz_3:988563A,C
Ctyz_3:1021680A,T
Ctyz_3:1021719A,T
Ctyz_3:1084797G,T
Ctyz_4:9200C,T
Ctyz_4:170211A,G
Ctyz_4:170433A,G
Ctyz_4:272887A,C
Ctyz_4:637835G,T
Ctyz_4:759298A,T
Ctyz_4:807715C,T
Ctyz_4:808284C,T
Ctyz_4:808325A,G
Ctyz_4:808328A,C
Ctyz_4:808851A,T
Ctyz_4:830396C,T
Ctyz_4:850724C,T
Ctyz_4:851767C,T
Ctyz_4:851811C,T
Ctyz_4:978856C,T
Ctyz_4:995245A,T
Ctyz_4:1034842A,T
Ctyz_4:1036280A,T
Ctyz_4:1083809C,G
Ctyz_5:10432G,T
Ctyz_5:10433C,T
Ctyz_5:10435G,T
Ctyz_5:28569C,T
Ctyz_5:74339C,T
Ctyz_5:109528A,G
Ctyz_5:112676A,G
Ctyz_5:132468A,G
Ctyz_5:145606A,G
Ctyz_5:237257A,G
Ctyz_5:392401C,T
Ctyz_5:492955A,T
Ctyz_5:500409C,T
Ctyz_5:513039A,T
Ctyz_5:583023C,T
Ctyz_5:594221C,T
Ctyz_5:605769A,G
Ctyz_5:655572C,T
Ctyz_5:663182A,T
Ctyz_5:668481A,T
Ctyz_5:671649A,T
Ctyz_5:726132C,G
Ctyz_5:728968A,T
Ctyz_5:784035A,G
Ctyz_5:810887C,T
Ctyz_5:822098A,T
Ctyz_5:893951A,G
Ctyz_6:4901G,T
Ctyz_6:4903C,T
Ctyz_6:4934C,T
Ctyz_6:5162C,T
Ctyz_6:5164G,T
Ctyz_6:5168G,T
Ctyz_6:6001A,T
Ctyz_6:37803A,G
Ctyz_6:39964A,T
Ctyz_6:63776A,T
Ctyz_6:63794C,T
Ctyz_6:75814C,T
Ctyz_6:80364A,T
Ctyz_6:104038A,T
Ctyz_6:162467G,T
Ctyz_6:172473G,T
Ctyz_6:249241A,T
Ctyz_6:810684A,G
Ctyz_6:1136720A,G
Ctyz_6:1171362C,T
Ctyz_6:1201292A,T
Ctyz_6:1253763A,G
Ctyz_7:6450A,T
Ctyz_7:6459C,T
Ctyz_7:7435A,T
Ctyz_7:7447C,T
Ctyz_7:7449A,C
Ctyz_7:7635A,T
Ctyz_7:8814A,T
Ctyz_7:106041G,T
Ctyz_7:108532A,C
Ctyz_7:130431A,T
Ctyz_7:130523A,T
Ctyz_7:169613G,T
Ctyz_7:272290C,T
Ctyz_7:274621A,G
Ctyz_7:274858A,T
Ctyz_7:274861A,T
Ctyz_7:333565A,G
Ctyz_7:334101A,G
Ctyz_7:343273C,T
Ctyz_7:594730C,G
Ctyz_7:868323C,T
Ctyz_7:890122A,G
Ctyz_7:892827G,T
Ctyz_7:892887A,G
Ctyz_7:903318A,T
Ctyz_7:1016572C,T
Ctyz_7:1278504C,T
Ctyz_7:1278508A,G
Ctyz_7:1278522A,T
Ctyz_7:1278536A,T
Ctyz_7:1278552C,T
Ctyz_7:1278564A,C
Ctyz_7:1278775C,T
Ctyz_8:11222C,T
Ctyz_8:130939C,T
Ctyz_8:161336A,C
Ctyz_8:174765A,G
Ctyz_8:262083A,T
Ctyz_8:314198A,G
Ctyz_8:373790A,C
Ctyz_8:373795A,G
Ctyz_8:574614A,G
Ctyz_8:579178A,G
Ctyz_8:989138A,T
Ctyz_8:1055373A,T
Ctyz_8:1059128A,G
Ctyz_8:1094441C,T
Ctyz_8:1094443C,T
Ctyz_8:1117983C,T
Ctyz_8:1120106A,G
Ctyz_8:1162277A,T
Ctyz_8:1167624C,T
Ctyz_8:1181036C,T
Ctyz_8:1197945G,T
Ctyz_8:1212638C,G
Ctyz_8:1217033C,T
Ctyz_8:1237346A,G
Ctyz_00_1:5430A,G
Ctyz_00_3:106019A,T
