Ctyz_1:34743A,G
Ctyz_1:91735A,T
Ctyz_1:790177A,T
Ctyz_1:808298A,T
Ctyz_2:28147A,G
Ctyz_2:147162A,T
Ctyz_2:161897C,T
Ctyz_2:161902C,T
Ctyz_2:161908A,C
Ctyz_2:161909A,C
Ctyz_2:161911A,T
Ctyz_2:860257A,G
Ctyz_3:181840A,T
Ctyz_3:908007A,G
Ctyz_3:908010A,G
Ctyz_4:20772A,T
Ctyz_4:851811C,T
Ctyz_4:852168A,C
Ctyz_4:1036280A,T
Ctyz_5:10433C,T
Ctyz_5:10435G,T
Ctyz_5:82426A,C
Ctyz_5:82432A,C
Ctyz_5:82456A,C
Ctyz_5:492955A,T
Ctyz_5:566259A,T
Ctyz_5:655572C,T
Ctyz_5:728968A,T
Ctyz_5:784035A,G
Ctyz_6:6001A,T
Ctyz_6:63535C,T
Ctyz_6:63542A,G
Ctyz_6:63776A,T
Ctyz_6:172473G,T
Ctyz_6:1201292A,T
Ctyz_7:6459C,T
Ctyz_7:108532A,C
Ctyz_7:169613G,T
Ctyz_7:254025C,G
Ctyz_7:272283C,T
Ctyz_7:272286A,C
Ctyz_7:272290C,T
Ctyz_7:272305C,T
Ctyz_7:272356C,T
Ctyz_7:911158A,T
Ctyz_8:373795A,G
Ctyz_8:726615A,G
Ctyz_8:1117929C,T
Ctyz_8:1118025C,T
Ctyz_8:1118027C,T
Ctyz_8:1120106A,G
Ctyz_8:1167624C,T
Ctyz_8:1217033C,T
