PLINK v1.90b6.26 64-bit (2 Apr 2022)
Options in effect:
  --allow-extra-chr
  --double-id
  --extract /SAN/Ctyzzeri/all/results/pcaFiltered/07_samples_default.prune.in
  --make-bed
  --out /SAN/Ctyzzeri/all/results/pcaFiltered/07_samples_default
  --pca
  --set-missing-var-ids @:#$1,$2
  --vcf /SAN/Ctyzzeri/all/results/vcfDefault/07_samples_default.vcf.gz

Hostname: harriet
Working directory: /SAN/Ctyzzeri/all/scripts
Start time: Thu Jul 28 15:09:49 2022

Random number seed: 1659013789
515931 MB RAM detected; reserving 257965 MB for main workspace.
--vcf: /SAN/Ctyzzeri/all/results/pcaFiltered/07_samples_default-temporary.bed +
/SAN/Ctyzzeri/all/results/pcaFiltered/07_samples_default-temporary.bim +
/SAN/Ctyzzeri/all/results/pcaFiltered/07_samples_default-temporary.fam written.
11 variants loaded from .bim file.
11 missing IDs set.
7 people (0 males, 0 females, 7 ambiguous) loaded from .fam.
Ambiguous sex IDs written to
/SAN/Ctyzzeri/all/results/pcaFiltered/07_samples_default.nosex .
--extract: 8 variants remaining.
Using up to 95 threads (change this with --threads).
Before main variant filters, 7 founders and 0 nonfounders present.
Calculating allele frequencies... done.
Total genotyping rate is exactly 1.
8 variants and 7 people pass filters and QC.
Note: No phenotypes present.
Relationship matrix calculation complete.
Warning: calculating 7 PCs, since there are only 7 samples.
--pca: Results saved to
/SAN/Ctyzzeri/all/results/pcaFiltered/07_samples_default.eigenval and
/SAN/Ctyzzeri/all/results/pcaFiltered/07_samples_default.eigenvec .
--make-bed to /SAN/Ctyzzeri/all/results/pcaFiltered/07_samples_default.bed +
/SAN/Ctyzzeri/all/results/pcaFiltered/07_samples_default.bim +
/SAN/Ctyzzeri/all/results/pcaFiltered/07_samples_default.fam ... done.

End time: Thu Jul 28 15:09:49 2022
