Ctyz_1:2417C,T
Ctyz_1:3801A,G
Ctyz_1:6686A,G
Ctyz_1:7660A,C
Ctyz_1:13918A,G
Ctyz_1:22278C,T
Ctyz_1:22728A,G
Ctyz_1:22729A,G
Ctyz_1:22731C,T
Ctyz_1:22732A,G
Ctyz_1:22733A,C
Ctyz_1:25110A,G
Ctyz_1:25163A,G
Ctyz_1:25166A,T
Ctyz_1:25174A,G
Ctyz_1:25181A,G
Ctyz_1:25197A,G
Ctyz_1:25200G,T
Ctyz_1:25201A,G
Ctyz_1:25235C,G
Ctyz_1:25236A,G
Ctyz_1:25238A,C
Ctyz_1:25240G,T
Ctyz_1:25245A,G
Ctyz_1:25246A,C
Ctyz_1:25247C,T
Ctyz_1:25250A,T
Ctyz_1:26953G,T
Ctyz_1:26954C,G
Ctyz_1:26957A,G
Ctyz_1:26959A,G
Ctyz_1:26960A,T
Ctyz_1:26965C,T
Ctyz_1:26966A,C
Ctyz_1:28023A,G
Ctyz_1:30463C,T
Ctyz_1:30474A,G
Ctyz_1:30512C,T
Ctyz_1:30513A,G
Ctyz_1:31942G,T
Ctyz_1:33034A,G
Ctyz_1:33072G,T
Ctyz_1:34743A,G
Ctyz_1:36196C,T
Ctyz_1:39240C,T
Ctyz_1:41115C,T
Ctyz_1:43042A,C
Ctyz_1:44431A,G
Ctyz_1:45434A,G
Ctyz_1:45439A,T
Ctyz_1:51062A,T
Ctyz_1:51070A,T
Ctyz_1:52135A,T
Ctyz_1:53790C,T
Ctyz_1:56554C,T
Ctyz_1:60963C,G
Ctyz_1:68877A,G
Ctyz_1:76430A,G
Ctyz_1:76510A,G
Ctyz_1:76514C,T
Ctyz_1:83471C,T
Ctyz_1:88866C,T
Ctyz_1:91935C,T
Ctyz_1:94408A,G
Ctyz_1:94409A,G
Ctyz_1:94631A,G
Ctyz_1:94824A,G
Ctyz_1:95571C,T
Ctyz_1:95580C,T
Ctyz_1:95915C,G
Ctyz_1:96818C,T
Ctyz_1:98363A,G
Ctyz_1:99038A,G
Ctyz_1:99075A,G
Ctyz_1:100449A,G
Ctyz_1:100777C,T
Ctyz_1:103643C,T
Ctyz_1:109319A,G
Ctyz_1:111377A,G
Ctyz_1:115179A,T
Ctyz_1:115567A,G
Ctyz_1:122690A,G
Ctyz_1:122692A,G
Ctyz_1:124129G,T
Ctyz_1:124150A,G
Ctyz_1:124151C,T
Ctyz_1:125446A,T
Ctyz_1:125680C,T
Ctyz_1:125730C,T
Ctyz_1:125953G,T
Ctyz_1:130571C,T
Ctyz_1:132139A,T
Ctyz_1:132143C,T
Ctyz_1:143831C,T
Ctyz_1:144652C,T
Ctyz_1:144655C,T
Ctyz_1:151928A,T
Ctyz_1:153516C,T
Ctyz_1:153517A,T
Ctyz_1:153523A,G
Ctyz_1:153528A,T
Ctyz_1:153529A,G
Ctyz_1:155673A,T
Ctyz_1:155975A,G
Ctyz_1:161188A,G
Ctyz_1:161189A,G
Ctyz_1:161192C,T
Ctyz_1:161654A,C
Ctyz_1:163180C,T
Ctyz_1:163181A,T
Ctyz_1:163185C,T
Ctyz_1:163761A,T
Ctyz_1:163764A,C
Ctyz_1:166113C,T
Ctyz_1:166125C,T
Ctyz_1:167331A,G
Ctyz_1:168206A,T
Ctyz_1:168207A,T
Ctyz_1:170889A,G
Ctyz_1:171137A,C
Ctyz_1:175236G,T
Ctyz_1:198944A,G
Ctyz_1:204701A,G
Ctyz_1:204708A,G
Ctyz_1:204942C,T
Ctyz_1:205186C,T
Ctyz_1:216617A,G
Ctyz_1:216631G,T
Ctyz_1:216647C,T
Ctyz_1:216650G,T
Ctyz_1:216652A,C
Ctyz_1:216657A,G
Ctyz_1:216672G,T
Ctyz_1:216696A,T
Ctyz_1:228894C,T
Ctyz_1:235721C,T
Ctyz_1:235731A,G
Ctyz_1:235758A,G
Ctyz_1:235782C,T
Ctyz_1:235791C,T
Ctyz_1:236131C,T
Ctyz_1:236132A,G
Ctyz_1:239228A,T
Ctyz_1:247602A,T
Ctyz_1:247607A,T
Ctyz_1:247625A,T
Ctyz_1:258317A,T
Ctyz_1:258320A,G
Ctyz_1:258322A,T
Ctyz_1:258324C,T
Ctyz_1:258325C,T
Ctyz_1:258327A,T
Ctyz_1:258332A,T
Ctyz_1:264263C,T
Ctyz_1:264265A,T
Ctyz_1:274262A,C
Ctyz_1:274405A,G
Ctyz_1:274406A,G
Ctyz_1:288502A,G
Ctyz_1:293442A,G
Ctyz_1:296759A,G
Ctyz_1:297081C,T
Ctyz_1:297082C,T
Ctyz_1:309923C,T
Ctyz_1:309930C,T
Ctyz_1:313689A,T
Ctyz_1:314873C,T
Ctyz_1:315823A,G
Ctyz_1:331444A,G
Ctyz_1:353565G,T
Ctyz_1:362485G,T
Ctyz_1:362487A,G
Ctyz_1:378665A,G
Ctyz_1:391019A,C
Ctyz_1:400105A,G
Ctyz_1:411634A,T
Ctyz_1:418725A,G
Ctyz_1:418839A,T
Ctyz_1:418840A,C
Ctyz_1:422049A,T
Ctyz_1:422063C,T
Ctyz_1:428207A,G
Ctyz_1:429330C,T
Ctyz_1:433955A,G
Ctyz_1:436899C,T
Ctyz_1:437054C,T
Ctyz_1:437055A,G
Ctyz_1:443087C,T
Ctyz_1:447982C,T
Ctyz_1:453152C,T
Ctyz_1:456191C,T
Ctyz_1:456194C,T
Ctyz_1:460537A,T
Ctyz_1:467672A,G
Ctyz_1:467673A,G
Ctyz_1:467994A,C
Ctyz_1:467996A,G
Ctyz_1:489459C,T
Ctyz_1:490950A,T
Ctyz_1:506979C,T
Ctyz_1:508181C,T
Ctyz_1:508183A,G
Ctyz_1:516574C,T
Ctyz_1:527455A,T
Ctyz_1:528724C,T
Ctyz_1:532424A,G
Ctyz_1:535171A,G
Ctyz_1:543475A,G
Ctyz_1:557779A,G
Ctyz_1:557969A,C
Ctyz_1:558097G,T
Ctyz_1:563152C,T
Ctyz_1:563153A,G
Ctyz_1:563653C,T
Ctyz_1:569203A,T
Ctyz_1:569206C,T
Ctyz_1:569211A,C
Ctyz_1:572649A,T
Ctyz_1:575721A,G
Ctyz_1:581801C,T
Ctyz_1:581811A,G
Ctyz_1:582038A,G
Ctyz_1:604748A,G
Ctyz_1:620428A,T
Ctyz_1:624921A,T
Ctyz_1:634632A,T
Ctyz_1:634981A,G
Ctyz_1:639572A,T
Ctyz_1:643243A,T
Ctyz_1:643457C,T
Ctyz_1:644237A,T
Ctyz_1:658254A,G
Ctyz_1:662791G,T
Ctyz_1:662876G,T
Ctyz_1:669363A,G
Ctyz_1:675952A,G
Ctyz_1:675960A,G
Ctyz_1:682033C,T
Ctyz_1:684471A,G
Ctyz_1:686364A,C
Ctyz_1:687456C,G
Ctyz_1:687905A,C
Ctyz_1:687908A,C
Ctyz_1:687911A,C
Ctyz_1:687923A,C
Ctyz_1:688293C,T
Ctyz_1:689282A,G
Ctyz_1:689292C,T
Ctyz_1:689307A,G
Ctyz_1:689308G,T
Ctyz_1:689677A,T
Ctyz_1:690100A,G
Ctyz_1:694432A,T
Ctyz_1:694438A,T
Ctyz_1:694983C,G
Ctyz_1:696169C,T
Ctyz_1:708100A,C
Ctyz_1:708104C,T
Ctyz_1:708159A,G
Ctyz_1:709316G,T
Ctyz_1:710811A,T
Ctyz_1:710817A,G
Ctyz_1:712651A,G
Ctyz_1:712654C,T
Ctyz_1:712682A,T
Ctyz_1:712706A,C
Ctyz_1:712712A,C
Ctyz_1:712726A,C
Ctyz_1:722879A,G
Ctyz_1:724031A,G
Ctyz_1:724362A,T
Ctyz_1:728837C,T
Ctyz_1:730061C,T
Ctyz_1:734223A,G
Ctyz_1:735245G,T
Ctyz_1:736193C,T
Ctyz_1:740102C,T
Ctyz_1:741718C,T
Ctyz_1:741720A,G
Ctyz_1:742565A,G
Ctyz_1:742570A,T
Ctyz_1:743251A,G
Ctyz_1:744571A,T
Ctyz_1:744605A,T
Ctyz_1:744620A,T
Ctyz_1:747979A,T
Ctyz_1:748687A,T
Ctyz_1:750213A,T
Ctyz_1:750667A,C
Ctyz_1:751200C,T
Ctyz_1:751206C,T
Ctyz_1:751209A,T
Ctyz_1:755882A,G
Ctyz_1:756002C,T
Ctyz_1:756017A,T
Ctyz_1:757763C,T
Ctyz_1:757769C,T
Ctyz_1:757770A,T
Ctyz_1:760658C,T
Ctyz_1:761047A,T
Ctyz_1:761049C,G
Ctyz_1:765176A,C
Ctyz_1:765369A,G
Ctyz_1:765375A,T
Ctyz_1:770402C,T
Ctyz_1:771767C,T
Ctyz_1:774273A,G
Ctyz_1:774304A,G
Ctyz_1:774319A,C
Ctyz_1:781985G,T
Ctyz_1:781986A,G
Ctyz_1:784642C,T
Ctyz_1:784660C,T
Ctyz_1:784666C,T
Ctyz_1:784681A,T
Ctyz_1:784684C,T
Ctyz_1:787609C,T
Ctyz_1:787613A,T
Ctyz_1:787615A,T
Ctyz_1:790177A,T
Ctyz_1:795667A,G
Ctyz_1:799253A,G
Ctyz_1:799258A,G
Ctyz_1:799259G,T
Ctyz_1:799623A,T
Ctyz_1:799826A,G
Ctyz_1:800071C,T
Ctyz_1:800430A,T
Ctyz_1:801508A,C
Ctyz_1:801802A,G
Ctyz_1:801806A,G
Ctyz_1:801809A,G
Ctyz_1:806424C,T
Ctyz_1:806427A,G
Ctyz_1:808298A,T
Ctyz_1:808304A,T
Ctyz_1:816513A,T
Ctyz_1:824774A,G
Ctyz_1:836397A,C
Ctyz_1:839745A,T
Ctyz_1:839752A,G
Ctyz_1:845850C,T
Ctyz_1:845909C,T
Ctyz_1:849560A,G
Ctyz_1:856850C,T
Ctyz_1:856870A,T
Ctyz_1:857738A,C
Ctyz_1:862858A,G
Ctyz_1:864649A,T
Ctyz_1:864653C,T
Ctyz_1:864654C,T
Ctyz_1:865430A,G
Ctyz_1:869048A,T
Ctyz_2:4961A,G
Ctyz_2:11294A,T
Ctyz_2:16321C,T
Ctyz_2:17580C,T
Ctyz_2:17583A,T
Ctyz_2:17627C,T
Ctyz_2:17628A,T
Ctyz_2:18155C,T
Ctyz_2:18165C,T
Ctyz_2:22196C,T
Ctyz_2:24417A,G
Ctyz_2:28147A,G
Ctyz_2:33631A,T
Ctyz_2:33637G,T
Ctyz_2:33640A,T
Ctyz_2:33641A,T
Ctyz_2:34130A,G
Ctyz_2:34415A,G
Ctyz_2:34426A,G
Ctyz_2:35888A,T
Ctyz_2:38578A,G
Ctyz_2:38580A,G
Ctyz_2:39428A,C
Ctyz_2:42800A,T
Ctyz_2:43245G,T
Ctyz_2:43249A,G
Ctyz_2:43263A,T
Ctyz_2:43297A,G
Ctyz_2:44324A,G
Ctyz_2:45660C,T
Ctyz_2:45663A,C
Ctyz_2:46881A,G
Ctyz_2:48393A,T
Ctyz_2:50757A,G
Ctyz_2:56933A,T
Ctyz_2:58098C,T
Ctyz_2:58285C,T
Ctyz_2:58436A,G
Ctyz_2:60648A,T
Ctyz_2:62004A,T
Ctyz_2:63749C,T
Ctyz_2:76616A,G
Ctyz_2:76749A,G
Ctyz_2:78785A,G
Ctyz_2:79146G,T
Ctyz_2:86768C,T
Ctyz_2:86772C,T
Ctyz_2:86779A,G
Ctyz_2:86795A,T
Ctyz_2:86866A,C
Ctyz_2:86905C,T
Ctyz_2:86910A,G
Ctyz_2:87824C,T
Ctyz_2:88473C,T
Ctyz_2:88487A,T
Ctyz_2:88492A,C
Ctyz_2:88494C,T
Ctyz_2:88546A,G
Ctyz_2:89020A,T
Ctyz_2:89021A,G
Ctyz_2:89030A,G
Ctyz_2:89031G,T
Ctyz_2:89035A,T
Ctyz_2:89038A,C
Ctyz_2:91904A,T
Ctyz_2:91963A,C
Ctyz_2:91966A,T
Ctyz_2:91968A,G
Ctyz_2:91973C,T
Ctyz_2:91974A,T
Ctyz_2:91977C,T
Ctyz_2:91978A,C
Ctyz_2:91989A,G
Ctyz_2:91992C,T
Ctyz_2:92007C,T
Ctyz_2:92008A,T
Ctyz_2:92010C,T
Ctyz_2:92050C,T
Ctyz_2:92117C,G
Ctyz_2:92127C,T
Ctyz_2:92132A,T
Ctyz_2:94325C,T
Ctyz_2:94326C,G
Ctyz_2:94327C,T
Ctyz_2:94329A,G
Ctyz_2:94332C,T
Ctyz_2:95733C,T
Ctyz_2:95739G,T
Ctyz_2:100926G,T
Ctyz_2:100988G,T
Ctyz_2:101141A,T
Ctyz_2:102736C,T
Ctyz_2:103440C,T
Ctyz_2:103442A,G
Ctyz_2:103444A,G
Ctyz_2:105623C,T
Ctyz_2:106082C,T
Ctyz_2:108186G,T
Ctyz_2:108656C,T
Ctyz_2:108685C,T
Ctyz_2:110456A,T
Ctyz_2:110469A,T
Ctyz_2:114314A,T
Ctyz_2:114315A,C
Ctyz_2:114322G,T
Ctyz_2:114329C,T
Ctyz_2:116016A,G
Ctyz_2:118055A,G
Ctyz_2:125630G,T
Ctyz_2:125759A,G
Ctyz_2:126563C,T
Ctyz_2:126835C,T
Ctyz_2:126858A,G
Ctyz_2:131680A,G
Ctyz_2:131683C,T
Ctyz_2:131686A,C
Ctyz_2:132475A,G
Ctyz_2:134699G,T
Ctyz_2:136597A,T
Ctyz_2:138740A,G
Ctyz_2:138752A,G
Ctyz_2:147129A,G
Ctyz_2:147130A,G
Ctyz_2:151335A,C
Ctyz_2:158606A,G
Ctyz_2:159627A,C
Ctyz_2:159630C,T
Ctyz_2:159635C,T
Ctyz_2:160420C,T
Ctyz_2:160910A,C
Ctyz_2:160921A,T
Ctyz_2:160929C,T
Ctyz_2:160937A,G
Ctyz_2:160950G,T
Ctyz_2:161549C,T
Ctyz_2:161555A,C
Ctyz_2:161585C,T
Ctyz_2:161892A,G
Ctyz_2:161897C,T
Ctyz_2:161899A,C
Ctyz_2:161902C,T
Ctyz_2:161905A,C
Ctyz_2:161908A,C
Ctyz_2:161909A,C
Ctyz_2:161912C,T
Ctyz_2:162301C,T
Ctyz_2:162304C,T
Ctyz_2:162306A,G
Ctyz_2:162324A,G
Ctyz_2:164246A,G
Ctyz_2:164280C,T
Ctyz_2:164599A,T
Ctyz_2:166219C,T
Ctyz_2:166222A,C
Ctyz_2:166223A,T
Ctyz_2:189105A,T
Ctyz_2:189106C,G
Ctyz_2:189107C,G
Ctyz_2:189108C,G
Ctyz_2:189109A,T
Ctyz_2:189335C,T
Ctyz_2:189340C,T
Ctyz_2:189357A,T
Ctyz_2:189360A,G
Ctyz_2:189364A,G
Ctyz_2:189368C,T
Ctyz_2:189369A,G
Ctyz_2:189372A,G
Ctyz_2:189375A,G
Ctyz_2:196522C,G
Ctyz_2:200901A,C
Ctyz_2:208521A,G
Ctyz_2:208529G,T
Ctyz_2:208533A,G
Ctyz_2:208537C,T
Ctyz_2:208720A,G
Ctyz_2:233254A,T
Ctyz_2:262083A,G
Ctyz_2:262088A,G
Ctyz_2:262089A,C
Ctyz_2:266686A,T
Ctyz_2:273737C,T
Ctyz_2:273751A,T
Ctyz_2:273945G,T
Ctyz_2:273996C,T
Ctyz_2:293117G,T
Ctyz_2:298577C,T
Ctyz_2:299414A,G
Ctyz_2:300178A,C
Ctyz_2:302162A,G
Ctyz_2:309064A,T
Ctyz_2:309067A,G
Ctyz_2:313926C,T
Ctyz_2:347296A,G
Ctyz_2:363229G,T
Ctyz_2:363231A,G
Ctyz_2:371103A,G
Ctyz_2:375802C,T
Ctyz_2:419487A,C
Ctyz_2:420352A,T
Ctyz_2:446999C,T
Ctyz_2:448851A,G
Ctyz_2:454208A,T
Ctyz_2:463311A,G
Ctyz_2:476421C,T
Ctyz_2:476425A,C
Ctyz_2:479230C,T
Ctyz_2:479239A,C
Ctyz_2:479522C,T
Ctyz_2:489007A,G
Ctyz_2:492553A,G
Ctyz_2:493165A,T
Ctyz_2:493177C,T
Ctyz_2:493400A,T
Ctyz_2:495345A,C
Ctyz_2:502613A,G
Ctyz_2:506058C,T
Ctyz_2:506059A,G
Ctyz_2:506062A,G
Ctyz_2:506063A,C
Ctyz_2:506665C,T
Ctyz_2:506667C,T
Ctyz_2:506672A,G
Ctyz_2:509704C,G
Ctyz_2:509706A,T
Ctyz_2:509710G,T
Ctyz_2:509738C,T
Ctyz_2:509744A,G
Ctyz_2:512266C,G
Ctyz_2:512269C,T
Ctyz_2:513131A,T
Ctyz_2:513135A,G
Ctyz_2:514697A,G
Ctyz_2:521446A,T
Ctyz_2:521454A,G
Ctyz_2:522199A,G
Ctyz_2:522204A,G
Ctyz_2:522206A,G
Ctyz_2:536340A,C
Ctyz_2:546411G,T
Ctyz_2:566176C,T
Ctyz_2:566188A,C
Ctyz_2:584276A,T
Ctyz_2:596325G,T
Ctyz_2:611881C,T
Ctyz_2:611883C,T
Ctyz_2:615877A,T
Ctyz_2:620206A,G
Ctyz_2:620294C,G
Ctyz_2:628019A,G
Ctyz_2:632161A,G
Ctyz_2:637974C,T
Ctyz_2:641482A,G
Ctyz_2:641944A,G
Ctyz_2:641947A,C
Ctyz_2:643190C,T
Ctyz_2:643297A,C
Ctyz_2:643911A,T
Ctyz_2:644562C,T
Ctyz_2:644576G,T
Ctyz_2:644579G,T
Ctyz_2:644585G,T
Ctyz_2:644591G,T
Ctyz_2:644597G,T
Ctyz_2:644603G,T
Ctyz_2:644627A,G
Ctyz_2:644902A,G
Ctyz_2:649273G,T
Ctyz_2:649550C,G
Ctyz_2:657956C,T
Ctyz_2:665005C,T
Ctyz_2:670670C,T
Ctyz_2:673634C,T
Ctyz_2:673728A,G
Ctyz_2:673854A,G
Ctyz_2:673858A,C
Ctyz_2:676400A,C
Ctyz_2:676997C,T
Ctyz_2:679278C,T
Ctyz_2:682343G,T
Ctyz_2:682344A,T
Ctyz_2:682345A,T
Ctyz_2:682355A,T
Ctyz_2:685801C,T
Ctyz_2:685965G,T
Ctyz_2:698167A,G
Ctyz_2:698168C,T
Ctyz_2:708956A,G
Ctyz_2:710975C,T
Ctyz_2:722467A,G
Ctyz_2:728188A,C
Ctyz_2:728235A,G
Ctyz_2:728238A,G
Ctyz_2:728244A,G
Ctyz_2:728259A,G
Ctyz_2:728544A,C
Ctyz_2:728550A,C
Ctyz_2:728559C,T
Ctyz_2:728586A,C
Ctyz_2:728592A,C
Ctyz_2:728598A,C
Ctyz_2:728764A,G
Ctyz_2:731378A,T
Ctyz_2:732127A,T
Ctyz_2:732281A,G
Ctyz_2:734794C,T
Ctyz_2:745119G,T
Ctyz_2:745679A,T
Ctyz_2:745685A,T
Ctyz_2:747159A,G
Ctyz_2:747644A,G
Ctyz_2:747666A,T
Ctyz_2:750252A,C
Ctyz_2:750260C,T
Ctyz_2:750511C,G
Ctyz_2:750889A,G
Ctyz_2:751032C,T
Ctyz_2:751033A,C
Ctyz_2:752145A,C
Ctyz_2:752151A,T
Ctyz_2:752154A,T
Ctyz_2:755772C,T
Ctyz_2:755773A,C
Ctyz_2:766038C,T
Ctyz_2:770164C,T
Ctyz_2:770170C,T
Ctyz_2:770570A,T
Ctyz_2:770573C,T
Ctyz_2:771373C,T
Ctyz_2:771379C,T
Ctyz_2:771655C,T
Ctyz_2:771683A,T
Ctyz_2:771687C,T
Ctyz_2:771688A,C
Ctyz_2:773824C,T
Ctyz_2:778119C,T
Ctyz_2:778126A,G
Ctyz_2:786083C,T
Ctyz_2:789842C,T
Ctyz_2:803782C,T
Ctyz_2:803783G,T
Ctyz_2:809665G,T
Ctyz_2:814115A,G
Ctyz_2:815846A,T
Ctyz_2:815853A,C
Ctyz_2:816583C,T
Ctyz_2:816585C,T
Ctyz_2:816592C,T
Ctyz_2:816593A,G
Ctyz_2:816618C,T
Ctyz_2:816619C,T
Ctyz_2:816623G,T
Ctyz_2:816629C,T
Ctyz_2:821784A,C
Ctyz_2:821834A,C
Ctyz_2:822184A,T
Ctyz_2:822196A,G
Ctyz_2:825300G,T
Ctyz_2:831144C,T
Ctyz_2:831145A,T
Ctyz_2:831889A,G
Ctyz_2:832242A,T
Ctyz_2:833246A,G
Ctyz_2:833427C,T
Ctyz_2:833618A,T
Ctyz_2:833619A,T
Ctyz_2:833621C,T
Ctyz_2:833622G,T
Ctyz_2:834623A,G
Ctyz_2:835389A,T
Ctyz_2:835395A,T
Ctyz_2:836006A,G
Ctyz_2:839973A,G
Ctyz_2:843735A,C
Ctyz_2:845493A,G
Ctyz_2:845516A,T
Ctyz_2:845552A,G
Ctyz_2:845601A,T
Ctyz_2:849616A,T
Ctyz_2:853387C,T
Ctyz_2:857165C,T
Ctyz_2:857170C,G
Ctyz_2:858768A,T
Ctyz_2:858875G,T
Ctyz_2:859951A,G
Ctyz_2:859956A,G
Ctyz_2:860035C,T
Ctyz_2:861416A,G
Ctyz_2:862421A,G
Ctyz_2:865592A,G
Ctyz_2:866609C,G
Ctyz_2:867075A,G
Ctyz_2:867201A,C
Ctyz_2:867255C,T
Ctyz_2:868036A,T
Ctyz_2:868324A,T
Ctyz_2:871930A,T
Ctyz_2:871942A,G
Ctyz_2:871945A,T
Ctyz_2:871951C,T
Ctyz_2:871954C,G
Ctyz_2:871966C,G
Ctyz_2:871993G,T
Ctyz_2:873500A,T
Ctyz_2:873507A,G
Ctyz_2:873673A,G
Ctyz_2:873769G,T
Ctyz_2:873775C,T
Ctyz_2:873785C,T
Ctyz_2:873792A,G
Ctyz_2:873815C,T
Ctyz_2:873964A,G
Ctyz_2:876679A,T
Ctyz_2:876925A,G
Ctyz_2:876926C,T
Ctyz_2:880771A,G
Ctyz_2:881749A,G
Ctyz_2:882059C,T
Ctyz_2:882060A,G
Ctyz_2:885581A,G
Ctyz_2:888002A,T
Ctyz_2:888164G,T
Ctyz_2:889204A,G
Ctyz_2:889206A,T
Ctyz_2:893707A,C
Ctyz_2:904745G,T
Ctyz_2:907502C,T
Ctyz_2:907909A,T
Ctyz_2:916189C,T
Ctyz_2:918811C,T
Ctyz_2:921132C,T
Ctyz_2:924122C,T
Ctyz_2:935260C,T
Ctyz_2:941378A,G
Ctyz_2:943854A,T
Ctyz_2:948138A,C
Ctyz_2:949533C,G
Ctyz_2:952241A,G
Ctyz_2:952243A,G
Ctyz_2:956354C,T
Ctyz_2:963671A,C
Ctyz_2:963963A,G
Ctyz_2:963964C,T
Ctyz_2:963968A,G
Ctyz_2:963969A,G
Ctyz_2:964121C,T
Ctyz_2:968329A,G
Ctyz_2:968939A,G
Ctyz_2:968952A,G
Ctyz_2:969064A,G
Ctyz_2:973297A,G
Ctyz_2:973298A,G
Ctyz_2:974925C,T
Ctyz_2:974933A,T
Ctyz_2:974937C,T
Ctyz_2:977196A,T
Ctyz_2:977242A,T
Ctyz_2:981008A,G
Ctyz_2:981018A,G
Ctyz_2:981054C,T
Ctyz_2:981254A,G
Ctyz_2:981269C,G
Ctyz_2:987024C,T
Ctyz_2:990475A,C
Ctyz_2:990810A,G
Ctyz_2:990812C,T
Ctyz_2:990946C,T
Ctyz_2:990947C,T
Ctyz_2:990948G,T
Ctyz_2:990951A,C
Ctyz_2:990963A,G
Ctyz_2:990966A,G
Ctyz_2:991497G,T
Ctyz_3:159A,C
Ctyz_3:160A,C
Ctyz_3:2682C,T
Ctyz_3:2683C,T
Ctyz_3:2684C,T
Ctyz_3:2689C,T
Ctyz_3:2690C,T
Ctyz_3:2695C,T
Ctyz_3:2998G,T
Ctyz_3:3001C,T
Ctyz_3:3004C,T
Ctyz_3:3009A,G
Ctyz_3:3012C,T
Ctyz_3:6055C,T
Ctyz_3:11083A,G
Ctyz_3:11085G,T
Ctyz_3:19475C,T
Ctyz_3:27448A,G
Ctyz_3:32416G,T
Ctyz_3:32420A,C
Ctyz_3:32421A,G
Ctyz_3:38884A,T
Ctyz_3:49861A,G
Ctyz_3:58989C,T
Ctyz_3:65110G,T
Ctyz_3:68837G,T
Ctyz_3:70870A,G
Ctyz_3:73393A,C
Ctyz_3:73397A,C
Ctyz_3:75478C,T
Ctyz_3:76958A,C
Ctyz_3:76991A,G
Ctyz_3:76994A,G
Ctyz_3:78204C,G
Ctyz_3:78210C,G
Ctyz_3:81053A,T
Ctyz_3:81070A,G
Ctyz_3:90270C,T
Ctyz_3:95923A,T
Ctyz_3:95924A,G
Ctyz_3:98702A,T
Ctyz_3:98704C,T
Ctyz_3:98706C,T
Ctyz_3:98709C,T
Ctyz_3:102391A,G
Ctyz_3:103158A,C
Ctyz_3:103370A,G
Ctyz_3:106048A,G
Ctyz_3:114361C,T
Ctyz_3:114649C,G
Ctyz_3:114667A,G
Ctyz_3:119218A,T
Ctyz_3:119221A,T
Ctyz_3:119224A,T
Ctyz_3:119227A,C
Ctyz_3:119236A,T
Ctyz_3:119267A,G
Ctyz_3:131413G,T
Ctyz_3:136247C,T
Ctyz_3:149926C,T
Ctyz_3:150043C,T
Ctyz_3:150050C,T
Ctyz_3:164964C,T
Ctyz_3:167653C,T
Ctyz_3:176787A,G
Ctyz_3:181840A,T
Ctyz_3:185929A,C
Ctyz_3:185933G,T
Ctyz_3:186353C,T
Ctyz_3:188656G,T
Ctyz_3:188855A,G
Ctyz_3:192053A,T
Ctyz_3:192079A,C
Ctyz_3:192465A,T
Ctyz_3:192591A,T
Ctyz_3:192964A,G
Ctyz_3:192973A,G
Ctyz_3:192975A,T
Ctyz_3:193700C,T
Ctyz_3:193705G,T
Ctyz_3:193707A,G
Ctyz_3:193708C,T
Ctyz_3:193710C,T
Ctyz_3:194123A,G
Ctyz_3:196994A,G
Ctyz_3:197198G,T
Ctyz_3:219753A,T
Ctyz_3:219764A,G
Ctyz_3:219773A,T
Ctyz_3:219779A,G
Ctyz_3:219784C,G
Ctyz_3:219789A,T
Ctyz_3:223884C,T
Ctyz_3:223890C,T
Ctyz_3:223896A,T
Ctyz_3:225462A,T
Ctyz_3:225484C,T
Ctyz_3:225486C,T
Ctyz_3:225503A,G
Ctyz_3:225505A,G
Ctyz_3:225506C,T
Ctyz_3:225540A,T
Ctyz_3:225567C,T
Ctyz_3:225834C,T
Ctyz_3:225846A,T
Ctyz_3:225847A,T
Ctyz_3:225848C,G
Ctyz_3:225849A,T
Ctyz_3:225852A,T
Ctyz_3:229710A,T
Ctyz_3:229713A,T
Ctyz_3:229716A,T
Ctyz_3:231729A,C
Ctyz_3:231738C,T
Ctyz_3:231936A,C
Ctyz_3:231996A,T
Ctyz_3:232017A,T
Ctyz_3:232023C,T
Ctyz_3:232068C,T
Ctyz_3:242596C,T
Ctyz_3:243720A,T
Ctyz_3:245978A,T
Ctyz_3:248513G,T
Ctyz_3:251198C,T
Ctyz_3:259283C,T
Ctyz_3:260441A,T
Ctyz_3:260443A,T
Ctyz_3:260907A,C
Ctyz_3:262268C,T
Ctyz_3:263392C,G
Ctyz_3:275938A,G
Ctyz_3:276353A,G
Ctyz_3:277807A,G
Ctyz_3:277818A,T
Ctyz_3:288655C,T
Ctyz_3:291855C,G
Ctyz_3:298666A,T
Ctyz_3:304217G,T
Ctyz_3:305004A,C
Ctyz_3:305444A,G
Ctyz_3:305464A,G
Ctyz_3:305472A,G
Ctyz_3:305822A,C
Ctyz_3:306920A,T
Ctyz_3:307009A,T
Ctyz_3:307228C,T
Ctyz_3:308434A,G
Ctyz_3:320604G,T
Ctyz_3:325293C,T
Ctyz_3:325297A,G
Ctyz_3:325300C,T
Ctyz_3:325774A,G
Ctyz_3:328413A,G
Ctyz_3:328417A,G
Ctyz_3:328541G,T
Ctyz_3:328583C,T
Ctyz_3:328584A,T
Ctyz_3:328593A,G
Ctyz_3:328918A,G
Ctyz_3:329072A,G
Ctyz_3:329077A,T
Ctyz_3:329078A,T
Ctyz_3:329311G,T
Ctyz_3:329312A,G
Ctyz_3:329317A,C
Ctyz_3:329321A,T
Ctyz_3:329680A,T
Ctyz_3:329684C,T
Ctyz_3:329688C,G
Ctyz_3:329695C,T
Ctyz_3:329851A,G
Ctyz_3:330668C,T
Ctyz_3:330674C,T
Ctyz_3:331724C,T
Ctyz_3:331725C,G
Ctyz_3:331729C,T
Ctyz_3:331730A,C
Ctyz_3:331735A,C
Ctyz_3:331737C,T
Ctyz_3:331739C,T
Ctyz_3:331745A,G
Ctyz_3:331746A,G
Ctyz_3:332407A,T
Ctyz_3:336058A,C
Ctyz_3:336061A,C
Ctyz_3:351326A,T
Ctyz_3:352658G,T
Ctyz_3:352660A,T
Ctyz_3:359130C,T
Ctyz_3:364491A,G
Ctyz_3:366283A,G
Ctyz_3:366285A,T
Ctyz_3:366306C,T
Ctyz_3:367025C,T
Ctyz_3:381884A,T
Ctyz_3:383388A,G
Ctyz_3:386245A,T
Ctyz_3:386322C,T
Ctyz_3:386335A,G
Ctyz_3:404697A,G
Ctyz_3:415875C,G
Ctyz_3:415876C,T
Ctyz_3:415882C,T
Ctyz_3:415885A,C
Ctyz_3:415894C,T
Ctyz_3:415897A,T
Ctyz_3:415903A,C
Ctyz_3:415906A,C
Ctyz_3:415909A,T
Ctyz_3:415912C,T
Ctyz_3:415915A,T
Ctyz_3:416641C,T
Ctyz_3:416642A,C
Ctyz_3:416643G,T
Ctyz_3:416644A,G
Ctyz_3:416742A,G
Ctyz_3:416980A,G
Ctyz_3:418532A,G
Ctyz_3:419635A,T
Ctyz_3:421077C,T
Ctyz_3:421082G,T
Ctyz_3:421469C,T
Ctyz_3:421477C,T
Ctyz_3:421610C,T
Ctyz_3:424546C,T
Ctyz_3:444279G,T
Ctyz_3:447302A,T
Ctyz_3:447313A,T
Ctyz_3:449741A,C
Ctyz_3:459047A,T
Ctyz_3:460551A,G
Ctyz_3:460566A,T
Ctyz_3:460567C,T
Ctyz_3:460568C,T
Ctyz_3:461024C,T
Ctyz_3:461709C,G
Ctyz_3:461713A,G
Ctyz_3:462415A,G
Ctyz_3:462590A,T
Ctyz_3:464247A,G
Ctyz_3:464250A,T
Ctyz_3:464252A,C
Ctyz_3:464254A,G
Ctyz_3:464255A,G
Ctyz_3:464256G,T
Ctyz_3:464260A,G
Ctyz_3:464737C,T
Ctyz_3:465425A,G
Ctyz_3:466023A,G
Ctyz_3:466024C,T
Ctyz_3:467670C,T
Ctyz_3:469422A,C
Ctyz_3:469746A,G
Ctyz_3:469747A,G
Ctyz_3:476274A,T
Ctyz_3:484583A,G
Ctyz_3:504499A,C
Ctyz_3:529968A,G
Ctyz_3:531740G,T
Ctyz_3:537296A,G
Ctyz_3:539108C,T
Ctyz_3:548517C,T
Ctyz_3:548520A,T
Ctyz_3:557659A,C
Ctyz_3:557660A,G
Ctyz_3:566900A,G
Ctyz_3:566902A,C
Ctyz_3:587192A,C
Ctyz_3:587215C,T
Ctyz_3:596332C,T
Ctyz_3:597986G,T
Ctyz_3:597995C,T
Ctyz_3:608328A,T
Ctyz_3:634667A,T
Ctyz_3:635047A,T
Ctyz_3:643890A,C
Ctyz_3:643897A,G
Ctyz_3:661738A,T
Ctyz_3:670238A,G
Ctyz_3:683479A,G
Ctyz_3:693510A,G
Ctyz_3:693522C,T
Ctyz_3:693523A,G
Ctyz_3:693725A,G
Ctyz_3:704750C,T
Ctyz_3:707037C,T
Ctyz_3:707317A,T
Ctyz_3:724166C,T
Ctyz_3:742556G,T
Ctyz_3:764033C,T
Ctyz_3:769099A,G
Ctyz_3:777803C,T
Ctyz_3:778175C,T
Ctyz_3:778183C,T
Ctyz_3:778184G,T
Ctyz_3:778460A,G
Ctyz_3:796443G,T
Ctyz_3:803179A,G
Ctyz_3:804992C,T
Ctyz_3:808465C,T
Ctyz_3:808472C,T
Ctyz_3:834439A,C
Ctyz_3:838342A,T
Ctyz_3:845303A,C
Ctyz_3:857501G,T
Ctyz_3:860424A,G
Ctyz_3:862238A,T
Ctyz_3:862916A,C
Ctyz_3:863585C,T
Ctyz_3:863588A,C
Ctyz_3:874754C,T
Ctyz_3:875411A,G
Ctyz_3:882046A,T
Ctyz_3:882048C,G
Ctyz_3:882510C,T
Ctyz_3:882518A,G
Ctyz_3:889281A,G
Ctyz_3:894823A,G
Ctyz_3:896137G,T
Ctyz_3:896144A,T
Ctyz_3:897318A,T
Ctyz_3:899341A,G
Ctyz_3:899347A,G
Ctyz_3:899353G,T
Ctyz_3:899631A,T
Ctyz_3:899641A,G
Ctyz_3:902599A,T
Ctyz_3:902607A,G
Ctyz_3:905757C,T
Ctyz_3:906916G,T
Ctyz_3:908007A,G
Ctyz_3:908010A,G
Ctyz_3:908503A,G
Ctyz_3:909221A,T
Ctyz_3:909224A,T
Ctyz_3:910667A,C
Ctyz_3:911237A,G
Ctyz_3:911239A,T
Ctyz_3:913960C,T
Ctyz_3:914419A,G
Ctyz_3:914499G,T
Ctyz_3:918264C,T
Ctyz_3:922288G,T
Ctyz_3:922303C,T
Ctyz_3:926879A,G
Ctyz_3:934956A,G
Ctyz_3:935541A,G
Ctyz_3:935592A,G
Ctyz_3:935631G,T
Ctyz_3:948219C,G
Ctyz_3:954969A,T
Ctyz_3:954970A,T
Ctyz_3:959610A,G
Ctyz_3:959656A,G
Ctyz_3:959667A,G
Ctyz_3:965662A,G
Ctyz_3:969249A,G
Ctyz_3:972831A,T
Ctyz_3:973779A,G
Ctyz_3:973791A,G
Ctyz_3:975860A,T
Ctyz_3:984752C,T
Ctyz_3:984899A,T
Ctyz_3:985627A,T
Ctyz_3:991787A,C
Ctyz_3:997509C,T
Ctyz_3:1000597A,G
Ctyz_3:1005830C,T
Ctyz_3:1006329A,C
Ctyz_3:1006331A,T
Ctyz_3:1006539A,T
Ctyz_3:1009186C,T
Ctyz_3:1013495C,T
Ctyz_3:1022887G,T
Ctyz_3:1022888A,G
Ctyz_3:1024783A,G
Ctyz_3:1029101C,T
Ctyz_3:1029104C,T
Ctyz_3:1029111C,T
Ctyz_3:1029118C,T
Ctyz_3:1029120C,T
Ctyz_3:1029124C,T
Ctyz_3:1029131C,T
Ctyz_3:1048425C,T
Ctyz_3:1053307C,T
Ctyz_3:1053323C,T
Ctyz_3:1054306A,C
Ctyz_3:1054310C,T
Ctyz_3:1058081A,T
Ctyz_3:1060721C,T
Ctyz_3:1060725A,G
Ctyz_3:1060726A,G
Ctyz_3:1060727C,T
Ctyz_3:1060735A,T
Ctyz_3:1060746A,G
Ctyz_3:1060747A,G
Ctyz_3:1060749A,G
Ctyz_3:1060750G,T
Ctyz_3:1061805C,T
Ctyz_3:1062865C,T
Ctyz_3:1062873A,G
Ctyz_3:1064989G,T
Ctyz_3:1065493A,G
Ctyz_3:1076167A,T
Ctyz_3:1077893C,T
Ctyz_3:1081713A,T
Ctyz_3:1081719A,C
Ctyz_3:1083665A,T
Ctyz_3:1084040G,T
Ctyz_3:1084048A,G
Ctyz_3:1084797G,T
Ctyz_4:12127A,C
Ctyz_4:14215C,T
Ctyz_4:14221A,T
Ctyz_4:16462A,C
Ctyz_4:16464C,T
Ctyz_4:16484A,C
Ctyz_4:16489A,G
Ctyz_4:16490C,T
Ctyz_4:16492C,T
Ctyz_4:16493A,C
Ctyz_4:16574C,T
Ctyz_4:16584A,G
Ctyz_4:16587A,G
Ctyz_4:16589A,C
Ctyz_4:20772A,T
Ctyz_4:20780A,G
Ctyz_4:23132A,T
Ctyz_4:23133A,T
Ctyz_4:23570C,T
Ctyz_4:25746C,T
Ctyz_4:29431A,G
Ctyz_4:32412C,T
Ctyz_4:32423C,G
Ctyz_4:43652A,G
Ctyz_4:43791A,T
Ctyz_4:46333A,G
Ctyz_4:47320C,T
Ctyz_4:47860A,G
Ctyz_4:50245A,G
Ctyz_4:52010A,G
Ctyz_4:52017A,G
Ctyz_4:52023A,G
Ctyz_4:57384A,G
Ctyz_4:58186A,G
Ctyz_4:58233A,G
Ctyz_4:61982A,G
Ctyz_4:61983C,T
Ctyz_4:62023A,G
Ctyz_4:62608C,G
Ctyz_4:63013G,T
Ctyz_4:63364A,G
Ctyz_4:65233A,T
Ctyz_4:65239A,G
Ctyz_4:68668C,G
Ctyz_4:68674A,G
Ctyz_4:70801A,G
Ctyz_4:71814A,G
Ctyz_4:79758A,T
Ctyz_4:81112A,G
Ctyz_4:81113A,G
Ctyz_4:84144A,G
Ctyz_4:87533A,G
Ctyz_4:87539C,T
Ctyz_4:93154A,G
Ctyz_4:96847A,C
Ctyz_4:98849A,T
Ctyz_4:102339A,G
Ctyz_4:104403G,T
Ctyz_4:107402A,T
Ctyz_4:109095C,T
Ctyz_4:110018A,T
Ctyz_4:110019A,T
Ctyz_4:110037A,T
Ctyz_4:121146A,T
Ctyz_4:121895A,T
Ctyz_4:121931A,T
Ctyz_4:151872A,T
Ctyz_4:151880A,T
Ctyz_4:154836A,G
Ctyz_4:154978C,T
Ctyz_4:161662C,T
Ctyz_4:162033C,T
Ctyz_4:165567C,T
Ctyz_4:168919A,T
Ctyz_4:170418G,T
Ctyz_4:170421A,G
Ctyz_4:171159A,C
Ctyz_4:171928A,G
Ctyz_4:190911C,T
Ctyz_4:201262C,T
Ctyz_4:201263C,T
Ctyz_4:206183A,T
Ctyz_4:206788G,T
Ctyz_4:207016A,C
Ctyz_4:214334A,G
Ctyz_4:219078A,C
Ctyz_4:219953A,T
Ctyz_4:222721A,G
Ctyz_4:222735C,T
Ctyz_4:222852C,T
Ctyz_4:222853G,T
Ctyz_4:222873C,T
Ctyz_4:222874C,T
Ctyz_4:222879A,T
Ctyz_4:222880C,T
Ctyz_4:223736C,T
Ctyz_4:223844A,T
Ctyz_4:240231A,C
Ctyz_4:240334A,G
Ctyz_4:246826A,G
Ctyz_4:252361A,T
Ctyz_4:255203A,G
Ctyz_4:256025C,T
Ctyz_4:263236C,T
Ctyz_4:267242A,G
Ctyz_4:272887A,C
Ctyz_4:275357A,T
Ctyz_4:276014A,G
Ctyz_4:278027C,T
Ctyz_4:278363C,T
Ctyz_4:279192G,T
Ctyz_4:279197C,T
Ctyz_4:279614C,G
Ctyz_4:279620C,G
Ctyz_4:279627C,T
Ctyz_4:284553A,T
Ctyz_4:289796A,G
Ctyz_4:290308A,G
Ctyz_4:293771A,T
Ctyz_4:293777A,G
Ctyz_4:295285C,T
Ctyz_4:295505A,G
Ctyz_4:296752C,T
Ctyz_4:297284A,T
Ctyz_4:297285A,C
Ctyz_4:297293C,T
Ctyz_4:297299A,T
Ctyz_4:297305A,T
Ctyz_4:297308A,T
Ctyz_4:297311A,C
Ctyz_4:297327A,G
Ctyz_4:298173C,T
Ctyz_4:300460G,T
Ctyz_4:301153C,T
Ctyz_4:301902A,G
Ctyz_4:310257C,T
Ctyz_4:315121A,G
Ctyz_4:315124A,G
Ctyz_4:315151C,T
Ctyz_4:316037A,G
Ctyz_4:318127A,T
Ctyz_4:318430A,G
Ctyz_4:318433A,G
Ctyz_4:321482A,G
Ctyz_4:324929A,G
Ctyz_4:326530A,T
Ctyz_4:326623C,T
Ctyz_4:327853A,C
Ctyz_4:330195C,T
Ctyz_4:331190G,T
Ctyz_4:346066A,G
Ctyz_4:346070C,T
Ctyz_4:346235A,C
Ctyz_4:347086C,T
Ctyz_4:347526A,C
Ctyz_4:352555A,G
Ctyz_4:352557A,G
Ctyz_4:352558A,G
Ctyz_4:352565A,G
Ctyz_4:352571A,C
Ctyz_4:352572A,T
Ctyz_4:352599A,G
Ctyz_4:352701A,G
Ctyz_4:355350C,T
Ctyz_4:355421A,G
Ctyz_4:355430C,T
Ctyz_4:355438A,G
Ctyz_4:355475A,T
Ctyz_4:355948C,T
Ctyz_4:356926C,T
Ctyz_4:359082C,T
Ctyz_4:360237A,T
Ctyz_4:364386C,T
Ctyz_4:365756A,G
Ctyz_4:365757C,T
Ctyz_4:365770C,T
Ctyz_4:366899A,G
Ctyz_4:366964A,T
Ctyz_4:367117A,G
Ctyz_4:374523A,T
Ctyz_4:375101A,C
Ctyz_4:381520A,G
Ctyz_4:384387A,C
Ctyz_4:385892C,T
Ctyz_4:387380C,T
Ctyz_4:393642C,T
Ctyz_4:393643C,T
Ctyz_4:393646C,T
Ctyz_4:393664C,T
Ctyz_4:393715C,T
Ctyz_4:399895A,C
Ctyz_4:407211C,T
Ctyz_4:409400G,T
Ctyz_4:416728A,G
Ctyz_4:420250A,T
Ctyz_4:420446A,T
Ctyz_4:420452A,G
Ctyz_4:428422C,T
Ctyz_4:428423C,G
Ctyz_4:430660A,T
Ctyz_4:434005C,T
Ctyz_4:440894A,G
Ctyz_4:441476C,T
Ctyz_4:441478A,T
Ctyz_4:441665A,G
Ctyz_4:458223A,G
Ctyz_4:459111C,T
Ctyz_4:459114A,G
Ctyz_4:462385C,T
Ctyz_4:463433A,C
Ctyz_4:463441C,G
Ctyz_4:469035C,T
Ctyz_4:469735A,G
Ctyz_4:469785A,G
Ctyz_4:483236A,G
Ctyz_4:486835A,G
Ctyz_4:492220A,G
Ctyz_4:492221C,T
Ctyz_4:493220C,T
Ctyz_4:494064A,G
Ctyz_4:504351C,T
Ctyz_4:510414C,T
Ctyz_4:512159A,T
Ctyz_4:516380A,G
Ctyz_4:521462C,T
Ctyz_4:521466C,T
Ctyz_4:521476A,G
Ctyz_4:525220A,T
Ctyz_4:534411C,T
Ctyz_4:545199A,G
Ctyz_4:545205G,T
Ctyz_4:552581A,T
Ctyz_4:552833C,T
Ctyz_4:555468A,T
Ctyz_4:563947A,G
Ctyz_4:563955A,G
Ctyz_4:574593C,T
Ctyz_4:575067C,T
Ctyz_4:578311C,T
Ctyz_4:578703A,G
Ctyz_4:581180A,C
Ctyz_4:581306C,T
Ctyz_4:594024A,G
Ctyz_4:594188A,G
Ctyz_4:594193C,T
Ctyz_4:594200C,T
Ctyz_4:614804A,G
Ctyz_4:637835G,T
Ctyz_4:639591A,G
Ctyz_4:639906A,C
Ctyz_4:648513A,G
Ctyz_4:650436A,C
Ctyz_4:650444A,G
Ctyz_4:654273C,T
Ctyz_4:659315C,T
Ctyz_4:660162A,G
Ctyz_4:660743A,G
Ctyz_4:660946C,T
Ctyz_4:662362A,G
Ctyz_4:662367A,G
Ctyz_4:664009A,G
Ctyz_4:664116A,G
Ctyz_4:664119A,T
Ctyz_4:683378G,T
Ctyz_4:685309A,G
Ctyz_4:685322A,C
Ctyz_4:685763A,T
Ctyz_4:685766A,T
Ctyz_4:698250A,G
Ctyz_4:710014A,C
Ctyz_4:710852A,T
Ctyz_4:720122A,T
Ctyz_4:736821A,G
Ctyz_4:739914A,G
Ctyz_4:750178A,T
Ctyz_4:750245C,T
Ctyz_4:750250A,G
Ctyz_4:750285G,T
Ctyz_4:757325C,T
Ctyz_4:757328A,G
Ctyz_4:759298A,T
Ctyz_4:770518A,G
Ctyz_4:771376A,G
Ctyz_4:771385A,C
Ctyz_4:771612A,T
Ctyz_4:780263A,T
Ctyz_4:782788A,G
Ctyz_4:783776A,G
Ctyz_4:783787A,G
Ctyz_4:786484G,T
Ctyz_4:786593A,G
Ctyz_4:790462C,G
Ctyz_4:790549C,T
Ctyz_4:804893A,T
Ctyz_4:808127A,T
Ctyz_4:808141A,T
Ctyz_4:811315A,G
Ctyz_4:811319A,T
Ctyz_4:811593C,T
Ctyz_4:811599A,G
Ctyz_4:813506A,G
Ctyz_4:823289A,G
Ctyz_4:823307C,T
Ctyz_4:823994A,G
Ctyz_4:830358A,G
Ctyz_4:830396C,T
Ctyz_4:835330A,G
Ctyz_4:835461G,T
Ctyz_4:841970C,T
Ctyz_4:847584A,C
Ctyz_4:847585A,G
Ctyz_4:847587C,T
Ctyz_4:847588A,G
Ctyz_4:847589A,C
Ctyz_4:847590A,G
Ctyz_4:847591A,G
Ctyz_4:847597C,T
Ctyz_4:847600A,G
Ctyz_4:847601A,T
Ctyz_4:847603C,T
Ctyz_4:847605C,T
Ctyz_4:847606C,T
Ctyz_4:847609C,T
Ctyz_4:847611A,C
Ctyz_4:847615C,T
Ctyz_4:848016C,T
Ctyz_4:848213C,T
Ctyz_4:848214A,G
Ctyz_4:848220A,T
Ctyz_4:848221A,C
Ctyz_4:848225C,T
Ctyz_4:848452A,G
Ctyz_4:850107C,T
Ctyz_4:850664A,G
Ctyz_4:850684A,T
Ctyz_4:850687A,G
Ctyz_4:850688G,T
Ctyz_4:850724C,T
Ctyz_4:850735C,T
Ctyz_4:851798A,C
Ctyz_4:852109A,C
Ctyz_4:852111A,G
Ctyz_4:852131C,T
Ctyz_4:852133A,G
Ctyz_4:852135A,C
Ctyz_4:852274A,T
Ctyz_4:852275A,G
Ctyz_4:852277A,G
Ctyz_4:852280A,G
Ctyz_4:852282A,G
Ctyz_4:852283A,G
Ctyz_4:852286C,T
Ctyz_4:852309C,T
Ctyz_4:852311C,T
Ctyz_4:853462A,G
Ctyz_4:853467A,T
Ctyz_4:853469A,G
Ctyz_4:853470A,T
Ctyz_4:853481A,T
Ctyz_4:853757G,T
Ctyz_4:853760C,T
Ctyz_4:854174A,G
Ctyz_4:854177A,T
Ctyz_4:854179C,T
Ctyz_4:854182A,C
Ctyz_4:854184A,T
Ctyz_4:854186C,G
Ctyz_4:854191A,G
Ctyz_4:854193C,T
Ctyz_4:854194A,C
Ctyz_4:854199A,C
Ctyz_4:855436C,T
Ctyz_4:857273A,G
Ctyz_4:860989A,G
Ctyz_4:861792A,C
Ctyz_4:862009A,G
Ctyz_4:863001C,T
Ctyz_4:863002A,T
Ctyz_4:863185A,G
Ctyz_4:864422A,G
Ctyz_4:864426A,G
Ctyz_4:865521A,T
Ctyz_4:867930A,G
Ctyz_4:867931C,T
Ctyz_4:879749C,T
Ctyz_4:879752A,G
Ctyz_4:879906G,T
Ctyz_4:880615A,T
Ctyz_4:880845C,T
Ctyz_4:881782A,G
Ctyz_4:881785A,G
Ctyz_4:881787A,G
Ctyz_4:882304A,G
Ctyz_4:883838A,G
Ctyz_4:883844A,G
Ctyz_4:885296A,T
Ctyz_4:885301A,T
Ctyz_4:892979A,G
Ctyz_4:894743A,G
Ctyz_4:897620A,T
Ctyz_4:897623A,T
Ctyz_4:897765A,T
Ctyz_4:898180C,T
Ctyz_4:898772C,T
Ctyz_4:898932G,T
Ctyz_4:898935A,C
Ctyz_4:898936A,T
Ctyz_4:898956C,T
Ctyz_4:898960G,T
Ctyz_4:898961C,T
Ctyz_4:904844C,T
Ctyz_4:904871A,G
Ctyz_4:904883C,T
Ctyz_4:904887A,T
Ctyz_4:904888A,C
Ctyz_4:904893C,G
Ctyz_4:904911G,T
Ctyz_4:904913C,T
Ctyz_4:904916G,T
Ctyz_4:904938A,G
Ctyz_4:904997G,T
Ctyz_4:905001G,T
Ctyz_4:905002A,G
Ctyz_4:911904A,G
Ctyz_4:911906A,G
Ctyz_4:911908A,G
Ctyz_4:911909C,T
Ctyz_4:914781C,T
Ctyz_4:919591C,T
Ctyz_4:919594C,T
Ctyz_4:921550A,G
Ctyz_4:921556C,T
Ctyz_4:924544A,G
Ctyz_4:924914G,T
Ctyz_4:924932C,T
Ctyz_4:924936C,T
Ctyz_4:924938A,T
Ctyz_4:925068A,T
Ctyz_4:925072A,C
Ctyz_4:925102A,T
Ctyz_4:925145C,T
Ctyz_4:925146C,T
Ctyz_4:925381A,T
Ctyz_4:925392A,C
Ctyz_4:925393A,G
Ctyz_4:925396C,T
Ctyz_4:925406A,T
Ctyz_4:925411A,G
Ctyz_4:925414A,T
Ctyz_4:925421C,T
Ctyz_4:925427C,T
Ctyz_4:927173C,T
Ctyz_4:927192G,T
Ctyz_4:927525C,T
Ctyz_4:927586C,T
Ctyz_4:927597C,T
Ctyz_4:927601A,T
Ctyz_4:927606A,T
Ctyz_4:927668C,T
Ctyz_4:927670A,G
Ctyz_4:927675C,T
Ctyz_4:927708A,G
Ctyz_4:929668C,T
Ctyz_4:929757C,T
Ctyz_4:929774A,G
Ctyz_4:929785C,T
Ctyz_4:930186A,G
Ctyz_4:930187C,T
Ctyz_4:930826A,C
Ctyz_4:930830C,T
Ctyz_4:930873C,T
Ctyz_4:930898C,T
Ctyz_4:930903C,T
Ctyz_4:930932A,G
Ctyz_4:930938A,T
Ctyz_4:931132A,G
Ctyz_4:931133G,T
Ctyz_4:931264A,G
Ctyz_4:931325C,T
Ctyz_4:931358A,G
Ctyz_4:931401A,G
Ctyz_4:936137A,G
Ctyz_4:937134C,T
Ctyz_4:937338A,G
Ctyz_4:937350A,C
Ctyz_4:937970C,T
Ctyz_4:938567A,T
Ctyz_4:938584A,G
Ctyz_4:940959A,G
Ctyz_4:941540A,G
Ctyz_4:941782C,T
Ctyz_4:941858C,T
Ctyz_4:941866C,T
Ctyz_4:941923A,G
Ctyz_4:941924A,G
Ctyz_4:942325A,T
Ctyz_4:942326C,T
Ctyz_4:946239C,T
Ctyz_4:950767C,T
Ctyz_4:950792C,T
Ctyz_4:950899C,T
Ctyz_4:950900A,T
Ctyz_4:950978C,T
Ctyz_4:951460C,T
Ctyz_4:951462A,T
Ctyz_4:953752C,T
Ctyz_4:954203C,T
Ctyz_4:954212A,G
Ctyz_4:956249C,G
Ctyz_4:956438A,G
Ctyz_4:956439A,G
Ctyz_4:956699A,G
Ctyz_4:958522A,G
Ctyz_4:958876C,T
Ctyz_4:958881A,G
Ctyz_4:958995A,C
Ctyz_4:958997A,G
Ctyz_4:959917A,G
Ctyz_4:959948A,G
Ctyz_4:960887A,C
Ctyz_4:963017C,T
Ctyz_4:963021A,T
Ctyz_4:963023A,T
Ctyz_4:963097C,T
Ctyz_4:963756A,T
Ctyz_4:963767C,T
Ctyz_4:963914A,G
Ctyz_4:964082G,T
Ctyz_4:964255A,G
Ctyz_4:973743C,G
Ctyz_4:973930A,G
Ctyz_4:973931C,T
Ctyz_4:977200C,T
Ctyz_4:978910A,T
Ctyz_4:978926A,G
Ctyz_4:979229G,T
Ctyz_4:980884A,T
Ctyz_4:980992C,T
Ctyz_4:981544A,T
Ctyz_4:982269C,T
Ctyz_4:982362C,T
Ctyz_4:983628A,T
Ctyz_4:983634A,T
Ctyz_4:983871C,T
Ctyz_4:984141A,G
Ctyz_4:989507A,T
Ctyz_4:996235A,G
Ctyz_4:996240A,G
Ctyz_4:996266A,C
Ctyz_4:996271A,G
Ctyz_4:996282A,G
Ctyz_4:996284A,G
Ctyz_4:996286C,T
Ctyz_4:996658A,G
Ctyz_4:997721A,G
Ctyz_4:998769A,T
Ctyz_4:1001275C,T
Ctyz_4:1003317A,G
Ctyz_4:1003318A,C
Ctyz_4:1004853A,T
Ctyz_4:1004855A,T
Ctyz_4:1006980A,G
Ctyz_4:1016869A,T
Ctyz_4:1017228C,T
Ctyz_4:1018236C,T
Ctyz_4:1020492C,T
Ctyz_4:1022646C,T
Ctyz_4:1023109A,T
Ctyz_4:1024157C,T
Ctyz_4:1025527A,G
Ctyz_4:1025540C,T
Ctyz_4:1026927C,T
Ctyz_4:1028368A,G
Ctyz_4:1028552A,G
Ctyz_4:1028554A,C
Ctyz_4:1029664A,G
Ctyz_4:1030590A,T
Ctyz_4:1030600A,G
Ctyz_4:1030839A,T
Ctyz_4:1033360C,T
Ctyz_4:1034842A,T
Ctyz_4:1037872G,T
Ctyz_4:1037958A,T
Ctyz_4:1039118C,T
Ctyz_4:1039145A,G
Ctyz_4:1039160A,T
Ctyz_4:1039162A,G
Ctyz_4:1039186C,T
Ctyz_4:1041130A,G
Ctyz_4:1041261C,G
Ctyz_4:1041269C,T
Ctyz_4:1041271C,T
Ctyz_4:1041277C,T
Ctyz_4:1041279C,G
Ctyz_4:1041283A,T
Ctyz_4:1041285G,T
Ctyz_4:1041287C,T
Ctyz_4:1041300C,T
Ctyz_4:1041308C,T
Ctyz_4:1046236C,T
Ctyz_4:1055364A,G
Ctyz_4:1058407A,T
Ctyz_4:1060305A,C
Ctyz_4:1068880A,G
Ctyz_4:1070174C,T
Ctyz_4:1071908G,T
Ctyz_4:1071986A,T
Ctyz_4:1071987A,T
Ctyz_4:1071989A,T
Ctyz_4:1072747C,T
Ctyz_4:1072752C,T
Ctyz_4:1072763A,T
Ctyz_4:1072766A,T
Ctyz_4:1073145A,G
Ctyz_4:1073181C,T
Ctyz_4:1083676A,G
Ctyz_4:1090115C,T
Ctyz_4:1090127A,G
Ctyz_4:1090614A,T
Ctyz_4:1090625C,T
Ctyz_4:1090629C,T
Ctyz_4:1091506C,T
Ctyz_4:1095711A,G
Ctyz_4:1095946A,G
Ctyz_4:1098303G,T
Ctyz_5:4290A,G
Ctyz_5:4928A,G
Ctyz_5:4935A,G
Ctyz_5:5232A,T
Ctyz_5:5992G,T
Ctyz_5:6005A,T
Ctyz_5:6016C,T
Ctyz_5:6256G,T
Ctyz_5:6490A,G
Ctyz_5:10929G,T
Ctyz_5:20119C,T
Ctyz_5:20888A,T
Ctyz_5:20892A,C
Ctyz_5:20893A,T
Ctyz_5:20900A,T
Ctyz_5:20902C,T
Ctyz_5:20905A,G
Ctyz_5:21728A,T
Ctyz_5:21733G,T
Ctyz_5:27515A,T
Ctyz_5:27516C,T
Ctyz_5:33690C,T
Ctyz_5:33727G,T
Ctyz_5:34409A,T
Ctyz_5:35427C,T
Ctyz_5:40074A,G
Ctyz_5:42895C,T
Ctyz_5:42908A,G
Ctyz_5:43148A,T
Ctyz_5:47896C,G
Ctyz_5:48086A,T
Ctyz_5:50442G,T
Ctyz_5:54378A,T
Ctyz_5:57270A,T
Ctyz_5:57328A,C
Ctyz_5:60631A,C
Ctyz_5:62359C,T
Ctyz_5:65672A,G
Ctyz_5:65790C,G
Ctyz_5:69246A,T
Ctyz_5:72696C,T
Ctyz_5:72908A,G
Ctyz_5:82456A,C
Ctyz_5:82637A,G
Ctyz_5:85418C,T
Ctyz_5:85669C,T
Ctyz_5:85670A,G
Ctyz_5:85676A,G
Ctyz_5:86294C,T
Ctyz_5:86908A,T
Ctyz_5:88062A,T
Ctyz_5:88063A,T
Ctyz_5:91330A,G
Ctyz_5:100201A,G
Ctyz_5:102064G,T
Ctyz_5:106289C,T
Ctyz_5:108421A,T
Ctyz_5:108424A,T
Ctyz_5:108436A,C
Ctyz_5:108439A,C
Ctyz_5:109466A,G
Ctyz_5:109534A,G
Ctyz_5:109543A,G
Ctyz_5:110063C,T
Ctyz_5:110064A,T
Ctyz_5:110065A,T
Ctyz_5:110073A,C
Ctyz_5:120661A,G
Ctyz_5:121246C,T
Ctyz_5:126802A,T
Ctyz_5:130834A,G
Ctyz_5:133270G,T
Ctyz_5:137112A,T
Ctyz_5:140428A,T
Ctyz_5:141155G,T
Ctyz_5:141157C,T
Ctyz_5:152503G,T
Ctyz_5:152504A,C
Ctyz_5:152505A,C
Ctyz_5:152508A,C
Ctyz_5:152509G,T
Ctyz_5:152511A,C
Ctyz_5:153067A,G
Ctyz_5:153087A,T
Ctyz_5:157463A,T
Ctyz_5:159793A,C
Ctyz_5:159808C,G
Ctyz_5:162230A,C
Ctyz_5:162284A,G
Ctyz_5:164353A,T
Ctyz_5:166820A,T
Ctyz_5:172586A,C
Ctyz_5:184751C,T
Ctyz_5:184756A,G
Ctyz_5:185028C,T
Ctyz_5:186730A,G
Ctyz_5:198857A,T
Ctyz_5:206066C,T
Ctyz_5:218264A,T
Ctyz_5:218265C,T
Ctyz_5:218275A,T
Ctyz_5:224949C,G
Ctyz_5:225025A,T
Ctyz_5:227075A,T
Ctyz_5:230927A,G
Ctyz_5:231470G,T
Ctyz_5:231866C,T
Ctyz_5:237257A,G
Ctyz_5:240835C,T
Ctyz_5:243219C,T
Ctyz_5:245552A,C
Ctyz_5:258920A,G
Ctyz_5:271374G,T
Ctyz_5:271734A,G
Ctyz_5:291625G,T
Ctyz_5:291643A,T
Ctyz_5:291646G,T
Ctyz_5:291679G,T
Ctyz_5:291682A,T
Ctyz_5:291688A,T
Ctyz_5:291715A,T
Ctyz_5:292423A,T
Ctyz_5:292486A,G
Ctyz_5:292794A,T
Ctyz_5:292815A,G
Ctyz_5:292821A,G
Ctyz_5:292863A,G
Ctyz_5:292872A,T
Ctyz_5:292962A,T
Ctyz_5:292971G,T
Ctyz_5:292977G,T
Ctyz_5:293058G,T
Ctyz_5:293067A,T
Ctyz_5:293070G,T
Ctyz_5:293073A,T
Ctyz_5:293076A,T
Ctyz_5:293190A,T
Ctyz_5:297131C,T
Ctyz_5:297136A,G
Ctyz_5:300747A,G
Ctyz_5:304005C,T
Ctyz_5:307534A,C
Ctyz_5:307807A,G
Ctyz_5:307811C,T
Ctyz_5:308998A,G
Ctyz_5:322321A,G
Ctyz_5:322335C,T
Ctyz_5:322414A,T
Ctyz_5:322416A,G
Ctyz_5:323971C,T
Ctyz_5:324022A,T
Ctyz_5:326493C,T
Ctyz_5:326496A,G
Ctyz_5:326771A,C
Ctyz_5:329538A,T
Ctyz_5:329929A,G
Ctyz_5:329936C,T
Ctyz_5:330061A,C
Ctyz_5:331424C,T
Ctyz_5:332484C,T
Ctyz_5:332494C,T
Ctyz_5:332496A,G
Ctyz_5:358076A,T
Ctyz_5:358080A,T
Ctyz_5:358087A,G
Ctyz_5:360225A,G
Ctyz_5:366092A,C
Ctyz_5:380056A,T
Ctyz_5:382054C,T
Ctyz_5:389391A,T
Ctyz_5:392571A,C
Ctyz_5:409656G,T
Ctyz_5:409657C,T
Ctyz_5:426217A,G
Ctyz_5:431539A,G
Ctyz_5:431552C,T
Ctyz_5:431734A,T
Ctyz_5:435667A,C
Ctyz_5:439594A,G
Ctyz_5:443549C,T
Ctyz_5:443555G,T
Ctyz_5:445052A,T
Ctyz_5:461231A,C
Ctyz_5:461863A,G
Ctyz_5:483163C,T
Ctyz_5:483780A,G
Ctyz_5:483848A,G
Ctyz_5:483851A,G
Ctyz_5:484092C,T
Ctyz_5:484206A,G
Ctyz_5:484212C,T
Ctyz_5:484218C,T
Ctyz_5:484220A,G
Ctyz_5:490460C,T
Ctyz_5:490461G,T
Ctyz_5:493925A,G
Ctyz_5:493940A,G
Ctyz_5:493949A,G
Ctyz_5:493958A,G
Ctyz_5:493967A,G
Ctyz_5:493976A,G
Ctyz_5:493979A,T
Ctyz_5:493982A,T
Ctyz_5:493985A,T
Ctyz_5:493988G,T
Ctyz_5:493991A,T
Ctyz_5:493994A,T
Ctyz_5:493997G,T
Ctyz_5:494009A,G
Ctyz_5:494021A,G
Ctyz_5:494045A,G
Ctyz_5:495816A,T
Ctyz_5:498685C,T
Ctyz_5:498694C,T
Ctyz_5:498696C,T
Ctyz_5:499933A,C
Ctyz_5:501448C,T
Ctyz_5:501984C,T
Ctyz_5:501993C,T
Ctyz_5:502771G,T
Ctyz_5:505806A,G
Ctyz_5:506925A,G
Ctyz_5:507227C,T
Ctyz_5:507987C,T
Ctyz_5:513047A,T
Ctyz_5:513048G,T
Ctyz_5:513049A,G
Ctyz_5:513056A,G
Ctyz_5:521678A,G
Ctyz_5:521680A,G
Ctyz_5:521689A,G
Ctyz_5:524952A,G
Ctyz_5:527076A,C
Ctyz_5:533223C,T
Ctyz_5:533229C,T
Ctyz_5:533241C,T
Ctyz_5:533271C,T
Ctyz_5:533277C,T
Ctyz_5:533280C,T
Ctyz_5:533292C,T
Ctyz_5:533301C,T
Ctyz_5:533304C,T
Ctyz_5:533418C,T
Ctyz_5:533427C,T
Ctyz_5:533430C,T
Ctyz_5:533433C,T
Ctyz_5:535020A,G
Ctyz_5:535845G,T
Ctyz_5:536314C,T
Ctyz_5:536319C,T
Ctyz_5:536321C,T
Ctyz_5:536335A,C
Ctyz_5:536348A,T
Ctyz_5:536377A,T
Ctyz_5:536399C,T
Ctyz_5:540067A,T
Ctyz_5:540068C,T
Ctyz_5:540069A,C
Ctyz_5:540074A,C
Ctyz_5:540232C,T
Ctyz_5:540240A,T
Ctyz_5:540242A,T
Ctyz_5:540243A,G
Ctyz_5:540245A,T
Ctyz_5:544364A,T
Ctyz_5:557992C,T
Ctyz_5:557998C,T
Ctyz_5:566259A,T
Ctyz_5:570308A,G
Ctyz_5:570317A,G
Ctyz_5:570614A,T
Ctyz_5:578384A,T
Ctyz_5:582540C,T
Ctyz_5:583079C,T
Ctyz_5:594221C,T
Ctyz_5:597160G,T
Ctyz_5:599115A,C
Ctyz_5:600165A,G
Ctyz_5:600169C,T
Ctyz_5:603424A,G
Ctyz_5:608335C,G
Ctyz_5:608341C,G
Ctyz_5:608342C,T
Ctyz_5:608347C,G
Ctyz_5:608348C,T
Ctyz_5:608354C,T
Ctyz_5:608360C,T
Ctyz_5:608365C,G
Ctyz_5:608366C,T
Ctyz_5:608372C,T
Ctyz_5:608383C,T
Ctyz_5:608384C,T
Ctyz_5:608390C,T
Ctyz_5:608396C,T
Ctyz_5:608402C,T
Ctyz_5:608408C,T
Ctyz_5:608414C,T
Ctyz_5:608420C,T
Ctyz_5:608426C,T
Ctyz_5:615457A,T
Ctyz_5:615459A,T
Ctyz_5:615631A,G
Ctyz_5:615637A,T
Ctyz_5:615638G,T
Ctyz_5:617431A,C
Ctyz_5:618501C,T
Ctyz_5:622316A,G
Ctyz_5:625675A,G
Ctyz_5:633108C,T
Ctyz_5:635249C,T
Ctyz_5:636019A,C
Ctyz_5:644203C,T
Ctyz_5:647245A,G
Ctyz_5:652193C,T
Ctyz_5:652899C,T
Ctyz_5:652900A,T
Ctyz_5:653141C,T
Ctyz_5:653300G,T
Ctyz_5:653301A,G
Ctyz_5:653302C,T
Ctyz_5:653303C,T
Ctyz_5:653305G,T
Ctyz_5:655572C,T
Ctyz_5:664525C,T
Ctyz_5:671579A,T
Ctyz_5:671591C,T
Ctyz_5:674126G,T
Ctyz_5:675386A,G
Ctyz_5:675837A,G
Ctyz_5:687366C,T
Ctyz_5:687367A,T
Ctyz_5:687865A,T
Ctyz_5:691899A,G
Ctyz_5:698633A,C
Ctyz_5:710615A,G
Ctyz_5:710619C,T
Ctyz_5:712426A,G
Ctyz_5:712434A,G
Ctyz_5:715010A,G
Ctyz_5:716883A,T
Ctyz_5:717812C,T
Ctyz_5:717813A,G
Ctyz_5:719400A,G
Ctyz_5:719401A,G
Ctyz_5:720168A,G
Ctyz_5:721117A,G
Ctyz_5:721120A,G
Ctyz_5:722892A,C
Ctyz_5:722909A,G
Ctyz_5:728012A,T
Ctyz_5:728968A,T
Ctyz_5:728977G,T
Ctyz_5:734944A,T
Ctyz_5:734946C,T
Ctyz_5:735083C,T
Ctyz_5:735645A,C
Ctyz_5:736160C,T
Ctyz_5:737757G,T
Ctyz_5:737776A,G
Ctyz_5:737778C,G
Ctyz_5:737791A,G
Ctyz_5:744381C,T
Ctyz_5:751246A,G
Ctyz_5:751247C,T
Ctyz_5:759027C,T
Ctyz_5:766887A,C
Ctyz_5:767164C,T
Ctyz_5:774619C,T
Ctyz_5:782466A,G
Ctyz_5:782476A,G
Ctyz_5:782677A,G
Ctyz_5:784035A,G
Ctyz_5:784053A,G
Ctyz_5:784720G,T
Ctyz_5:785679C,T
Ctyz_5:786729A,G
Ctyz_5:786831C,T
Ctyz_5:786840A,G
Ctyz_5:786844A,G
Ctyz_5:788581A,G
Ctyz_5:788584A,G
Ctyz_5:788588A,G
Ctyz_5:788592A,C
Ctyz_5:788598C,T
Ctyz_5:788600C,T
Ctyz_5:789528C,T
Ctyz_5:791803C,T
Ctyz_5:791999A,G
Ctyz_5:793686C,T
Ctyz_5:793722A,C
Ctyz_5:795199C,G
Ctyz_5:799710A,G
Ctyz_5:799711A,G
Ctyz_5:800834A,G
Ctyz_5:801310A,G
Ctyz_5:801767C,T
Ctyz_5:803192A,T
Ctyz_5:805469C,T
Ctyz_5:805635C,T
Ctyz_5:809451A,G
Ctyz_5:810884A,C
Ctyz_5:811446C,T
Ctyz_5:812994A,G
Ctyz_5:817526C,T
Ctyz_5:819774C,T
Ctyz_5:819793C,G
Ctyz_5:819833C,T
Ctyz_5:819935C,T
Ctyz_5:819940C,T
Ctyz_5:819944C,T
Ctyz_5:819947C,T
Ctyz_5:819953C,T
Ctyz_5:819970C,T
Ctyz_5:819974A,C
Ctyz_5:819980C,T
Ctyz_5:819986C,T
Ctyz_5:819989C,T
Ctyz_5:819992C,T
Ctyz_5:819998C,T
Ctyz_5:820001A,T
Ctyz_5:820004C,T
Ctyz_5:820010C,T
Ctyz_5:820016C,T
Ctyz_5:820018C,T
Ctyz_5:820022C,T
Ctyz_5:821686C,T
Ctyz_5:822197A,G
Ctyz_5:822428A,T
Ctyz_5:828227C,T
Ctyz_5:828228A,G
Ctyz_5:829374A,T
Ctyz_5:833351A,G
Ctyz_5:834662A,T
Ctyz_5:839023A,T
Ctyz_5:839579C,T
Ctyz_5:842755A,G
Ctyz_5:842953A,G
Ctyz_5:842954A,G
Ctyz_5:848135A,T
Ctyz_5:848139A,T
Ctyz_5:848140A,G
Ctyz_5:848162A,G
Ctyz_5:852730G,T
Ctyz_5:858469A,C
Ctyz_5:858526A,G
Ctyz_5:864732A,T
Ctyz_5:864742A,T
Ctyz_5:865648C,T
Ctyz_5:868319G,T
Ctyz_5:868704A,T
Ctyz_5:873491C,G
Ctyz_5:873494A,T
Ctyz_5:874184G,T
Ctyz_5:874660A,G
Ctyz_5:875272A,G
Ctyz_5:875919C,T
Ctyz_5:877796C,T
Ctyz_5:879175A,T
Ctyz_5:879221C,T
Ctyz_5:879233C,T
Ctyz_5:879239G,T
Ctyz_5:884014A,T
Ctyz_5:886263C,T
Ctyz_5:889542A,G
Ctyz_5:889547C,T
Ctyz_5:890842A,G
Ctyz_5:895213C,T
Ctyz_5:895231A,T
Ctyz_5:895233C,T
Ctyz_5:897871A,T
Ctyz_5:898015A,T
Ctyz_5:900769C,T
Ctyz_5:900772A,G
Ctyz_5:904969C,T
Ctyz_5:910462A,T
Ctyz_5:910466A,C
Ctyz_5:911486C,G
Ctyz_5:917982G,T
Ctyz_6:74C,T
Ctyz_6:75G,T
Ctyz_6:80A,G
Ctyz_6:87A,C
Ctyz_6:3512A,G
Ctyz_6:5622C,T
Ctyz_6:5693C,T
Ctyz_6:5695A,G
Ctyz_6:5702C,T
Ctyz_6:5705A,G
Ctyz_6:5717A,T
Ctyz_6:5746A,C
Ctyz_6:5769A,T
Ctyz_6:5770A,G
Ctyz_6:5776A,G
Ctyz_6:5786C,T
Ctyz_6:5823A,G
Ctyz_6:5881A,C
Ctyz_6:5893A,G
Ctyz_6:5913A,C
Ctyz_6:5920G,T
Ctyz_6:5927A,G
Ctyz_6:5969C,T
Ctyz_6:5978C,T
Ctyz_6:5990C,T
Ctyz_6:6614C,T
Ctyz_6:7087A,G
Ctyz_6:7088C,T
Ctyz_6:8511C,T
Ctyz_6:8517A,G
Ctyz_6:14740C,T
Ctyz_6:14742A,G
Ctyz_6:14743C,T
Ctyz_6:22627A,T
Ctyz_6:22903A,G
Ctyz_6:28893A,G
Ctyz_6:32934A,G
Ctyz_6:33219A,T
Ctyz_6:34375C,T
Ctyz_6:38089A,G
Ctyz_6:39534A,G
Ctyz_6:41502C,G
Ctyz_6:41513A,G
Ctyz_6:42060C,T
Ctyz_6:51194A,T
Ctyz_6:51565A,G
Ctyz_6:55276A,G
Ctyz_6:55497C,T
Ctyz_6:55931C,T
Ctyz_6:58432A,G
Ctyz_6:58471A,G
Ctyz_6:58477A,G
Ctyz_6:59142A,G
Ctyz_6:60769C,T
Ctyz_6:60777C,T
Ctyz_6:60778G,T
Ctyz_6:60783A,T
Ctyz_6:60784C,T
Ctyz_6:60787C,T
Ctyz_6:60790C,T
Ctyz_6:60796A,C
Ctyz_6:60811A,C
Ctyz_6:61481A,G
Ctyz_6:63463C,T
Ctyz_6:63473A,G
Ctyz_6:63485A,G
Ctyz_6:63497A,G
Ctyz_6:63503A,G
Ctyz_6:63509A,G
Ctyz_6:63515A,G
Ctyz_6:63535C,T
Ctyz_6:63539A,T
Ctyz_6:63745C,T
Ctyz_6:63755A,T
Ctyz_6:63782A,C
Ctyz_6:66770A,T
Ctyz_6:67596C,T
Ctyz_6:67617G,T
Ctyz_6:69655A,G
Ctyz_6:69740A,T
Ctyz_6:70108A,G
Ctyz_6:72235A,G
Ctyz_6:78233G,T
Ctyz_6:80235A,G
Ctyz_6:81154A,G
Ctyz_6:81343A,T
Ctyz_6:81346C,T
Ctyz_6:83189C,T
Ctyz_6:88508A,G
Ctyz_6:96619A,G
Ctyz_6:98520C,T
Ctyz_6:98525C,T
Ctyz_6:98530A,G
Ctyz_6:98531C,T
Ctyz_6:99086C,T
Ctyz_6:102684A,G
Ctyz_6:102723A,T
Ctyz_6:102726A,T
Ctyz_6:102729A,T
Ctyz_6:102756A,T
Ctyz_6:103053G,T
Ctyz_6:105321A,G
Ctyz_6:105328G,T
Ctyz_6:106424A,T
Ctyz_6:106984C,T
Ctyz_6:106999A,G
Ctyz_6:109857C,T
Ctyz_6:109896C,T
Ctyz_6:109914C,T
Ctyz_6:109926A,T
Ctyz_6:111907A,C
Ctyz_6:114406A,G
Ctyz_6:114414C,G
Ctyz_6:117791A,G
Ctyz_6:117825A,G
Ctyz_6:118308A,T
Ctyz_6:118387C,T
Ctyz_6:120611C,T
Ctyz_6:121159G,T
Ctyz_6:128268A,G
Ctyz_6:130761A,T
Ctyz_6:137517A,G
Ctyz_6:139744C,T
Ctyz_6:141835A,G
Ctyz_6:143256A,T
Ctyz_6:144593C,T
Ctyz_6:145348A,T
Ctyz_6:145450A,G
Ctyz_6:145460A,C
Ctyz_6:145469C,T
Ctyz_6:145495C,T
Ctyz_6:148807C,T
Ctyz_6:150344C,T
Ctyz_6:152232C,T
Ctyz_6:161873A,G
Ctyz_6:162065C,T
Ctyz_6:164054A,G
Ctyz_6:164058C,T
Ctyz_6:164556A,G
Ctyz_6:164559A,T
Ctyz_6:166079A,T
Ctyz_6:168193C,T
Ctyz_6:172473G,T
Ctyz_6:174807C,T
Ctyz_6:178231C,T
Ctyz_6:181359C,T
Ctyz_6:181374C,T
Ctyz_6:185793C,T
Ctyz_6:187525A,C
Ctyz_6:187527A,T
Ctyz_6:191986C,T
Ctyz_6:192763A,C
Ctyz_6:193790C,T
Ctyz_6:194457A,G
Ctyz_6:195784C,T
Ctyz_6:197213C,T
Ctyz_6:197525G,T
Ctyz_6:197536C,T
Ctyz_6:198654C,T
Ctyz_6:198722C,T
Ctyz_6:199409G,T
Ctyz_6:199446C,T
Ctyz_6:199479C,T
Ctyz_6:199618A,T
Ctyz_6:199624A,T
Ctyz_6:199630A,T
Ctyz_6:199636C,T
Ctyz_6:199642A,T
Ctyz_6:199922G,T
Ctyz_6:199924C,T
Ctyz_6:200150G,T
Ctyz_6:212747A,T
Ctyz_6:213464C,T
Ctyz_6:213466C,T
Ctyz_6:213500C,T
Ctyz_6:213686C,T
Ctyz_6:215275A,T
Ctyz_6:219811A,C
Ctyz_6:219845G,T
Ctyz_6:222718A,G
Ctyz_6:226553C,T
Ctyz_6:230506A,G
Ctyz_6:230762A,T
Ctyz_6:232194A,G
Ctyz_6:232198A,G
Ctyz_6:232204A,G
Ctyz_6:232210A,G
Ctyz_6:236990C,T
Ctyz_6:239700A,G
Ctyz_6:247562A,T
Ctyz_6:247563A,T
Ctyz_6:248396C,T
Ctyz_6:254526A,G
Ctyz_6:261933A,T
Ctyz_6:264838A,C
Ctyz_6:265636A,G
Ctyz_6:267901C,T
Ctyz_6:275939A,T
Ctyz_6:277381A,T
Ctyz_6:283752A,G
Ctyz_6:287657C,T
Ctyz_6:288429A,T
Ctyz_6:292373A,G
Ctyz_6:293240A,G
Ctyz_6:293632A,G
Ctyz_6:311430A,G
Ctyz_6:327971A,G
Ctyz_6:337025A,G
Ctyz_6:339597C,T
Ctyz_6:340692C,T
Ctyz_6:341385A,G
Ctyz_6:351810A,C
Ctyz_6:351816G,T
Ctyz_6:354253A,G
Ctyz_6:354254A,G
Ctyz_6:354428C,T
Ctyz_6:356389A,T
Ctyz_6:360900A,G
Ctyz_6:360907C,T
Ctyz_6:360929A,G
Ctyz_6:360930A,G
Ctyz_6:360947A,G
Ctyz_6:370815C,T
Ctyz_6:370823A,C
Ctyz_6:375191A,G
Ctyz_6:376352A,G
Ctyz_6:380752C,T
Ctyz_6:380765A,C
Ctyz_6:413785A,C
Ctyz_6:422034A,T
Ctyz_6:428305G,T
Ctyz_6:429252C,T
Ctyz_6:432905A,T
Ctyz_6:432909C,T
Ctyz_6:439250A,G
Ctyz_6:439254C,T
Ctyz_6:441658A,C
Ctyz_6:441676G,T
Ctyz_6:441686A,G
Ctyz_6:454428A,G
Ctyz_6:481973A,G
Ctyz_6:482298A,T
Ctyz_6:492087A,C
Ctyz_6:494275C,T
Ctyz_6:506485A,G
Ctyz_6:506495A,G
Ctyz_6:506500A,T
Ctyz_6:512617A,T
Ctyz_6:513917C,T
Ctyz_6:513944C,T
Ctyz_6:521594C,T
Ctyz_6:531507C,T
Ctyz_6:539612A,T
Ctyz_6:544464C,T
Ctyz_6:558291G,T
Ctyz_6:569353C,T
Ctyz_6:574738A,C
Ctyz_6:574940A,G
Ctyz_6:575059G,T
Ctyz_6:598574A,C
Ctyz_6:598616A,T
Ctyz_6:645340A,G
Ctyz_6:645385C,T
Ctyz_6:654399A,T
Ctyz_6:657262A,T
Ctyz_6:674480A,G
Ctyz_6:674520G,T
Ctyz_6:683152C,T
Ctyz_6:683493C,T
Ctyz_6:683502A,C
Ctyz_6:683505A,G
Ctyz_6:683554A,C
Ctyz_6:686207A,G
Ctyz_6:696403C,T
Ctyz_6:708931A,T
Ctyz_6:708946A,G
Ctyz_6:708953A,T
Ctyz_6:708967A,G
Ctyz_6:710402A,C
Ctyz_6:711233A,G
Ctyz_6:711700C,T
Ctyz_6:711710A,C
Ctyz_6:711724A,G
Ctyz_6:712659C,T
Ctyz_6:712671C,T
Ctyz_6:712686G,T
Ctyz_6:712715A,T
Ctyz_6:712754A,T
Ctyz_6:712858C,T
Ctyz_6:712885G,T
Ctyz_6:712890C,G
Ctyz_6:713316A,G
Ctyz_6:713599A,G
Ctyz_6:714104A,G
Ctyz_6:718091A,G
Ctyz_6:718124A,G
Ctyz_6:718126A,G
Ctyz_6:720567C,T
Ctyz_6:720569A,T
Ctyz_6:731189A,C
Ctyz_6:733008C,T
Ctyz_6:733017A,G
Ctyz_6:733227A,G
Ctyz_6:737452A,G
Ctyz_6:739738C,T
Ctyz_6:744007A,C
Ctyz_6:748604A,G
Ctyz_6:748610A,G
Ctyz_6:748611A,G
Ctyz_6:768597A,G
Ctyz_6:768618A,G
Ctyz_6:769814A,T
Ctyz_6:770277A,G
Ctyz_6:771707A,C
Ctyz_6:772174A,C
Ctyz_6:772798C,T
Ctyz_6:776548A,T
Ctyz_6:776561A,G
Ctyz_6:781074C,T
Ctyz_6:782338A,T
Ctyz_6:790328C,G
Ctyz_6:790394A,T
Ctyz_6:793290A,G
Ctyz_6:796495A,C
Ctyz_6:800107G,T
Ctyz_6:800418A,T
Ctyz_6:807574A,C
Ctyz_6:808751C,T
Ctyz_6:816317A,G
Ctyz_6:816324C,T
Ctyz_6:816327A,T
Ctyz_6:819685C,T
Ctyz_6:823523A,G
Ctyz_6:827774A,G
Ctyz_6:827793A,T
Ctyz_6:833177A,G
Ctyz_6:838394A,C
Ctyz_6:841158C,T
Ctyz_6:849477A,C
Ctyz_6:849550A,T
Ctyz_6:853940A,T
Ctyz_6:866995A,G
Ctyz_6:872601C,T
Ctyz_6:872605A,G
Ctyz_6:872618A,G
Ctyz_6:872622C,T
Ctyz_6:873934C,T
Ctyz_6:875880A,T
Ctyz_6:876981C,T
Ctyz_6:884995A,G
Ctyz_6:897046C,T
Ctyz_6:898355C,T
Ctyz_6:898385C,T
Ctyz_6:899134C,T
Ctyz_6:899136C,T
Ctyz_6:899142C,T
Ctyz_6:899732C,T
Ctyz_6:899980A,T
Ctyz_6:905470C,T
Ctyz_6:905475C,T
Ctyz_6:905484C,T
Ctyz_6:905490C,T
Ctyz_6:905569G,T
Ctyz_6:907646G,T
Ctyz_6:907896A,C
Ctyz_6:921306A,C
Ctyz_6:921312A,G
Ctyz_6:922592C,T
Ctyz_6:922937A,G
Ctyz_6:928971C,T
Ctyz_6:933219A,G
Ctyz_6:935319A,C
Ctyz_6:935990C,T
Ctyz_6:938178C,T
Ctyz_6:940302A,C
Ctyz_6:940309C,T
Ctyz_6:940345A,G
Ctyz_6:941313A,T
Ctyz_6:943887A,G
Ctyz_6:943923A,G
Ctyz_6:943968A,G
Ctyz_6:943983A,G
Ctyz_6:948555C,T
Ctyz_6:958766C,T
Ctyz_6:958770G,T
Ctyz_6:958927A,T
Ctyz_6:958934A,C
Ctyz_6:974576C,T
Ctyz_6:976144A,C
Ctyz_6:976521G,T
Ctyz_6:976929A,G
Ctyz_6:976930C,T
Ctyz_6:979452A,T
Ctyz_6:979463A,T
Ctyz_6:980504C,T
Ctyz_6:980669C,T
Ctyz_6:983894A,G
Ctyz_6:985296C,T
Ctyz_6:1010170A,G
Ctyz_6:1010340C,T
Ctyz_6:1010354A,T
Ctyz_6:1010356A,G
Ctyz_6:1010405A,G
Ctyz_6:1013351A,G
Ctyz_6:1016415A,C
Ctyz_6:1016590A,G
Ctyz_6:1021703C,T
Ctyz_6:1026003C,T
Ctyz_6:1026201A,G
Ctyz_6:1026212C,T
Ctyz_6:1048628A,G
Ctyz_6:1054744A,G
Ctyz_6:1054745A,G
Ctyz_6:1090078A,T
Ctyz_6:1094159A,G
Ctyz_6:1110707A,T
Ctyz_6:1111018C,T
Ctyz_6:1111024C,T
Ctyz_6:1111026A,G
Ctyz_6:1113551C,T
Ctyz_6:1115030A,C
Ctyz_6:1115050C,T
Ctyz_6:1115052A,G
Ctyz_6:1115071A,G
Ctyz_6:1115173G,T
Ctyz_6:1120586C,T
Ctyz_6:1120589A,G
Ctyz_6:1121309C,T
Ctyz_6:1135514C,T
Ctyz_6:1135588G,T
Ctyz_6:1136727G,T
Ctyz_6:1138811A,T
Ctyz_6:1146536C,T
Ctyz_6:1150197A,G
Ctyz_6:1152181A,G
Ctyz_6:1157962C,T
Ctyz_6:1158006A,T
Ctyz_6:1161739A,G
Ctyz_6:1163823G,T
Ctyz_6:1163834C,T
Ctyz_6:1163935A,C
Ctyz_6:1171055C,G
Ctyz_6:1180650C,T
Ctyz_6:1180665A,T
Ctyz_6:1185270C,T
Ctyz_6:1187476A,G
Ctyz_6:1193584C,T
Ctyz_6:1199803A,G
Ctyz_6:1199810A,T
Ctyz_6:1200119A,G
Ctyz_6:1201292A,T
Ctyz_6:1207946C,T
Ctyz_6:1210214C,T
Ctyz_6:1210316A,T
Ctyz_6:1217020A,G
Ctyz_6:1217344A,G
Ctyz_6:1228626G,T
Ctyz_6:1228629A,C
Ctyz_6:1234732A,G
Ctyz_6:1242425A,C
Ctyz_6:1243202A,G
Ctyz_6:1243220A,G
Ctyz_6:1243221C,T
Ctyz_6:1253775C,T
Ctyz_6:1254216A,G
Ctyz_6:1262625C,T
Ctyz_6:1262626C,T
Ctyz_6:1269707A,G
Ctyz_6:1269709A,T
Ctyz_6:1269710A,G
Ctyz_6:1269716A,G
Ctyz_6:1269719A,G
Ctyz_6:1269722A,G
Ctyz_6:1269725A,G
Ctyz_6:1272550C,T
Ctyz_6:1272555C,G
Ctyz_6:1287986A,T
Ctyz_6:1287987C,T
Ctyz_7:6088C,T
Ctyz_7:6091A,C
Ctyz_7:6109C,T
Ctyz_7:6198C,T
Ctyz_7:6202A,G
Ctyz_7:6217C,T
Ctyz_7:6218A,T
Ctyz_7:6219A,T
Ctyz_7:6224C,T
Ctyz_7:7258A,T
Ctyz_7:7667C,T
Ctyz_7:7686A,G
Ctyz_7:7688C,G
Ctyz_7:7697C,T
Ctyz_7:7700A,T
Ctyz_7:7705C,T
Ctyz_7:7713C,T
Ctyz_7:7721A,T
Ctyz_7:7726C,T
Ctyz_7:7800C,T
Ctyz_7:7802A,T
Ctyz_7:7806C,T
Ctyz_7:7809A,G
Ctyz_7:7816A,G
Ctyz_7:7833A,G
Ctyz_7:11394C,T
Ctyz_7:11396G,T
Ctyz_7:11400C,T
Ctyz_7:11401A,G
Ctyz_7:11411C,T
Ctyz_7:11413C,T
Ctyz_7:11415A,C
Ctyz_7:11422A,G
Ctyz_7:11423A,C
Ctyz_7:11436A,G
Ctyz_7:11437A,G
Ctyz_7:11438C,T
Ctyz_7:11444C,T
Ctyz_7:11445A,G
Ctyz_7:16010A,C
Ctyz_7:16081C,T
Ctyz_7:35228A,G
Ctyz_7:43942C,T
Ctyz_7:50241A,T
Ctyz_7:55828C,T
Ctyz_7:55842A,C
Ctyz_7:58108C,T
Ctyz_7:58119A,G
Ctyz_7:58121A,T
Ctyz_7:68824A,G
Ctyz_7:68840A,T
Ctyz_7:71376A,G
Ctyz_7:71377C,T
Ctyz_7:78527A,G
Ctyz_7:78567A,C
Ctyz_7:78568C,T
Ctyz_7:78580A,G
Ctyz_7:80689G,T
Ctyz_7:87029A,C
Ctyz_7:96694C,T
Ctyz_7:96703C,T
Ctyz_7:96717A,G
Ctyz_7:96720A,C
Ctyz_7:96723A,T
Ctyz_7:98830C,T
Ctyz_7:100898C,G
Ctyz_7:100912G,T
Ctyz_7:102116G,T
Ctyz_7:102900A,G
Ctyz_7:102905A,T
Ctyz_7:102954A,G
Ctyz_7:107339C,T
Ctyz_7:107383A,G
Ctyz_7:108286A,G
Ctyz_7:108607A,T
Ctyz_7:111531C,T
Ctyz_7:111532C,T
Ctyz_7:111533C,T
Ctyz_7:111650A,G
Ctyz_7:111699A,T
Ctyz_7:111709C,T
Ctyz_7:111743A,T
Ctyz_7:111744A,T
Ctyz_7:113882A,G
Ctyz_7:113884G,T
Ctyz_7:116985A,G
Ctyz_7:116999A,T
Ctyz_7:121638C,T
Ctyz_7:129491A,T
Ctyz_7:129500A,T
Ctyz_7:129519C,T
Ctyz_7:129522C,T
Ctyz_7:129551G,T
Ctyz_7:130431A,T
Ctyz_7:130492C,T
Ctyz_7:130509C,T
Ctyz_7:130518A,T
Ctyz_7:130521A,T
Ctyz_7:130523A,T
Ctyz_7:131905A,G
Ctyz_7:132540A,C
Ctyz_7:146356C,T
Ctyz_7:149542A,T
Ctyz_7:149844A,G
Ctyz_7:153108A,T
Ctyz_7:157441A,T
Ctyz_7:161563A,C
Ctyz_7:161679C,T
Ctyz_7:161850A,G
Ctyz_7:167250C,T
Ctyz_7:167657A,G
Ctyz_7:169374A,T
Ctyz_7:169610A,G
Ctyz_7:169613G,T
Ctyz_7:174219A,G
Ctyz_7:174739A,C
Ctyz_7:178112A,T
Ctyz_7:178124A,G
Ctyz_7:178129C,T
Ctyz_7:178144C,T
Ctyz_7:178145A,G
Ctyz_7:178149C,T
Ctyz_7:178153C,T
Ctyz_7:178154C,T
Ctyz_7:178169A,G
Ctyz_7:178172A,G
Ctyz_7:178176C,T
Ctyz_7:178178C,T
Ctyz_7:178185A,G
Ctyz_7:185980A,T
Ctyz_7:189076C,T
Ctyz_7:192385C,T
Ctyz_7:202757C,T
Ctyz_7:205481A,G
Ctyz_7:206681C,T
Ctyz_7:206688C,T
Ctyz_7:211375G,T
Ctyz_7:222927G,T
Ctyz_7:230121A,G
Ctyz_7:234256C,T
Ctyz_7:234273C,T
Ctyz_7:234780A,C
Ctyz_7:237234C,T
Ctyz_7:238735A,G
Ctyz_7:238814C,T
Ctyz_7:254001C,G
Ctyz_7:254007C,G
Ctyz_7:254862A,C
Ctyz_7:264733A,T
Ctyz_7:266942A,T
Ctyz_7:266949A,T
Ctyz_7:267333C,T
Ctyz_7:267793A,G
Ctyz_7:268018C,T
Ctyz_7:268448A,T
Ctyz_7:268461A,C
Ctyz_7:271489A,T
Ctyz_7:272271C,T
Ctyz_7:274298A,G
Ctyz_7:274333C,T
Ctyz_7:274337C,T
Ctyz_7:274525C,T
Ctyz_7:274553A,G
Ctyz_7:274557A,T
Ctyz_7:274561A,T
Ctyz_7:274583C,T
Ctyz_7:274612C,T
Ctyz_7:274752A,C
Ctyz_7:280050C,T
Ctyz_7:280169C,T
Ctyz_7:280175A,C
Ctyz_7:280516A,T
Ctyz_7:289553G,T
Ctyz_7:291096C,T
Ctyz_7:293133A,G
Ctyz_7:293139A,T
Ctyz_7:299726A,T
Ctyz_7:299841C,T
Ctyz_7:307023C,T
Ctyz_7:307026C,T
Ctyz_7:307038C,T
Ctyz_7:310520C,T
Ctyz_7:315484A,C
Ctyz_7:315787A,T
Ctyz_7:333568A,G
Ctyz_7:334101A,G
Ctyz_7:337030G,T
Ctyz_7:337040A,G
Ctyz_7:337042C,T
Ctyz_7:337043A,G
Ctyz_7:338101A,G
Ctyz_7:342508A,G
Ctyz_7:343362A,G
Ctyz_7:343374A,G
Ctyz_7:343377A,C
Ctyz_7:347591C,T
Ctyz_7:348339C,T
Ctyz_7:350115A,C
Ctyz_7:350123C,T
Ctyz_7:361386A,G
Ctyz_7:361546C,T
Ctyz_7:361563G,T
Ctyz_7:362697A,T
Ctyz_7:362707G,T
Ctyz_7:365020A,G
Ctyz_7:370326A,G
Ctyz_7:370366C,T
Ctyz_7:376904C,T
Ctyz_7:382074C,T
Ctyz_7:382083A,T
Ctyz_7:388196C,T
Ctyz_7:388200C,T
Ctyz_7:388269C,T
Ctyz_7:400014A,T
Ctyz_7:400015A,T
Ctyz_7:414732C,T
Ctyz_7:420673A,T
Ctyz_7:421880C,T
Ctyz_7:422877C,T
Ctyz_7:430758A,G
Ctyz_7:475197A,G
Ctyz_7:494338C,T
Ctyz_7:494339A,T
Ctyz_7:506505C,T
Ctyz_7:529027A,G
Ctyz_7:546564A,T
Ctyz_7:549951A,G
Ctyz_7:551167C,T
Ctyz_7:551969A,G
Ctyz_7:563652C,T
Ctyz_7:564242A,G
Ctyz_7:576748A,C
Ctyz_7:584003A,G
Ctyz_7:585246C,T
Ctyz_7:598631C,T
Ctyz_7:612191G,T
Ctyz_7:621874C,T
Ctyz_7:652440A,G
Ctyz_7:652441C,T
Ctyz_7:652953A,C
Ctyz_7:653047A,G
Ctyz_7:654545A,G
Ctyz_7:654551A,G
Ctyz_7:656791A,C
Ctyz_7:656796A,G
Ctyz_7:663490A,T
Ctyz_7:667341A,G
Ctyz_7:667342C,T
Ctyz_7:667355C,G
Ctyz_7:673527A,T
Ctyz_7:674083A,G
Ctyz_7:683989A,G
Ctyz_7:684543C,G
Ctyz_7:685225A,T
Ctyz_7:685242C,T
Ctyz_7:685249A,C
Ctyz_7:685330A,C
Ctyz_7:685353G,T
Ctyz_7:694931A,G
Ctyz_7:699929G,T
Ctyz_7:702048C,T
Ctyz_7:702455A,T
Ctyz_7:702563C,T
Ctyz_7:707874G,T
Ctyz_7:711447C,T
Ctyz_7:711451A,T
Ctyz_7:712275C,T
Ctyz_7:719943A,C
Ctyz_7:734985A,T
Ctyz_7:734986C,T
Ctyz_7:734994A,T
Ctyz_7:740317C,T
Ctyz_7:743795G,T
Ctyz_7:744589C,T
Ctyz_7:748087A,T
Ctyz_7:748088C,T
Ctyz_7:751048A,C
Ctyz_7:764637C,T
Ctyz_7:772646C,T
Ctyz_7:772747A,G
Ctyz_7:776999C,T
Ctyz_7:781670C,T
Ctyz_7:781671A,T
Ctyz_7:781679G,T
Ctyz_7:782097A,G
Ctyz_7:782541C,T
Ctyz_7:789072C,T
Ctyz_7:792157G,T
Ctyz_7:792158A,C
Ctyz_7:802230G,T
Ctyz_7:831035C,T
Ctyz_7:853776C,T
Ctyz_7:858386C,T
Ctyz_7:858389A,C
Ctyz_7:858953C,T
Ctyz_7:863874A,C
Ctyz_7:864034C,T
Ctyz_7:868323C,T
Ctyz_7:868336A,G
Ctyz_7:872356C,T
Ctyz_7:890122A,G
Ctyz_7:891725A,G
Ctyz_7:891727A,G
Ctyz_7:891731A,G
Ctyz_7:892817A,T
Ctyz_7:898896A,T
Ctyz_7:903084A,G
Ctyz_7:903348C,T
Ctyz_7:905988A,C
Ctyz_7:911035A,T
Ctyz_7:911050A,T
Ctyz_7:911068A,G
Ctyz_7:911080A,T
Ctyz_7:911098C,T
Ctyz_7:911158A,T
Ctyz_7:911275A,T
Ctyz_7:911278A,T
Ctyz_7:912640A,T
Ctyz_7:914776C,T
Ctyz_7:914783C,T
Ctyz_7:929511A,T
Ctyz_7:930480G,T
Ctyz_7:956017C,T
Ctyz_7:963521A,C
Ctyz_7:975315C,T
Ctyz_7:1014648C,T
Ctyz_7:1015493C,T
Ctyz_7:1015672A,C
Ctyz_7:1016700C,T
Ctyz_7:1035356A,G
Ctyz_7:1059541C,T
Ctyz_7:1059544C,T
Ctyz_7:1077759C,T
Ctyz_7:1077773A,G
Ctyz_7:1088110G,T
Ctyz_7:1099742A,G
Ctyz_7:1106198C,T
Ctyz_7:1111582A,T
Ctyz_7:1114930C,T
Ctyz_7:1120791A,G
Ctyz_7:1121587A,G
Ctyz_7:1121603A,G
Ctyz_7:1121615A,G
Ctyz_7:1121645A,G
Ctyz_7:1121832A,G
Ctyz_7:1121841A,G
Ctyz_7:1143405G,T
Ctyz_7:1150640C,G
Ctyz_7:1150895A,G
Ctyz_7:1155839A,G
Ctyz_7:1162578C,T
Ctyz_7:1166511C,T
Ctyz_7:1167052A,C
Ctyz_7:1172475A,T
Ctyz_7:1172891C,T
Ctyz_7:1176380A,G
Ctyz_7:1176618C,T
Ctyz_7:1184641A,C
Ctyz_7:1185648A,T
Ctyz_7:1187027C,T
Ctyz_7:1187758A,C
Ctyz_7:1188926C,T
Ctyz_7:1188946A,G
Ctyz_7:1189065A,G
Ctyz_7:1209391A,G
Ctyz_7:1215787A,T
Ctyz_7:1231609C,T
Ctyz_7:1234024C,T
Ctyz_7:1236900G,T
Ctyz_7:1252218A,G
Ctyz_7:1261263A,C
Ctyz_7:1271751A,G
Ctyz_7:1271761C,G
Ctyz_7:1275232A,G
Ctyz_7:1275264G,T
Ctyz_7:1275268A,G
Ctyz_7:1275311A,T
Ctyz_7:1275312A,T
Ctyz_7:1275428A,G
Ctyz_7:1275436G,T
Ctyz_7:1275443A,C
Ctyz_7:1275456A,G
Ctyz_7:1275470A,C
Ctyz_7:1275480A,T
Ctyz_7:1277061A,T
Ctyz_7:1277298C,T
Ctyz_7:1277307C,T
Ctyz_7:1277319C,T
Ctyz_7:1277324C,T
Ctyz_7:1277327A,T
Ctyz_7:1277625C,T
Ctyz_7:1277631C,T
Ctyz_7:1277637A,T
Ctyz_7:1277639C,T
Ctyz_7:1278479C,T
Ctyz_7:1278480C,T
Ctyz_7:1278483A,G
Ctyz_7:1278485C,T
Ctyz_7:1278490C,T
Ctyz_7:1278495A,T
Ctyz_7:1278500A,G
Ctyz_7:1278503C,T
Ctyz_7:1278504C,T
Ctyz_7:1278508A,G
Ctyz_7:1278521A,C
Ctyz_7:1278525C,T
Ctyz_7:1278658C,T
Ctyz_7:1278688C,T
Ctyz_7:1278689C,T
Ctyz_7:1278692A,G
Ctyz_7:1278770A,G
Ctyz_7:1278775C,T
Ctyz_7:1278776A,T
Ctyz_7:1278834A,G
Ctyz_7:1278884A,T
Ctyz_7:1278890A,G
Ctyz_7:1278894A,G
Ctyz_7:1278898C,T
Ctyz_7:1278913C,T
Ctyz_7:1278989G,T
Ctyz_7:1278998A,G
Ctyz_8:109A,C
Ctyz_8:1133A,G
Ctyz_8:1681A,G
Ctyz_8:1792A,C
Ctyz_8:1793A,T
Ctyz_8:2360A,T
Ctyz_8:2368A,T
Ctyz_8:3403C,T
Ctyz_8:3404G,T
Ctyz_8:3406C,T
Ctyz_8:3414G,T
Ctyz_8:3643C,T
Ctyz_8:3647C,T
Ctyz_8:3651C,T
Ctyz_8:3654G,T
Ctyz_8:3655C,T
Ctyz_8:3656C,T
Ctyz_8:3660C,T
Ctyz_8:4488C,T
Ctyz_8:9783C,G
Ctyz_8:9784A,G
Ctyz_8:9789C,T
Ctyz_8:9790A,T
Ctyz_8:9791A,T
Ctyz_8:9795C,T
Ctyz_8:9804A,G
Ctyz_8:9813A,G
Ctyz_8:9814A,C
Ctyz_8:9821A,T
Ctyz_8:9822G,T
Ctyz_8:9823C,T
Ctyz_8:9828G,T
Ctyz_8:9829A,T
Ctyz_8:9831C,T
Ctyz_8:9835C,T
Ctyz_8:10307C,T
Ctyz_8:10314C,T
Ctyz_8:14124A,C
Ctyz_8:14125A,T
Ctyz_8:14128A,G
Ctyz_8:14132A,C
Ctyz_8:14134A,G
Ctyz_8:14140A,T
Ctyz_8:14143C,T
Ctyz_8:14145A,G
Ctyz_8:14146C,T
Ctyz_8:14147A,G
Ctyz_8:14161A,G
Ctyz_8:14162C,T
Ctyz_8:14441C,T
Ctyz_8:14765A,G
Ctyz_8:47558A,G
Ctyz_8:52071A,G
Ctyz_8:69802A,C
Ctyz_8:69803A,G
Ctyz_8:77434C,T
Ctyz_8:77440A,T
Ctyz_8:77449A,G
Ctyz_8:81074C,T
Ctyz_8:95987A,T
Ctyz_8:98865A,T
Ctyz_8:98866A,T
Ctyz_8:109413C,T
Ctyz_8:110687C,T
Ctyz_8:110699G,T
Ctyz_8:110708A,C
Ctyz_8:111285C,T
Ctyz_8:121473C,T
Ctyz_8:122482C,T
Ctyz_8:122639A,C
Ctyz_8:124025A,C
Ctyz_8:125503A,G
Ctyz_8:127300A,C
Ctyz_8:127413C,T
Ctyz_8:129892C,T
Ctyz_8:129978C,T
Ctyz_8:130839A,T
Ctyz_8:130847A,T
Ctyz_8:130848A,T
Ctyz_8:130859C,T
Ctyz_8:130864A,C
Ctyz_8:136095A,G
Ctyz_8:147151C,T
Ctyz_8:149100A,G
Ctyz_8:149108C,T
Ctyz_8:153116G,T
Ctyz_8:153122A,G
Ctyz_8:155168A,G
Ctyz_8:158738C,T
Ctyz_8:158772A,G
Ctyz_8:161350A,C
Ctyz_8:162004A,C
Ctyz_8:162009C,T
Ctyz_8:162523C,T
Ctyz_8:162565A,G
Ctyz_8:168217A,C
Ctyz_8:168456C,T
Ctyz_8:168463A,T
Ctyz_8:172213A,C
Ctyz_8:175199A,T
Ctyz_8:175894C,T
Ctyz_8:182318A,T
Ctyz_8:182322A,T
Ctyz_8:191984A,G
Ctyz_8:191987A,T
Ctyz_8:195196A,T
Ctyz_8:200311C,T
Ctyz_8:200316C,T
Ctyz_8:202574C,T
Ctyz_8:202576C,T
Ctyz_8:202578A,C
Ctyz_8:202870A,G
Ctyz_8:203841A,G
Ctyz_8:210582C,T
Ctyz_8:210585A,G
Ctyz_8:210841A,G
Ctyz_8:211674A,G
Ctyz_8:214771G,T
Ctyz_8:219733A,T
Ctyz_8:219742C,T
Ctyz_8:219743G,T
Ctyz_8:219744A,G
Ctyz_8:222843C,T
Ctyz_8:222849A,T
Ctyz_8:234750C,T
Ctyz_8:234753C,T
Ctyz_8:235145C,T
Ctyz_8:239478A,G
Ctyz_8:240766A,G
Ctyz_8:242991A,G
Ctyz_8:246339A,G
Ctyz_8:252010A,G
Ctyz_8:255614C,T
Ctyz_8:255620C,T
Ctyz_8:262085A,C
Ctyz_8:265726A,T
Ctyz_8:268243A,G
Ctyz_8:275303A,G
Ctyz_8:280034A,T
Ctyz_8:280038C,T
Ctyz_8:280039A,T
Ctyz_8:280427A,T
Ctyz_8:280430A,T
Ctyz_8:287049C,T
Ctyz_8:287548C,T
Ctyz_8:287653C,T
Ctyz_8:287665C,T
Ctyz_8:287680C,T
Ctyz_8:287698C,T
Ctyz_8:288942A,T
Ctyz_8:290799C,T
Ctyz_8:295335A,G
Ctyz_8:296701A,T
Ctyz_8:296726A,G
Ctyz_8:297925A,T
Ctyz_8:300534A,T
Ctyz_8:301459A,T
Ctyz_8:304517C,T
Ctyz_8:304558C,T
Ctyz_8:304591A,T
Ctyz_8:312210C,T
Ctyz_8:312211A,G
Ctyz_8:312222C,T
Ctyz_8:315987A,G
Ctyz_8:315990A,G
Ctyz_8:315991A,G
Ctyz_8:316002A,G
Ctyz_8:316014A,G
Ctyz_8:316020A,G
Ctyz_8:316030A,G
Ctyz_8:316032A,G
Ctyz_8:316036A,G
Ctyz_8:316043A,G
Ctyz_8:317110C,T
Ctyz_8:321574A,G
Ctyz_8:332373C,T
Ctyz_8:339915C,T
Ctyz_8:342723A,T
Ctyz_8:342745A,G
Ctyz_8:343767G,T
Ctyz_8:345202C,T
Ctyz_8:345208C,T
Ctyz_8:345831A,T
Ctyz_8:345840C,T
Ctyz_8:345843A,C
Ctyz_8:346385G,T
Ctyz_8:346482A,T
Ctyz_8:346557C,T
Ctyz_8:349212A,G
Ctyz_8:353216C,T
Ctyz_8:357566A,G
Ctyz_8:359055A,G
Ctyz_8:360464C,T
Ctyz_8:365075A,T
Ctyz_8:368638C,T
Ctyz_8:369297C,T
Ctyz_8:369420A,G
Ctyz_8:370421C,T
Ctyz_8:370575C,T
Ctyz_8:373795A,G
Ctyz_8:374317C,T
Ctyz_8:374319C,T
Ctyz_8:376714G,T
Ctyz_8:379180C,T
Ctyz_8:386715C,G
Ctyz_8:391349A,G
Ctyz_8:391598C,T
Ctyz_8:391735A,G
Ctyz_8:395017A,T
Ctyz_8:406267G,T
Ctyz_8:406717C,T
Ctyz_8:406775A,C
Ctyz_8:406791G,T
Ctyz_8:407382C,T
Ctyz_8:410479A,G
Ctyz_8:411329A,G
Ctyz_8:411657C,T
Ctyz_8:419000G,T
Ctyz_8:430801C,T
Ctyz_8:431067A,G
Ctyz_8:434543A,T
Ctyz_8:434611C,T
Ctyz_8:434613C,T
Ctyz_8:436724C,T
Ctyz_8:446368A,T
Ctyz_8:446369C,T
Ctyz_8:446372A,T
Ctyz_8:446377A,T
Ctyz_8:453317A,G
Ctyz_8:453335A,G
Ctyz_8:454974G,T
Ctyz_8:463015A,C
Ctyz_8:463404C,T
Ctyz_8:466591A,G
Ctyz_8:466634G,T
Ctyz_8:466750G,T
Ctyz_8:468757C,T
Ctyz_8:471124C,T
Ctyz_8:471558A,T
Ctyz_8:471629A,G
Ctyz_8:471630A,G
Ctyz_8:471631C,T
Ctyz_8:474394C,T
Ctyz_8:478962A,T
Ctyz_8:485336A,G
Ctyz_8:488888G,T
Ctyz_8:489260C,T
Ctyz_8:489262G,T
Ctyz_8:491986G,T
Ctyz_8:491990G,T
Ctyz_8:495671C,T
Ctyz_8:495674G,T
Ctyz_8:495709A,C
Ctyz_8:495746A,C
Ctyz_8:495876C,T
Ctyz_8:495880A,G
Ctyz_8:501778A,T
Ctyz_8:507222C,T
Ctyz_8:511080C,T
Ctyz_8:514323C,T
Ctyz_8:514325C,T
Ctyz_8:514333A,G
Ctyz_8:514357A,G
Ctyz_8:514362G,T
Ctyz_8:514379C,T
Ctyz_8:514380A,C
Ctyz_8:514393A,G
Ctyz_8:514412A,G
Ctyz_8:514419C,T
Ctyz_8:514453A,G
Ctyz_8:514539C,T
Ctyz_8:514558C,T
Ctyz_8:515820A,G
Ctyz_8:515892A,G
Ctyz_8:530310C,G
Ctyz_8:531212A,T
Ctyz_8:531423C,T
Ctyz_8:534224C,T
Ctyz_8:543809C,T
Ctyz_8:543821C,T
Ctyz_8:545174C,T
Ctyz_8:545180C,T
Ctyz_8:551012A,G
Ctyz_8:551015A,G
Ctyz_8:552762G,T
Ctyz_8:552763A,T
Ctyz_8:552764G,T
Ctyz_8:555473A,G
Ctyz_8:557363C,G
Ctyz_8:557365C,T
Ctyz_8:560398C,T
Ctyz_8:569591G,T
Ctyz_8:570135G,T
Ctyz_8:570138A,T
Ctyz_8:578175A,T
Ctyz_8:578176C,T
Ctyz_8:578943C,G
Ctyz_8:578944A,G
Ctyz_8:581684G,T
Ctyz_8:581686A,G
Ctyz_8:582919A,G
Ctyz_8:585655A,T
Ctyz_8:587188G,T
Ctyz_8:607573A,G
Ctyz_8:607574A,C
Ctyz_8:607726C,T
Ctyz_8:612541A,G
Ctyz_8:615044G,T
Ctyz_8:615045C,T
Ctyz_8:621028C,T
Ctyz_8:635432A,T
Ctyz_8:638480C,T
Ctyz_8:638481A,G
Ctyz_8:642688C,G
Ctyz_8:642689A,G
Ctyz_8:642692A,G
Ctyz_8:647326G,T
Ctyz_8:647587A,C
Ctyz_8:648330A,C
Ctyz_8:648414A,T
Ctyz_8:648417A,G
Ctyz_8:648418A,T
Ctyz_8:648420A,C
Ctyz_8:648423A,G
Ctyz_8:649393A,G
Ctyz_8:656790C,T
Ctyz_8:657313C,T
Ctyz_8:657314A,G
Ctyz_8:657315A,T
Ctyz_8:657436A,T
Ctyz_8:657437A,G
Ctyz_8:663187A,T
Ctyz_8:686063A,G
Ctyz_8:692955A,C
Ctyz_8:699842A,G
Ctyz_8:699843G,T
Ctyz_8:703888A,T
Ctyz_8:704026A,G
Ctyz_8:706768G,T
Ctyz_8:726377C,T
Ctyz_8:726508C,T
Ctyz_8:726512A,G
Ctyz_8:726532C,T
Ctyz_8:726604C,T
Ctyz_8:730983G,T
Ctyz_8:735064A,G
Ctyz_8:735075C,T
Ctyz_8:740148A,G
Ctyz_8:747660A,G
Ctyz_8:747661A,G
Ctyz_8:754841C,T
Ctyz_8:754844A,G
Ctyz_8:755659A,T
Ctyz_8:764418A,G
Ctyz_8:765597A,G
Ctyz_8:765600A,G
Ctyz_8:769660C,T
Ctyz_8:776745A,C
Ctyz_8:776758C,T
Ctyz_8:778228A,C
Ctyz_8:781117A,G
Ctyz_8:797536C,T
Ctyz_8:799129C,T
Ctyz_8:801869C,T
Ctyz_8:802067A,G
Ctyz_8:806101A,T
Ctyz_8:809077C,G
Ctyz_8:809297A,T
Ctyz_8:809299A,G
Ctyz_8:814911A,G
Ctyz_8:814921C,T
Ctyz_8:816650A,G
Ctyz_8:822146A,G
Ctyz_8:833938A,G
Ctyz_8:843466A,T
Ctyz_8:845312C,T
Ctyz_8:868173C,G
Ctyz_8:869817C,T
Ctyz_8:874003C,T
Ctyz_8:875471A,G
Ctyz_8:875475C,T
Ctyz_8:875523A,G
Ctyz_8:875524A,G
Ctyz_8:877467C,T
Ctyz_8:880517C,T
Ctyz_8:880523C,T
Ctyz_8:880528A,T
Ctyz_8:895318C,G
Ctyz_8:917049C,T
Ctyz_8:917645A,G
Ctyz_8:920720A,G
Ctyz_8:920729A,G
Ctyz_8:921690A,G
Ctyz_8:921698A,T
Ctyz_8:921737A,T
Ctyz_8:947247A,G
Ctyz_8:947255A,G
Ctyz_8:949368A,G
Ctyz_8:949532A,G
Ctyz_8:951855G,T
Ctyz_8:959318A,T
Ctyz_8:965581A,G
Ctyz_8:965592C,T
Ctyz_8:970612A,G
Ctyz_8:970616A,T
Ctyz_8:970676A,G
Ctyz_8:970682A,G
Ctyz_8:970842A,C
Ctyz_8:970849A,G
Ctyz_8:971135A,T
Ctyz_8:971199A,G
Ctyz_8:971200A,G
Ctyz_8:973190A,G
Ctyz_8:975057C,T
Ctyz_8:975113A,G
Ctyz_8:975145A,T
Ctyz_8:978822A,G
Ctyz_8:978823C,T
Ctyz_8:978829A,T
Ctyz_8:978832A,G
Ctyz_8:982058C,T
Ctyz_8:982912A,G
Ctyz_8:982913A,G
Ctyz_8:982923C,T
Ctyz_8:987649A,G
Ctyz_8:989438A,G
Ctyz_8:990565C,T
Ctyz_8:998450A,C
Ctyz_8:999956C,T
Ctyz_8:1000797A,T
Ctyz_8:1000798A,T
Ctyz_8:1000799A,T
Ctyz_8:1000800A,T
Ctyz_8:1003155A,T
Ctyz_8:1006138A,G
Ctyz_8:1012809A,G
Ctyz_8:1012969A,G
Ctyz_8:1012971C,T
Ctyz_8:1015760G,T
Ctyz_8:1015761A,G
Ctyz_8:1017123A,T
Ctyz_8:1018878A,G
Ctyz_8:1019556G,T
Ctyz_8:1019805G,T
Ctyz_8:1020948G,T
Ctyz_8:1020954C,T
Ctyz_8:1021640A,T
Ctyz_8:1021712C,T
Ctyz_8:1022169A,G
Ctyz_8:1025855C,T
Ctyz_8:1025857A,C
Ctyz_8:1026227C,T
Ctyz_8:1026228C,T
Ctyz_8:1026834A,C
Ctyz_8:1027581C,T
Ctyz_8:1027583A,G
Ctyz_8:1027586G,T
Ctyz_8:1027590A,G
Ctyz_8:1029560C,T
Ctyz_8:1031487C,T
Ctyz_8:1036247C,T
Ctyz_8:1036995C,T
Ctyz_8:1037027C,T
Ctyz_8:1037030A,T
Ctyz_8:1038087A,C
Ctyz_8:1039199C,T
Ctyz_8:1039890C,T
Ctyz_8:1039904C,G
Ctyz_8:1040840A,G
Ctyz_8:1041426G,T
Ctyz_8:1044532C,T
Ctyz_8:1044733A,G
Ctyz_8:1045780A,T
Ctyz_8:1046158C,G
Ctyz_8:1046176C,G
Ctyz_8:1046185C,G
Ctyz_8:1046196C,T
Ctyz_8:1046201C,G
Ctyz_8:1046378C,T
Ctyz_8:1046402A,G
Ctyz_8:1048202A,G
Ctyz_8:1048958C,T
Ctyz_8:1049290A,T
Ctyz_8:1049336C,T
Ctyz_8:1049342A,C
Ctyz_8:1049525C,T
Ctyz_8:1049555A,G
Ctyz_8:1049562A,G
Ctyz_8:1049567A,G
Ctyz_8:1049579A,G
Ctyz_8:1049750C,T
Ctyz_8:1049757C,G
Ctyz_8:1049779C,G
Ctyz_8:1049780C,G
Ctyz_8:1049786C,G
Ctyz_8:1049806C,T
Ctyz_8:1049813A,T
Ctyz_8:1050837A,G
Ctyz_8:1050885A,G
Ctyz_8:1052271C,T
Ctyz_8:1052308A,G
Ctyz_8:1052313A,G
Ctyz_8:1052315G,T
Ctyz_8:1052340C,T
Ctyz_8:1052350C,T
Ctyz_8:1053180A,G
Ctyz_8:1053189C,T
Ctyz_8:1053231A,G
Ctyz_8:1053258C,T
Ctyz_8:1053296C,T
Ctyz_8:1053423A,G
Ctyz_8:1053493C,T
Ctyz_8:1053514A,G
Ctyz_8:1053571A,G
Ctyz_8:1053682A,T
Ctyz_8:1053694C,T
Ctyz_8:1053700A,G
Ctyz_8:1053716C,T
Ctyz_8:1053727A,T
Ctyz_8:1053853A,G
Ctyz_8:1053856A,G
Ctyz_8:1053857A,G
Ctyz_8:1053859A,G
Ctyz_8:1053864A,G
Ctyz_8:1053950G,T
Ctyz_8:1054305A,G
Ctyz_8:1054326A,C
Ctyz_8:1054356A,G
Ctyz_8:1054369A,G
Ctyz_8:1054386C,T
Ctyz_8:1054394A,G
Ctyz_8:1054486A,G
Ctyz_8:1054493G,T
Ctyz_8:1054494A,T
Ctyz_8:1054496A,G
Ctyz_8:1054497A,T
Ctyz_8:1055352C,G
Ctyz_8:1055363A,T
Ctyz_8:1055603A,G
Ctyz_8:1055618A,T
Ctyz_8:1055635A,T
Ctyz_8:1055680C,T
Ctyz_8:1055816C,T
Ctyz_8:1055829A,G
Ctyz_8:1056043C,T
Ctyz_8:1056996C,T
Ctyz_8:1057012C,T
Ctyz_8:1057481A,G
Ctyz_8:1057484A,G
Ctyz_8:1059124C,T
Ctyz_8:1059131G,T
Ctyz_8:1061558A,G
Ctyz_8:1061610A,C
Ctyz_8:1061903C,T
Ctyz_8:1061945A,T
Ctyz_8:1062018G,T
Ctyz_8:1062019C,T
Ctyz_8:1062061A,G
Ctyz_8:1062072A,G
Ctyz_8:1062076A,G
Ctyz_8:1062082A,G
Ctyz_8:1062176C,T
Ctyz_8:1062495G,T
Ctyz_8:1063472A,G
Ctyz_8:1063511C,T
Ctyz_8:1064046A,G
Ctyz_8:1065838A,T
Ctyz_8:1067467A,G
Ctyz_8:1067468C,T
Ctyz_8:1067469A,G
Ctyz_8:1068047A,G
Ctyz_8:1068090A,G
Ctyz_8:1068115C,T
Ctyz_8:1068124A,G
Ctyz_8:1068143C,T
Ctyz_8:1069328C,T
Ctyz_8:1069333C,T
Ctyz_8:1069345A,C
Ctyz_8:1069354C,T
Ctyz_8:1069364A,C
Ctyz_8:1069365A,C
Ctyz_8:1069388A,G
Ctyz_8:1069573C,T
Ctyz_8:1069575A,C
Ctyz_8:1069576A,C
Ctyz_8:1069577A,T
Ctyz_8:1069588A,G
Ctyz_8:1069618C,T
Ctyz_8:1070563C,T
Ctyz_8:1070624A,C
Ctyz_8:1071024C,T
Ctyz_8:1071025C,T
Ctyz_8:1071349C,T
Ctyz_8:1073346A,G
Ctyz_8:1073351C,T
Ctyz_8:1073392C,T
Ctyz_8:1073456A,G
Ctyz_8:1073457A,G
Ctyz_8:1073691C,T
Ctyz_8:1073721A,G
Ctyz_8:1073727C,T
Ctyz_8:1076008A,G
Ctyz_8:1076276A,T
Ctyz_8:1076573A,G
Ctyz_8:1076574A,G
Ctyz_8:1076584A,T
Ctyz_8:1076598C,T
Ctyz_8:1076636A,G
Ctyz_8:1076642A,G
Ctyz_8:1076656C,G
Ctyz_8:1076658A,C
Ctyz_8:1076688C,T
Ctyz_8:1076693A,G
Ctyz_8:1076717A,C
Ctyz_8:1076771C,G
Ctyz_8:1076797A,G
Ctyz_8:1076800A,T
Ctyz_8:1076801A,G
Ctyz_8:1076803C,T
Ctyz_8:1076834C,T
Ctyz_8:1076835A,G
Ctyz_8:1076836A,T
Ctyz_8:1076840A,G
Ctyz_8:1076849C,T
Ctyz_8:1076867C,T
Ctyz_8:1076878C,T
Ctyz_8:1076919A,G
Ctyz_8:1076991C,T
Ctyz_8:1077023C,T
Ctyz_8:1077032C,T
Ctyz_8:1077033A,C
Ctyz_8:1077645A,C
Ctyz_8:1082203A,G
Ctyz_8:1082847A,G
Ctyz_8:1084892A,T
Ctyz_8:1084896A,T
Ctyz_8:1085911C,T
Ctyz_8:1086181A,T
Ctyz_8:1086204C,G
Ctyz_8:1086280C,T
Ctyz_8:1086282A,G
Ctyz_8:1086308A,G
Ctyz_8:1086318A,G
Ctyz_8:1087355A,T
Ctyz_8:1089478A,G
Ctyz_8:1091567A,G
Ctyz_8:1094248A,G
Ctyz_8:1094404A,G
Ctyz_8:1094410A,G
Ctyz_8:1094417C,T
Ctyz_8:1095294C,T
Ctyz_8:1095385A,G
Ctyz_8:1095556A,C
Ctyz_8:1095587C,T
Ctyz_8:1095594A,T
Ctyz_8:1095614A,C
Ctyz_8:1095618A,G
Ctyz_8:1095620A,C
Ctyz_8:1095713G,T
Ctyz_8:1095714A,C
Ctyz_8:1095715A,T
Ctyz_8:1095718A,G
Ctyz_8:1095725A,G
Ctyz_8:1095726C,T
Ctyz_8:1095850A,C
Ctyz_8:1095911G,T
Ctyz_8:1095936G,T
Ctyz_8:1095970A,C
Ctyz_8:1095978A,C
Ctyz_8:1095981C,T
Ctyz_8:1095985A,G
Ctyz_8:1096010A,G
Ctyz_8:1096028C,T
Ctyz_8:1098776C,T
Ctyz_8:1100505A,G
Ctyz_8:1102957C,T
Ctyz_8:1103581A,C
Ctyz_8:1103950A,T
Ctyz_8:1103959A,G
Ctyz_8:1103960A,G
Ctyz_8:1104008A,G
Ctyz_8:1104061C,T
Ctyz_8:1104069A,G
Ctyz_8:1104079A,G
Ctyz_8:1105839C,T
Ctyz_8:1105919C,T
Ctyz_8:1105920A,C
Ctyz_8:1105925A,G
Ctyz_8:1108433G,T
Ctyz_8:1108906C,T
Ctyz_8:1109103A,C
Ctyz_8:1109130A,G
Ctyz_8:1109186A,G
Ctyz_8:1109198C,T
Ctyz_8:1109237C,T
Ctyz_8:1109239G,T
Ctyz_8:1109264A,C
Ctyz_8:1109284C,T
Ctyz_8:1109310C,G
Ctyz_8:1110988A,G
Ctyz_8:1111022A,T
Ctyz_8:1111212A,T
Ctyz_8:1111215A,T
Ctyz_8:1113045A,T
Ctyz_8:1114476A,G
Ctyz_8:1115839A,G
Ctyz_8:1116618C,G
Ctyz_8:1116624A,G
Ctyz_8:1116688A,T
Ctyz_8:1116715A,C
Ctyz_8:1117872C,T
Ctyz_8:1117881C,T
Ctyz_8:1117905C,T
Ctyz_8:1117913C,T
Ctyz_8:1117917C,T
Ctyz_8:1117919C,T
Ctyz_8:1117925C,T
Ctyz_8:1118025C,T
Ctyz_8:1118027C,T
Ctyz_8:1118033C,T
Ctyz_8:1118037C,T
Ctyz_8:1118039C,T
Ctyz_8:1118045C,T
Ctyz_8:1118051C,T
Ctyz_8:1118061C,T
Ctyz_8:1118067C,T
Ctyz_8:1118073C,T
Ctyz_8:1118074A,T
Ctyz_8:1118085C,T
Ctyz_8:1118092A,T
Ctyz_8:1118094C,T
Ctyz_8:1119312A,T
Ctyz_8:1120106A,G
Ctyz_8:1120136A,G
Ctyz_8:1120572A,C
Ctyz_8:1128089A,T
Ctyz_8:1128093C,T
Ctyz_8:1128320C,T
Ctyz_8:1129094C,T
Ctyz_8:1129095C,T
Ctyz_8:1129097A,T
Ctyz_8:1129098G,T
Ctyz_8:1130494C,T
Ctyz_8:1130622A,G
Ctyz_8:1130626A,T
Ctyz_8:1130630A,T
Ctyz_8:1130698A,G
Ctyz_8:1130795A,G
Ctyz_8:1131901A,G
Ctyz_8:1137245A,G
Ctyz_8:1137727A,C
Ctyz_8:1141441A,C
Ctyz_8:1142285A,G
Ctyz_8:1143486C,T
Ctyz_8:1143489C,T
Ctyz_8:1144669C,G
Ctyz_8:1144774C,T
Ctyz_8:1144779A,G
Ctyz_8:1144782A,G
Ctyz_8:1144783A,G
Ctyz_8:1144789C,T
Ctyz_8:1144952A,G
Ctyz_8:1144961A,G
Ctyz_8:1145028C,T
Ctyz_8:1145032C,G
Ctyz_8:1145045C,T
Ctyz_8:1145046C,T
Ctyz_8:1145054C,T
Ctyz_8:1145055A,G
Ctyz_8:1145056A,G
Ctyz_8:1145069A,T
Ctyz_8:1145077A,G
Ctyz_8:1148573C,T
Ctyz_8:1149166A,T
Ctyz_8:1154984C,T
Ctyz_8:1155470C,G
Ctyz_8:1155471G,T
Ctyz_8:1155473A,G
Ctyz_8:1155474G,T
Ctyz_8:1155569A,T
Ctyz_8:1155940A,C
Ctyz_8:1155941C,T
Ctyz_8:1161838A,T
Ctyz_8:1161839C,T
Ctyz_8:1164346C,T
Ctyz_8:1167856A,T
Ctyz_8:1167859A,G
Ctyz_8:1169703A,T
Ctyz_8:1169704A,G
Ctyz_8:1169709G,T
Ctyz_8:1169713A,G
Ctyz_8:1169715A,G
Ctyz_8:1169958A,G
Ctyz_8:1170214C,T
Ctyz_8:1174441A,G
Ctyz_8:1174453A,G
Ctyz_8:1175093A,T
Ctyz_8:1175098A,T
Ctyz_8:1175102A,T
Ctyz_8:1175172A,C
Ctyz_8:1177844A,T
Ctyz_8:1179313C,T
Ctyz_8:1179414A,G
Ctyz_8:1181007A,G
Ctyz_8:1181035C,T
Ctyz_8:1181036C,T
Ctyz_8:1181038C,T
Ctyz_8:1181459C,T
Ctyz_8:1181470C,T
Ctyz_8:1181471A,T
Ctyz_8:1181472A,T
Ctyz_8:1181537C,T
Ctyz_8:1182790G,T
Ctyz_8:1183033C,T
Ctyz_8:1183044A,G
Ctyz_8:1183914A,T
Ctyz_8:1183934C,T
Ctyz_8:1183937C,T
Ctyz_8:1183946C,T
Ctyz_8:1183970C,T
Ctyz_8:1183999G,T
Ctyz_8:1186036C,T
Ctyz_8:1189399C,T
Ctyz_8:1194772G,T
Ctyz_8:1197295C,T
Ctyz_8:1197708A,G
Ctyz_8:1197848A,T
Ctyz_8:1197945G,T
Ctyz_8:1198866C,T
Ctyz_8:1198966C,T
Ctyz_8:1198968C,T
Ctyz_8:1199115C,T
Ctyz_8:1199163A,T
Ctyz_8:1199181C,T
Ctyz_8:1199202C,T
Ctyz_8:1199204A,G
Ctyz_8:1199209A,C
Ctyz_8:1199212G,T
Ctyz_8:1199224A,G
Ctyz_8:1199225C,T
Ctyz_8:1199238A,G
Ctyz_8:1199362A,G
Ctyz_8:1199428A,T
Ctyz_8:1201802A,G
Ctyz_8:1209392A,G
Ctyz_8:1211096A,T
Ctyz_8:1211485C,T
Ctyz_8:1211502A,G
Ctyz_8:1212604C,T
Ctyz_8:1213051C,T
Ctyz_8:1217018C,T
Ctyz_8:1217030C,T
Ctyz_8:1217033C,T
Ctyz_8:1217036C,T
Ctyz_8:1222869G,T
Ctyz_8:1225665A,G
Ctyz_8:1225845C,T
Ctyz_8:1229534C,T
Ctyz_8:1236862C,G
Ctyz_8:1236868C,G
Ctyz_8:1236886A,G
Ctyz_8:1236894A,T
Ctyz_8:1254150C,T
Ctyz_8:1254154C,T
Ctyz_8:1256524A,C
Ctyz_8:1256891A,T
Ctyz_8:1256899A,T
Ctyz_8:1256955A,T
Ctyz_8:1259260A,G
Ctyz_8:1262049C,T
Ctyz_8:1263545A,G
Ctyz_8:1265079C,T
Ctyz_8:1265089C,T
Ctyz_8:1265092C,T
Ctyz_8:1268790C,T
Ctyz_8:1281374C,T
Ctyz_8:1283841G,T
Ctyz_8:1284297C,G
Ctyz_8:1286527A,G
Ctyz_8:1287206A,G
Ctyz_8:1294408A,G
Ctyz_8:1301399C,T
Ctyz_8:1305515A,G
Ctyz_8:1305519C,T
Ctyz_8:1305523A,T
Ctyz_8:1305548A,G
Ctyz_8:1305573A,G
Ctyz_8:1306133A,G
Ctyz_8:1307948A,G
Ctyz_8:1307949C,T
Ctyz_8:1308465C,T
Ctyz_8:1308471G,T
Ctyz_8:1308472A,G
Ctyz_8:1309317A,C
Ctyz_8:1309320A,G
Ctyz_8:1311044A,T
Ctyz_8:1312268G,T
Ctyz_8:1313062A,G
Ctyz_8:1313085C,T
Ctyz_8:1313130A,T
Ctyz_8:1313951A,T
Ctyz_8:1313994A,G
Ctyz_8:1314013C,T
Ctyz_8:1314017C,T
Ctyz_8:1314023C,G
Ctyz_8:1314064A,T
Ctyz_8:1314098A,T
Ctyz_00_3:14692G,T
Ctyz_00_3:14695A,T
Ctyz_00_3:14702A,G
Ctyz_00_3:16344C,T
Ctyz_00_3:21405C,T
Ctyz_00_3:27723C,T
Ctyz_00_3:28361C,T
Ctyz_00_3:41856C,T
Ctyz_00_3:50050A,G
Ctyz_00_3:50059C,T
Ctyz_00_3:53272C,T
Ctyz_00_3:53282C,T
Ctyz_00_3:53283C,T
Ctyz_00_3:58614C,T
Ctyz_00_3:61291C,T
Ctyz_00_3:61301C,T
Ctyz_00_3:71369A,G
Ctyz_00_3:71442A,T
Ctyz_00_3:71443A,T
Ctyz_00_3:73474C,T
Ctyz_00_3:82847A,G
Ctyz_00_3:82919A,G
Ctyz_00_3:83015G,T
Ctyz_00_3:84250A,G
Ctyz_00_3:84488A,G
Ctyz_00_3:87430C,T
Ctyz_00_3:87431G,T
Ctyz_00_3:100968A,T
Ctyz_00_3:100972C,T
Ctyz_00_3:100981C,T
Ctyz_00_3:104141C,T
Ctyz_00_3:104194A,G
Ctyz_00_3:105041A,G
Ctyz_00_3:105043A,G
Ctyz_00_3:127505A,T
Ctyz_00_3:135334C,T
