Ctyz_1:3801A,G
Ctyz_1:25166A,T
Ctyz_1:25174A,G
Ctyz_1:34743A,G
Ctyz_1:41115C,T
Ctyz_1:51062A,T
Ctyz_1:52135A,T
Ctyz_1:53790C,T
Ctyz_1:91735A,T
Ctyz_1:94408A,G
Ctyz_1:94409A,G
Ctyz_1:99075A,G
Ctyz_1:100449A,G
Ctyz_1:109319A,G
Ctyz_1:115179A,T
Ctyz_1:122359A,C
Ctyz_1:125446A,T
Ctyz_1:143831C,T
Ctyz_1:144652C,T
Ctyz_1:153516C,T
Ctyz_1:153517A,T
Ctyz_1:153523A,G
Ctyz_1:161188A,G
Ctyz_1:161189A,G
Ctyz_1:163721C,G
Ctyz_1:163761A,T
Ctyz_1:163764A,C
Ctyz_1:168206A,T
Ctyz_1:168207A,T
Ctyz_1:170889A,G
Ctyz_1:216690G,T
Ctyz_1:235758A,G
Ctyz_1:243529G,T
Ctyz_1:247607A,T
Ctyz_1:247625A,T
Ctyz_1:264265A,T
Ctyz_1:293442A,G
Ctyz_1:315823A,G
Ctyz_1:325495A,T
Ctyz_1:325496A,G
Ctyz_1:353565G,T
Ctyz_1:378690C,T
Ctyz_1:403550C,T
Ctyz_1:516574C,T
Ctyz_1:516576C,T
Ctyz_1:604748A,G
Ctyz_1:625371C,T
Ctyz_1:639572A,T
Ctyz_1:686364A,C
Ctyz_1:687923A,C
Ctyz_1:689282A,G
Ctyz_1:690100A,G
Ctyz_1:694438A,T
Ctyz_1:709316G,T
Ctyz_1:718731A,T
Ctyz_1:742565A,G
Ctyz_1:742570A,T
Ctyz_1:743251A,G
Ctyz_1:744571A,T
Ctyz_1:744605A,T
Ctyz_1:744620A,T
Ctyz_1:750213A,T
Ctyz_1:755714A,G
Ctyz_1:758610C,T
Ctyz_1:762561A,T
Ctyz_1:784642C,T
Ctyz_1:784660C,T
Ctyz_1:784666C,T
Ctyz_1:784681A,T
Ctyz_1:784684C,T
Ctyz_1:787609C,T
Ctyz_1:790177A,T
Ctyz_1:799623A,T
Ctyz_1:800071C,T
Ctyz_1:801809A,G
Ctyz_1:808298A,T
Ctyz_1:808304A,T
Ctyz_1:836397A,C
Ctyz_1:839734A,G
Ctyz_1:839745A,T
Ctyz_1:839752A,G
Ctyz_1:845909C,T
Ctyz_1:849560A,G
Ctyz_1:862858A,G
Ctyz_1:870483G,T
Ctyz_2:848A,G
Ctyz_2:16321C,T
Ctyz_2:17579A,G
Ctyz_2:17580C,T
Ctyz_2:17627C,T
Ctyz_2:17628A,T
Ctyz_2:18165C,T
Ctyz_2:22196C,T
Ctyz_2:22385C,T
Ctyz_2:24417A,G
Ctyz_2:28147A,G
Ctyz_2:34130A,G
Ctyz_2:34426A,G
Ctyz_2:34427A,T
Ctyz_2:39418A,G
Ctyz_2:39419A,C
Ctyz_2:39428A,C
Ctyz_2:40833A,G
Ctyz_2:41434A,C
Ctyz_2:41437A,G
Ctyz_2:41443C,T
Ctyz_2:41720C,T
Ctyz_2:43245G,T
Ctyz_2:43249A,G
Ctyz_2:43263A,T
Ctyz_2:45660C,T
Ctyz_2:46881A,G
Ctyz_2:48393A,T
Ctyz_2:58285C,T
Ctyz_2:76749A,G
Ctyz_2:92922A,G
Ctyz_2:104867A,T
Ctyz_2:105497A,T
Ctyz_2:105592A,G
Ctyz_2:105593A,C
Ctyz_2:105618G,T
Ctyz_2:105619A,G
Ctyz_2:106893A,T
Ctyz_2:106899C,T
Ctyz_2:108186G,T
Ctyz_2:110456A,T
Ctyz_2:112790A,C
Ctyz_2:116016A,G
Ctyz_2:125630G,T
Ctyz_2:125759A,G
Ctyz_2:125854C,T
Ctyz_2:126563C,T
Ctyz_2:132475A,G
Ctyz_2:133968A,G
Ctyz_2:136597A,T
Ctyz_2:147162A,T
Ctyz_2:151224A,G
Ctyz_2:151249A,T
Ctyz_2:151250A,G
Ctyz_2:151350A,C
Ctyz_2:158606A,G
Ctyz_2:160441G,T
Ctyz_2:160442A,G
Ctyz_2:161585C,T
Ctyz_2:161596C,T
Ctyz_2:161892A,G
Ctyz_2:161897C,T
Ctyz_2:161899A,C
Ctyz_2:161902C,T
Ctyz_2:161905A,C
Ctyz_2:161908A,C
Ctyz_2:161909A,C
Ctyz_2:162301C,T
Ctyz_2:162304C,T
Ctyz_2:162306A,G
Ctyz_2:162324A,G
Ctyz_2:164599A,T
Ctyz_2:166219C,T
Ctyz_2:166223A,T
Ctyz_2:180884A,G
Ctyz_2:208521A,G
Ctyz_2:208533A,G
Ctyz_2:208537C,T
Ctyz_2:266686A,T
Ctyz_2:273737C,T
Ctyz_2:273751A,T
Ctyz_2:298627A,G
Ctyz_2:309064A,T
Ctyz_2:309067A,G
Ctyz_2:363229G,T
Ctyz_2:419487A,C
Ctyz_2:446999C,T
Ctyz_2:454208A,T
Ctyz_2:476421C,T
Ctyz_2:479522C,T
Ctyz_2:493177C,T
Ctyz_2:509744A,G
Ctyz_2:512266C,G
Ctyz_2:512269C,T
Ctyz_2:513131A,T
Ctyz_2:513135A,G
Ctyz_2:522204A,G
Ctyz_2:522206A,G
Ctyz_2:536340A,C
Ctyz_2:596911A,T
Ctyz_2:615877A,T
Ctyz_2:637777C,T
Ctyz_2:637778A,G
Ctyz_2:643911A,T
Ctyz_2:644293C,T
Ctyz_2:644562C,T
Ctyz_2:644573G,T
Ctyz_2:644576G,T
Ctyz_2:644579G,T
Ctyz_2:644585G,T
Ctyz_2:644591G,T
Ctyz_2:644597G,T
Ctyz_2:644603G,T
Ctyz_2:644627A,G
Ctyz_2:644927G,T
Ctyz_2:645336C,T
Ctyz_2:665005C,T
Ctyz_2:670684G,T
Ctyz_2:673728A,G
Ctyz_2:682355A,T
Ctyz_2:710975C,T
Ctyz_2:717456A,G
Ctyz_2:722467A,G
Ctyz_2:728188A,C
Ctyz_2:728235A,G
Ctyz_2:728238A,G
Ctyz_2:728244A,G
Ctyz_2:728259A,G
Ctyz_2:728538A,C
Ctyz_2:728544A,C
Ctyz_2:728550A,C
Ctyz_2:728559C,T
Ctyz_2:728586A,C
Ctyz_2:728592A,C
Ctyz_2:728598A,C
Ctyz_2:732287C,T
Ctyz_2:745679A,T
Ctyz_2:745685A,T
Ctyz_2:746759A,G
Ctyz_2:747654C,T
Ctyz_2:748327C,T
Ctyz_2:750311A,C
Ctyz_2:750889A,G
Ctyz_2:751032C,T
Ctyz_2:751039A,G
Ctyz_2:755411C,T
Ctyz_2:757578A,G
Ctyz_2:770164C,T
Ctyz_2:771655C,T
Ctyz_2:771688A,C
Ctyz_2:803782C,T
Ctyz_2:803783G,T
Ctyz_2:816422A,T
Ctyz_2:825300G,T
Ctyz_2:831889A,G
Ctyz_2:835389A,T
Ctyz_2:835395A,T
Ctyz_2:836006A,G
Ctyz_2:839973A,G
Ctyz_2:844007A,T
Ctyz_2:845601A,T
Ctyz_2:846334C,T
Ctyz_2:858174A,G
Ctyz_2:858875G,T
Ctyz_2:860257A,G
Ctyz_2:867234A,G
Ctyz_2:868324A,T
Ctyz_2:871942A,G
Ctyz_2:871945A,T
Ctyz_2:871951C,T
Ctyz_2:871993G,T
Ctyz_2:889204A,G
Ctyz_2:916189C,T
Ctyz_2:916211C,T
Ctyz_2:943854A,T
Ctyz_2:953962A,T
Ctyz_2:968329A,G
Ctyz_2:968939A,G
Ctyz_2:968954A,G
Ctyz_2:969060C,T
Ctyz_2:969064A,G
Ctyz_2:973297A,G
Ctyz_2:973298A,G
Ctyz_2:974925C,T
Ctyz_2:974933A,T
Ctyz_2:974937C,T
Ctyz_2:977196A,T
Ctyz_2:977242A,T
Ctyz_2:980697A,G
Ctyz_2:980706C,G
Ctyz_2:980766A,T
Ctyz_2:980990A,G
Ctyz_2:981000A,G
Ctyz_2:981008A,G
Ctyz_2:981018A,G
Ctyz_2:981254A,G
Ctyz_2:990946C,T
Ctyz_2:990951A,C
Ctyz_2:990963A,G
Ctyz_2:990966A,G
Ctyz_2:991537G,T
Ctyz_3:160A,C
Ctyz_3:19475C,T
Ctyz_3:73378C,T
Ctyz_3:73393A,C
Ctyz_3:90270C,T
Ctyz_3:106048A,G
Ctyz_3:119218A,T
Ctyz_3:131413G,T
Ctyz_3:132432C,T
Ctyz_3:149926C,T
Ctyz_3:164964C,T
Ctyz_3:181840A,T
Ctyz_3:188656G,T
Ctyz_3:188855A,G
Ctyz_3:192053A,T
Ctyz_3:192273A,G
Ctyz_3:192465A,T
Ctyz_3:192591A,T
Ctyz_3:192973A,G
Ctyz_3:192975A,T
Ctyz_3:197198G,T
Ctyz_3:219822C,T
Ctyz_3:219843C,T
Ctyz_3:223890C,T
Ctyz_3:225537A,T
Ctyz_3:225540A,T
Ctyz_3:225567C,T
Ctyz_3:231996A,T
Ctyz_3:232068C,T
Ctyz_3:243720A,T
Ctyz_3:245978A,T
Ctyz_3:260440G,T
Ctyz_3:262268C,T
Ctyz_3:263392C,G
Ctyz_3:272915C,T
Ctyz_3:275938A,G
Ctyz_3:276353A,G
Ctyz_3:305822A,C
Ctyz_3:307009A,T
Ctyz_3:325517C,T
Ctyz_3:327637A,T
Ctyz_3:328536A,G
Ctyz_3:328541G,T
Ctyz_3:328909G,T
Ctyz_3:328918A,G
Ctyz_3:341999C,T
Ctyz_3:359773A,G
Ctyz_3:366285A,T
Ctyz_3:383381C,T
Ctyz_3:383388A,G
Ctyz_3:386241C,T
Ctyz_3:386245A,T
Ctyz_3:395197C,T
Ctyz_3:415875C,G
Ctyz_3:415876C,T
Ctyz_3:415882C,T
Ctyz_3:415885A,C
Ctyz_3:415894C,T
Ctyz_3:415897A,T
Ctyz_3:415903A,C
Ctyz_3:415906A,C
Ctyz_3:415909A,T
Ctyz_3:415912C,T
Ctyz_3:415915A,T
Ctyz_3:416465A,T
Ctyz_3:418352A,C
Ctyz_3:418911C,T
Ctyz_3:418944C,T
Ctyz_3:419079A,T
Ctyz_3:419102C,T
Ctyz_3:419280A,T
Ctyz_3:419283A,T
Ctyz_3:421193A,C
Ctyz_3:421347C,T
Ctyz_3:421464A,G
Ctyz_3:421469C,T
Ctyz_3:433100C,T
Ctyz_3:433109C,T
Ctyz_3:433112C,T
Ctyz_3:433847A,T
Ctyz_3:433853G,T
Ctyz_3:433856A,G
Ctyz_3:433860C,T
Ctyz_3:433866A,G
Ctyz_3:433867C,T
Ctyz_3:444279G,T
Ctyz_3:461024C,T
Ctyz_3:465425A,G
Ctyz_3:467670C,T
Ctyz_3:482507C,T
Ctyz_3:490936A,C
Ctyz_3:643890A,C
Ctyz_3:643891A,C
Ctyz_3:643897A,G
Ctyz_3:670238A,G
Ctyz_3:719533A,G
Ctyz_3:719534C,T
Ctyz_3:778183C,T
Ctyz_3:778184G,T
Ctyz_3:808465C,T
Ctyz_3:808472C,T
Ctyz_3:809776A,T
Ctyz_3:845303A,C
Ctyz_3:863585C,T
Ctyz_3:863588A,C
Ctyz_3:870553A,T
Ctyz_3:899341A,G
Ctyz_3:899347A,G
Ctyz_3:908007A,G
Ctyz_3:908010A,G
Ctyz_3:909221A,T
Ctyz_3:909224A,T
Ctyz_3:914419A,G
Ctyz_3:922288G,T
Ctyz_3:922303C,T
Ctyz_3:927140A,G
Ctyz_3:936367A,T
Ctyz_3:936527G,T
Ctyz_3:954969A,T
Ctyz_3:954970A,T
Ctyz_3:978944A,G
Ctyz_3:978950A,G
Ctyz_3:978956A,G
Ctyz_3:978962A,G
Ctyz_3:1005830C,T
Ctyz_3:1006539A,T
Ctyz_3:1022887G,T
Ctyz_3:1029101C,T
Ctyz_3:1029104C,T
Ctyz_3:1029111C,T
Ctyz_3:1029120C,T
Ctyz_3:1029131C,T
Ctyz_3:1048425C,T
Ctyz_4:14215C,T
Ctyz_4:20772A,T
Ctyz_4:20780A,G
Ctyz_4:23570C,T
Ctyz_4:43791A,T
Ctyz_4:46333A,G
Ctyz_4:58233A,G
Ctyz_4:61982A,G
Ctyz_4:61983C,T
Ctyz_4:62608C,G
Ctyz_4:63364A,G
Ctyz_4:93154A,G
Ctyz_4:96847A,C
Ctyz_4:102339A,G
Ctyz_4:107402A,T
Ctyz_4:109095C,T
Ctyz_4:110037A,T
Ctyz_4:121895A,T
Ctyz_4:121931A,T
Ctyz_4:143599A,G
Ctyz_4:151872A,T
Ctyz_4:170421A,G
Ctyz_4:190911C,T
Ctyz_4:201262C,T
Ctyz_4:201263C,T
Ctyz_4:219078A,C
Ctyz_4:219953A,T
Ctyz_4:222721A,G
Ctyz_4:223747A,T
Ctyz_4:223748A,T
Ctyz_4:223861A,G
Ctyz_4:256025C,T
Ctyz_4:275357A,T
Ctyz_4:279192G,T
Ctyz_4:279197C,T
Ctyz_4:279614C,G
Ctyz_4:279620C,G
Ctyz_4:279627C,T
Ctyz_4:290308A,G
Ctyz_4:295285C,T
Ctyz_4:315121A,G
Ctyz_4:315124A,G
Ctyz_4:315133A,G
Ctyz_4:324929A,G
Ctyz_4:330195C,T
Ctyz_4:347086C,T
Ctyz_4:355948C,T
Ctyz_4:360237A,T
Ctyz_4:363549C,T
Ctyz_4:363552C,G
Ctyz_4:366899A,G
Ctyz_4:367117A,G
Ctyz_4:385892C,T
Ctyz_4:393642C,T
Ctyz_4:393643C,T
Ctyz_4:393646C,T
Ctyz_4:393664C,T
Ctyz_4:393688C,T
Ctyz_4:407211C,T
Ctyz_4:416728A,G
Ctyz_4:441476C,T
Ctyz_4:441478A,T
Ctyz_4:469035C,T
Ctyz_4:516380A,G
Ctyz_4:545199A,G
Ctyz_4:545205G,T
Ctyz_4:563947A,G
Ctyz_4:563955A,G
Ctyz_4:574593C,T
Ctyz_4:581180A,C
Ctyz_4:581306C,T
Ctyz_4:643167C,T
Ctyz_4:643176C,T
Ctyz_4:650436A,C
Ctyz_4:650444A,G
Ctyz_4:668970A,G
Ctyz_4:725663A,T
Ctyz_4:750285G,T
Ctyz_4:771376A,G
Ctyz_4:771385A,C
Ctyz_4:808127A,T
Ctyz_4:808141A,T
Ctyz_4:813523A,G
Ctyz_4:827173A,G
Ctyz_4:835461G,T
Ctyz_4:845619C,T
Ctyz_4:845699C,T
Ctyz_4:845737A,C
Ctyz_4:851767C,T
Ctyz_4:851798A,C
Ctyz_4:851811C,T
Ctyz_4:851842C,G
Ctyz_4:852131C,T
Ctyz_4:852133A,G
Ctyz_4:852135A,C
Ctyz_4:860541C,T
Ctyz_4:860861A,T
Ctyz_4:862005A,C
Ctyz_4:862009A,G
Ctyz_4:866717A,C
Ctyz_4:866731A,G
Ctyz_4:874894C,T
Ctyz_4:877988C,T
Ctyz_4:877989C,T
Ctyz_4:879752A,G
Ctyz_4:880887A,T
Ctyz_4:881093A,C
Ctyz_4:881095C,T
Ctyz_4:883844A,G
Ctyz_4:892854C,T
Ctyz_4:892859C,T
Ctyz_4:892979A,G
Ctyz_4:894743A,G
Ctyz_4:897620A,T
Ctyz_4:897623A,T
Ctyz_4:898763A,T
Ctyz_4:898772C,T
Ctyz_4:898773A,T
Ctyz_4:904550A,C
Ctyz_4:904816G,T
Ctyz_4:904997G,T
Ctyz_4:906516A,G
Ctyz_4:906519A,G
Ctyz_4:906523C,T
Ctyz_4:918843C,T
Ctyz_4:921323A,T
Ctyz_4:921556C,T
Ctyz_4:923490A,G
Ctyz_4:924947C,T
Ctyz_4:927675C,T
Ctyz_4:937970C,T
Ctyz_4:941923A,G
Ctyz_4:941924A,G
Ctyz_4:945769A,T
Ctyz_4:950350C,T
Ctyz_4:950361C,T
Ctyz_4:950789A,T
Ctyz_4:950792C,T
Ctyz_4:955009A,T
Ctyz_4:956438A,G
Ctyz_4:956439A,G
Ctyz_4:956699A,G
Ctyz_4:958522A,G
Ctyz_4:960887A,C
Ctyz_4:963382C,T
Ctyz_4:963444A,G
Ctyz_4:963533C,T
Ctyz_4:964255A,G
Ctyz_4:968684C,T
Ctyz_4:973743C,G
Ctyz_4:978910A,T
Ctyz_4:978926A,G
Ctyz_4:979229G,T
Ctyz_4:981378C,T
Ctyz_4:981544A,T
Ctyz_4:982269C,T
Ctyz_4:983628A,T
Ctyz_4:983634A,T
Ctyz_4:995258A,G
Ctyz_4:1001275C,T
Ctyz_4:1019529C,T
Ctyz_4:1019539G,T
Ctyz_4:1020492C,T
Ctyz_4:1024157C,T
Ctyz_4:1025527A,G
Ctyz_4:1025540C,T
Ctyz_4:1030590A,T
Ctyz_4:1030600A,G
Ctyz_4:1030839A,T
Ctyz_4:1041261C,G
Ctyz_4:1055364A,G
Ctyz_4:1070174C,T
Ctyz_4:1071986A,T
Ctyz_4:1071987A,T
Ctyz_4:1071989A,T
Ctyz_4:1073145A,G
Ctyz_4:1073181C,T
Ctyz_4:1090614A,T
Ctyz_4:1090625C,T
Ctyz_4:1090629C,T
Ctyz_5:6016C,T
Ctyz_5:6256G,T
Ctyz_5:6490A,G
Ctyz_5:21728A,T
Ctyz_5:33690C,T
Ctyz_5:34409A,T
Ctyz_5:36042A,G
Ctyz_5:38499A,G
Ctyz_5:40074A,G
Ctyz_5:42908A,G
Ctyz_5:57270A,T
Ctyz_5:82456A,C
Ctyz_5:85676A,G
Ctyz_5:88062A,T
Ctyz_5:96742C,G
Ctyz_5:96749A,G
Ctyz_5:96750A,T
Ctyz_5:102064G,T
Ctyz_5:108421A,T
Ctyz_5:108424A,T
Ctyz_5:108436A,C
Ctyz_5:108439A,C
Ctyz_5:109466A,G
Ctyz_5:137074C,G
Ctyz_5:137112A,T
Ctyz_5:153067A,G
Ctyz_5:153087A,T
Ctyz_5:162202A,G
Ctyz_5:166820A,T
Ctyz_5:186730A,G
Ctyz_5:225025A,T
Ctyz_5:227075A,T
Ctyz_5:231470G,T
Ctyz_5:243219C,T
Ctyz_5:291643A,T
Ctyz_5:291679G,T
Ctyz_5:291682A,T
Ctyz_5:291688A,T
Ctyz_5:291703A,G
Ctyz_5:291715A,T
Ctyz_5:292794A,T
Ctyz_5:292863A,G
Ctyz_5:292872A,T
Ctyz_5:292962A,T
Ctyz_5:292971A,T
Ctyz_5:292977G,T
Ctyz_5:293058G,T
Ctyz_5:293067A,T
Ctyz_5:293070G,T
Ctyz_5:293073A,T
Ctyz_5:303218C,T
Ctyz_5:304005C,T
Ctyz_5:322321A,G
Ctyz_5:322335C,T
Ctyz_5:329538A,T
Ctyz_5:329929A,G
Ctyz_5:329936C,T
Ctyz_5:330061A,C
Ctyz_5:352743C,T
Ctyz_5:389391A,T
Ctyz_5:426217A,G
Ctyz_5:430172C,T
Ctyz_5:431539A,G
Ctyz_5:431552C,T
Ctyz_5:431734A,T
Ctyz_5:431765A,C
Ctyz_5:431772A,T
Ctyz_5:431842A,G
Ctyz_5:435667A,C
Ctyz_5:439594A,G
Ctyz_5:490460C,T
Ctyz_5:490461G,T
Ctyz_5:493910A,G
Ctyz_5:493925A,G
Ctyz_5:493940A,G
Ctyz_5:493949A,G
Ctyz_5:493958A,G
Ctyz_5:493967A,G
Ctyz_5:493976A,G
Ctyz_5:493979A,T
Ctyz_5:493982A,T
Ctyz_5:493985A,T
Ctyz_5:493988G,T
Ctyz_5:493991A,T
Ctyz_5:493994A,T
Ctyz_5:493997G,T
Ctyz_5:494009A,G
Ctyz_5:494021A,G
Ctyz_5:494045A,G
Ctyz_5:498685C,T
Ctyz_5:499942A,G
Ctyz_5:502771G,T
Ctyz_5:503146A,G
Ctyz_5:507987C,T
Ctyz_5:513039A,T
Ctyz_5:513047A,T
Ctyz_5:513048G,T
Ctyz_5:513049A,G
Ctyz_5:524952A,G
Ctyz_5:527076A,C
Ctyz_5:533223C,T
Ctyz_5:533229C,T
Ctyz_5:533241C,T
Ctyz_5:533271C,T
Ctyz_5:533277C,T
Ctyz_5:533280C,T
Ctyz_5:533292C,T
Ctyz_5:533301C,T
Ctyz_5:533304C,T
Ctyz_5:533418C,T
Ctyz_5:533427C,T
Ctyz_5:533430C,T
Ctyz_5:533433C,T
Ctyz_5:536085C,T
Ctyz_5:536314C,T
Ctyz_5:536319C,T
Ctyz_5:557992C,T
Ctyz_5:557998C,T
Ctyz_5:566259A,T
Ctyz_5:566674C,T
Ctyz_5:580977A,G
Ctyz_5:586852A,T
Ctyz_5:586853A,C
Ctyz_5:586854C,T
Ctyz_5:593420A,G
Ctyz_5:594221C,T
Ctyz_5:603424A,G
Ctyz_5:603426A,C
Ctyz_5:605769A,T
Ctyz_5:606524G,T
Ctyz_5:608341C,G
Ctyz_5:608347C,G
Ctyz_5:608348C,T
Ctyz_5:608365C,G
Ctyz_5:608366C,T
Ctyz_5:608372C,T
Ctyz_5:608384C,T
Ctyz_5:608414C,T
Ctyz_5:617431A,C
Ctyz_5:632024C,T
Ctyz_5:652637G,T
Ctyz_5:652644A,C
Ctyz_5:655572C,T
Ctyz_5:658451A,G
Ctyz_5:664607C,T
Ctyz_5:687865A,T
Ctyz_5:691899A,G
Ctyz_5:721117A,G
Ctyz_5:721120A,G
Ctyz_5:722892A,C
Ctyz_5:722909A,G
Ctyz_5:728968A,T
Ctyz_5:728977G,T
Ctyz_5:731267C,T
Ctyz_5:735083C,T
Ctyz_5:744381C,T
Ctyz_5:759027C,T
Ctyz_5:782677A,G
Ctyz_5:784035A,G
Ctyz_5:784053A,G
Ctyz_5:785925C,G
Ctyz_5:789528C,T
Ctyz_5:791803C,T
Ctyz_5:800834A,G
Ctyz_5:805635C,T
Ctyz_5:809451A,G
Ctyz_5:810884A,C
Ctyz_5:811446C,T
Ctyz_5:812994A,G
Ctyz_5:817526C,T
Ctyz_5:819944C,T
Ctyz_5:819947C,T
Ctyz_5:819953C,T
Ctyz_5:819980C,T
Ctyz_5:819986C,T
Ctyz_5:819992C,T
Ctyz_5:819998C,T
Ctyz_5:820001A,T
Ctyz_5:820004C,T
Ctyz_5:820010C,T
Ctyz_5:820016C,T
Ctyz_5:820018C,T
Ctyz_5:822197A,G
Ctyz_5:828227C,T
Ctyz_5:828228A,G
Ctyz_5:829374A,T
Ctyz_5:829509C,T
Ctyz_5:847270A,T
Ctyz_5:858469A,C
Ctyz_5:858526A,G
Ctyz_5:863838C,T
Ctyz_5:871876A,G
Ctyz_5:874184G,T
Ctyz_5:879175A,T
Ctyz_5:884014A,T
Ctyz_5:889542A,G
Ctyz_5:889547C,T
Ctyz_5:890499A,G
Ctyz_5:890767C,T
Ctyz_5:890772A,T
Ctyz_5:897871A,T
Ctyz_6:3512A,G
Ctyz_6:5990C,T
Ctyz_6:7072A,G
Ctyz_6:14740C,T
Ctyz_6:14743C,T
Ctyz_6:51194A,T
Ctyz_6:55276A,G
Ctyz_6:55931C,T
Ctyz_6:58432A,G
Ctyz_6:58477A,G
Ctyz_6:60784C,T
Ctyz_6:60787C,T
Ctyz_6:60790C,T
Ctyz_6:60796A,C
Ctyz_6:63463C,T
Ctyz_6:63473A,G
Ctyz_6:63497A,G
Ctyz_6:63503A,G
Ctyz_6:63509A,G
Ctyz_6:63515A,G
Ctyz_6:63539A,T
Ctyz_6:63542A,G
Ctyz_6:63776A,T
Ctyz_6:63782A,C
Ctyz_6:67596C,T
Ctyz_6:69655A,G
Ctyz_6:69658G,T
Ctyz_6:72235A,G
Ctyz_6:80235A,G
Ctyz_6:81343A,T
Ctyz_6:81346C,T
Ctyz_6:99041A,T
Ctyz_6:99086C,T
Ctyz_6:102684A,G
Ctyz_6:102723A,T
Ctyz_6:102726A,T
Ctyz_6:102729A,T
Ctyz_6:102756A,T
Ctyz_6:104422A,G
Ctyz_6:106421A,T
Ctyz_6:106424A,T
Ctyz_6:109857C,T
Ctyz_6:109896C,T
Ctyz_6:109914C,T
Ctyz_6:109926A,T
Ctyz_6:113467C,T
Ctyz_6:117791A,G
Ctyz_6:117825A,G
Ctyz_6:118308A,T
Ctyz_6:125390C,T
Ctyz_6:128268A,G
Ctyz_6:130761A,T
Ctyz_6:156895A,G
Ctyz_6:156896C,T
Ctyz_6:156899C,T
Ctyz_6:161873A,G
Ctyz_6:168193C,T
Ctyz_6:177948C,T
Ctyz_6:181359C,T
Ctyz_6:185793C,T
Ctyz_6:191986C,T
Ctyz_6:194527A,G
Ctyz_6:199624A,T
Ctyz_6:199630A,T
Ctyz_6:199636C,T
Ctyz_6:199642A,T
Ctyz_6:219811A,C
Ctyz_6:230506A,G
Ctyz_6:230762A,T
Ctyz_6:232194A,G
Ctyz_6:232198A,G
Ctyz_6:232204A,G
Ctyz_6:232210A,G
Ctyz_6:249659A,T
Ctyz_6:259842G,T
Ctyz_6:277381A,T
Ctyz_6:288429A,T
Ctyz_6:339597C,T
Ctyz_6:341385A,G
Ctyz_6:351810A,C
Ctyz_6:351816G,T
Ctyz_6:360947A,G
Ctyz_6:428305G,T
Ctyz_6:454428A,G
Ctyz_6:481973A,G
Ctyz_6:492087A,C
Ctyz_6:506485A,G
Ctyz_6:506495A,G
Ctyz_6:506500A,T
Ctyz_6:513917C,T
Ctyz_6:531507C,T
Ctyz_6:654399A,T
Ctyz_6:657262A,T
Ctyz_6:674475A,G
Ctyz_6:674480A,G
Ctyz_6:674520G,T
Ctyz_6:674521A,G
Ctyz_6:676046A,T
Ctyz_6:708841C,T
Ctyz_6:708967A,G
Ctyz_6:710734C,T
Ctyz_6:711233A,G
Ctyz_6:711710A,C
Ctyz_6:711724A,G
Ctyz_6:712754A,T
Ctyz_6:715451A,T
Ctyz_6:717750A,G
Ctyz_6:717752G,T
Ctyz_6:717761G,T
Ctyz_6:718124A,G
Ctyz_6:718126A,G
Ctyz_6:720567C,T
Ctyz_6:720569A,T
Ctyz_6:731189A,C
Ctyz_6:732871C,T
Ctyz_6:732880C,T
Ctyz_6:732882C,T
Ctyz_6:733226A,T
Ctyz_6:733227A,G
Ctyz_6:739738C,T
Ctyz_6:744007A,C
Ctyz_6:769814A,T
Ctyz_6:772174A,C
Ctyz_6:776548A,T
Ctyz_6:776561A,G
Ctyz_6:776832A,G
Ctyz_6:776833A,T
Ctyz_6:800418A,T
Ctyz_6:803630A,T
Ctyz_6:808709C,T
Ctyz_6:812014A,G
Ctyz_6:827793A,T
Ctyz_6:866995A,G
Ctyz_6:867233A,T
Ctyz_6:875880A,T
Ctyz_6:896984A,C
Ctyz_6:897046C,T
Ctyz_6:899134C,T
Ctyz_6:899712C,T
Ctyz_6:899714A,G
Ctyz_6:899732C,T
Ctyz_6:905240C,T
Ctyz_6:905282C,T
Ctyz_6:907896A,C
Ctyz_6:935990C,T
Ctyz_6:940345A,G
Ctyz_6:941313A,T
Ctyz_6:943887A,G
Ctyz_6:943908A,G
Ctyz_6:943923A,G
Ctyz_6:943929A,G
Ctyz_6:943968A,G
Ctyz_6:943983A,G
Ctyz_6:958766C,T
Ctyz_6:958927A,T
Ctyz_6:958934A,C
Ctyz_6:976144A,C
Ctyz_6:979452A,T
Ctyz_6:979463A,T
Ctyz_6:980504C,T
Ctyz_6:1010170A,G
Ctyz_6:1010405A,G
Ctyz_6:1010408A,G
Ctyz_6:1016590A,G
Ctyz_6:1026212C,T
Ctyz_6:1048628A,G
Ctyz_6:1090078A,T
Ctyz_6:1115173G,T
Ctyz_6:1121309C,T
Ctyz_6:1150197A,G
Ctyz_6:1152715C,T
Ctyz_6:1158006A,T
Ctyz_6:1185270C,T
Ctyz_6:1200119A,G
Ctyz_6:1200125A,G
Ctyz_6:1201292A,T
Ctyz_6:1253775C,T
Ctyz_6:1269707A,G
Ctyz_6:1269709A,T
Ctyz_6:1269710A,G
Ctyz_6:1269716A,G
Ctyz_6:1269719A,G
Ctyz_6:1269722A,G
Ctyz_6:1269725A,G
Ctyz_7:7258A,T
Ctyz_7:7667C,T
Ctyz_7:7686A,G
Ctyz_7:7688C,G
Ctyz_7:7697C,T
Ctyz_7:7726C,T
Ctyz_7:7800C,T
Ctyz_7:7802A,T
Ctyz_7:7806C,T
Ctyz_7:7809A,G
Ctyz_7:7816A,G
Ctyz_7:55828C,T
Ctyz_7:58108C,T
Ctyz_7:80672C,T
Ctyz_7:102116G,T
Ctyz_7:108371A,T
Ctyz_7:108532A,C
Ctyz_7:111699A,T
Ctyz_7:111709C,T
Ctyz_7:111710A,C
Ctyz_7:121657C,G
Ctyz_7:121669A,C
Ctyz_7:130509C,T
Ctyz_7:130518A,T
Ctyz_7:130521A,T
Ctyz_7:169416C,T
Ctyz_7:169610A,G
Ctyz_7:169613G,T
Ctyz_7:169695A,G
Ctyz_7:178124A,G
Ctyz_7:178127C,T
Ctyz_7:178129C,T
Ctyz_7:189076C,T
Ctyz_7:192583C,T
Ctyz_7:202757C,T
Ctyz_7:211375G,T
Ctyz_7:222927G,T
Ctyz_7:234256C,T
Ctyz_7:254001C,G
Ctyz_7:260285G,T
Ctyz_7:260290A,T
Ctyz_7:264733A,T
Ctyz_7:267333C,T
Ctyz_7:268018C,T
Ctyz_7:272271C,T
Ctyz_7:307023C,T
Ctyz_7:307026C,T
Ctyz_7:307038C,T
Ctyz_7:310520C,T
Ctyz_7:315484A,C
Ctyz_7:334010A,T
Ctyz_7:334101A,G
Ctyz_7:337462G,T
Ctyz_7:343374A,G
Ctyz_7:362697A,T
Ctyz_7:388269C,T
Ctyz_7:409979A,G
Ctyz_7:409982A,G
Ctyz_7:420673A,T
Ctyz_7:475197A,G
Ctyz_7:551167C,T
Ctyz_7:563652C,T
Ctyz_7:564242A,G
Ctyz_7:654545A,G
Ctyz_7:654551A,G
Ctyz_7:673527A,T
Ctyz_7:674083A,G
Ctyz_7:694931A,G
Ctyz_7:707874G,T
Ctyz_7:740317C,T
Ctyz_7:744589C,T
Ctyz_7:751048A,C
Ctyz_7:764637C,T
Ctyz_7:781670C,T
Ctyz_7:781671A,T
Ctyz_7:782097A,G
Ctyz_7:782541C,T
Ctyz_7:789072C,T
Ctyz_7:802230G,T
Ctyz_7:808733C,T
Ctyz_7:868336A,G
Ctyz_7:906922C,T
Ctyz_7:909919C,T
Ctyz_7:911032A,T
Ctyz_7:911035A,T
Ctyz_7:911050A,T
Ctyz_7:911080A,T
Ctyz_7:911098C,T
Ctyz_7:911158A,T
Ctyz_7:911275A,T
Ctyz_7:912640A,T
Ctyz_7:914783C,T
Ctyz_7:961440C,T
Ctyz_7:961450C,T
Ctyz_7:1015493C,T
Ctyz_7:1016700C,T
Ctyz_7:1059541C,T
Ctyz_7:1071066A,T
Ctyz_7:1121841A,G
Ctyz_7:1162578C,T
Ctyz_7:1187758A,C
Ctyz_7:1271751A,G
Ctyz_7:1275232A,G
Ctyz_7:1275311A,T
Ctyz_7:1275312A,T
Ctyz_7:1277307C,T
Ctyz_7:1277319C,T
Ctyz_7:1277324C,T
Ctyz_7:1277327A,T
Ctyz_7:1277342A,G
Ctyz_7:1277352G,T
Ctyz_7:1277354A,T
Ctyz_7:1277370C,T
Ctyz_7:1277373C,T
Ctyz_7:1277381C,T
Ctyz_7:1277385A,G
Ctyz_7:1277400C,T
Ctyz_7:1277401A,G
Ctyz_7:1277402C,T
Ctyz_7:1277407C,T
Ctyz_7:1277408A,G
Ctyz_7:1277420C,T
Ctyz_7:1277425A,G
Ctyz_7:1277430A,C
Ctyz_7:1278503C,T
Ctyz_7:1278504C,T
Ctyz_7:1278508A,G
Ctyz_7:1278521A,C
Ctyz_7:1278525C,T
Ctyz_7:1278552C,T
Ctyz_7:1278553C,T
Ctyz_7:1278638A,G
Ctyz_7:1278648A,T
Ctyz_7:1278652C,T
Ctyz_7:1278658C,T
Ctyz_7:1278688C,T
Ctyz_7:1278775C,T
Ctyz_7:1278776A,T
Ctyz_7:1278815A,T
Ctyz_7:1278834A,G
Ctyz_7:1278884A,T
Ctyz_7:1278890A,G
Ctyz_7:1278894A,G
Ctyz_7:1278898C,T
Ctyz_7:1278913C,T
Ctyz_8:109A,C
Ctyz_8:2360A,T
Ctyz_8:3643C,T
Ctyz_8:3647C,T
Ctyz_8:10307C,T
Ctyz_8:10314C,T
Ctyz_8:81074C,T
Ctyz_8:98865A,T
Ctyz_8:109413C,T
Ctyz_8:130839A,T
Ctyz_8:130847A,T
Ctyz_8:130848A,T
Ctyz_8:146020C,T
Ctyz_8:149108C,T
Ctyz_8:155168A,G
Ctyz_8:161350A,C
Ctyz_8:162565A,G
Ctyz_8:170739C,T
Ctyz_8:170742C,T
Ctyz_8:175199A,T
Ctyz_8:191984A,G
Ctyz_8:191987A,T
Ctyz_8:211674A,G
Ctyz_8:219733A,T
Ctyz_8:244249C,T
Ctyz_8:280427A,T
Ctyz_8:287548C,T
Ctyz_8:287653C,T
Ctyz_8:287658C,G
Ctyz_8:287680C,T
Ctyz_8:287698C,T
Ctyz_8:288942A,T
Ctyz_8:296701A,T
Ctyz_8:300534A,T
Ctyz_8:301320C,T
Ctyz_8:301459A,T
Ctyz_8:304517C,T
Ctyz_8:312210C,T
Ctyz_8:312211A,G
Ctyz_8:312222C,T
Ctyz_8:315987A,G
Ctyz_8:315990A,G
Ctyz_8:315991A,G
Ctyz_8:316002A,G
Ctyz_8:316014A,G
Ctyz_8:316020A,G
Ctyz_8:316030A,G
Ctyz_8:316032A,G
Ctyz_8:317110C,T
Ctyz_8:321574A,G
Ctyz_8:332373C,T
Ctyz_8:342723A,T
Ctyz_8:342745A,G
Ctyz_8:343767G,T
Ctyz_8:345831A,T
Ctyz_8:345863G,T
Ctyz_8:345864C,T
Ctyz_8:346557C,T
Ctyz_8:365075A,T
Ctyz_8:367286C,T
Ctyz_8:370421C,T
Ctyz_8:373795A,G
Ctyz_8:406717C,T
Ctyz_8:406791G,T
Ctyz_8:407382C,T
Ctyz_8:410479A,G
Ctyz_8:411719A,G
Ctyz_8:412160A,G
Ctyz_8:412162A,G
Ctyz_8:412178A,G
Ctyz_8:430801C,T
Ctyz_8:446368A,T
Ctyz_8:446369C,T
Ctyz_8:453317A,G
Ctyz_8:453335A,G
Ctyz_8:462815A,G
Ctyz_8:466591A,G
Ctyz_8:468731A,G
Ctyz_8:470672A,G
Ctyz_8:471558A,T
Ctyz_8:475534C,T
Ctyz_8:478927A,G
Ctyz_8:478962A,T
Ctyz_8:478991A,G
Ctyz_8:479022A,G
Ctyz_8:479381C,T
Ctyz_8:481048A,G
Ctyz_8:481064A,G
Ctyz_8:481084C,G
Ctyz_8:481139C,T
Ctyz_8:485328G,T
Ctyz_8:485336A,G
Ctyz_8:485451A,G
Ctyz_8:485485A,C
Ctyz_8:485547A,T
Ctyz_8:487137G,T
Ctyz_8:489678A,G
Ctyz_8:491339A,G
Ctyz_8:491353A,C
Ctyz_8:493506G,T
Ctyz_8:493509A,G
Ctyz_8:493515A,G
Ctyz_8:495689A,G
Ctyz_8:497257A,T
Ctyz_8:507511G,T
Ctyz_8:511080C,T
Ctyz_8:512167A,T
Ctyz_8:531212A,T
Ctyz_8:531423C,T
Ctyz_8:540666A,G
Ctyz_8:541398C,T
Ctyz_8:545174C,T
Ctyz_8:545225A,G
Ctyz_8:552764G,T
Ctyz_8:555473A,G
Ctyz_8:560398C,T
Ctyz_8:570135G,T
Ctyz_8:570138A,T
Ctyz_8:576534C,T
Ctyz_8:576540C,T
Ctyz_8:607573A,G
Ctyz_8:607574A,C
Ctyz_8:635432A,T
Ctyz_8:642688C,G
Ctyz_8:642689A,G
Ctyz_8:642692A,G
Ctyz_8:647587A,C
Ctyz_8:647605A,T
Ctyz_8:649393A,G
Ctyz_8:657436A,T
Ctyz_8:657437A,G
Ctyz_8:692955A,C
Ctyz_8:704026A,G
Ctyz_8:711150A,T
Ctyz_8:724150A,G
Ctyz_8:726508C,T
Ctyz_8:726512A,G
Ctyz_8:726532C,T
Ctyz_8:726604C,T
Ctyz_8:726615A,G
Ctyz_8:754841C,T
Ctyz_8:754844A,G
Ctyz_8:765597A,G
Ctyz_8:765600A,G
Ctyz_8:776718C,T
Ctyz_8:778228A,C
Ctyz_8:797536C,T
Ctyz_8:799129C,T
Ctyz_8:806101A,T
Ctyz_8:814921C,T
Ctyz_8:833938A,G
Ctyz_8:835020A,T
Ctyz_8:874003C,T
Ctyz_8:875523A,G
Ctyz_8:875524A,G
Ctyz_8:880528A,T
Ctyz_8:895305C,T
Ctyz_8:895318C,G
Ctyz_8:917049C,T
Ctyz_8:920720A,G
Ctyz_8:920729A,G
Ctyz_8:951702C,T
Ctyz_8:951855G,T
Ctyz_8:970676A,G
Ctyz_8:970682A,G
Ctyz_8:973190A,G
Ctyz_8:975057C,T
Ctyz_8:982058C,T
Ctyz_8:987591A,C
Ctyz_8:989375A,T
Ctyz_8:998450A,C
Ctyz_8:1000040C,G
Ctyz_8:1000790A,G
Ctyz_8:1000797A,T
Ctyz_8:1000798A,T
Ctyz_8:1000799A,T
Ctyz_8:1000800A,T
Ctyz_8:1003155A,T
Ctyz_8:1006138A,G
Ctyz_8:1012053C,T
Ctyz_8:1012809A,G
Ctyz_8:1015623C,T
Ctyz_8:1015638A,T
Ctyz_8:1015654C,T
Ctyz_8:1015761A,G
Ctyz_8:1015774C,T
Ctyz_8:1015780A,T
Ctyz_8:1016970A,T
Ctyz_8:1017117C,T
Ctyz_8:1017123A,T
Ctyz_8:1017152C,T
Ctyz_8:1018902A,G
Ctyz_8:1018986A,G
Ctyz_8:1019556G,T
Ctyz_8:1022272A,G
Ctyz_8:1026227C,T
Ctyz_8:1026228C,T
Ctyz_8:1026238A,T
Ctyz_8:1026683A,G
Ctyz_8:1026834A,C
Ctyz_8:1029560C,T
Ctyz_8:1036607A,T
Ctyz_8:1038041C,T
Ctyz_8:1038087A,C
Ctyz_8:1039522A,T
Ctyz_8:1039890C,T
Ctyz_8:1041077A,G
Ctyz_8:1041620C,T
Ctyz_8:1045529A,T
Ctyz_8:1046176C,G
Ctyz_8:1052149A,G
Ctyz_8:1052153A,G
Ctyz_8:1053571A,G
Ctyz_8:1054356A,G
Ctyz_8:1054386C,T
Ctyz_8:1054457C,T
Ctyz_8:1054465A,T
Ctyz_8:1054486A,G
Ctyz_8:1055363A,T
Ctyz_8:1058822C,T
Ctyz_8:1059124C,T
Ctyz_8:1059128A,G
Ctyz_8:1059131G,T
Ctyz_8:1059229C,T
Ctyz_8:1061950A,G
Ctyz_8:1061966A,G
Ctyz_8:1063472A,G
Ctyz_8:1067467A,G
Ctyz_8:1067468C,T
Ctyz_8:1067469A,G
Ctyz_8:1067515A,G
Ctyz_8:1067527A,T
Ctyz_8:1068664C,T
Ctyz_8:1069408A,G
Ctyz_8:1069415A,G
Ctyz_8:1069571C,T
Ctyz_8:1069573C,T
Ctyz_8:1069575A,C
Ctyz_8:1069576A,C
Ctyz_8:1069577A,T
Ctyz_8:1069613C,T
Ctyz_8:1070277C,T
Ctyz_8:1070563C,T
Ctyz_8:1073457A,G
Ctyz_8:1073791C,T
Ctyz_8:1075903G,T
Ctyz_8:1076520A,T
Ctyz_8:1076985C,T
Ctyz_8:1076991C,T
Ctyz_8:1083695A,G
Ctyz_8:1083697A,G
Ctyz_8:1083701C,T
Ctyz_8:1084885C,T
Ctyz_8:1084892A,T
Ctyz_8:1084895A,T
Ctyz_8:1084896A,T
Ctyz_8:1086062G,T
Ctyz_8:1086181A,T
Ctyz_8:1086204C,G
Ctyz_8:1086272A,C
Ctyz_8:1086649C,T
Ctyz_8:1086739A,T
Ctyz_8:1088819A,G
Ctyz_8:1088821A,G
Ctyz_8:1088822A,C
Ctyz_8:1088823A,G
Ctyz_8:1091415C,T
Ctyz_8:1091567A,G
Ctyz_8:1094259C,T
Ctyz_8:1094404A,G
Ctyz_8:1094405C,T
Ctyz_8:1094410A,G
Ctyz_8:1094417C,T
Ctyz_8:1095713G,T
Ctyz_8:1095714A,C
Ctyz_8:1095715A,T
Ctyz_8:1095718A,G
Ctyz_8:1095725A,G
Ctyz_8:1095726C,T
Ctyz_8:1095797C,G
Ctyz_8:1095936G,T
Ctyz_8:1095970A,C
Ctyz_8:1095978A,C
Ctyz_8:1095981C,T
Ctyz_8:1098776C,T
Ctyz_8:1100505A,G
Ctyz_8:1102939C,T
Ctyz_8:1102957C,T
Ctyz_8:1103462A,G
Ctyz_8:1103477C,T
Ctyz_8:1103491C,T
Ctyz_8:1103581A,C
Ctyz_8:1104061C,T
Ctyz_8:1104069A,G
Ctyz_8:1105839C,T
Ctyz_8:1108937A,T
Ctyz_8:1109130A,G
Ctyz_8:1109426A,G
Ctyz_8:1110562G,T
Ctyz_8:1111212A,T
Ctyz_8:1111215A,T
Ctyz_8:1111463C,T
Ctyz_8:1115874A,C
Ctyz_8:1115883A,G
Ctyz_8:1115884C,T
Ctyz_8:1115906A,C
Ctyz_8:1115911G,T
Ctyz_8:1117872C,T
Ctyz_8:1117881C,T
Ctyz_8:1117913C,T
Ctyz_8:1117917C,T
Ctyz_8:1117919C,T
Ctyz_8:1117925C,T
Ctyz_8:1118025C,T
Ctyz_8:1118027C,T
Ctyz_8:1118033C,T
Ctyz_8:1118037C,T
Ctyz_8:1118039C,T
Ctyz_8:1118045C,T
Ctyz_8:1118051C,T
Ctyz_8:1118061C,T
Ctyz_8:1118067C,T
Ctyz_8:1118073C,T
Ctyz_8:1118074A,T
Ctyz_8:1118402C,T
Ctyz_8:1120106A,G
Ctyz_8:1120136A,G
Ctyz_8:1129530C,T
Ctyz_8:1130696A,T
Ctyz_8:1130698A,G
Ctyz_8:1130795A,G
Ctyz_8:1137559A,T
Ctyz_8:1139800C,T
Ctyz_8:1140880C,T
Ctyz_8:1142960C,T
Ctyz_8:1143998A,G
Ctyz_8:1144848C,T
Ctyz_8:1145028C,T
Ctyz_8:1145032C,G
Ctyz_8:1153831A,T
Ctyz_8:1153832A,G
Ctyz_8:1153834C,T
Ctyz_8:1167507A,G
Ctyz_8:1167624C,T
Ctyz_8:1170698C,G
Ctyz_8:1171330A,T
Ctyz_8:1174388A,T
Ctyz_8:1174453A,G
Ctyz_8:1175098A,T
Ctyz_8:1175102A,T
Ctyz_8:1177844A,T
Ctyz_8:1177858A,G
Ctyz_8:1178126G,T
Ctyz_8:1178135A,G
Ctyz_8:1181007A,G
Ctyz_8:1181035C,T
Ctyz_8:1181036C,T
Ctyz_8:1181038C,T
Ctyz_8:1181459C,T
Ctyz_8:1181483C,T
Ctyz_8:1183033C,T
Ctyz_8:1183914A,T
Ctyz_8:1183922C,T
Ctyz_8:1183934C,T
Ctyz_8:1183937C,T
Ctyz_8:1183946C,T
Ctyz_8:1191248A,G
Ctyz_8:1194772G,T
Ctyz_8:1195220A,G
Ctyz_8:1197840A,T
Ctyz_8:1198866C,T
Ctyz_8:1198966C,T
Ctyz_8:1198968C,T
Ctyz_8:1199115C,T
Ctyz_8:1200949C,T
Ctyz_8:1201802A,G
Ctyz_8:1211096A,T
Ctyz_8:1211485C,T
Ctyz_8:1217018C,T
Ctyz_8:1217030C,T
Ctyz_8:1217033C,T
Ctyz_8:1234503A,T
Ctyz_8:1236830A,T
Ctyz_8:1236886A,G
Ctyz_8:1236894A,T
Ctyz_8:1256524A,C
Ctyz_8:1256749G,T
Ctyz_8:1256891A,T
Ctyz_8:1256899A,T
Ctyz_8:1268790C,T
Ctyz_8:1281374C,T
Ctyz_8:1287206A,G
Ctyz_8:1309317A,C
Ctyz_8:1309320A,G
Ctyz_8:1313493A,C
Ctyz_8:1313498G,T
Ctyz_8:1313720C,T
Ctyz_8:1313730C,T
Ctyz_8:1313768C,T
Ctyz_8:1313769G,T
Ctyz_8:1313780A,T
Ctyz_8:1313781A,T
Ctyz_8:1313786A,T
Ctyz_8:1313802C,T
Ctyz_8:1313814C,T
Ctyz_8:1313819C,T
Ctyz_00_3:14695A,T
Ctyz_00_3:14702A,G
Ctyz_00_3:16344C,T
Ctyz_00_3:41856C,T
Ctyz_00_3:61291C,T
Ctyz_00_3:61301C,T
Ctyz_00_3:71443A,T
Ctyz_00_3:83015G,T
Ctyz_00_3:100981C,T
