PLINK v1.90b6.26 64-bit (2 Apr 2022)
Options in effect:
  --allow-extra-chr
  --double-id
  --extract /SAN/Ctyzzeri/all/results/pcaFiltered/18_samples_filtered_stats2.prune.in
  --make-bed
  --out /SAN/Ctyzzeri/all/results/pcaFiltered/18_samples_filtered_stats2
  --pca
  --set-missing-var-ids @:#$1,$2
  --vcf /SAN/Ctyzzeri/all/results/vcfFiltered/18_samples_filtered_stats2.vcf.gz

Hostname: harriet
Working directory: /SAN/Ctyzzeri/all/scripts
Start time: Fri Jul 29 17:31:08 2022

Random number seed: 1659108668
515931 MB RAM detected; reserving 257965 MB for main workspace.
--vcf:
/SAN/Ctyzzeri/all/results/pcaFiltered/18_samples_filtered_stats2-temporary.bed
+
/SAN/Ctyzzeri/all/results/pcaFiltered/18_samples_filtered_stats2-temporary.bim
+
/SAN/Ctyzzeri/all/results/pcaFiltered/18_samples_filtered_stats2-temporary.fam
written.
3271 variants loaded from .bim file.
3271 missing IDs set.
18 people (0 males, 0 females, 18 ambiguous) loaded from .fam.
Ambiguous sex IDs written to
/SAN/Ctyzzeri/all/results/pcaFiltered/18_samples_filtered_stats2.nosex .
--extract: 75 variants remaining.
Using up to 95 threads (change this with --threads).
Before main variant filters, 18 founders and 0 nonfounders present.
Calculating allele frequencies... done.
Total genotyping rate is 0.897778.
75 variants and 18 people pass filters and QC.
Note: No phenotypes present.
Relationship matrix calculation complete.
Warning: calculating 18 PCs, since there are only 18 samples.
--pca: Results saved to
/SAN/Ctyzzeri/all/results/pcaFiltered/18_samples_filtered_stats2.eigenval and
/SAN/Ctyzzeri/all/results/pcaFiltered/18_samples_filtered_stats2.eigenvec .
--make-bed to
/SAN/Ctyzzeri/all/results/pcaFiltered/18_samples_filtered_stats2.bed +
/SAN/Ctyzzeri/all/results/pcaFiltered/18_samples_filtered_stats2.bim +
/SAN/Ctyzzeri/all/results/pcaFiltered/18_samples_filtered_stats2.fam ... done.

End time: Fri Jul 29 17:31:08 2022
