Ctyz_1:1571A,T
Ctyz_1:2417C,T
Ctyz_1:8287C,T
Ctyz_1:10210A,G
Ctyz_1:18939A,T
Ctyz_1:18973C,T
Ctyz_1:19115A,T
Ctyz_1:19163C,T
Ctyz_1:19261C,T
Ctyz_1:19543C,T
Ctyz_1:19600A,G
Ctyz_1:19613C,T
Ctyz_1:19627A,G
Ctyz_1:19642C,T
Ctyz_1:19927C,T
Ctyz_1:19952A,T
Ctyz_1:19990C,T
Ctyz_1:20023C,T
Ctyz_1:20168A,T
Ctyz_1:20488C,T
Ctyz_1:20490C,G
Ctyz_1:20538A,G
Ctyz_1:20582A,G
Ctyz_1:20692C,T
Ctyz_1:20887A,G
Ctyz_1:20929C,T
Ctyz_1:20937A,T
Ctyz_1:21337C,T
Ctyz_1:21366A,G
Ctyz_1:21375C,T
Ctyz_1:21404C,T
Ctyz_1:21406C,T
Ctyz_1:21407A,T
Ctyz_1:21476C,G
Ctyz_1:21486C,T
Ctyz_1:21511C,T
Ctyz_1:21515A,G
Ctyz_1:21582A,G
Ctyz_1:21592A,C
Ctyz_1:21619A,G
Ctyz_1:21688G,T
Ctyz_1:21723A,G
Ctyz_1:21945C,T
Ctyz_1:21946A,G
Ctyz_1:21967C,T
Ctyz_1:21968A,C
Ctyz_1:21978A,G
Ctyz_1:22007A,T
Ctyz_1:22008A,G
Ctyz_1:22030A,C
Ctyz_1:22037A,C
Ctyz_1:22038C,T
Ctyz_1:22039A,C
Ctyz_1:22041G,T
Ctyz_1:22053C,T
Ctyz_1:22062G,T
Ctyz_1:22067A,T
Ctyz_1:22071A,G
Ctyz_1:22074C,T
Ctyz_1:22075A,T
Ctyz_1:22104A,C
Ctyz_1:22108A,G
Ctyz_1:22114A,G
Ctyz_1:22115A,G
Ctyz_1:22116A,G
Ctyz_1:22124G,T
Ctyz_1:22128A,G
Ctyz_1:22134C,T
Ctyz_1:22135A,T
Ctyz_1:22137A,G
Ctyz_1:22161C,T
Ctyz_1:22163C,T
Ctyz_1:22167G,T
Ctyz_1:22171C,T
Ctyz_1:22175C,T
Ctyz_1:22396A,G
Ctyz_1:22398A,G
Ctyz_1:22403A,G
Ctyz_1:22405C,T
Ctyz_1:22407C,T
Ctyz_1:22428A,G
Ctyz_1:22429A,T
Ctyz_1:22438C,T
Ctyz_1:22449A,T
Ctyz_1:22450A,T
Ctyz_1:22458A,T
Ctyz_1:22459C,T
Ctyz_1:22460G,T
Ctyz_1:22462A,G
Ctyz_1:22474C,T
Ctyz_1:22479A,T
Ctyz_1:22483A,T
Ctyz_1:22489A,G
Ctyz_1:22504C,T
Ctyz_1:22512A,G
Ctyz_1:22522A,T
Ctyz_1:22524A,G
Ctyz_1:22532A,T
Ctyz_1:22535A,T
Ctyz_1:22541A,G
Ctyz_1:22544A,G
Ctyz_1:22546C,T
Ctyz_1:22557A,G
Ctyz_1:22558A,C
Ctyz_1:22572A,G
Ctyz_1:22577C,T
Ctyz_1:22580C,T
Ctyz_1:22584A,C
Ctyz_1:22598C,T
Ctyz_1:22842C,G
Ctyz_1:22845A,G
Ctyz_1:22869A,G
Ctyz_1:22872A,G
Ctyz_1:22876A,G
Ctyz_1:22889A,C
Ctyz_1:22892A,T
Ctyz_1:22980A,G
Ctyz_1:22989A,G
Ctyz_1:23000A,C
Ctyz_1:23113C,T
Ctyz_1:23258C,T
Ctyz_1:23262C,T
Ctyz_1:23399A,G
Ctyz_1:23469A,G
Ctyz_1:23476A,G
Ctyz_1:23730C,T
Ctyz_1:23731A,G
Ctyz_1:23735C,T
Ctyz_1:23757A,G
Ctyz_1:23777G,T
Ctyz_1:23828C,T
Ctyz_1:23861G,T
Ctyz_1:23887A,G
Ctyz_1:24628C,T
Ctyz_1:24695G,T
Ctyz_1:24699A,G
Ctyz_1:24751A,G
Ctyz_1:24791A,T
Ctyz_1:24817A,G
Ctyz_1:24839A,C
Ctyz_1:24853C,T
Ctyz_1:24865C,T
Ctyz_1:24870C,T
Ctyz_1:24900A,G
Ctyz_1:24922C,T
Ctyz_1:24923C,G
Ctyz_1:24930A,T
Ctyz_1:24936C,T
Ctyz_1:24953C,T
Ctyz_1:24962A,T
Ctyz_1:24969A,C
Ctyz_1:24970A,C
Ctyz_1:25088A,C
Ctyz_1:25097A,T
Ctyz_1:25102A,G
Ctyz_1:25116A,T
Ctyz_1:25117A,G
Ctyz_1:25121G,T
Ctyz_1:25145A,T
Ctyz_1:25163A,G
Ctyz_1:25166A,T
Ctyz_1:25172A,G
Ctyz_1:25173A,G
Ctyz_1:25174A,G
Ctyz_1:25178A,G
Ctyz_1:25181A,G
Ctyz_1:25216G,T
Ctyz_1:25275C,T
Ctyz_1:25498A,G
Ctyz_1:25502A,G
Ctyz_1:25530C,G
Ctyz_1:25531C,T
Ctyz_1:25540G,T
Ctyz_1:25588C,T
Ctyz_1:25592C,T
Ctyz_1:25598A,G
Ctyz_1:25605G,T
Ctyz_1:25616A,G
Ctyz_1:25626A,G
Ctyz_1:25633A,G
Ctyz_1:25634C,T
Ctyz_1:25635C,T
Ctyz_1:25642G,T
Ctyz_1:25656C,T
Ctyz_1:25662A,G
Ctyz_1:25664A,T
Ctyz_1:25670A,G
Ctyz_1:25677C,T
Ctyz_1:25679A,G
Ctyz_1:25680A,T
Ctyz_1:25706C,G
Ctyz_1:25708A,G
Ctyz_1:25709A,G
Ctyz_1:25716C,T
Ctyz_1:26095A,G
Ctyz_1:26100C,T
Ctyz_1:26138C,T
Ctyz_1:26163C,T
Ctyz_1:26167G,T
Ctyz_1:26188A,T
Ctyz_1:26487A,C
Ctyz_1:26501A,T
Ctyz_1:26546A,G
Ctyz_1:26587A,G
Ctyz_1:26600C,T
Ctyz_1:26611A,G
Ctyz_1:26612A,G
Ctyz_1:26742A,G
Ctyz_1:26757A,T
Ctyz_1:26767A,G
Ctyz_1:26771C,T
Ctyz_1:26902A,G
Ctyz_1:27035A,G
Ctyz_1:27122A,T
Ctyz_1:27124A,G
Ctyz_1:27139A,C
Ctyz_1:28050G,T
Ctyz_1:28051A,G
Ctyz_1:28271A,G
Ctyz_1:28617A,T
Ctyz_1:28636C,T
Ctyz_1:28668C,T
Ctyz_1:28686C,T
Ctyz_1:28815A,C
Ctyz_1:28823A,G
Ctyz_1:28840A,T
Ctyz_1:28841A,G
Ctyz_1:28881A,G
Ctyz_1:28913C,T
Ctyz_1:28921C,T
Ctyz_1:28927A,T
Ctyz_1:28935A,G
Ctyz_1:28941A,T
Ctyz_1:28943C,T
Ctyz_1:28947G,T
Ctyz_1:28954A,T
Ctyz_1:29109G,T
Ctyz_1:29120A,T
Ctyz_1:29141C,T
Ctyz_1:29150A,G
Ctyz_1:29152A,G
Ctyz_1:29171A,G
Ctyz_1:29195C,T
Ctyz_1:29305A,G
Ctyz_1:29306A,G
Ctyz_1:29307A,G
Ctyz_1:29308A,G
Ctyz_1:29321C,T
Ctyz_1:29352C,T
Ctyz_1:29363A,G
Ctyz_1:29377A,G
Ctyz_1:29380A,G
Ctyz_1:29409A,C
Ctyz_1:29414A,G
Ctyz_1:29554C,T
Ctyz_1:29581A,T
Ctyz_1:29638C,T
Ctyz_1:29649C,T
Ctyz_1:29660A,T
Ctyz_1:29683A,G
Ctyz_1:29717G,T
Ctyz_1:29731C,T
Ctyz_1:29733C,T
Ctyz_1:29739A,G
Ctyz_1:29912A,G
Ctyz_1:29985C,T
Ctyz_1:29986A,G
Ctyz_1:30004G,T
Ctyz_1:30035C,T
Ctyz_1:30099C,T
Ctyz_1:30103A,G
Ctyz_1:30105A,G
Ctyz_1:30125C,T
Ctyz_1:30129C,T
Ctyz_1:30156A,G
Ctyz_1:30174A,G
Ctyz_1:30182C,T
Ctyz_1:30183C,T
Ctyz_1:30224G,T
Ctyz_1:30245A,C
Ctyz_1:30251A,G
Ctyz_1:30256C,T
Ctyz_1:30258A,G
Ctyz_1:30268A,G
Ctyz_1:30278A,G
Ctyz_1:30317A,T
Ctyz_1:30326C,T
Ctyz_1:30327C,T
Ctyz_1:30410C,T
Ctyz_1:30411C,T
Ctyz_1:30419A,T
Ctyz_1:30447A,G
Ctyz_1:30448C,T
Ctyz_1:30458C,T
Ctyz_1:30461C,T
Ctyz_1:30463C,T
Ctyz_1:30472C,T
Ctyz_1:30512C,T
Ctyz_1:30513A,G
Ctyz_1:30525A,C
Ctyz_1:30535C,T
Ctyz_1:30538A,G
Ctyz_1:30557A,G
Ctyz_1:30575C,T
Ctyz_1:30592C,T
Ctyz_1:30598C,T
Ctyz_1:30609G,T
Ctyz_1:30616C,T
Ctyz_1:30639A,G
Ctyz_1:30640C,G
Ctyz_1:30645C,T
Ctyz_1:30650A,G
Ctyz_1:30693C,T
Ctyz_1:30716C,T
Ctyz_1:30724A,G
Ctyz_1:30731C,T
Ctyz_1:30733A,T
Ctyz_1:30735A,G
Ctyz_1:30742A,G
Ctyz_1:30749A,G
Ctyz_1:30812A,T
Ctyz_1:30847A,G
Ctyz_1:30853A,G
Ctyz_1:30857C,T
Ctyz_1:30900A,T
Ctyz_1:30916A,G
Ctyz_1:30917A,C
Ctyz_1:30922C,G
Ctyz_1:30997A,C
Ctyz_1:31932A,G
Ctyz_1:33018A,T
Ctyz_1:33041C,T
Ctyz_1:33450C,T
Ctyz_1:33452A,G
Ctyz_1:33455A,G
Ctyz_1:33456A,C
Ctyz_1:33511A,G
Ctyz_1:34117A,G
Ctyz_1:34124A,G
Ctyz_1:34132A,T
Ctyz_1:34137C,T
Ctyz_1:34139C,T
Ctyz_1:34141C,T
Ctyz_1:34728A,G
Ctyz_1:35640C,T
Ctyz_1:36106A,T
Ctyz_1:36207A,G
Ctyz_1:36502C,T
Ctyz_1:36520A,G
Ctyz_1:36529A,T
Ctyz_1:36538C,T
Ctyz_1:36573C,T
Ctyz_1:36622A,C
Ctyz_1:36776A,G
Ctyz_1:36894C,T
Ctyz_1:36904A,T
Ctyz_1:36987A,T
Ctyz_1:39223G,T
Ctyz_1:39498C,T
Ctyz_1:39942A,G
Ctyz_1:39949A,G
Ctyz_1:40111A,G
Ctyz_1:40112A,G
Ctyz_1:40113C,T
Ctyz_1:40286A,C
Ctyz_1:40315A,G
Ctyz_1:40603A,C
Ctyz_1:41115C,T
Ctyz_1:42387A,G
Ctyz_1:42505A,G
Ctyz_1:42576A,G
Ctyz_1:42622A,G
Ctyz_1:42643A,G
Ctyz_1:42778C,T
Ctyz_1:43031C,T
Ctyz_1:43103A,T
Ctyz_1:43111A,T
Ctyz_1:43143A,G
Ctyz_1:44044A,G
Ctyz_1:44215A,G
Ctyz_1:44226A,G
Ctyz_1:44227A,G
Ctyz_1:44247G,T
Ctyz_1:44260A,G
Ctyz_1:44439A,C
Ctyz_1:44469A,T
Ctyz_1:44490G,T
Ctyz_1:44498G,T
Ctyz_1:44589A,G
Ctyz_1:45439A,T
Ctyz_1:45912A,T
Ctyz_1:45924C,T
Ctyz_1:46509A,G
Ctyz_1:46542A,G
Ctyz_1:53790C,T
Ctyz_1:77366A,C
Ctyz_1:77371A,C
Ctyz_1:77377C,T
Ctyz_1:111581A,G
Ctyz_1:114291C,T
Ctyz_1:247625A,T
Ctyz_1:313549C,T
Ctyz_1:313552A,G
Ctyz_1:335929C,T
Ctyz_1:335931C,G
Ctyz_1:335942A,G
Ctyz_1:339962A,T
Ctyz_1:340093A,T
Ctyz_1:340113C,T
Ctyz_1:340146A,G
Ctyz_1:340158C,T
Ctyz_1:340162C,T
Ctyz_1:340191A,T
Ctyz_1:402344A,C
Ctyz_1:439424A,G
Ctyz_1:443151A,C
Ctyz_1:443665A,G
Ctyz_1:443671A,T
Ctyz_1:467994A,C
Ctyz_1:491554C,G
Ctyz_1:525731A,G
Ctyz_1:525734A,G
Ctyz_1:525739A,G
Ctyz_1:554777A,G
Ctyz_1:555094A,T
Ctyz_1:555129C,T
Ctyz_1:555130A,G
Ctyz_1:567784C,T
Ctyz_1:571535G,T
Ctyz_1:572649A,T
Ctyz_1:574947A,G
Ctyz_1:619770A,G
Ctyz_1:656611A,G
Ctyz_1:675266A,C
Ctyz_1:728843C,T
Ctyz_1:729632A,G
Ctyz_1:733879G,T
Ctyz_1:734361C,T
Ctyz_1:734362C,T
Ctyz_1:734610C,T
Ctyz_1:734650A,G
Ctyz_1:734713C,T
Ctyz_1:736149C,T
Ctyz_1:736193C,T
Ctyz_1:736245C,T
Ctyz_1:742038A,C
Ctyz_1:742322C,T
Ctyz_1:742338G,T
Ctyz_1:742414A,T
Ctyz_1:742880A,T
Ctyz_1:742889C,G
Ctyz_1:742925A,T
Ctyz_1:742943C,T
Ctyz_1:742988A,T
Ctyz_1:742997G,T
Ctyz_1:743000G,T
Ctyz_1:786278C,T
Ctyz_1:790177A,T
Ctyz_1:839752A,G
Ctyz_1:857790C,G
Ctyz_1:860955A,T
Ctyz_1:862848A,G
Ctyz_1:862858A,G
Ctyz_1:862868C,T
Ctyz_1:863084A,G
Ctyz_1:863226A,G
Ctyz_1:863230A,T
Ctyz_1:863330C,T
Ctyz_1:863472C,T
Ctyz_1:864393A,T
Ctyz_1:864412A,G
Ctyz_1:864413A,G
Ctyz_1:864468C,T
Ctyz_1:864471C,T
Ctyz_1:864482C,T
Ctyz_1:864653C,T
Ctyz_1:864654C,T
Ctyz_1:864861A,G
Ctyz_1:864863A,C
Ctyz_1:864864A,G
Ctyz_1:864868A,T
Ctyz_1:864879A,T
Ctyz_2:17579A,G
Ctyz_2:17580C,T
Ctyz_2:17583A,T
Ctyz_2:17628A,T
Ctyz_2:21871A,G
Ctyz_2:22196C,T
Ctyz_2:22385C,T
Ctyz_2:28147A,G
Ctyz_2:34427A,T
Ctyz_2:36407A,G
Ctyz_2:37930C,T
Ctyz_2:39419A,C
Ctyz_2:39428A,C
Ctyz_2:48393A,T
Ctyz_2:48396A,T
Ctyz_2:75497C,T
Ctyz_2:75499C,T
Ctyz_2:75503A,T
Ctyz_2:90121A,G
Ctyz_2:92912A,T
Ctyz_2:92913C,T
Ctyz_2:92927A,T
Ctyz_2:94057A,G
Ctyz_2:109468C,T
Ctyz_2:109476A,T
Ctyz_2:110469A,T
Ctyz_2:110663A,T
Ctyz_2:110664A,T
Ctyz_2:112790A,C
Ctyz_2:114483A,G
Ctyz_2:114492G,T
Ctyz_2:116029C,T
Ctyz_2:116033A,C
Ctyz_2:116041C,T
Ctyz_2:116065C,T
Ctyz_2:116069A,C
Ctyz_2:125759A,G
Ctyz_2:126458C,T
Ctyz_2:146758A,G
Ctyz_2:147129A,G
Ctyz_2:147130A,G
Ctyz_2:158606A,G
Ctyz_2:161954C,T
Ctyz_2:163272A,T
Ctyz_2:164599A,T
Ctyz_2:201256C,T
Ctyz_2:205017C,T
Ctyz_2:273745C,T
Ctyz_2:273751A,T
Ctyz_2:285045C,T
Ctyz_2:285057A,T
Ctyz_2:285397C,T
Ctyz_2:285398C,T
Ctyz_2:285425A,G
Ctyz_2:285449C,T
Ctyz_2:285521A,G
Ctyz_2:285555G,T
Ctyz_2:288796C,T
Ctyz_2:296322A,G
Ctyz_2:298012A,G
Ctyz_2:298266C,G
Ctyz_2:298269C,G
Ctyz_2:298297A,G
Ctyz_2:298301A,G
Ctyz_2:298302C,T
Ctyz_2:298361C,T
Ctyz_2:298366C,T
Ctyz_2:298368A,G
Ctyz_2:298404C,T
Ctyz_2:298406A,G
Ctyz_2:298417A,G
Ctyz_2:298423A,G
Ctyz_2:298437C,T
Ctyz_2:298459A,G
Ctyz_2:298461C,T
Ctyz_2:298577C,T
Ctyz_2:298627A,G
Ctyz_2:298662A,G
Ctyz_2:303641A,T
Ctyz_2:325020A,C
Ctyz_2:468787A,C
Ctyz_2:471319G,T
Ctyz_2:472598A,G
Ctyz_2:472850A,G
Ctyz_2:472865C,T
Ctyz_2:472876A,G
Ctyz_2:472879A,T
Ctyz_2:472945C,T
Ctyz_2:472968A,C
Ctyz_2:472970A,G
Ctyz_2:473071A,T
Ctyz_2:473184A,G
Ctyz_2:473782A,G
Ctyz_2:473791A,G
Ctyz_2:474194C,T
Ctyz_2:474794A,G
Ctyz_2:474797C,T
Ctyz_2:474799C,T
Ctyz_2:474800A,T
Ctyz_2:474854C,T
Ctyz_2:474858G,T
Ctyz_2:474942C,T
Ctyz_2:475046C,T
Ctyz_2:475441C,T
Ctyz_2:475517A,G
Ctyz_2:476532C,T
Ctyz_2:476721A,G
Ctyz_2:476746A,C
Ctyz_2:476747A,T
Ctyz_2:476751A,C
Ctyz_2:476757A,C
Ctyz_2:476846A,G
Ctyz_2:477309C,T
Ctyz_2:477412A,G
Ctyz_2:477482A,G
Ctyz_2:478130A,G
Ctyz_2:478274A,G
Ctyz_2:478398A,T
Ctyz_2:478406A,G
Ctyz_2:478417A,G
Ctyz_2:478536A,G
Ctyz_2:478539A,G
Ctyz_2:479230C,T
Ctyz_2:479239A,C
Ctyz_2:479352A,T
Ctyz_2:479394G,T
Ctyz_2:479933A,G
Ctyz_2:479951A,G
Ctyz_2:479973C,T
Ctyz_2:479980A,G
Ctyz_2:479991A,G
Ctyz_2:480084C,T
Ctyz_2:480099C,T
Ctyz_2:480150C,T
Ctyz_2:480186C,T
Ctyz_2:480188A,G
Ctyz_2:480383C,T
Ctyz_2:480401C,T
Ctyz_2:480462C,T
Ctyz_2:494168A,T
Ctyz_2:509744A,G
Ctyz_2:512258A,T
Ctyz_2:512260C,T
Ctyz_2:513118A,G
Ctyz_2:513135A,G
Ctyz_2:513609C,T
Ctyz_2:513634A,T
Ctyz_2:514108A,T
Ctyz_2:514112A,T
Ctyz_2:530300A,G
Ctyz_2:564016A,G
Ctyz_2:564028C,T
Ctyz_2:564049C,T
Ctyz_2:564070A,G
Ctyz_2:564193C,T
Ctyz_2:564222A,C
Ctyz_2:564223A,G
Ctyz_2:564243C,G
Ctyz_2:566176C,T
Ctyz_2:573557A,T
Ctyz_2:574578C,T
Ctyz_2:577204C,T
Ctyz_2:596227A,C
Ctyz_2:596229C,T
Ctyz_2:596354A,G
Ctyz_2:596365C,T
Ctyz_2:596757A,G
Ctyz_2:596776A,G
Ctyz_2:596806C,T
Ctyz_2:596807C,T
Ctyz_2:596832A,G
Ctyz_2:596880G,T
Ctyz_2:615875A,T
Ctyz_2:627602C,T
Ctyz_2:642288A,T
Ctyz_2:642292A,G
Ctyz_2:685967C,T
Ctyz_2:692202C,T
Ctyz_2:693102A,G
Ctyz_2:728208A,G
Ctyz_2:728244A,G
Ctyz_2:728259A,G
Ctyz_2:728538A,C
Ctyz_2:728544A,C
Ctyz_2:728550A,C
Ctyz_2:728556A,C
Ctyz_2:728559C,T
Ctyz_2:728565C,T
Ctyz_2:728586A,C
Ctyz_2:728592A,C
Ctyz_2:728598A,C
Ctyz_2:728604A,C
Ctyz_2:728607C,T
Ctyz_2:728776C,T
Ctyz_2:732098G,T
Ctyz_2:747677A,T
Ctyz_2:749113C,T
Ctyz_2:762000A,G
Ctyz_2:762002A,G
Ctyz_2:779682C,T
Ctyz_2:803783G,T
Ctyz_2:804204C,T
Ctyz_2:816422A,T
Ctyz_2:816423A,C
Ctyz_2:835395A,T
Ctyz_2:846326A,C
Ctyz_2:846356C,G
Ctyz_2:846359C,G
Ctyz_2:846362C,G
Ctyz_2:860257A,G
Ctyz_2:871978G,T
Ctyz_2:871984A,G
Ctyz_2:871993G,T
Ctyz_2:871996A,T
Ctyz_2:871999A,G
Ctyz_2:872005C,T
Ctyz_2:872008A,G
Ctyz_2:872011A,T
Ctyz_2:872053G,T
Ctyz_2:872059G,T
Ctyz_2:890383A,C
Ctyz_2:956045A,G
Ctyz_2:968326C,G
Ctyz_2:968329A,G
Ctyz_2:968344C,T
Ctyz_2:968406A,T
Ctyz_2:968411C,T
Ctyz_2:968594A,G
Ctyz_2:968595C,T
Ctyz_2:968596A,T
Ctyz_2:968599C,T
Ctyz_2:968657C,T
Ctyz_2:968663A,G
Ctyz_2:968667G,T
Ctyz_2:968685C,T
Ctyz_2:968863C,G
Ctyz_2:968880A,G
Ctyz_2:968884A,C
Ctyz_2:968939A,G
Ctyz_2:968954A,G
Ctyz_2:968973A,G
Ctyz_2:968982G,T
Ctyz_2:969034C,T
Ctyz_2:969035C,T
Ctyz_2:969064A,G
Ctyz_2:969070A,G
Ctyz_2:969181A,T
Ctyz_2:969183A,G
Ctyz_2:969189G,T
Ctyz_2:974893A,G
Ctyz_2:974902A,T
Ctyz_2:978447A,T
Ctyz_2:978478A,T
Ctyz_2:978512A,T
Ctyz_2:978549C,T
Ctyz_2:980471G,T
Ctyz_2:980913A,T
Ctyz_2:980994A,C
Ctyz_2:981005A,G
Ctyz_2:981023A,G
Ctyz_2:981025A,G
Ctyz_2:981089C,T
Ctyz_2:981101G,T
Ctyz_2:981103G,T
Ctyz_2:981162C,T
Ctyz_2:981302C,G
Ctyz_2:986539A,G
Ctyz_2:986934A,G
Ctyz_2:986940A,G
Ctyz_2:986944A,G
Ctyz_2:986949A,G
Ctyz_2:987185A,G
Ctyz_3:36590A,G
Ctyz_3:49861A,G
Ctyz_3:119236A,T
Ctyz_3:119237A,G
Ctyz_3:119239A,T
Ctyz_3:119251A,C
Ctyz_3:163430A,G
Ctyz_3:164964C,T
Ctyz_3:164990A,G
Ctyz_3:185971C,T
Ctyz_3:188809C,T
Ctyz_3:192591A,T
Ctyz_3:219843C,T
Ctyz_3:243168A,G
Ctyz_3:246441A,G
Ctyz_3:251103C,T
Ctyz_3:265315A,T
Ctyz_3:305822A,C
Ctyz_3:326454C,T
Ctyz_3:326602C,T
Ctyz_3:326608C,T
Ctyz_3:326613A,G
Ctyz_3:327046G,T
Ctyz_3:328415C,T
Ctyz_3:328541G,T
Ctyz_3:328909G,T
Ctyz_3:328918A,G
Ctyz_3:415876C,T
Ctyz_3:415882C,T
Ctyz_3:415885A,C
Ctyz_3:415894C,T
Ctyz_3:415897A,T
Ctyz_3:415900C,T
Ctyz_3:415903A,C
Ctyz_3:415906A,C
Ctyz_3:415909A,T
Ctyz_3:422789C,T
Ctyz_3:422791C,T
Ctyz_3:433866A,G
Ctyz_3:433867C,T
Ctyz_3:435569G,T
Ctyz_3:435710A,C
Ctyz_3:435716C,T
Ctyz_3:435749A,T
Ctyz_3:435758C,T
Ctyz_3:435783C,T
Ctyz_3:435973A,G
Ctyz_3:435996C,T
Ctyz_3:436010A,C
Ctyz_3:436180C,T
Ctyz_3:436481C,T
Ctyz_3:436485C,T
Ctyz_3:436789G,T
Ctyz_3:436858A,T
Ctyz_3:436866A,G
Ctyz_3:436876A,T
Ctyz_3:436938C,T
Ctyz_3:436941G,T
Ctyz_3:439339G,T
Ctyz_3:439341A,G
Ctyz_3:439345G,T
Ctyz_3:439346C,G
Ctyz_3:445797C,T
Ctyz_3:445798A,G
Ctyz_3:446250C,T
Ctyz_3:447935A,T
Ctyz_3:448702A,T
Ctyz_3:448705A,G
Ctyz_3:449074A,G
Ctyz_3:449080A,G
Ctyz_3:449093A,C
Ctyz_3:449097C,T
Ctyz_3:449105A,G
Ctyz_3:449149A,G
Ctyz_3:449163A,G
Ctyz_3:449169A,T
Ctyz_3:449174C,G
Ctyz_3:449222A,G
Ctyz_3:449225A,C
Ctyz_3:449227A,G
Ctyz_3:449741A,C
Ctyz_3:449749C,T
Ctyz_3:451595A,G
Ctyz_3:454509A,T
Ctyz_3:454511A,G
Ctyz_3:454674A,G
Ctyz_3:454689A,G
Ctyz_3:454722C,T
Ctyz_3:454723G,T
Ctyz_3:454756C,T
Ctyz_3:454873A,C
Ctyz_3:454874A,G
Ctyz_3:454955C,T
Ctyz_3:454985A,G
Ctyz_3:455000A,G
Ctyz_3:455013C,T
Ctyz_3:455014G,T
Ctyz_3:455035G,T
Ctyz_3:455070A,G
Ctyz_3:455099A,T
Ctyz_3:455110C,T
Ctyz_3:455134A,C
Ctyz_3:455136A,G
Ctyz_3:455157C,T
Ctyz_3:455178C,G
Ctyz_3:455206A,T
Ctyz_3:455217A,T
Ctyz_3:455250A,G
Ctyz_3:455284A,G
Ctyz_3:455289A,C
Ctyz_3:455291A,T
Ctyz_3:455814A,G
Ctyz_3:455943A,C
Ctyz_3:455983A,G
Ctyz_3:456224C,T
Ctyz_3:456245G,T
Ctyz_3:457400C,T
Ctyz_3:457641C,T
Ctyz_3:457643C,T
Ctyz_3:457963A,T
Ctyz_3:457968A,G
Ctyz_3:457998A,T
Ctyz_3:458134C,T
Ctyz_3:458136A,C
Ctyz_3:458471C,T
Ctyz_3:458555A,G
Ctyz_3:458683C,T
Ctyz_3:458697A,T
Ctyz_3:458763A,C
Ctyz_3:458890C,T
Ctyz_3:458892A,G
Ctyz_3:458895C,T
Ctyz_3:458920A,T
Ctyz_3:458933A,G
Ctyz_3:459042A,G
Ctyz_3:459304A,G
Ctyz_3:459318A,C
Ctyz_3:459365A,T
Ctyz_3:459387C,T
Ctyz_3:459416C,T
Ctyz_3:459471A,T
Ctyz_3:459555G,T
Ctyz_3:459560A,G
Ctyz_3:459565G,T
Ctyz_3:459566A,C
Ctyz_3:459573C,T
Ctyz_3:459589A,T
Ctyz_3:459590C,T
Ctyz_3:459591A,G
Ctyz_3:459593A,G
Ctyz_3:459635A,G
Ctyz_3:459640A,G
Ctyz_3:459988A,C
Ctyz_3:459991A,G
Ctyz_3:460341A,G
Ctyz_3:460378A,C
Ctyz_3:460436C,T
Ctyz_3:460437C,G
Ctyz_3:460445C,T
Ctyz_3:460560C,G
Ctyz_3:460566A,T
Ctyz_3:460595C,T
Ctyz_3:460599C,T
Ctyz_3:460611G,T
Ctyz_3:460614A,C
Ctyz_3:465425A,G
Ctyz_3:465737C,T
Ctyz_3:465746C,T
Ctyz_3:465759C,T
Ctyz_3:465779C,T
Ctyz_3:465795C,G
Ctyz_3:465796A,T
Ctyz_3:465800A,C
Ctyz_3:466188G,T
Ctyz_3:466195C,T
Ctyz_3:466204A,G
Ctyz_3:466205A,G
Ctyz_3:466207A,G
Ctyz_3:467321A,G
Ctyz_3:467354A,G
Ctyz_3:467958A,G
Ctyz_3:501705A,T
Ctyz_3:562344A,G
Ctyz_3:705714A,C
Ctyz_3:707022C,T
Ctyz_3:707317A,T
Ctyz_3:707575A,G
Ctyz_3:707704C,T
Ctyz_3:729851A,C
Ctyz_3:745818A,G
Ctyz_3:746004A,G
Ctyz_3:747900A,G
Ctyz_3:749934A,G
Ctyz_3:750912A,T
Ctyz_3:791069A,T
Ctyz_3:791449A,G
Ctyz_3:791458A,G
Ctyz_3:791488A,G
Ctyz_3:791569A,G
Ctyz_3:797238C,T
Ctyz_3:803268A,C
Ctyz_3:809590A,G
Ctyz_3:823185A,C
Ctyz_3:823692A,G
Ctyz_3:823772C,T
Ctyz_3:823787A,G
Ctyz_3:824057A,G
Ctyz_3:824105A,C
Ctyz_3:824108A,G
Ctyz_3:824271A,T
Ctyz_3:824282A,G
Ctyz_3:825593C,T
Ctyz_3:825996A,T
Ctyz_3:826087C,T
Ctyz_3:826104A,T
Ctyz_3:826178C,T
Ctyz_3:826704C,T
Ctyz_3:826714C,T
Ctyz_3:826748C,T
Ctyz_3:826793C,T
Ctyz_3:826799C,T
Ctyz_3:826817A,G
Ctyz_3:831444A,G
Ctyz_3:831632C,T
Ctyz_3:831646A,G
Ctyz_3:831675C,T
Ctyz_3:831685G,T
Ctyz_3:831699C,T
Ctyz_3:831701C,T
Ctyz_3:831810A,G
Ctyz_3:831812A,T
Ctyz_3:831844A,G
Ctyz_3:831946A,T
Ctyz_3:831950A,G
Ctyz_3:831983A,T
Ctyz_3:832007A,G
Ctyz_3:832019A,G
Ctyz_3:832022C,T
Ctyz_3:832046A,G
Ctyz_3:832057A,G
Ctyz_3:832237A,T
Ctyz_3:832534A,G
Ctyz_3:832579C,T
Ctyz_3:832648C,T
Ctyz_3:832674C,T
Ctyz_3:832726C,T
Ctyz_3:832732C,T
Ctyz_3:832733C,T
Ctyz_3:832739A,G
Ctyz_3:851416C,T
Ctyz_3:863588A,C
Ctyz_3:863991A,G
Ctyz_3:866722G,T
Ctyz_3:866724C,T
Ctyz_3:868471C,T
Ctyz_3:889656C,T
Ctyz_3:918264C,T
Ctyz_3:923637A,T
Ctyz_3:926082A,C
Ctyz_3:926320A,C
Ctyz_3:927140A,G
Ctyz_3:927878A,G
Ctyz_3:939310A,G
Ctyz_3:942704C,G
Ctyz_3:942708C,T
Ctyz_3:944239A,G
Ctyz_3:944240C,G
Ctyz_3:948219C,G
Ctyz_3:977800A,C
Ctyz_3:1005830C,T
Ctyz_3:1029111C,T
Ctyz_3:1029348C,T
Ctyz_3:1029413C,T
Ctyz_3:1030648A,C
Ctyz_3:1031006A,G
Ctyz_3:1031048A,G
Ctyz_3:1031228C,T
Ctyz_3:1031329C,G
Ctyz_3:1031464C,T
Ctyz_3:1031475A,T
Ctyz_3:1031487A,G
Ctyz_3:1031506C,T
Ctyz_3:1031515C,T
Ctyz_3:1031572C,T
Ctyz_3:1031584C,T
Ctyz_3:1031599A,G
Ctyz_3:1031625G,T
Ctyz_3:1031702C,T
Ctyz_3:1031741C,T
Ctyz_3:1031790G,T
Ctyz_3:1031804C,T
Ctyz_3:1031838C,T
Ctyz_3:1032209A,G
Ctyz_3:1032214C,T
Ctyz_3:1032241A,G
Ctyz_3:1032248C,T
Ctyz_3:1032269A,G
Ctyz_3:1032341A,G
Ctyz_3:1032452A,G
Ctyz_3:1032479C,T
Ctyz_3:1032493A,T
Ctyz_3:1032634C,T
Ctyz_3:1032740A,T
Ctyz_3:1032770C,T
Ctyz_3:1033297C,T
Ctyz_3:1033377A,G
Ctyz_3:1033388A,G
Ctyz_3:1033409A,G
Ctyz_3:1033411C,T
Ctyz_3:1034239C,T
Ctyz_3:1034240A,T
Ctyz_3:1034512C,T
Ctyz_3:1034555A,G
Ctyz_3:1034707A,T
Ctyz_3:1034729A,T
Ctyz_3:1034731A,T
Ctyz_3:1034760A,C
Ctyz_3:1034864C,T
Ctyz_3:1035044A,T
Ctyz_3:1035260A,G
Ctyz_3:1035481A,G
Ctyz_3:1035493C,T
Ctyz_3:1035551G,T
Ctyz_3:1035566A,G
Ctyz_3:1035589G,T
Ctyz_3:1035593C,G
Ctyz_3:1035898A,G
Ctyz_3:1035987C,T
Ctyz_3:1036078A,G
Ctyz_3:1036099C,T
Ctyz_3:1036378C,T
Ctyz_3:1036490A,G
Ctyz_3:1036648C,T
Ctyz_3:1036707C,T
Ctyz_3:1036720G,T
Ctyz_3:1036804A,C
Ctyz_3:1036866A,G
Ctyz_3:1036921A,G
Ctyz_3:1037060C,T
Ctyz_3:1037263A,G
Ctyz_3:1037269A,G
Ctyz_3:1037458A,C
Ctyz_3:1037481A,G
Ctyz_3:1037536A,G
Ctyz_3:1039078A,G
Ctyz_3:1039129A,T
Ctyz_3:1039192C,T
Ctyz_3:1039237A,G
Ctyz_3:1039273A,G
Ctyz_3:1039304C,T
Ctyz_3:1039308C,T
Ctyz_3:1039381A,C
Ctyz_3:1039435A,G
Ctyz_3:1039441A,G
Ctyz_3:1039508A,G
Ctyz_3:1039523C,T
Ctyz_3:1039525A,G
Ctyz_3:1039565C,T
Ctyz_3:1039832C,T
Ctyz_3:1039835A,T
Ctyz_3:1039897C,T
Ctyz_3:1039912A,G
Ctyz_3:1040019G,T
Ctyz_3:1041873C,T
Ctyz_3:1041994C,T
Ctyz_3:1041997C,T
Ctyz_3:1042008C,T
Ctyz_3:1042201C,T
Ctyz_3:1042207A,G
Ctyz_3:1042386A,C
Ctyz_3:1042417C,T
Ctyz_3:1042510A,G
Ctyz_3:1043441A,C
Ctyz_3:1043761A,T
Ctyz_3:1043764A,G
Ctyz_3:1043947A,G
Ctyz_3:1044082A,G
Ctyz_3:1044086A,G
Ctyz_3:1044306G,T
Ctyz_3:1044387A,G
Ctyz_3:1044397A,C
Ctyz_3:1044423A,T
Ctyz_3:1044447C,T
Ctyz_3:1044557A,C
Ctyz_3:1044572C,T
Ctyz_3:1044581A,G
Ctyz_3:1044587A,G
Ctyz_3:1044596C,T
Ctyz_3:1044599C,G
Ctyz_3:1044636C,T
Ctyz_3:1044656C,T
Ctyz_3:1044669C,T
Ctyz_3:1044725C,T
Ctyz_3:1044737C,T
Ctyz_3:1044745A,G
Ctyz_3:1044757A,G
Ctyz_3:1046184C,T
Ctyz_3:1047164C,T
Ctyz_3:1047183A,T
Ctyz_3:1047508C,G
Ctyz_3:1047510A,T
Ctyz_3:1048082A,G
Ctyz_3:1048091A,G
Ctyz_3:1048613C,G
Ctyz_3:1048624C,T
Ctyz_3:1048641G,T
Ctyz_3:1048647A,T
Ctyz_3:1048651A,G
Ctyz_3:1048653A,T
Ctyz_3:1048658C,T
Ctyz_3:1049445C,T
Ctyz_3:1049783A,T
Ctyz_3:1049794C,T
Ctyz_3:1049818A,T
Ctyz_3:1049822G,T
Ctyz_3:1049885C,T
Ctyz_3:1050024A,C
Ctyz_3:1050057C,T
Ctyz_3:1050063A,G
Ctyz_3:1050102A,G
Ctyz_3:1050386C,G
Ctyz_3:1050455G,T
Ctyz_3:1050693A,G
Ctyz_3:1051691A,G
Ctyz_3:1051778C,T
Ctyz_3:1051784C,T
Ctyz_3:1051845C,T
Ctyz_3:1051850A,C
Ctyz_3:1051864C,T
Ctyz_3:1052426C,T
Ctyz_3:1052435G,T
Ctyz_3:1052501A,G
Ctyz_3:1052516C,T
Ctyz_3:1052956C,T
Ctyz_3:1053220A,G
Ctyz_3:1053272C,T
Ctyz_3:1053275C,T
Ctyz_3:1053288C,T
Ctyz_3:1053491A,G
Ctyz_3:1053598G,T
Ctyz_3:1053796A,C
Ctyz_3:1054105C,G
Ctyz_3:1054119A,G
Ctyz_3:1054148A,G
Ctyz_3:1054163A,T
Ctyz_3:1054274A,G
Ctyz_3:1054277A,G
Ctyz_3:1054294C,T
Ctyz_3:1054297G,T
Ctyz_3:1054321A,C
Ctyz_3:1054332C,T
Ctyz_3:1054360C,T
Ctyz_3:1054369A,G
Ctyz_3:1054378C,G
Ctyz_3:1054404A,G
Ctyz_3:1054426G,T
Ctyz_3:1054464A,C
Ctyz_3:1054466A,G
Ctyz_3:1054484A,G
Ctyz_3:1054507A,T
Ctyz_3:1054618A,G
Ctyz_3:1054656A,G
Ctyz_3:1054661A,C
Ctyz_3:1054834A,G
Ctyz_3:1054952C,T
Ctyz_3:1054969A,G
Ctyz_3:1055272C,T
Ctyz_3:1055341C,T
Ctyz_3:1055348C,T
Ctyz_3:1055371A,C
Ctyz_3:1055433C,T
Ctyz_3:1055435G,T
Ctyz_3:1055446C,T
Ctyz_3:1055588A,G
Ctyz_3:1056013A,G
Ctyz_3:1056307A,T
Ctyz_3:1056314A,G
Ctyz_3:1056337G,T
Ctyz_3:1056353C,T
Ctyz_3:1056372C,T
Ctyz_3:1056375C,T
Ctyz_3:1056475A,G
Ctyz_3:1056637C,T
Ctyz_3:1056664A,G
Ctyz_3:1056808C,T
Ctyz_3:1057210A,T
Ctyz_3:1058390A,G
Ctyz_3:1058394A,G
Ctyz_3:1059138A,G
Ctyz_3:1059165A,G
Ctyz_3:1059194A,C
Ctyz_3:1059261A,G
Ctyz_3:1059263A,T
Ctyz_3:1059281A,G
Ctyz_3:1059304C,T
Ctyz_3:1059312A,G
Ctyz_3:1060721A,C
Ctyz_3:1060725A,G
Ctyz_3:1060726A,G
Ctyz_3:1060727C,T
Ctyz_3:1060735A,T
Ctyz_3:1060738C,G
Ctyz_3:1060749A,G
Ctyz_3:1060750G,T
Ctyz_3:1061400A,G
Ctyz_3:1062153A,C
Ctyz_3:1062154A,T
Ctyz_3:1062159C,T
Ctyz_3:1062166C,T
Ctyz_3:1062193C,T
Ctyz_3:1062350G,T
Ctyz_3:1062440C,T
Ctyz_3:1062442A,T
Ctyz_3:1062463A,G
Ctyz_3:1062468A,C
Ctyz_3:1062529A,G
Ctyz_3:1062590C,T
Ctyz_3:1062591A,C
Ctyz_3:1062617C,T
Ctyz_3:1062763A,G
Ctyz_3:1062769A,G
Ctyz_3:1076430A,G
Ctyz_4:2418A,G
Ctyz_4:2422A,G
Ctyz_4:2428A,T
Ctyz_4:11217C,T
Ctyz_4:13800G,T
Ctyz_4:14425A,C
Ctyz_4:14557C,T
Ctyz_4:14931C,G
Ctyz_4:15623C,T
Ctyz_4:15707A,C
Ctyz_4:15747G,T
Ctyz_4:15968A,G
Ctyz_4:15970C,T
Ctyz_4:15983C,T
Ctyz_4:16034A,G
Ctyz_4:16039A,T
Ctyz_4:16079A,T
Ctyz_4:16083C,T
Ctyz_4:16086C,T
Ctyz_4:16106A,G
Ctyz_4:16122C,T
Ctyz_4:16139A,G
Ctyz_4:16141G,T
Ctyz_4:16146A,G
Ctyz_4:16147C,G
Ctyz_4:16157A,G
Ctyz_4:16158A,T
Ctyz_4:16314C,T
Ctyz_4:16330A,G
Ctyz_4:16347A,T
Ctyz_4:16385A,G
Ctyz_4:17983A,G
Ctyz_4:17995A,T
Ctyz_4:18002C,G
Ctyz_4:18250A,G
Ctyz_4:23612C,G
Ctyz_4:23647C,T
Ctyz_4:23648C,T
Ctyz_4:23668A,C
Ctyz_4:25746C,T
Ctyz_4:39178A,C
Ctyz_4:39196A,C
Ctyz_4:43791A,T
Ctyz_4:44689A,G
Ctyz_4:44719A,T
Ctyz_4:44767A,G
Ctyz_4:44770C,T
Ctyz_4:44915C,T
Ctyz_4:45330C,T
Ctyz_4:45367A,C
Ctyz_4:45517A,G
Ctyz_4:45542A,T
Ctyz_4:45794A,G
Ctyz_4:45797C,T
Ctyz_4:45939C,T
Ctyz_4:45963A,G
Ctyz_4:45986G,T
Ctyz_4:46140C,T
Ctyz_4:46333A,G
Ctyz_4:46416C,T
Ctyz_4:46466C,T
Ctyz_4:46516A,C
Ctyz_4:46629A,T
Ctyz_4:46680C,T
Ctyz_4:46978A,T
Ctyz_4:47002C,T
Ctyz_4:47095A,G
Ctyz_4:47750A,G
Ctyz_4:48053A,C
Ctyz_4:48213A,G
Ctyz_4:48231C,T
Ctyz_4:48551C,T
Ctyz_4:49209A,G
Ctyz_4:51908A,T
Ctyz_4:52010A,G
Ctyz_4:52017A,G
Ctyz_4:52071C,T
Ctyz_4:54831C,T
Ctyz_4:61982A,G
Ctyz_4:64049A,T
Ctyz_4:67634A,G
Ctyz_4:91071C,T
Ctyz_4:92436C,T
Ctyz_4:92473A,T
Ctyz_4:93047G,T
Ctyz_4:93138A,G
Ctyz_4:93140A,T
Ctyz_4:93143A,G
Ctyz_4:110079C,T
Ctyz_4:110148A,T
Ctyz_4:110150A,T
Ctyz_4:110271A,T
Ctyz_4:110289G,T
Ctyz_4:110298C,T
Ctyz_4:143599A,G
Ctyz_4:143629A,G
Ctyz_4:165597A,T
Ctyz_4:169975G,T
Ctyz_4:169979A,T
Ctyz_4:169992A,T
Ctyz_4:170433A,G
Ctyz_4:171793G,T
Ctyz_4:172530A,G
Ctyz_4:191982A,T
Ctyz_4:201262C,T
Ctyz_4:201263C,T
Ctyz_4:202574C,G
Ctyz_4:208652A,G
Ctyz_4:208654A,T
Ctyz_4:209457A,G
Ctyz_4:215509A,T
Ctyz_4:215513A,G
Ctyz_4:215745A,T
Ctyz_4:215746A,T
Ctyz_4:226575A,T
Ctyz_4:276032A,G
Ctyz_4:279192G,T
Ctyz_4:279197C,T
Ctyz_4:279202G,T
Ctyz_4:284551A,T
Ctyz_4:284553A,T
Ctyz_4:286717A,G
Ctyz_4:286720A,G
Ctyz_4:287049C,T
Ctyz_4:290308A,G
Ctyz_4:290319C,T
Ctyz_4:290520A,G
Ctyz_4:294875A,G
Ctyz_4:294879A,G
Ctyz_4:296613A,G
Ctyz_4:300181A,T
Ctyz_4:326629C,T
Ctyz_4:330195C,T
Ctyz_4:353329A,T
Ctyz_4:353330C,T
Ctyz_4:353408C,T
Ctyz_4:353415A,G
Ctyz_4:353429A,T
Ctyz_4:353433C,G
Ctyz_4:354465C,T
Ctyz_4:354476A,G
Ctyz_4:354497G,T
Ctyz_4:354845A,C
Ctyz_4:354872C,T
Ctyz_4:354891A,T
Ctyz_4:355997C,T
Ctyz_4:356871A,G
Ctyz_4:358231A,G
Ctyz_4:358238A,G
Ctyz_4:366439A,G
Ctyz_4:368229A,T
Ctyz_4:368235A,T
Ctyz_4:383652A,G
Ctyz_4:384624A,G
Ctyz_4:384697G,T
Ctyz_4:384940C,T
Ctyz_4:385129C,T
Ctyz_4:391146A,T
Ctyz_4:393597C,T
Ctyz_4:393613C,T
Ctyz_4:393614C,T
Ctyz_4:393616C,T
Ctyz_4:393643C,T
Ctyz_4:393646C,T
Ctyz_4:393664C,T
Ctyz_4:393679C,T
Ctyz_4:393682C,T
Ctyz_4:393688C,T
Ctyz_4:396931A,T
Ctyz_4:396996G,T
Ctyz_4:396997A,G
Ctyz_4:398407A,G
Ctyz_4:400713A,G
Ctyz_4:401617C,G
Ctyz_4:402450A,G
Ctyz_4:403581A,G
Ctyz_4:403583C,T
Ctyz_4:407211C,T
Ctyz_4:407756A,C
Ctyz_4:407849A,G
Ctyz_4:407866A,G
Ctyz_4:407880A,G
Ctyz_4:407918A,G
Ctyz_4:408393A,G
Ctyz_4:408498C,T
Ctyz_4:408510A,C
Ctyz_4:408656A,T
Ctyz_4:408678A,G
Ctyz_4:408701A,T
Ctyz_4:408709C,T
Ctyz_4:408713C,T
Ctyz_4:408876C,T
Ctyz_4:408981A,T
Ctyz_4:408999A,G
Ctyz_4:410014A,C
Ctyz_4:410201C,T
Ctyz_4:410321G,T
Ctyz_4:410429C,T
Ctyz_4:410430A,C
Ctyz_4:410431C,T
Ctyz_4:410457C,T
Ctyz_4:410474A,T
Ctyz_4:410609A,G
Ctyz_4:410620C,T
Ctyz_4:410934A,G
Ctyz_4:410937A,G
Ctyz_4:410940A,T
Ctyz_4:411375A,G
Ctyz_4:412508A,G
Ctyz_4:412538A,G
Ctyz_4:412556A,T
Ctyz_4:412574C,T
Ctyz_4:412607C,T
Ctyz_4:412611C,G
Ctyz_4:412832C,T
Ctyz_4:413424C,T
Ctyz_4:413625C,T
Ctyz_4:413634A,T
Ctyz_4:413661A,T
Ctyz_4:413874A,T
Ctyz_4:413927A,G
Ctyz_4:413932C,T
Ctyz_4:418330A,T
Ctyz_4:418918A,T
Ctyz_4:420446A,T
Ctyz_4:421085C,T
Ctyz_4:516384C,T
Ctyz_4:524309C,T
Ctyz_4:524310A,G
Ctyz_4:524695C,T
Ctyz_4:524727A,G
Ctyz_4:524788A,T
Ctyz_4:524797C,T
Ctyz_4:524806G,T
Ctyz_4:525165C,T
Ctyz_4:525193A,G
Ctyz_4:525220A,T
Ctyz_4:525237C,T
Ctyz_4:526918A,G
Ctyz_4:526963C,T
Ctyz_4:527014C,T
Ctyz_4:527025A,G
Ctyz_4:527049C,T
Ctyz_4:530527C,T
Ctyz_4:530532A,G
Ctyz_4:530539C,T
Ctyz_4:530540C,T
Ctyz_4:530598A,T
Ctyz_4:531213A,T
Ctyz_4:531237C,T
Ctyz_4:531292C,T
Ctyz_4:531320A,G
Ctyz_4:531323A,C
Ctyz_4:531768C,T
Ctyz_4:531839A,C
Ctyz_4:531957C,T
Ctyz_4:531959A,G
Ctyz_4:531996A,G
Ctyz_4:532092A,T
Ctyz_4:532239A,T
Ctyz_4:532268C,T
Ctyz_4:532490C,T
Ctyz_4:532527C,T
Ctyz_4:532846A,G
Ctyz_4:532847A,G
Ctyz_4:533053A,T
Ctyz_4:533184A,G
Ctyz_4:534026A,T
Ctyz_4:534070A,G
Ctyz_4:534084C,T
Ctyz_4:534089A,C
Ctyz_4:534092C,T
Ctyz_4:534096G,T
Ctyz_4:534115C,T
Ctyz_4:534441C,T
Ctyz_4:534654G,T
Ctyz_4:534656A,C
Ctyz_4:537899A,T
Ctyz_4:542044C,T
Ctyz_4:550816A,G
Ctyz_4:552318A,T
Ctyz_4:552365C,T
Ctyz_4:552580A,G
Ctyz_4:552581A,T
Ctyz_4:552593A,G
Ctyz_4:552931C,T
Ctyz_4:552940G,T
Ctyz_4:552942C,T
Ctyz_4:556439C,T
Ctyz_4:572418C,T
Ctyz_4:572419A,G
Ctyz_4:572428C,T
Ctyz_4:572429G,T
Ctyz_4:572470C,T
Ctyz_4:572715A,G
Ctyz_4:572716C,T
Ctyz_4:572927G,T
Ctyz_4:572937C,T
Ctyz_4:572945C,T
Ctyz_4:572969A,G
Ctyz_4:572979A,C
Ctyz_4:573071C,T
Ctyz_4:573311A,T
Ctyz_4:573327C,T
Ctyz_4:573351C,T
Ctyz_4:573680A,G
Ctyz_4:573822A,T
Ctyz_4:573855A,G
Ctyz_4:573861A,G
Ctyz_4:573876A,G
Ctyz_4:574368C,T
Ctyz_4:574431C,T
Ctyz_4:574436A,G
Ctyz_4:574521C,T
Ctyz_4:574528A,G
Ctyz_4:574568C,T
Ctyz_4:574569A,G
Ctyz_4:574581G,T
Ctyz_4:574606A,C
Ctyz_4:574674C,T
Ctyz_4:575113A,G
Ctyz_4:576448A,C
Ctyz_4:576497C,T
Ctyz_4:577084C,T
Ctyz_4:577253G,T
Ctyz_4:577346A,T
Ctyz_4:577375A,G
Ctyz_4:577377C,T
Ctyz_4:577472C,T
Ctyz_4:577517C,T
Ctyz_4:577544A,G
Ctyz_4:577574A,T
Ctyz_4:577686A,G
Ctyz_4:577707A,G
Ctyz_4:577718A,C
Ctyz_4:577874A,G
Ctyz_4:578194A,G
Ctyz_4:578432C,T
Ctyz_4:578441C,T
Ctyz_4:579315A,G
Ctyz_4:579440C,T
Ctyz_4:579810A,G
Ctyz_4:581180A,C
Ctyz_4:617387A,G
Ctyz_4:637835G,T
Ctyz_4:639852C,T
Ctyz_4:639856A,T
Ctyz_4:639906A,C
Ctyz_4:649021A,G
Ctyz_4:649092A,T
Ctyz_4:650436A,C
Ctyz_4:650444A,G
Ctyz_4:651759C,T
Ctyz_4:655405C,T
Ctyz_4:655471C,T
Ctyz_4:655495C,T
Ctyz_4:655497A,G
Ctyz_4:655629A,T
Ctyz_4:655840A,G
Ctyz_4:698385G,T
Ctyz_4:698389C,T
Ctyz_4:698393C,T
Ctyz_4:753002C,T
Ctyz_4:753022C,T
Ctyz_4:753032C,T
Ctyz_4:753068A,G
Ctyz_4:753155C,T
Ctyz_4:753200A,G
Ctyz_4:753513C,T
Ctyz_4:753518A,T
Ctyz_4:835325C,T
Ctyz_4:835326A,G
Ctyz_4:835461G,T
Ctyz_4:850724C,T
Ctyz_4:865521A,T
Ctyz_4:898314A,T
Ctyz_4:898763A,T
Ctyz_4:898772C,T
Ctyz_4:898773A,T
Ctyz_4:935858C,T
Ctyz_4:938388C,T
Ctyz_4:938391A,G
Ctyz_4:958522A,G
Ctyz_4:959917A,G
Ctyz_4:968684C,T
Ctyz_4:973737A,G
Ctyz_4:978856C,T
Ctyz_4:990736A,G
Ctyz_4:991144A,G
Ctyz_4:991389G,T
Ctyz_4:1004945A,T
Ctyz_4:1017221A,G
Ctyz_4:1017222A,G
Ctyz_4:1017228C,T
Ctyz_4:1018288A,G
Ctyz_4:1019539G,T
Ctyz_4:1019563A,G
Ctyz_4:1036003A,G
Ctyz_4:1036035A,C
Ctyz_4:1039223C,T
Ctyz_4:1048084C,T
Ctyz_4:1048382A,G
Ctyz_4:1048390C,T
Ctyz_4:1051336A,T
Ctyz_4:1062843A,G
Ctyz_4:1064906A,G
Ctyz_4:1073518A,G
Ctyz_4:1073533A,G
Ctyz_4:1077015A,G
Ctyz_4:1079201A,T
Ctyz_4:1079228A,C
Ctyz_5:5056A,G
Ctyz_5:5065A,G
Ctyz_5:5992G,T
Ctyz_5:6229C,T
Ctyz_5:6478A,T
Ctyz_5:6486A,G
Ctyz_5:6490A,G
Ctyz_5:6494A,T
Ctyz_5:9834C,T
Ctyz_5:9862C,T
Ctyz_5:10424A,C
Ctyz_5:10426C,T
Ctyz_5:10432G,T
Ctyz_5:10433C,T
Ctyz_5:10435G,T
Ctyz_5:10650C,T
Ctyz_5:11163G,T
Ctyz_5:11386A,G
Ctyz_5:11391A,G
Ctyz_5:11395G,T
Ctyz_5:19734C,T
Ctyz_5:25917A,T
Ctyz_5:30392C,T
Ctyz_5:30407C,T
Ctyz_5:30416C,T
Ctyz_5:30418C,G
Ctyz_5:30419C,T
Ctyz_5:36340A,T
Ctyz_5:40074A,G
Ctyz_5:50478A,T
Ctyz_5:62234A,T
Ctyz_5:62236A,T
Ctyz_5:65602A,T
Ctyz_5:66285A,G
Ctyz_5:66650A,G
Ctyz_5:66784A,T
Ctyz_5:67186C,T
Ctyz_5:67287C,T
Ctyz_5:67479C,T
Ctyz_5:67605C,G
Ctyz_5:69254C,T
Ctyz_5:72693A,G
Ctyz_5:72696C,T
Ctyz_5:73636C,T
Ctyz_5:77290A,T
Ctyz_5:101183A,G
Ctyz_5:102064G,T
Ctyz_5:108092C,T
Ctyz_5:108185A,G
Ctyz_5:108350A,G
Ctyz_5:108353C,T
Ctyz_5:108965A,G
Ctyz_5:108980A,G
Ctyz_5:108984A,G
Ctyz_5:109022A,C
Ctyz_5:109041A,G
Ctyz_5:110159C,T
Ctyz_5:110161A,G
Ctyz_5:115050A,G
Ctyz_5:120671A,G
Ctyz_5:122912A,G
Ctyz_5:124201C,T
Ctyz_5:124545C,T
Ctyz_5:124988A,T
Ctyz_5:124997A,T
Ctyz_5:125017G,T
Ctyz_5:125041A,G
Ctyz_5:125068A,G
Ctyz_5:125088G,T
Ctyz_5:125095C,T
Ctyz_5:125372G,T
Ctyz_5:125776A,G
Ctyz_5:126814C,G
Ctyz_5:130422G,T
Ctyz_5:130471A,G
Ctyz_5:130487A,T
Ctyz_5:132135C,T
Ctyz_5:137074C,G
Ctyz_5:137112A,T
Ctyz_5:146059C,T
Ctyz_5:152370A,T
Ctyz_5:152394C,T
Ctyz_5:152419G,T
Ctyz_5:153067A,G
Ctyz_5:153087A,T
Ctyz_5:157463A,T
Ctyz_5:181499C,T
Ctyz_5:181754C,T
Ctyz_5:181758C,T
Ctyz_5:185052C,T
Ctyz_5:185343C,T
Ctyz_5:186348C,T
Ctyz_5:186581A,G
Ctyz_5:186594C,T
Ctyz_5:186597C,T
Ctyz_5:186601A,G
Ctyz_5:187128C,T
Ctyz_5:187133A,G
Ctyz_5:187296C,T
Ctyz_5:187338A,T
Ctyz_5:187572A,G
Ctyz_5:188273C,T
Ctyz_5:188279A,G
Ctyz_5:188720A,T
Ctyz_5:188727C,T
Ctyz_5:188773A,G
Ctyz_5:188820A,G
Ctyz_5:188994C,T
Ctyz_5:189118C,T
Ctyz_5:189119C,T
Ctyz_5:189167A,G
Ctyz_5:189169C,T
Ctyz_5:198709C,T
Ctyz_5:228177C,T
Ctyz_5:245870C,T
Ctyz_5:255577A,T
Ctyz_5:291709A,T
Ctyz_5:291763A,T
Ctyz_5:291778A,T
Ctyz_5:292402A,T
Ctyz_5:292797A,T
Ctyz_5:292848A,T
Ctyz_5:292857A,T
Ctyz_5:292860A,T
Ctyz_5:292863A,T
Ctyz_5:292869A,G
Ctyz_5:292872A,T
Ctyz_5:292968C,T
Ctyz_5:292974C,T
Ctyz_5:292977A,T
Ctyz_5:292998A,G
Ctyz_5:293001A,T
Ctyz_5:293064A,G
Ctyz_5:293076C,T
Ctyz_5:293184G,T
Ctyz_5:293187A,T
Ctyz_5:297120A,C
Ctyz_5:297131C,T
Ctyz_5:307437C,T
Ctyz_5:307534A,C
Ctyz_5:308097C,T
Ctyz_5:315243C,T
Ctyz_5:315600C,T
Ctyz_5:315949A,G
Ctyz_5:316282C,T
Ctyz_5:317445C,T
Ctyz_5:322321A,G
Ctyz_5:322377C,T
Ctyz_5:322734A,G
Ctyz_5:324022A,T
Ctyz_5:324578A,G
Ctyz_5:482365C,T
Ctyz_5:490460C,T
Ctyz_5:490461G,T
Ctyz_5:493910A,G
Ctyz_5:493940A,G
Ctyz_5:493949A,G
Ctyz_5:493958A,G
Ctyz_5:493967A,G
Ctyz_5:493973A,G
Ctyz_5:494009A,G
Ctyz_5:494024A,G
Ctyz_5:494042A,G
Ctyz_5:494045A,G
Ctyz_5:494054A,G
Ctyz_5:494060A,G
Ctyz_5:504947C,T
Ctyz_5:507798A,G
Ctyz_5:507801A,G
Ctyz_5:533418C,T
Ctyz_5:545093G,T
Ctyz_5:558130C,T
Ctyz_5:566259A,T
Ctyz_5:566674C,T
Ctyz_5:568554A,T
Ctyz_5:608353C,G
Ctyz_5:608360C,T
Ctyz_5:608362C,T
Ctyz_5:608413C,G
Ctyz_5:608414C,T
Ctyz_5:608429A,C
Ctyz_5:608434C,T
Ctyz_5:608441C,G
Ctyz_5:608446C,T
Ctyz_5:609848A,G
Ctyz_5:610217A,G
Ctyz_5:615094A,G
Ctyz_5:655572C,T
Ctyz_5:658451A,G
Ctyz_5:699359A,G
Ctyz_5:704216A,T
Ctyz_5:706268A,C
Ctyz_5:707214C,T
Ctyz_5:707967A,T
Ctyz_5:707975A,T
Ctyz_5:711946A,T
Ctyz_5:711949A,T
Ctyz_5:711952A,T
Ctyz_5:722894C,T
Ctyz_5:722909A,G
Ctyz_5:726132C,G
Ctyz_5:726139A,G
Ctyz_5:734428A,T
Ctyz_5:734542G,T
Ctyz_5:734726A,G
Ctyz_5:734944A,T
Ctyz_5:735263C,T
Ctyz_5:735284A,G
Ctyz_5:735311C,T
Ctyz_5:735764A,G
Ctyz_5:735813C,T
Ctyz_5:735971A,G
Ctyz_5:736083C,T
Ctyz_5:736116C,T
Ctyz_5:736119A,C
Ctyz_5:736142C,T
Ctyz_5:736337A,T
Ctyz_5:736369G,T
Ctyz_5:736430A,T
Ctyz_5:736644C,T
Ctyz_5:736655C,G
Ctyz_5:736659C,T
Ctyz_5:736745C,T
Ctyz_5:736758C,T
Ctyz_5:736771A,T
Ctyz_5:736826A,C
Ctyz_5:736843A,T
Ctyz_5:736845A,C
Ctyz_5:736850A,C
Ctyz_5:736869A,G
Ctyz_5:736885G,T
Ctyz_5:737496A,T
Ctyz_5:737567C,T
Ctyz_5:737571C,T
Ctyz_5:737575A,G
Ctyz_5:737608C,T
Ctyz_5:737776A,G
Ctyz_5:737778C,G
Ctyz_5:737849A,G
Ctyz_5:737918A,G
Ctyz_5:737937A,G
Ctyz_5:738050C,T
Ctyz_5:738073C,T
Ctyz_5:738080A,T
Ctyz_5:738095A,T
Ctyz_5:738100C,G
Ctyz_5:738144A,T
Ctyz_5:738218A,C
Ctyz_5:738238C,T
Ctyz_5:738275A,G
Ctyz_5:738375A,C
Ctyz_5:738582A,T
Ctyz_5:738765A,C
Ctyz_5:738862A,G
Ctyz_5:739069C,G
Ctyz_5:739691C,T
Ctyz_5:740028A,C
Ctyz_5:740045C,T
Ctyz_5:740714A,C
Ctyz_5:740744C,T
Ctyz_5:744381C,T
Ctyz_5:750218C,T
Ctyz_5:775838C,T
Ctyz_5:776387A,T
Ctyz_5:782677A,G
Ctyz_5:785925C,G
Ctyz_5:797722G,T
Ctyz_5:797798A,G
Ctyz_5:799059C,T
Ctyz_5:799066A,G
Ctyz_5:799080A,G
Ctyz_5:800794C,T
Ctyz_5:801563G,T
Ctyz_5:802963C,T
Ctyz_5:802967A,G
Ctyz_5:815701A,G
Ctyz_5:820037C,T
Ctyz_5:828219G,T
Ctyz_5:828228A,G
Ctyz_5:836907A,G
Ctyz_5:836912A,C
Ctyz_5:837680A,T
Ctyz_5:837769A,G
Ctyz_5:842935C,T
Ctyz_5:842955C,G
Ctyz_5:847824C,T
Ctyz_5:847852A,G
Ctyz_5:848036A,C
Ctyz_5:848043C,T
Ctyz_5:852403A,G
Ctyz_5:853057G,T
Ctyz_5:853300A,T
Ctyz_5:855638A,G
Ctyz_5:855936C,T
Ctyz_5:857005A,T
Ctyz_5:857247A,G
Ctyz_5:857265A,T
Ctyz_5:857281A,G
Ctyz_5:857649C,T
Ctyz_5:857651C,T
Ctyz_5:857747A,T
Ctyz_5:858479C,T
Ctyz_5:858520A,C
Ctyz_5:858817A,G
Ctyz_5:858835A,G
Ctyz_5:858836C,T
Ctyz_5:858862A,G
Ctyz_5:859004A,G
Ctyz_5:859200C,T
Ctyz_5:859204A,G
Ctyz_5:859207C,T
Ctyz_5:859210A,G
Ctyz_5:859216C,T
Ctyz_5:859220C,T
Ctyz_5:859227C,T
Ctyz_5:859321G,T
Ctyz_5:859322A,T
Ctyz_5:859540C,T
Ctyz_5:859625A,G
Ctyz_5:859659A,C
Ctyz_5:860187C,T
Ctyz_5:860248A,T
Ctyz_5:860326A,G
Ctyz_5:860350A,G
Ctyz_5:860359A,G
Ctyz_5:860625A,T
Ctyz_5:860784A,G
Ctyz_5:860795C,T
Ctyz_5:861175A,T
Ctyz_5:861259C,T
Ctyz_5:861295A,T
Ctyz_5:861310C,T
Ctyz_5:861400A,C
Ctyz_5:861549A,G
Ctyz_5:861569A,G
Ctyz_5:861693C,T
Ctyz_5:861731C,T
Ctyz_5:862259C,T
Ctyz_5:862665A,G
Ctyz_5:862692A,G
Ctyz_5:863094C,T
Ctyz_5:863383G,T
Ctyz_5:863755A,G
Ctyz_5:863760C,T
Ctyz_5:863762A,G
Ctyz_5:863765A,G
Ctyz_5:863784A,G
Ctyz_5:863794C,T
Ctyz_5:863838C,T
Ctyz_5:863868A,G
Ctyz_5:863906C,T
Ctyz_5:863932C,G
Ctyz_5:864018C,T
Ctyz_5:864064A,G
Ctyz_5:864068A,G
Ctyz_5:864131A,T
Ctyz_5:864134A,C
Ctyz_5:864232C,T
Ctyz_5:864296A,G
Ctyz_5:864687A,C
Ctyz_5:864732A,T
Ctyz_5:864742A,T
Ctyz_5:865099C,G
Ctyz_5:865127A,G
Ctyz_5:865248C,T
Ctyz_5:865298A,C
Ctyz_5:865624C,T
Ctyz_5:865641G,T
Ctyz_5:865714A,G
Ctyz_5:865772A,G
Ctyz_5:865799C,T
Ctyz_5:865840A,C
Ctyz_5:865845C,T
Ctyz_5:866284C,T
Ctyz_5:866769A,G
Ctyz_5:866794C,T
Ctyz_5:866869A,G
Ctyz_5:867473A,G
Ctyz_5:873627A,G
Ctyz_5:879175A,T
Ctyz_5:889547C,T
Ctyz_5:890487C,T
Ctyz_5:890494C,T
Ctyz_5:890499A,G
Ctyz_5:891703G,T
Ctyz_5:891704A,T
Ctyz_5:891705C,T
Ctyz_5:891714G,T
Ctyz_5:891718C,T
Ctyz_5:891842A,T
Ctyz_5:895552A,G
Ctyz_5:900848A,G
Ctyz_5:906374A,G
Ctyz_5:906376A,G
Ctyz_5:906392A,G
Ctyz_5:906795A,C
Ctyz_5:906801C,T
Ctyz_6:5229G,T
Ctyz_6:7072A,G
Ctyz_6:14740C,T
Ctyz_6:14743C,T
Ctyz_6:48703A,G
Ctyz_6:63473A,G
Ctyz_6:63485A,G
Ctyz_6:63776A,T
Ctyz_6:66208G,T
Ctyz_6:69304A,G
Ctyz_6:69388G,T
Ctyz_6:69407C,T
Ctyz_6:69423A,T
Ctyz_6:69459A,G
Ctyz_6:69465C,T
Ctyz_6:69960C,T
Ctyz_6:70008A,G
Ctyz_6:70089C,T
Ctyz_6:70108A,G
Ctyz_6:70118A,G
Ctyz_6:70437C,T
Ctyz_6:70471C,T
Ctyz_6:70472A,T
Ctyz_6:70720C,T
Ctyz_6:71036C,T
Ctyz_6:71041A,G
Ctyz_6:71062A,G
Ctyz_6:71148A,T
Ctyz_6:71352A,T
Ctyz_6:71354C,T
Ctyz_6:71864A,G
Ctyz_6:74330A,G
Ctyz_6:74419A,T
Ctyz_6:75500C,T
Ctyz_6:75658A,G
Ctyz_6:75966C,T
Ctyz_6:80882C,G
Ctyz_6:80895C,T
Ctyz_6:80897C,G
Ctyz_6:80912C,G
Ctyz_6:81154A,G
Ctyz_6:81187A,G
Ctyz_6:81208A,C
Ctyz_6:81346C,T
Ctyz_6:81361C,T
Ctyz_6:104441C,T
Ctyz_6:109857C,T
Ctyz_6:109926A,T
Ctyz_6:113446C,T
Ctyz_6:113449C,T
Ctyz_6:113450C,T
Ctyz_6:113466A,G
Ctyz_6:113467C,T
Ctyz_6:113487C,T
Ctyz_6:117800A,G
Ctyz_6:117806C,T
Ctyz_6:117825A,G
Ctyz_6:119088A,G
Ctyz_6:119497A,G
Ctyz_6:119502A,G
Ctyz_6:120292A,G
Ctyz_6:120297A,G
Ctyz_6:120323A,T
Ctyz_6:120366A,G
Ctyz_6:120980A,T
Ctyz_6:121011A,G
Ctyz_6:121030C,G
Ctyz_6:121078A,G
Ctyz_6:121095A,G
Ctyz_6:121242A,G
Ctyz_6:121246A,G
Ctyz_6:121825A,T
Ctyz_6:121957C,T
Ctyz_6:121977C,T
Ctyz_6:122167C,T
Ctyz_6:122183C,T
Ctyz_6:122233C,T
Ctyz_6:122239A,G
Ctyz_6:122436A,G
Ctyz_6:122447A,C
Ctyz_6:122695C,T
Ctyz_6:122762A,T
Ctyz_6:122782A,G
Ctyz_6:122892C,T
Ctyz_6:122898A,T
Ctyz_6:124290C,T
Ctyz_6:124348A,C
Ctyz_6:128059A,G
Ctyz_6:128298A,T
Ctyz_6:128427A,C
Ctyz_6:128431A,G
Ctyz_6:128528A,G
Ctyz_6:130375C,T
Ctyz_6:134053C,T
Ctyz_6:134149C,T
Ctyz_6:134157A,T
Ctyz_6:181359C,T
Ctyz_6:198722C,T
Ctyz_6:199484A,G
Ctyz_6:199545A,C
Ctyz_6:199642A,T
Ctyz_6:206909C,T
Ctyz_6:206920C,T
Ctyz_6:206930A,T
Ctyz_6:206934A,G
Ctyz_6:206938A,T
Ctyz_6:207222G,T
Ctyz_6:207273C,T
Ctyz_6:207277A,G
Ctyz_6:207325A,G
Ctyz_6:207338C,T
Ctyz_6:207357A,G
Ctyz_6:214157C,G
Ctyz_6:214171A,T
Ctyz_6:214183G,T
Ctyz_6:215093G,T
Ctyz_6:215260A,G
Ctyz_6:215268A,G
Ctyz_6:215597A,G
Ctyz_6:215714A,T
Ctyz_6:219299A,G
Ctyz_6:219375A,G
Ctyz_6:219491C,T
Ctyz_6:219845G,T
Ctyz_6:232204A,G
Ctyz_6:293301C,G
Ctyz_6:293306A,G
Ctyz_6:293621A,G
Ctyz_6:293681A,G
Ctyz_6:299710A,C
Ctyz_6:303808A,G
Ctyz_6:312936A,T
Ctyz_6:313365C,T
Ctyz_6:339521C,T
Ctyz_6:340676A,G
Ctyz_6:340692C,T
Ctyz_6:340821A,G
Ctyz_6:341116C,T
Ctyz_6:341307A,G
Ctyz_6:341378C,T
Ctyz_6:341882C,T
Ctyz_6:342556A,C
Ctyz_6:342575A,T
Ctyz_6:342614C,T
Ctyz_6:342640C,T
Ctyz_6:344855A,C
Ctyz_6:345362A,T
Ctyz_6:345375C,T
Ctyz_6:345472A,G
Ctyz_6:347392C,T
Ctyz_6:347434C,T
Ctyz_6:347641A,G
Ctyz_6:347756C,T
Ctyz_6:353515C,T
Ctyz_6:360989A,G
Ctyz_6:473749C,T
Ctyz_6:473765C,T
Ctyz_6:473783A,G
Ctyz_6:473890C,T
Ctyz_6:474355C,T
Ctyz_6:474545C,T
Ctyz_6:474546A,C
Ctyz_6:474594A,C
Ctyz_6:474622A,G
Ctyz_6:474634C,T
Ctyz_6:474761A,G
Ctyz_6:474862C,T
Ctyz_6:474876A,G
Ctyz_6:474896C,T
Ctyz_6:475072C,T
Ctyz_6:475116A,C
Ctyz_6:475170C,T
Ctyz_6:475282A,G
Ctyz_6:475399C,T
Ctyz_6:475548C,T
Ctyz_6:475594C,T
Ctyz_6:475749A,G
Ctyz_6:475861C,T
Ctyz_6:475975A,G
Ctyz_6:476040A,G
Ctyz_6:476051A,G
Ctyz_6:476094A,C
Ctyz_6:476174A,G
Ctyz_6:476380C,T
Ctyz_6:476394A,G
Ctyz_6:476802G,T
Ctyz_6:476830A,G
Ctyz_6:476877C,T
Ctyz_6:476947A,T
Ctyz_6:476951G,T
Ctyz_6:477078A,G
Ctyz_6:477317A,G
Ctyz_6:477337G,T
Ctyz_6:477363C,T
Ctyz_6:477398C,T
Ctyz_6:477611A,C
Ctyz_6:477644C,T
Ctyz_6:477724C,T
Ctyz_6:477815A,C
Ctyz_6:477911A,G
Ctyz_6:478117C,T
Ctyz_6:478250A,T
Ctyz_6:478394A,G
Ctyz_6:478400C,T
Ctyz_6:478419C,T
Ctyz_6:478709A,G
Ctyz_6:478829C,T
Ctyz_6:478865A,G
Ctyz_6:479083C,G
Ctyz_6:479225G,T
Ctyz_6:479272A,G
Ctyz_6:479322A,G
Ctyz_6:479404G,T
Ctyz_6:479577C,T
Ctyz_6:479627A,C
Ctyz_6:479762A,C
Ctyz_6:479977C,G
Ctyz_6:479978C,T
Ctyz_6:480500G,T
Ctyz_6:480662C,T
Ctyz_6:480845A,G
Ctyz_6:480847C,T
Ctyz_6:480959C,T
Ctyz_6:481232C,T
Ctyz_6:481285G,T
Ctyz_6:481463C,T
Ctyz_6:481626C,T
Ctyz_6:481652A,T
Ctyz_6:481724C,T
Ctyz_6:481797C,T
Ctyz_6:481885C,T
Ctyz_6:481902C,T
Ctyz_6:481911A,G
Ctyz_6:481954A,G
Ctyz_6:481961A,G
Ctyz_6:481985A,G
Ctyz_6:482223A,C
Ctyz_6:482298A,T
Ctyz_6:483991A,T
Ctyz_6:487441C,T
Ctyz_6:487582G,T
Ctyz_6:487856A,G
Ctyz_6:488167A,G
Ctyz_6:488506A,C
Ctyz_6:488552G,T
Ctyz_6:488574A,G
Ctyz_6:488631C,T
Ctyz_6:489009G,T
Ctyz_6:489016C,T
Ctyz_6:489048A,G
Ctyz_6:489252C,T
Ctyz_6:489345C,T
Ctyz_6:489356A,C
Ctyz_6:489375C,T
Ctyz_6:489544C,G
Ctyz_6:489614A,G
Ctyz_6:489629C,T
Ctyz_6:489986A,G
Ctyz_6:490506A,G
Ctyz_6:490513A,C
Ctyz_6:490711C,T
Ctyz_6:490794A,G
Ctyz_6:490796A,G
Ctyz_6:491062G,T
Ctyz_6:491065A,G
Ctyz_6:491128C,T
Ctyz_6:491338A,G
Ctyz_6:491476A,T
Ctyz_6:491479A,G
Ctyz_6:491537C,T
Ctyz_6:491540A,T
Ctyz_6:491546A,G
Ctyz_6:491693C,T
Ctyz_6:492249C,T
Ctyz_6:492253A,G
Ctyz_6:492735A,T
Ctyz_6:492756A,G
Ctyz_6:492797C,T
Ctyz_6:492806A,G
Ctyz_6:492808C,T
Ctyz_6:492810C,T
Ctyz_6:492921C,G
Ctyz_6:493279A,T
Ctyz_6:493284A,T
Ctyz_6:493679C,T
Ctyz_6:493681A,C
Ctyz_6:493745G,T
Ctyz_6:494274A,G
Ctyz_6:494282A,C
Ctyz_6:496471C,T
Ctyz_6:496476G,T
Ctyz_6:496479A,C
Ctyz_6:496482C,G
Ctyz_6:496550C,T
Ctyz_6:497113A,G
Ctyz_6:497230C,T
Ctyz_6:497530G,T
Ctyz_6:497536G,T
Ctyz_6:497770A,G
Ctyz_6:498047A,G
Ctyz_6:498231A,T
Ctyz_6:498295C,T
Ctyz_6:498369C,T
Ctyz_6:498371C,T
Ctyz_6:498466C,T
Ctyz_6:498548C,T
Ctyz_6:513944C,T
Ctyz_6:563416A,T
Ctyz_6:563520C,T
Ctyz_6:563523A,T
Ctyz_6:563524A,T
Ctyz_6:563574C,G
Ctyz_6:597091A,T
Ctyz_6:597357C,G
Ctyz_6:603828C,T
Ctyz_6:605351A,G
Ctyz_6:605352A,G
Ctyz_6:605403A,G
Ctyz_6:605495A,G
Ctyz_6:605894G,T
Ctyz_6:611809A,G
Ctyz_6:611854C,T
Ctyz_6:614529A,G
Ctyz_6:614711A,G
Ctyz_6:614749G,T
Ctyz_6:614906A,G
Ctyz_6:615170A,G
Ctyz_6:615204A,G
Ctyz_6:615389A,T
Ctyz_6:615390A,G
Ctyz_6:615763A,G
Ctyz_6:615929C,T
Ctyz_6:615935A,G
Ctyz_6:615985A,G
Ctyz_6:615992A,G
Ctyz_6:616033A,G
Ctyz_6:616053A,G
Ctyz_6:617346A,G
Ctyz_6:617361C,T
Ctyz_6:617387A,G
Ctyz_6:617505A,G
Ctyz_6:617509C,T
Ctyz_6:617515A,G
Ctyz_6:617552C,T
Ctyz_6:617561A,C
Ctyz_6:617598C,T
Ctyz_6:617678C,T
Ctyz_6:617818A,G
Ctyz_6:617873A,G
Ctyz_6:617903A,T
Ctyz_6:618114C,T
Ctyz_6:618191G,T
Ctyz_6:657251A,T
Ctyz_6:674520G,T
Ctyz_6:674521A,G
Ctyz_6:682782C,T
Ctyz_6:684956C,T
Ctyz_6:744018G,T
Ctyz_6:776541A,G
Ctyz_6:776548A,T
Ctyz_6:776565C,T
Ctyz_6:776613A,C
Ctyz_6:776714C,T
Ctyz_6:776781G,T
Ctyz_6:776832A,G
Ctyz_6:776833A,T
Ctyz_6:776843C,T
Ctyz_6:776894A,G
Ctyz_6:776933A,C
Ctyz_6:776937C,T
Ctyz_6:776969A,G
Ctyz_6:776970A,G
Ctyz_6:808709C,T
Ctyz_6:870641G,T
Ctyz_6:893922C,T
Ctyz_6:899712C,T
Ctyz_6:899714A,G
Ctyz_6:899732C,T
Ctyz_6:905234C,T
Ctyz_6:905240C,T
Ctyz_6:907488A,G
Ctyz_6:907704A,C
Ctyz_6:907896A,C
Ctyz_6:917897A,T
Ctyz_6:979447A,G
Ctyz_6:979452A,T
Ctyz_6:979463A,T
Ctyz_6:981804G,T
Ctyz_6:985287A,G
Ctyz_6:1032056G,T
Ctyz_6:1048628A,G
Ctyz_6:1069170G,T
Ctyz_6:1114618C,T
Ctyz_6:1114628A,T
Ctyz_6:1152484A,G
Ctyz_6:1152492A,G
Ctyz_6:1152693G,T
Ctyz_6:1152695A,G
Ctyz_6:1152708A,G
Ctyz_6:1152715C,T
Ctyz_6:1152773A,G
Ctyz_6:1152775A,G
Ctyz_6:1152777C,T
Ctyz_6:1152790A,G
Ctyz_6:1152803A,T
Ctyz_6:1152854G,T
Ctyz_6:1152872A,G
Ctyz_6:1152879A,G
Ctyz_6:1152919A,G
Ctyz_6:1192268A,G
Ctyz_6:1193584C,T
Ctyz_6:1193962A,C
Ctyz_6:1194472A,T
Ctyz_6:1202271A,G
Ctyz_6:1202280G,T
Ctyz_6:1207109A,G
Ctyz_6:1207946C,T
Ctyz_6:1207951G,T
Ctyz_6:1211507A,C
Ctyz_6:1211845A,G
Ctyz_6:1211873A,G
Ctyz_6:1211953C,T
Ctyz_6:1212167C,T
Ctyz_6:1212244A,G
Ctyz_6:1213565G,T
Ctyz_6:1215391C,T
Ctyz_6:1218205A,G
Ctyz_6:1218900G,T
Ctyz_6:1218929C,T
Ctyz_6:1253763A,G
Ctyz_6:1253775C,T
Ctyz_6:1253878A,C
Ctyz_6:1253890A,G
Ctyz_6:1254029A,G
Ctyz_6:1254203A,G
Ctyz_6:1254205A,G
Ctyz_6:1254216A,G
Ctyz_6:1254219A,T
Ctyz_6:1254250A,T
Ctyz_6:1254367C,T
Ctyz_6:1287442G,T
Ctyz_6:1287446G,T
Ctyz_6:1287447C,G
Ctyz_7:7435A,T
Ctyz_7:7447C,T
Ctyz_7:7449A,C
Ctyz_7:8684A,G
Ctyz_7:8719A,C
Ctyz_7:12202A,G
Ctyz_7:13348A,C
Ctyz_7:14086C,T
Ctyz_7:14227A,G
Ctyz_7:26517G,T
Ctyz_7:26604A,G
Ctyz_7:108326G,T
Ctyz_7:121669A,C
Ctyz_7:145308A,G
Ctyz_7:178012C,T
Ctyz_7:178124A,G
Ctyz_7:178129C,T
Ctyz_7:178149C,T
Ctyz_7:178153C,T
Ctyz_7:178154C,T
Ctyz_7:178169A,G
Ctyz_7:178176C,T
Ctyz_7:178178C,T
Ctyz_7:178185A,G
Ctyz_7:181112C,G
Ctyz_7:181118A,G
Ctyz_7:181128C,G
Ctyz_7:185980A,T
Ctyz_7:186122A,C
Ctyz_7:189076C,T
Ctyz_7:205693A,G
Ctyz_7:229512A,G
Ctyz_7:229547A,G
Ctyz_7:230152A,G
Ctyz_7:230159A,T
Ctyz_7:230423G,T
Ctyz_7:230426G,T
Ctyz_7:230428A,G
Ctyz_7:230430A,G
Ctyz_7:230488A,G
Ctyz_7:230510C,T
Ctyz_7:238713A,G
Ctyz_7:268018C,T
Ctyz_7:335370A,G
Ctyz_7:343273C,T
Ctyz_7:343277A,G
Ctyz_7:343450C,T
Ctyz_7:343579A,G
Ctyz_7:347591C,T
Ctyz_7:378535C,T
Ctyz_7:378905C,T
Ctyz_7:378925A,C
Ctyz_7:379253C,T
Ctyz_7:379289C,T
Ctyz_7:379294A,G
Ctyz_7:379394A,G
Ctyz_7:379430C,T
Ctyz_7:379451C,T
Ctyz_7:379456A,T
Ctyz_7:379548A,G
Ctyz_7:379693A,T
Ctyz_7:379995G,T
Ctyz_7:380004C,T
Ctyz_7:380006A,G
Ctyz_7:381445A,G
Ctyz_7:381547G,T
Ctyz_7:381721A,G
Ctyz_7:381797G,T
Ctyz_7:381798A,C
Ctyz_7:381799G,T
Ctyz_7:382083A,T
Ctyz_7:382125A,G
Ctyz_7:382172C,T
Ctyz_7:382809A,G
Ctyz_7:391259C,T
Ctyz_7:391260C,T
Ctyz_7:391261A,G
Ctyz_7:494338C,T
Ctyz_7:494339A,T
Ctyz_7:563652C,T
Ctyz_7:563729C,T
Ctyz_7:643341A,T
Ctyz_7:643602A,T
Ctyz_7:643603C,T
Ctyz_7:643606C,T
Ctyz_7:643629A,T
Ctyz_7:643662C,T
Ctyz_7:643701A,G
Ctyz_7:644382C,T
Ctyz_7:644506A,T
Ctyz_7:644872A,G
Ctyz_7:645244G,T
Ctyz_7:645270A,G
Ctyz_7:645288G,T
Ctyz_7:645450A,G
Ctyz_7:645477C,T
Ctyz_7:645485A,G
Ctyz_7:645506A,T
Ctyz_7:645561G,T
Ctyz_7:645576C,T
Ctyz_7:645593C,T
Ctyz_7:645656C,T
Ctyz_7:645689A,G
Ctyz_7:646443C,T
Ctyz_7:646622A,T
Ctyz_7:646705C,T
Ctyz_7:646724G,T
Ctyz_7:646757A,G
Ctyz_7:646774A,G
Ctyz_7:652955C,T
Ctyz_7:674074C,T
Ctyz_7:685580C,T
Ctyz_7:705284A,G
Ctyz_7:788825C,T
Ctyz_7:788894A,T
Ctyz_7:789157C,T
Ctyz_7:789244C,T
Ctyz_7:789264G,T
Ctyz_7:789283C,T
Ctyz_7:789294A,G
Ctyz_7:789301A,G
Ctyz_7:789364A,T
Ctyz_7:789388A,G
Ctyz_7:789401C,T
Ctyz_7:789548A,G
Ctyz_7:789632C,G
Ctyz_7:789669A,G
Ctyz_7:789673A,G
Ctyz_7:789694A,G
Ctyz_7:789719A,T
Ctyz_7:789731C,T
Ctyz_7:789757C,T
Ctyz_7:790403A,T
Ctyz_7:791035A,G
Ctyz_7:791928C,G
Ctyz_7:792157G,T
Ctyz_7:792158A,C
Ctyz_7:795128C,T
Ctyz_7:839241A,T
Ctyz_7:849420A,T
Ctyz_7:849494A,C
Ctyz_7:849522C,T
Ctyz_7:849956C,T
Ctyz_7:850141A,T
Ctyz_7:850186C,T
Ctyz_7:850509A,C
Ctyz_7:850828C,T
Ctyz_7:850879C,T
Ctyz_7:850915A,G
Ctyz_7:850969A,G
Ctyz_7:851015C,T
Ctyz_7:851047A,G
Ctyz_7:851050A,C
Ctyz_7:851180A,T
Ctyz_7:851186G,T
Ctyz_7:851188A,T
Ctyz_7:851938A,G
Ctyz_7:852070A,G
Ctyz_7:852547A,G
Ctyz_7:852628A,G
Ctyz_7:852646A,G
Ctyz_7:855069A,T
Ctyz_7:855155A,T
Ctyz_7:891725A,G
Ctyz_7:891727A,G
Ctyz_7:891731A,G
Ctyz_7:892237A,T
Ctyz_7:911035C,T
Ctyz_7:911038A,T
Ctyz_7:911041A,T
Ctyz_7:911077A,T
Ctyz_7:911080A,T
Ctyz_7:911086A,T
Ctyz_7:911098C,T
Ctyz_7:911173C,T
Ctyz_7:911176A,T
Ctyz_7:911179A,T
Ctyz_7:911182A,T
Ctyz_7:911194C,G
Ctyz_7:963373A,C
Ctyz_7:963386C,T
Ctyz_7:963455C,T
Ctyz_7:963538C,T
Ctyz_7:963627C,T
Ctyz_7:963708A,G
Ctyz_7:964647A,T
Ctyz_7:964696A,G
Ctyz_7:964728C,T
Ctyz_7:964729C,T
Ctyz_7:964887C,T
Ctyz_7:964897C,T
Ctyz_7:964898A,G
Ctyz_7:964906A,G
Ctyz_7:1059541C,T
Ctyz_7:1059544C,T
Ctyz_7:1059553C,T
Ctyz_7:1059562C,T
Ctyz_7:1059565C,T
Ctyz_7:1217293C,T
Ctyz_7:1252210G,T
Ctyz_7:1256456C,T
Ctyz_7:1271252G,T
Ctyz_7:1271751A,G
Ctyz_7:1277085A,G
Ctyz_7:1277103C,T
Ctyz_8:1316A,G
Ctyz_8:1320A,G
Ctyz_8:2377C,T
Ctyz_8:3629C,T
Ctyz_8:3631A,T
Ctyz_8:3632C,T
Ctyz_8:3638A,G
Ctyz_8:3643C,T
Ctyz_8:3647C,T
Ctyz_8:3655C,T
Ctyz_8:3656C,T
Ctyz_8:3660C,T
Ctyz_8:3663C,T
Ctyz_8:3731C,T
Ctyz_8:3735G,T
Ctyz_8:4478A,G
Ctyz_8:4485C,T
Ctyz_8:4488C,T
Ctyz_8:4490A,G
Ctyz_8:4620C,T
Ctyz_8:5003A,G
Ctyz_8:5101A,T
Ctyz_8:5166A,T
Ctyz_8:5168A,G
Ctyz_8:5175A,T
Ctyz_8:8795C,T
Ctyz_8:10323G,T
Ctyz_8:12561A,C
Ctyz_8:13556C,T
Ctyz_8:13557A,T
Ctyz_8:13558G,T
Ctyz_8:13563C,T
Ctyz_8:13566C,T
Ctyz_8:13569C,T
Ctyz_8:13570C,T
Ctyz_8:13818A,T
Ctyz_8:13897C,G
Ctyz_8:13905C,T
Ctyz_8:13916G,T
Ctyz_8:13926C,T
Ctyz_8:13938C,T
Ctyz_8:13945A,T
Ctyz_8:14762C,T
Ctyz_8:17598C,T
Ctyz_8:17601C,T
Ctyz_8:81074C,T
Ctyz_8:111468A,C
Ctyz_8:111474A,G
Ctyz_8:111486A,G
Ctyz_8:111517A,G
Ctyz_8:125494C,T
Ctyz_8:125905C,T
Ctyz_8:155168A,G
Ctyz_8:202550A,T
Ctyz_8:202567A,G
Ctyz_8:202574C,T
Ctyz_8:202576C,T
Ctyz_8:280427A,T
Ctyz_8:287653C,T
Ctyz_8:287680C,T
Ctyz_8:287689A,C
Ctyz_8:287692A,T
Ctyz_8:287710A,T
Ctyz_8:295347C,T
Ctyz_8:295353G,T
Ctyz_8:296701A,T
Ctyz_8:297639C,T
Ctyz_8:301459A,T
Ctyz_8:303180G,T
Ctyz_8:303185C,T
Ctyz_8:305972A,C
Ctyz_8:316020A,G
Ctyz_8:316023A,G
Ctyz_8:332381C,T
Ctyz_8:345466A,T
Ctyz_8:357700A,G
Ctyz_8:357718A,G
Ctyz_8:359500G,T
Ctyz_8:363015G,T
Ctyz_8:367769C,T
Ctyz_8:367928A,G
Ctyz_8:368555C,T
Ctyz_8:368986G,T
Ctyz_8:369297C,T
Ctyz_8:369382G,T
Ctyz_8:369437A,G
Ctyz_8:369492A,C
Ctyz_8:369506A,G
Ctyz_8:369542C,T
Ctyz_8:369599A,G
Ctyz_8:369674A,G
Ctyz_8:369913A,G
Ctyz_8:369958A,T
Ctyz_8:370004C,T
Ctyz_8:370027A,G
Ctyz_8:370080C,T
Ctyz_8:370375A,T
Ctyz_8:370538C,G
Ctyz_8:370540A,C
Ctyz_8:370604A,G
Ctyz_8:370637A,C
Ctyz_8:373790A,C
Ctyz_8:373795A,G
Ctyz_8:374351A,C
Ctyz_8:380540A,G
Ctyz_8:380597A,C
Ctyz_8:380611G,T
Ctyz_8:380613C,T
Ctyz_8:380619A,G
Ctyz_8:383368A,G
Ctyz_8:384779A,G
Ctyz_8:386185A,G
Ctyz_8:386192A,G
Ctyz_8:386205A,G
Ctyz_8:407382C,T
Ctyz_8:412162A,G
Ctyz_8:412174G,T
Ctyz_8:412177A,T
Ctyz_8:452376A,G
Ctyz_8:452378A,G
Ctyz_8:452437C,G
Ctyz_8:452464C,T
Ctyz_8:452495C,G
Ctyz_8:507300A,G
Ctyz_8:507511G,T
Ctyz_8:507827A,T
Ctyz_8:507858A,C
Ctyz_8:507963A,G
Ctyz_8:508091A,G
Ctyz_8:508142C,T
Ctyz_8:508144C,T
Ctyz_8:508250A,G
Ctyz_8:508252A,G
Ctyz_8:508254G,T
Ctyz_8:514307A,T
Ctyz_8:514558C,T
Ctyz_8:531427C,T
Ctyz_8:542595A,C
Ctyz_8:542808C,T
Ctyz_8:550540A,G
Ctyz_8:563851A,T
Ctyz_8:574288A,T
Ctyz_8:574376A,G
Ctyz_8:576534C,T
Ctyz_8:578198A,C
Ctyz_8:578943C,G
Ctyz_8:607574A,C
Ctyz_8:646880A,C
Ctyz_8:682590C,T
Ctyz_8:687939C,T
Ctyz_8:688414A,G
Ctyz_8:695590A,T
Ctyz_8:711120A,G
Ctyz_8:711144A,T
Ctyz_8:711150A,T
Ctyz_8:726551A,T
Ctyz_8:726557A,T
Ctyz_8:726560A,C
Ctyz_8:726561A,G
Ctyz_8:726604C,T
Ctyz_8:771665A,G
Ctyz_8:771886G,T
Ctyz_8:772010A,G
Ctyz_8:772025C,T
Ctyz_8:772033C,T
Ctyz_8:772080C,G
Ctyz_8:772103A,C
Ctyz_8:772399A,T
Ctyz_8:772412A,G
Ctyz_8:772651A,G
Ctyz_8:772657A,G
Ctyz_8:772759C,T
Ctyz_8:772760A,T
Ctyz_8:772792C,T
Ctyz_8:772847A,T
Ctyz_8:772880C,G
Ctyz_8:772891A,G
Ctyz_8:772918A,C
Ctyz_8:772948A,C
Ctyz_8:772964C,T
Ctyz_8:772968C,T
Ctyz_8:773049A,T
Ctyz_8:773053A,G
Ctyz_8:773085A,G
Ctyz_8:773093A,G
Ctyz_8:773126A,G
Ctyz_8:773161A,G
Ctyz_8:773162C,T
Ctyz_8:773194G,T
Ctyz_8:773199A,G
Ctyz_8:773285C,T
Ctyz_8:773306A,G
Ctyz_8:773348A,G
Ctyz_8:773591C,T
Ctyz_8:773618A,C
Ctyz_8:773640C,T
Ctyz_8:773641A,G
Ctyz_8:773647G,T
Ctyz_8:776410G,T
Ctyz_8:776551A,T
Ctyz_8:776637A,T
Ctyz_8:776639A,T
Ctyz_8:805980A,G
Ctyz_8:806094A,G
Ctyz_8:809178A,G
Ctyz_8:809191A,G
Ctyz_8:874633C,T
Ctyz_8:874635A,T
Ctyz_8:874890A,T
Ctyz_8:875085A,T
Ctyz_8:875151A,G
Ctyz_8:875180A,G
Ctyz_8:875200A,G
Ctyz_8:875268C,T
Ctyz_8:875302C,G
Ctyz_8:875699C,T
Ctyz_8:877303A,G
Ctyz_8:877315A,G
Ctyz_8:877328C,T
Ctyz_8:877381C,T
Ctyz_8:877392G,T
Ctyz_8:877396A,T
Ctyz_8:877467C,T
Ctyz_8:877478C,T
Ctyz_8:877489A,G
Ctyz_8:877535C,T
Ctyz_8:877537A,G
Ctyz_8:877668A,G
Ctyz_8:879309A,T
Ctyz_8:879311C,T
Ctyz_8:879353C,G
Ctyz_8:879355C,T
Ctyz_8:879382C,T
Ctyz_8:879394C,G
Ctyz_8:879396C,T
Ctyz_8:879434A,G
Ctyz_8:879867A,C
Ctyz_8:880595A,G
Ctyz_8:880596A,G
Ctyz_8:880602C,T
Ctyz_8:880603C,T
Ctyz_8:881613A,T
Ctyz_8:882033C,T
Ctyz_8:882035A,G
Ctyz_8:882177C,T
Ctyz_8:882183C,T
Ctyz_8:882268A,G
Ctyz_8:882288G,T
Ctyz_8:882293C,T
Ctyz_8:882347A,G
Ctyz_8:882356C,T
Ctyz_8:882406G,T
Ctyz_8:882433C,T
Ctyz_8:882442C,T
Ctyz_8:882757A,G
Ctyz_8:882928A,C
Ctyz_8:884311A,G
Ctyz_8:885748A,C
Ctyz_8:971147A,T
Ctyz_8:975057C,T
Ctyz_8:982111A,G
Ctyz_8:982116A,G
Ctyz_8:982122A,G
Ctyz_8:982153A,T
Ctyz_8:982239A,G
Ctyz_8:982407A,G
Ctyz_8:982418A,G
Ctyz_8:982437A,G
Ctyz_8:982462A,G
Ctyz_8:982658A,C
Ctyz_8:982671A,G
Ctyz_8:982909A,G
Ctyz_8:982913A,G
Ctyz_8:982937G,T
Ctyz_8:982955A,G
Ctyz_8:983004C,T
Ctyz_8:983033C,T
Ctyz_8:983042A,G
Ctyz_8:983763C,T
Ctyz_8:983829C,T
Ctyz_8:983874A,G
Ctyz_8:984052A,T
Ctyz_8:984054A,C
Ctyz_8:984085A,G
Ctyz_8:984099C,T
Ctyz_8:984213C,T
Ctyz_8:987080C,T
Ctyz_8:1026238A,T
Ctyz_8:1029560C,T
Ctyz_8:1038087A,C
Ctyz_8:1040604A,G
Ctyz_8:1040611A,G
Ctyz_8:1052149A,G
Ctyz_8:1052350C,T
Ctyz_8:1054137C,T
Ctyz_8:1054235A,G
Ctyz_8:1054386C,T
Ctyz_8:1055554G,T
Ctyz_8:1057012C,T
Ctyz_8:1073743C,T
Ctyz_8:1073749C,T
Ctyz_8:1076985C,T
Ctyz_8:1094405C,T
Ctyz_8:1095713G,T
Ctyz_8:1095714A,C
Ctyz_8:1095715A,T
Ctyz_8:1095725A,G
Ctyz_8:1095726C,T
Ctyz_8:1095936G,T
Ctyz_8:1095970A,C
Ctyz_8:1095978A,C
Ctyz_8:1095981C,T
Ctyz_8:1102939C,T
Ctyz_8:1102957C,T
Ctyz_8:1103462A,G
Ctyz_8:1103491C,T
Ctyz_8:1105967C,T
Ctyz_8:1117911C,T
Ctyz_8:1117919C,T
Ctyz_8:1117923C,T
Ctyz_8:1132923C,G
Ctyz_8:1132958A,C
Ctyz_8:1132970A,G
Ctyz_8:1133285C,T
Ctyz_8:1133305A,T
Ctyz_8:1133316A,G
Ctyz_8:1133321A,T
Ctyz_8:1133323C,G
Ctyz_8:1133362A,G
Ctyz_8:1133394A,G
Ctyz_8:1133558A,G
Ctyz_8:1133573G,T
Ctyz_8:1140880C,T
Ctyz_8:1142285A,G
Ctyz_8:1143525C,T
Ctyz_8:1143538C,T
Ctyz_8:1143991A,G
Ctyz_8:1143997A,C
Ctyz_8:1143998A,G
Ctyz_8:1144015A,G
Ctyz_8:1144078A,G
Ctyz_8:1144149G,T
Ctyz_8:1144169A,G
Ctyz_8:1144203G,T
Ctyz_8:1144214G,T
Ctyz_8:1144508A,G
Ctyz_8:1146771A,T
Ctyz_8:1153285C,T
Ctyz_8:1153297A,T
Ctyz_8:1153369C,T
Ctyz_8:1153371C,T
Ctyz_8:1153660A,G
Ctyz_8:1153666A,T
Ctyz_8:1153756A,T
Ctyz_8:1153766C,T
Ctyz_8:1153769C,T
Ctyz_8:1153831A,T
Ctyz_8:1153832A,G
Ctyz_8:1153834C,T
Ctyz_8:1153934A,T
Ctyz_8:1153955A,G
Ctyz_8:1154063A,G
Ctyz_8:1154066G,T
Ctyz_8:1154540C,T
Ctyz_8:1154984C,T
Ctyz_8:1155043A,C
Ctyz_8:1155099C,T
Ctyz_8:1155102G,T
Ctyz_8:1155305A,G
Ctyz_8:1155322A,G
Ctyz_8:1155334C,T
Ctyz_8:1155337A,G
Ctyz_8:1155354C,G
Ctyz_8:1155359A,G
Ctyz_8:1155362A,G
Ctyz_8:1155366C,T
Ctyz_8:1155408C,G
Ctyz_8:1155422A,T
Ctyz_8:1155548A,G
Ctyz_8:1155565C,T
Ctyz_8:1155569A,T
Ctyz_8:1155572A,G
Ctyz_8:1155607A,G
Ctyz_8:1155620C,T
Ctyz_8:1155659C,T
Ctyz_8:1155663C,T
Ctyz_8:1156599C,T
Ctyz_8:1162257C,G
Ctyz_8:1169612C,T
Ctyz_8:1169623A,C
Ctyz_8:1169674C,T
Ctyz_8:1169681A,T
Ctyz_8:1169703A,T
Ctyz_8:1169704A,G
Ctyz_8:1169709G,T
Ctyz_8:1169713A,G
Ctyz_8:1170034C,T
Ctyz_8:1170046C,T
Ctyz_8:1170100A,G
Ctyz_8:1170112A,T
Ctyz_8:1170181A,G
Ctyz_8:1170185C,T
Ctyz_8:1170637A,T
Ctyz_8:1174381A,G
Ctyz_8:1181066A,G
Ctyz_8:1201802A,G
Ctyz_8:1217018C,T
Ctyz_8:1217033C,T
Ctyz_8:1223638A,C
Ctyz_8:1225162C,T
Ctyz_8:1225594A,T
Ctyz_8:1229534C,T
Ctyz_8:1229537C,T
Ctyz_8:1230046A,C
Ctyz_8:1236830A,T
Ctyz_8:1236868C,G
Ctyz_8:1236886A,G
Ctyz_8:1281374C,T
Ctyz_8:1284332A,G
Ctyz_8:1284334C,T
Ctyz_8:1313671A,G
Ctyz_8:1313695G,T
Ctyz_8:1313720C,T
Ctyz_8:1313730C,T
Ctyz_8:1313896A,G
Ctyz_8:1313902C,T
Ctyz_8:1313915C,T
Ctyz_8:1313920A,G
Ctyz_8:1313925A,C
Ctyz_00_2:2013A,G
Ctyz_00_2:2186A,T
Ctyz_00_2:2189A,T
Ctyz_00_2:2196A,G
Ctyz_00_2:2331A,C
Ctyz_00_2:2344A,G
Ctyz_00_2:2392A,T
Ctyz_00_2:2394A,G
Ctyz_00_2:2408A,G
Ctyz_00_2:2411C,T
Ctyz_00_2:2478A,T
Ctyz_00_2:2506A,C
Ctyz_00_2:2514C,T
Ctyz_00_2:2595A,T
Ctyz_00_2:2598C,T
Ctyz_00_2:2702C,T
Ctyz_00_2:2828G,T
Ctyz_00_2:2871A,T
Ctyz_00_2:2901C,T
Ctyz_00_2:3068C,T
Ctyz_00_2:3070A,G
Ctyz_00_2:3076A,T
Ctyz_00_2:3094A,G
Ctyz_00_2:3320A,C
Ctyz_00_3:42554A,G
Ctyz_00_3:45106A,T
Ctyz_00_3:47820C,T
Ctyz_00_3:47961C,T
Ctyz_00_3:48908C,T
Ctyz_00_3:49237G,T
Ctyz_00_3:49243A,G
Ctyz_00_3:50063C,T
Ctyz_00_3:63857C,T
Ctyz_00_3:137848C,T
Ctyz_00_3:137861A,G
