PLINK v1.90b6.26 64-bit (2 Apr 2022)
Options in effect:
  --allow-extra-chr
  --double-id
  --extract /SAN/Ctyzzeri/all/results/pcaFiltered/18_samples_unfiltered.prune.in
  --make-bed
  --out /SAN/Ctyzzeri/all/results/pcaFiltered/18_samples_unfiltered
  --pca
  --set-missing-var-ids @:#$1,$2
  --vcf /SAN/Ctyzzeri/all/results/vcf/18_samples.vcf.gz

Hostname: harriet
Working directory: /SAN/Ctyzzeri/all/scripts
Start time: Thu Jul 28 16:14:40 2022

Random number seed: 1659017680
515931 MB RAM detected; reserving 257965 MB for main workspace.
--vcf:
/SAN/Ctyzzeri/all/results/pcaFiltered/18_samples_unfiltered-temporary.bed +
/SAN/Ctyzzeri/all/results/pcaFiltered/18_samples_unfiltered-temporary.bim +
/SAN/Ctyzzeri/all/results/pcaFiltered/18_samples_unfiltered-temporary.fam
written.
252901 variants loaded from .bim file.
252901 missing IDs set.
18 people (0 males, 0 females, 18 ambiguous) loaded from .fam.
Ambiguous sex IDs written to
/SAN/Ctyzzeri/all/results/pcaFiltered/18_samples_unfiltered.nosex .
Error: Failed to open
/SAN/Ctyzzeri/all/results/pcaFiltered/18_samples_unfiltered.prune.in.

End time: Thu Jul 28 16:14:41 2022
