Ctyz_1:247625A,T
Ctyz_1:687914A,C
Ctyz_1:839752A,G
Ctyz_1:862690A,T
Ctyz_1:862841A,T
Ctyz_1:862848A,G
Ctyz_1:862858A,G
Ctyz_1:862868C,T
Ctyz_1:862943A,T
Ctyz_1:862995A,G
Ctyz_1:863058C,T
Ctyz_1:863064A,T
Ctyz_1:863084A,G
Ctyz_1:863162A,G
Ctyz_2:158606A,G
Ctyz_2:159986A,C
Ctyz_2:161929A,C
Ctyz_2:161954C,T
Ctyz_2:573557A,T
Ctyz_2:747674A,G
Ctyz_2:851971A,C
Ctyz_2:918811C,T
Ctyz_2:968326C,G
Ctyz_2:968329A,G
Ctyz_3:164964C,T
Ctyz_3:808469C,T
Ctyz_3:808472C,T
Ctyz_3:897780A,G
Ctyz_3:897782C,G
Ctyz_3:1029083C,T
Ctyz_3:1029086C,T
Ctyz_3:1029093C,T
Ctyz_3:1029101C,T
Ctyz_3:1029104C,T
Ctyz_3:1029111C,T
Ctyz_4:2418A,G
Ctyz_4:2422A,G
Ctyz_4:2428A,T
Ctyz_4:8946A,C
Ctyz_4:9200C,T
Ctyz_4:39196A,C
Ctyz_4:145209C,T
Ctyz_4:290308A,G
Ctyz_4:959917A,G
Ctyz_4:978856C,T
Ctyz_4:990736A,G
Ctyz_4:1072914C,T
Ctyz_5:9834C,T
Ctyz_5:9862C,T
Ctyz_5:10650C,T
Ctyz_5:10747A,T
Ctyz_5:10752C,T
Ctyz_5:11386A,G
Ctyz_5:11391A,G
Ctyz_5:11395G,T
Ctyz_5:40074A,G
Ctyz_5:62230A,T
Ctyz_5:62234A,T
Ctyz_5:62236A,T
Ctyz_5:102087C,T
Ctyz_5:102158A,G
Ctyz_5:545811A,G
Ctyz_5:655572C,T
Ctyz_5:751246A,G
Ctyz_5:751248C,T
Ctyz_5:839565A,G
Ctyz_6:102684A,G
Ctyz_6:207357A,G
Ctyz_6:674520G,T
Ctyz_6:674521A,G
Ctyz_6:684956C,T
Ctyz_6:907704A,C
Ctyz_6:907896A,C
Ctyz_6:998859C,T
Ctyz_6:998862A,T
Ctyz_6:1069170G,T
Ctyz_7:8814A,T
Ctyz_7:1059532A,T
Ctyz_7:1059541C,T
Ctyz_7:1059544C,T
Ctyz_8:7049G,T
Ctyz_8:7055C,T
Ctyz_8:7061C,T
Ctyz_8:7064C,T
Ctyz_8:7071A,C
Ctyz_8:7392C,G
Ctyz_8:95987A,T
Ctyz_8:125905C,T
Ctyz_8:296701A,T
Ctyz_8:342629A,T
Ctyz_8:370637A,C
Ctyz_8:406791G,T
Ctyz_8:578978C,T
Ctyz_8:1038087A,C
Ctyz_8:1181036C,T
Ctyz_8:1181038C,T
Ctyz_8:1217018C,T
Ctyz_8:1306133A,G
Ctyz_00_3:120668A,T
Ctyz_00_3:139449A,C
