Ctyz_1:1211A,C
Ctyz_1:1227A,G
Ctyz_1:1236A,G
Ctyz_1:1253A,G
Ctyz_1:1433A,G
Ctyz_1:1446A,G
Ctyz_1:1508C,T
Ctyz_1:1553A,G
Ctyz_1:1556A,G
Ctyz_1:1571A,T
Ctyz_1:1595A,G
Ctyz_1:1600C,T
Ctyz_1:1708C,T
Ctyz_1:1726A,G
Ctyz_1:1927A,C
Ctyz_1:1928C,T
Ctyz_1:2417C,T
Ctyz_1:2436A,G
Ctyz_1:3062A,T
Ctyz_1:3616A,G
Ctyz_1:3670G,T
Ctyz_1:3844A,G
Ctyz_1:3872A,T
Ctyz_1:3882C,T
Ctyz_1:3883A,T
Ctyz_1:3884A,G
Ctyz_1:3916G,T
Ctyz_1:3974A,C
Ctyz_1:4381C,T
Ctyz_1:4444C,T
Ctyz_1:4459A,G
Ctyz_1:4492C,T
Ctyz_1:4498C,T
Ctyz_1:4507A,G
Ctyz_1:5143A,C
Ctyz_1:5519C,T
Ctyz_1:5539A,G
Ctyz_1:8129A,T
Ctyz_1:8287C,T
Ctyz_1:10210A,G
Ctyz_1:10272C,G
Ctyz_1:16923C,G
Ctyz_1:17479A,T
Ctyz_1:17858C,T
Ctyz_1:17901C,T
Ctyz_1:17908C,T
Ctyz_1:17940C,T
Ctyz_1:17950A,G
Ctyz_1:18043C,T
Ctyz_1:18053A,T
Ctyz_1:18102A,C
Ctyz_1:18140A,T
Ctyz_1:18193A,C
Ctyz_1:18204C,T
Ctyz_1:18240A,G
Ctyz_1:18253A,C
Ctyz_1:18259C,T
Ctyz_1:18266A,G
Ctyz_1:18283C,T
Ctyz_1:18287A,G
Ctyz_1:18508G,T
Ctyz_1:18598A,G
Ctyz_1:18604C,T
Ctyz_1:18616C,T
Ctyz_1:18620A,G
Ctyz_1:18634A,G
Ctyz_1:18673A,G
Ctyz_1:18722C,T
Ctyz_1:18757C,T
Ctyz_1:18976C,T
Ctyz_1:19160A,T
Ctyz_1:19163C,T
Ctyz_1:19261C,T
Ctyz_1:19276A,G
Ctyz_1:19543C,T
Ctyz_1:19549G,T
Ctyz_1:19642C,T
Ctyz_1:19923C,T
Ctyz_1:19952A,T
Ctyz_1:19990C,T
Ctyz_1:20189A,C
Ctyz_1:20195A,G
Ctyz_1:20488C,T
Ctyz_1:20490C,G
Ctyz_1:20538A,G
Ctyz_1:20582A,G
Ctyz_1:20767C,T
Ctyz_1:20773C,T
Ctyz_1:20806A,G
Ctyz_1:20821C,T
Ctyz_1:20887A,G
Ctyz_1:20923C,T
Ctyz_1:20929C,T
Ctyz_1:20937A,T
Ctyz_1:20942A,G
Ctyz_1:21043C,T
Ctyz_1:21963A,G
Ctyz_1:21978A,G
Ctyz_1:21999C,T
Ctyz_1:22012C,T
Ctyz_1:22030A,C
Ctyz_1:22061A,G
Ctyz_1:22071A,G
Ctyz_1:22073C,G
Ctyz_1:22091C,T
Ctyz_1:22115A,G
Ctyz_1:22163C,T
Ctyz_1:22172A,G
Ctyz_1:22175C,T
Ctyz_1:22462A,G
Ctyz_1:22483A,T
Ctyz_1:22487A,G
Ctyz_1:22504C,T
Ctyz_1:22512A,G
Ctyz_1:22532A,T
Ctyz_1:22541A,G
Ctyz_1:22544A,G
Ctyz_1:22577C,T
Ctyz_1:22580C,T
Ctyz_1:22628C,T
Ctyz_1:22633A,G
Ctyz_1:22795A,G
Ctyz_1:22848A,G
Ctyz_1:22869A,G
Ctyz_1:22872A,G
Ctyz_1:22873C,T
Ctyz_1:22895C,T
Ctyz_1:22956A,G
Ctyz_1:23114A,G
Ctyz_1:23469A,G
Ctyz_1:23700A,G
Ctyz_1:23730C,T
Ctyz_1:23735C,T
Ctyz_1:23757A,G
Ctyz_1:23762C,T
Ctyz_1:23771A,T
Ctyz_1:23777G,T
Ctyz_1:23780A,G
Ctyz_1:23782A,G
Ctyz_1:23846C,T
Ctyz_1:24865C,T
Ctyz_1:24900A,G
Ctyz_1:24901A,T
Ctyz_1:24922C,T
Ctyz_1:24923C,G
Ctyz_1:24924C,T
Ctyz_1:24930A,T
Ctyz_1:24931A,T
Ctyz_1:24953C,T
Ctyz_1:24969C,G
Ctyz_1:24970A,C
Ctyz_1:24976G,T
Ctyz_1:24979G,T
Ctyz_1:25009C,T
Ctyz_1:25040A,G
Ctyz_1:25072A,G
Ctyz_1:25073C,T
Ctyz_1:25097A,T
Ctyz_1:25102A,C
Ctyz_1:25116A,T
Ctyz_1:25117A,G
Ctyz_1:25122C,T
Ctyz_1:25124A,G
Ctyz_1:25131A,G
Ctyz_1:25132A,T
Ctyz_1:25134A,G
Ctyz_1:25216G,T
Ctyz_1:25219A,G
Ctyz_1:25223A,G
Ctyz_1:25235C,G
Ctyz_1:25245A,G
Ctyz_1:25246A,C
Ctyz_1:25254A,C
Ctyz_1:25257A,C
Ctyz_1:25258A,C
Ctyz_1:25265C,T
Ctyz_1:25275C,T
Ctyz_1:25284A,G
Ctyz_1:25292A,T
Ctyz_1:25293C,T
Ctyz_1:25298A,C
Ctyz_1:25313A,G
Ctyz_1:25325C,T
Ctyz_1:25389A,C
Ctyz_1:25402C,T
Ctyz_1:25404C,T
Ctyz_1:25423A,G
Ctyz_1:25458A,G
Ctyz_1:25463A,T
Ctyz_1:25464A,G
Ctyz_1:25479A,T
Ctyz_1:25485A,G
Ctyz_1:25492A,C
Ctyz_1:25509A,C
Ctyz_1:25513A,G
Ctyz_1:25527A,G
Ctyz_1:25599C,T
Ctyz_1:25605G,T
Ctyz_1:25616A,G
Ctyz_1:25633A,G
Ctyz_1:25643A,G
Ctyz_1:25655A,G
Ctyz_1:25656C,T
Ctyz_1:25661A,G
Ctyz_1:25664A,T
Ctyz_1:25679A,G
Ctyz_1:25694A,G
Ctyz_1:25701C,T
Ctyz_1:25706C,G
Ctyz_1:25716C,T
Ctyz_1:25745A,G
Ctyz_1:25748C,T
Ctyz_1:25749A,G
Ctyz_1:25752C,T
Ctyz_1:25759A,G
Ctyz_1:25802A,G
Ctyz_1:25803A,G
Ctyz_1:25808C,G
Ctyz_1:25817A,G
Ctyz_1:25821A,C
Ctyz_1:25822A,G
Ctyz_1:25828C,T
Ctyz_1:25832A,G
Ctyz_1:25834A,T
Ctyz_1:25848C,T
Ctyz_1:25853A,G
Ctyz_1:25857A,G
Ctyz_1:25874C,G
Ctyz_1:25885A,G
Ctyz_1:26019C,T
Ctyz_1:26023C,T
Ctyz_1:26027A,C
Ctyz_1:26038A,T
Ctyz_1:26067A,G
Ctyz_1:26089C,T
Ctyz_1:26095A,G
Ctyz_1:26096C,T
Ctyz_1:26100C,T
Ctyz_1:26122A,G
Ctyz_1:26147G,T
Ctyz_1:26163C,T
Ctyz_1:26169A,G
Ctyz_1:26182A,C
Ctyz_1:26191A,G
Ctyz_1:26238C,T
Ctyz_1:26263A,G
Ctyz_1:26281A,G
Ctyz_1:26283A,G
Ctyz_1:26290C,T
Ctyz_1:26318A,G
Ctyz_1:26334C,T
Ctyz_1:26432A,G
Ctyz_1:26470A,G
Ctyz_1:26501A,T
Ctyz_1:26515C,T
Ctyz_1:26552A,G
Ctyz_1:26610C,T
Ctyz_1:26612A,G
Ctyz_1:26668A,C
Ctyz_1:26686A,G
Ctyz_1:26687A,C
Ctyz_1:26699A,C
Ctyz_1:26733G,T
Ctyz_1:26767A,G
Ctyz_1:26768A,T
Ctyz_1:26774C,T
Ctyz_1:26777C,T
Ctyz_1:26779A,G
Ctyz_1:26821A,G
Ctyz_1:26825A,G
Ctyz_1:26831C,T
Ctyz_1:26841A,T
Ctyz_1:26847G,T
Ctyz_1:26855A,G
Ctyz_1:26975C,T
Ctyz_1:27024C,T
Ctyz_1:27031A,G
Ctyz_1:27060G,T
Ctyz_1:27062A,G
Ctyz_1:27099C,T
Ctyz_1:27108A,C
Ctyz_1:27116C,T
Ctyz_1:27139A,C
Ctyz_1:27153C,T
Ctyz_1:27241C,G
Ctyz_1:27244A,G
Ctyz_1:27248C,T
Ctyz_1:27986A,G
Ctyz_1:28014A,T
Ctyz_1:28023A,G
Ctyz_1:28069A,G
Ctyz_1:28070C,T
Ctyz_1:28294A,G
Ctyz_1:28364A,G
Ctyz_1:28419A,T
Ctyz_1:28497C,T
Ctyz_1:28514C,T
Ctyz_1:28562A,G
Ctyz_1:28581A,G
Ctyz_1:28961C,T
Ctyz_1:28994A,G
Ctyz_1:29036C,T
Ctyz_1:29038A,T
Ctyz_1:29040A,G
Ctyz_1:29098C,T
Ctyz_1:29109G,T
Ctyz_1:29120A,T
Ctyz_1:29141C,T
Ctyz_1:29152A,G
Ctyz_1:29195C,T
Ctyz_1:29204A,C
Ctyz_1:29209C,T
Ctyz_1:29305A,G
Ctyz_1:29306A,G
Ctyz_1:29307A,G
Ctyz_1:29308A,G
Ctyz_1:29409A,C
Ctyz_1:29414A,G
Ctyz_1:29417C,T
Ctyz_1:29471G,T
Ctyz_1:29479A,T
Ctyz_1:29480C,G
Ctyz_1:29490C,G
Ctyz_1:29491C,T
Ctyz_1:29501C,T
Ctyz_1:29505A,T
Ctyz_1:29554C,T
Ctyz_1:29578A,G
Ctyz_1:29604G,T
Ctyz_1:29660A,T
Ctyz_1:29662C,T
Ctyz_1:29680A,G
Ctyz_1:29683A,G
Ctyz_1:29733C,T
Ctyz_1:29749A,G
Ctyz_1:29772C,T
Ctyz_1:29860A,C
Ctyz_1:29865A,T
Ctyz_1:29883A,G
Ctyz_1:29902A,C
Ctyz_1:29920A,G
Ctyz_1:29924C,T
Ctyz_1:29932C,T
Ctyz_1:29933A,C
Ctyz_1:29955G,T
Ctyz_1:29978A,G
Ctyz_1:29980C,G
Ctyz_1:29984A,G
Ctyz_1:29985C,T
Ctyz_1:29986A,G
Ctyz_1:30004G,T
Ctyz_1:30035C,T
Ctyz_1:30040A,G
Ctyz_1:30064C,T
Ctyz_1:30099C,T
Ctyz_1:30105A,G
Ctyz_1:30125C,T
Ctyz_1:30156A,G
Ctyz_1:30174A,G
Ctyz_1:30182C,T
Ctyz_1:30224G,T
Ctyz_1:30245A,C
Ctyz_1:30251A,G
Ctyz_1:30277G,T
Ctyz_1:30317A,T
Ctyz_1:30346A,G
Ctyz_1:30410C,T
Ctyz_1:30419A,T
Ctyz_1:30448C,T
Ctyz_1:30461C,T
Ctyz_1:30463C,T
Ctyz_1:30472C,T
Ctyz_1:30474A,G
Ctyz_1:30484C,T
Ctyz_1:30512C,T
Ctyz_1:30525A,C
Ctyz_1:30535C,T
Ctyz_1:30592C,T
Ctyz_1:30609G,T
Ctyz_1:30645C,T
Ctyz_1:30650A,G
Ctyz_1:30694A,G
Ctyz_1:30857C,T
Ctyz_1:30892A,C
Ctyz_1:30894C,T
Ctyz_1:30900A,T
Ctyz_1:30907C,T
Ctyz_1:30916A,G
Ctyz_1:30917A,C
Ctyz_1:30929A,G
Ctyz_1:30938A,T
Ctyz_1:30963A,G
Ctyz_1:30997A,C
Ctyz_1:31950A,G
Ctyz_1:31953A,G
Ctyz_1:31966A,G
Ctyz_1:31976C,T
Ctyz_1:33452A,G
Ctyz_1:33454C,T
Ctyz_1:33456A,C
Ctyz_1:33481G,T
Ctyz_1:33511A,G
Ctyz_1:33879G,T
Ctyz_1:33880C,T
Ctyz_1:33883A,G
Ctyz_1:33884A,G
Ctyz_1:33899A,G
Ctyz_1:33910G,T
Ctyz_1:33914G,T
Ctyz_1:33915G,T
Ctyz_1:33943G,T
Ctyz_1:33944A,G
Ctyz_1:34117A,G
Ctyz_1:34217A,T
Ctyz_1:34274A,G
Ctyz_1:34289C,T
Ctyz_1:34317C,T
Ctyz_1:34426A,G
Ctyz_1:34433A,G
Ctyz_1:34452C,G
Ctyz_1:34802A,G
Ctyz_1:34804A,G
Ctyz_1:34807A,C
Ctyz_1:35016A,C
Ctyz_1:35795A,G
Ctyz_1:35796A,G
Ctyz_1:35808A,T
Ctyz_1:35811C,T
Ctyz_1:36106A,T
Ctyz_1:36151A,C
Ctyz_1:36196C,T
Ctyz_1:36199C,T
Ctyz_1:36358C,T
Ctyz_1:36528A,G
Ctyz_1:36573C,T
Ctyz_1:36605A,G
Ctyz_1:36715A,C
Ctyz_1:36742A,T
Ctyz_1:36749A,T
Ctyz_1:36776A,G
Ctyz_1:36814A,C
Ctyz_1:36824A,G
Ctyz_1:37238A,G
Ctyz_1:37240C,T
Ctyz_1:37368A,T
Ctyz_1:37632C,T
Ctyz_1:39498C,T
Ctyz_1:39935A,C
Ctyz_1:40114A,T
Ctyz_1:40969A,T
Ctyz_1:40995G,T
Ctyz_1:41115C,T
Ctyz_1:41507G,T
Ctyz_1:41509A,T
Ctyz_1:41643C,T
Ctyz_1:41647A,T
Ctyz_1:41648A,G
Ctyz_1:41810A,G
Ctyz_1:41822A,C
Ctyz_1:42505A,G
Ctyz_1:42508C,T
Ctyz_1:42993C,T
Ctyz_1:43005A,C
Ctyz_1:43031C,T
Ctyz_1:43095A,T
Ctyz_1:43096A,T
Ctyz_1:44439A,C
Ctyz_1:44465A,G
Ctyz_1:44469A,T
Ctyz_1:44474C,T
Ctyz_1:44484A,G
Ctyz_1:44498G,T
Ctyz_1:44589A,G
Ctyz_1:45434A,G
Ctyz_1:45439A,T
Ctyz_1:45541C,T
Ctyz_1:45542A,T
Ctyz_1:45549C,T
Ctyz_1:46205A,G
Ctyz_1:52102C,G
Ctyz_1:62335C,T
Ctyz_1:75324A,C
Ctyz_1:75328C,T
Ctyz_1:76421A,G
Ctyz_1:76424C,T
Ctyz_1:76425C,T
Ctyz_1:76430A,G
Ctyz_1:77412A,G
Ctyz_1:77417A,G
Ctyz_1:77421A,C
Ctyz_1:111461C,T
Ctyz_1:115056A,C
Ctyz_1:155169C,T
Ctyz_1:155174A,C
Ctyz_1:268227C,G
Ctyz_1:335942A,G
Ctyz_1:336507A,G
Ctyz_1:340077C,G
Ctyz_1:340188C,T
Ctyz_1:395577A,T
Ctyz_1:403550C,T
Ctyz_1:428207A,G
Ctyz_1:431996C,T
Ctyz_1:435264G,T
Ctyz_1:435364A,G
Ctyz_1:435368A,C
Ctyz_1:439867A,G
Ctyz_1:444412A,T
Ctyz_1:462017C,T
Ctyz_1:462019A,G
Ctyz_1:462034G,T
Ctyz_1:467672A,G
Ctyz_1:467986C,T
Ctyz_1:467994A,C
Ctyz_1:467996A,G
Ctyz_1:468028C,T
Ctyz_1:516429A,G
Ctyz_1:525733A,G
Ctyz_1:525740A,G
Ctyz_1:525747C,T
Ctyz_1:526708C,T
Ctyz_1:555232A,G
Ctyz_1:556065C,T
Ctyz_1:557779A,G
Ctyz_1:558285A,G
Ctyz_1:558294A,G
Ctyz_1:558296A,G
Ctyz_1:558323G,T
Ctyz_1:558324C,T
Ctyz_1:558413A,C
Ctyz_1:558879C,G
Ctyz_1:558881A,G
Ctyz_1:559117C,T
Ctyz_1:567784C,T
Ctyz_1:569211A,C
Ctyz_1:569213A,T
Ctyz_1:572227G,T
Ctyz_1:572229A,G
Ctyz_1:572280A,C
Ctyz_1:572649A,T
Ctyz_1:574947A,G
Ctyz_1:574950C,T
Ctyz_1:643263C,T
Ctyz_1:643275A,G
Ctyz_1:670301A,G
Ctyz_1:670580C,T
Ctyz_1:675203A,C
Ctyz_1:675266A,C
Ctyz_1:684196C,T
Ctyz_1:684202A,G
Ctyz_1:684498C,T
Ctyz_1:687917A,C
Ctyz_1:727891C,T
Ctyz_1:728376C,G
Ctyz_1:729593A,G
Ctyz_1:729632A,G
Ctyz_1:733905A,T
Ctyz_1:734475C,G
Ctyz_1:734727C,T
Ctyz_1:735874A,G
Ctyz_1:735971A,T
Ctyz_1:735983C,T
Ctyz_1:736028C,T
Ctyz_1:736071G,T
Ctyz_1:736149C,T
Ctyz_1:736177A,G
Ctyz_1:736193C,T
Ctyz_1:736245C,T
Ctyz_1:736358C,T
Ctyz_1:736550C,T
Ctyz_1:736616C,T
Ctyz_1:738410C,T
Ctyz_1:738412C,T
Ctyz_1:741718C,T
Ctyz_1:741720A,G
Ctyz_1:745028A,T
Ctyz_1:784534C,T
Ctyz_1:788561C,T
Ctyz_1:788700A,G
Ctyz_1:799258A,G
Ctyz_1:799259G,T
Ctyz_1:799271A,G
Ctyz_1:857790C,G
Ctyz_1:862848A,G
Ctyz_1:862858A,G
Ctyz_1:863330C,T
Ctyz_1:863332A,T
Ctyz_1:863440A,G
Ctyz_1:863458C,T
Ctyz_1:863459A,G
Ctyz_1:863460C,T
Ctyz_1:863472C,T
Ctyz_1:863482C,T
Ctyz_1:863496C,T
Ctyz_1:863526A,G
Ctyz_1:864257A,G
Ctyz_1:864310C,T
Ctyz_1:864442A,G
Ctyz_1:864840A,G
Ctyz_1:864852A,G
Ctyz_1:864861A,G
Ctyz_1:864863A,C
Ctyz_1:864864G,T
Ctyz_1:864865A,T
Ctyz_1:864868A,T
Ctyz_1:864878A,G
Ctyz_1:864879A,T
Ctyz_1:864989G,T
Ctyz_1:865126A,G
Ctyz_1:869847C,T
Ctyz_1:869863C,T
Ctyz_1:869868C,T
Ctyz_1:869886A,T
Ctyz_1:869891C,T
Ctyz_1:869923A,G
Ctyz_2:8865A,G
Ctyz_2:16445A,G
Ctyz_2:17323A,G
Ctyz_2:17358A,G
Ctyz_2:17393A,G
Ctyz_2:17430A,T
Ctyz_2:17579A,G
Ctyz_2:17580C,T
Ctyz_2:17583A,T
Ctyz_2:17617C,T
Ctyz_2:17618C,T
Ctyz_2:17622C,T
Ctyz_2:17627C,T
Ctyz_2:17628A,T
Ctyz_2:17642A,G
Ctyz_2:18165C,T
Ctyz_2:19212A,G
Ctyz_2:19739C,T
Ctyz_2:20001A,C
Ctyz_2:20029C,T
Ctyz_2:20032A,G
Ctyz_2:20036A,G
Ctyz_2:20281A,G
Ctyz_2:20320C,T
Ctyz_2:20327A,T
Ctyz_2:20329A,G
Ctyz_2:20335A,G
Ctyz_2:20544C,T
Ctyz_2:20974A,G
Ctyz_2:20987A,G
Ctyz_2:22196C,T
Ctyz_2:22385C,T
Ctyz_2:28147A,G
Ctyz_2:37960A,G
Ctyz_2:37966C,G
Ctyz_2:39418A,G
Ctyz_2:39419A,C
Ctyz_2:39428A,C
Ctyz_2:48393A,T
Ctyz_2:87063A,G
Ctyz_2:87660C,T
Ctyz_2:87663C,T
Ctyz_2:90043C,T
Ctyz_2:90790A,G
Ctyz_2:94141A,G
Ctyz_2:106104A,T
Ctyz_2:110245A,G
Ctyz_2:110345A,G
Ctyz_2:110456A,T
Ctyz_2:111796C,T
Ctyz_2:112790A,C
Ctyz_2:114483A,G
Ctyz_2:114492G,T
Ctyz_2:116041C,T
Ctyz_2:116045A,C
Ctyz_2:151224A,G
Ctyz_2:161892A,G
Ctyz_2:205017C,T
Ctyz_2:205021C,T
Ctyz_2:208529G,T
Ctyz_2:208533A,G
Ctyz_2:208537C,T
Ctyz_2:285320A,T
Ctyz_2:285348C,T
Ctyz_2:285496A,G
Ctyz_2:296597A,G
Ctyz_2:296615C,T
Ctyz_2:296991C,T
Ctyz_2:297952C,T
Ctyz_2:297970A,G
Ctyz_2:298662A,G
Ctyz_2:468787A,C
Ctyz_2:474928A,C
Ctyz_2:475046C,T
Ctyz_2:475441C,T
Ctyz_2:493723A,C
Ctyz_2:493726A,G
Ctyz_2:493817A,G
Ctyz_2:493818C,T
Ctyz_2:493824C,T
Ctyz_2:498960A,G
Ctyz_2:511459A,G
Ctyz_2:511960A,G
Ctyz_2:511995A,G
Ctyz_2:511997C,T
Ctyz_2:512010C,T
Ctyz_2:512074C,T
Ctyz_2:512075A,G
Ctyz_2:512077A,G
Ctyz_2:512258A,T
Ctyz_2:512260C,T
Ctyz_2:512266C,G
Ctyz_2:512269C,T
Ctyz_2:513118A,G
Ctyz_2:513131A,T
Ctyz_2:513135A,G
Ctyz_2:513550G,T
Ctyz_2:513564A,C
Ctyz_2:513633A,G
Ctyz_2:513634A,T
Ctyz_2:513735C,T
Ctyz_2:514096C,T
Ctyz_2:521257G,T
Ctyz_2:521259A,G
Ctyz_2:522204A,G
Ctyz_2:522206A,G
Ctyz_2:565059A,G
Ctyz_2:566580A,G
Ctyz_2:573556A,T
Ctyz_2:596460A,G
Ctyz_2:627606A,G
Ctyz_2:633863C,T
Ctyz_2:633865C,T
Ctyz_2:644562C,T
Ctyz_2:644597G,T
Ctyz_2:644628C,T
Ctyz_2:644632A,T
Ctyz_2:644635A,T
Ctyz_2:644636A,G
Ctyz_2:644637C,T
Ctyz_2:644638A,T
Ctyz_2:677778C,G
Ctyz_2:677789A,G
Ctyz_2:693110C,T
Ctyz_2:697689C,T
Ctyz_2:700979A,G
Ctyz_2:727466A,G
Ctyz_2:727472A,G
Ctyz_2:728208A,G
Ctyz_2:728235A,G
Ctyz_2:728238A,G
Ctyz_2:728538A,C
Ctyz_2:728544A,C
Ctyz_2:728764A,G
Ctyz_2:747633C,T
Ctyz_2:747639C,T
Ctyz_2:747654C,T
Ctyz_2:747666A,C
Ctyz_2:747674A,G
Ctyz_2:747677A,G
Ctyz_2:748330G,T
Ctyz_2:748332A,G
Ctyz_2:762000A,G
Ctyz_2:770164C,T
Ctyz_2:776706A,G
Ctyz_2:786161A,G
Ctyz_2:804070C,T
Ctyz_2:816422A,T
Ctyz_2:821821C,T
Ctyz_2:822322A,T
Ctyz_2:835376A,T
Ctyz_2:835389A,T
Ctyz_2:842354A,G
Ctyz_2:842368C,T
Ctyz_2:843404A,G
Ctyz_2:843407A,T
Ctyz_2:843440C,T
Ctyz_2:871927C,G
Ctyz_2:871951C,T
Ctyz_2:871954C,G
Ctyz_2:871972A,T
Ctyz_2:901470A,G
Ctyz_2:951218A,G
Ctyz_2:963963A,G
Ctyz_2:963964C,T
Ctyz_2:963968A,G
Ctyz_2:963969A,G
Ctyz_2:966531C,T
Ctyz_2:966847C,T
Ctyz_2:966876G,T
Ctyz_2:966878A,G
Ctyz_2:966953A,G
Ctyz_2:967233A,G
Ctyz_2:967250C,T
Ctyz_2:967402G,T
Ctyz_2:967571C,T
Ctyz_2:967572C,T
Ctyz_2:967615C,T
Ctyz_2:967619G,T
Ctyz_2:967688C,T
Ctyz_2:967742C,T
Ctyz_2:968356A,G
Ctyz_2:968406A,T
Ctyz_2:968411C,T
Ctyz_2:968421A,G
Ctyz_2:968442A,G
Ctyz_2:968535A,G
Ctyz_2:968594A,G
Ctyz_2:968595C,T
Ctyz_2:968596A,T
Ctyz_2:968599C,T
Ctyz_2:968657C,T
Ctyz_2:968663A,G
Ctyz_2:968667G,T
Ctyz_2:968710A,G
Ctyz_2:968863C,G
Ctyz_2:968880A,G
Ctyz_2:968884A,C
Ctyz_2:968890C,T
Ctyz_2:968939A,G
Ctyz_2:968954A,G
Ctyz_2:969035C,T
Ctyz_2:969064A,G
Ctyz_2:969070A,G
Ctyz_2:969183A,G
Ctyz_2:969189G,T
Ctyz_2:969232A,G
Ctyz_2:969278A,G
Ctyz_2:969282A,G
Ctyz_2:974893A,G
Ctyz_2:974902A,T
Ctyz_2:975571A,G
Ctyz_2:976016A,T
Ctyz_2:976022C,G
Ctyz_2:978478A,T
Ctyz_2:978512A,T
Ctyz_2:978549C,T
Ctyz_2:980990A,G
Ctyz_2:980994A,C
Ctyz_2:980995A,G
Ctyz_2:981000A,G
Ctyz_2:981023A,G
Ctyz_2:981025A,G
Ctyz_2:981126A,G
Ctyz_2:981130A,T
Ctyz_2:981135A,G
Ctyz_2:981143C,T
Ctyz_2:981156A,G
Ctyz_2:981157A,G
Ctyz_2:981162C,T
Ctyz_2:981182A,G
Ctyz_2:981184A,G
Ctyz_2:981196A,G
Ctyz_2:981207C,G
Ctyz_2:981212A,G
Ctyz_2:981254A,G
Ctyz_2:981269C,G
Ctyz_2:981287A,G
Ctyz_2:981302C,G
Ctyz_3:1996C,T
Ctyz_3:3428A,G
Ctyz_3:40406C,T
Ctyz_3:40410C,T
Ctyz_3:40411A,T
Ctyz_3:40865A,T
Ctyz_3:41023A,T
Ctyz_3:79877A,G
Ctyz_3:81293C,T
Ctyz_3:81304A,G
Ctyz_3:81411A,G
Ctyz_3:81414A,C
Ctyz_3:81428A,T
Ctyz_3:83397G,T
Ctyz_3:119218A,T
Ctyz_3:119224A,T
Ctyz_3:185971C,T
Ctyz_3:188516A,G
Ctyz_3:188715C,T
Ctyz_3:188807C,T
Ctyz_3:188835C,G
Ctyz_3:188855A,G
Ctyz_3:188931C,T
Ctyz_3:192273A,G
Ctyz_3:192464A,G
Ctyz_3:193374A,C
Ctyz_3:193779A,C
Ctyz_3:194010A,T
Ctyz_3:194123A,G
Ctyz_3:198213A,G
Ctyz_3:198227A,G
Ctyz_3:200848A,G
Ctyz_3:200920C,T
Ctyz_3:204408C,T
Ctyz_3:207569A,G
Ctyz_3:209989A,G
Ctyz_3:216573C,T
Ctyz_3:216574A,G
Ctyz_3:219822C,T
Ctyz_3:219843C,T
Ctyz_3:219849C,T
Ctyz_3:219852C,T
Ctyz_3:219966C,T
Ctyz_3:225522A,T
Ctyz_3:225540A,T
Ctyz_3:225567C,T
Ctyz_3:225589A,G
Ctyz_3:231813C,T
Ctyz_3:240089C,T
Ctyz_3:240756A,G
Ctyz_3:240774A,G
Ctyz_3:240990G,T
Ctyz_3:241144C,T
Ctyz_3:241305A,G
Ctyz_3:241377A,T
Ctyz_3:241386C,T
Ctyz_3:241403C,T
Ctyz_3:241480A,G
Ctyz_3:241630A,G
Ctyz_3:241662A,G
Ctyz_3:241753A,G
Ctyz_3:241977G,T
Ctyz_3:241998C,T
Ctyz_3:242017A,G
Ctyz_3:242596C,T
Ctyz_3:243168A,G
Ctyz_3:246004A,C
Ctyz_3:246006C,T
Ctyz_3:246296C,T
Ctyz_3:246565C,G
Ctyz_3:246567A,G
Ctyz_3:246568A,G
Ctyz_3:246569A,G
Ctyz_3:320936C,T
Ctyz_3:323157A,T
Ctyz_3:323160A,G
Ctyz_3:325489C,T
Ctyz_3:326865A,G
Ctyz_3:327067A,G
Ctyz_3:327070A,G
Ctyz_3:328859A,T
Ctyz_3:328885C,T
Ctyz_3:328895C,T
Ctyz_3:328909G,T
Ctyz_3:328918A,G
Ctyz_3:329578C,T
Ctyz_3:329599C,T
Ctyz_3:331739C,T
Ctyz_3:331896A,G
Ctyz_3:331911A,T
Ctyz_3:398439C,T
Ctyz_3:415864C,T
Ctyz_3:415867A,T
Ctyz_3:415882C,T
Ctyz_3:415885A,C
Ctyz_3:415894C,T
Ctyz_3:415903A,C
Ctyz_3:421658C,T
Ctyz_3:421662C,T
Ctyz_3:433100C,T
Ctyz_3:433112C,T
Ctyz_3:433360A,G
Ctyz_3:433860C,T
Ctyz_3:435233A,T
Ctyz_3:435273C,T
Ctyz_3:435551A,G
Ctyz_3:435569G,T
Ctyz_3:435579C,T
Ctyz_3:435595C,T
Ctyz_3:435598C,T
Ctyz_3:435716C,T
Ctyz_3:435764A,G
Ctyz_3:435776C,G
Ctyz_3:435791C,T
Ctyz_3:435973A,G
Ctyz_3:436180C,T
Ctyz_3:436187A,G
Ctyz_3:436291A,T
Ctyz_3:436460A,G
Ctyz_3:436466A,T
Ctyz_3:436472C,T
Ctyz_3:436481C,T
Ctyz_3:436743A,G
Ctyz_3:436810A,G
Ctyz_3:436812A,G
Ctyz_3:437142G,T
Ctyz_3:439195A,G
Ctyz_3:439197A,G
Ctyz_3:439204A,G
Ctyz_3:439206C,T
Ctyz_3:443987A,G
Ctyz_3:443992C,T
Ctyz_3:444001C,T
Ctyz_3:446076C,G
Ctyz_3:446078C,T
Ctyz_3:446259C,T
Ctyz_3:446340C,T
Ctyz_3:446359A,G
Ctyz_3:446541A,G
Ctyz_3:447257C,T
Ctyz_3:447287G,T
Ctyz_3:447337C,T
Ctyz_3:447338G,T
Ctyz_3:447352C,G
Ctyz_3:447844C,T
Ctyz_3:448036A,G
Ctyz_3:448041A,G
Ctyz_3:448070A,T
Ctyz_3:448172A,G
Ctyz_3:449038C,T
Ctyz_3:449044A,G
Ctyz_3:449067A,G
Ctyz_3:449080A,G
Ctyz_3:449093A,C
Ctyz_3:449097C,T
Ctyz_3:449105A,G
Ctyz_3:449119C,T
Ctyz_3:449124C,T
Ctyz_3:449149A,G
Ctyz_3:449163A,G
Ctyz_3:449169A,T
Ctyz_3:449174C,G
Ctyz_3:449180A,G
Ctyz_3:449185G,T
Ctyz_3:449193A,G
Ctyz_3:449222A,G
Ctyz_3:449225A,C
Ctyz_3:449233A,G
Ctyz_3:449255C,T
Ctyz_3:449335C,T
Ctyz_3:449362A,G
Ctyz_3:449366A,C
Ctyz_3:449368A,C
Ctyz_3:449509A,G
Ctyz_3:449517C,T
Ctyz_3:449521A,T
Ctyz_3:449741A,C
Ctyz_3:449749C,T
Ctyz_3:449827A,T
Ctyz_3:449856C,T
Ctyz_3:449911A,T
Ctyz_3:449971A,G
Ctyz_3:449976A,T
Ctyz_3:449979C,T
Ctyz_3:449989C,T
Ctyz_3:450007A,T
Ctyz_3:452342C,T
Ctyz_3:452343C,T
Ctyz_3:452346C,G
Ctyz_3:454956C,T
Ctyz_3:454960A,T
Ctyz_3:455134A,C
Ctyz_3:455136A,G
Ctyz_3:455276A,G
Ctyz_3:455277A,G
Ctyz_3:455285A,G
Ctyz_3:455359C,T
Ctyz_3:455360A,G
Ctyz_3:455364G,T
Ctyz_3:455472A,G
Ctyz_3:455576C,T
Ctyz_3:455580A,C
Ctyz_3:455807A,T
Ctyz_3:455814A,G
Ctyz_3:455940A,G
Ctyz_3:455943A,C
Ctyz_3:456224C,T
Ctyz_3:457118C,T
Ctyz_3:457260A,T
Ctyz_3:457261A,G
Ctyz_3:457640A,G
Ctyz_3:457795C,T
Ctyz_3:458068A,G
Ctyz_3:458070G,T
Ctyz_3:458073A,C
Ctyz_3:458074C,T
Ctyz_3:458132A,G
Ctyz_3:458134C,T
Ctyz_3:458140C,G
Ctyz_3:458336G,T
Ctyz_3:458346C,T
Ctyz_3:458638A,G
Ctyz_3:458707C,T
Ctyz_3:458895C,T
Ctyz_3:459569C,T
Ctyz_3:459593A,G
Ctyz_3:459913A,C
Ctyz_3:459916C,G
Ctyz_3:459989A,G
Ctyz_3:460231A,C
Ctyz_3:460233A,T
Ctyz_3:460371C,T
Ctyz_3:460767C,T
Ctyz_3:460768A,G
Ctyz_3:461024C,T
Ctyz_3:461091A,C
Ctyz_3:461094C,T
Ctyz_3:461485A,C
Ctyz_3:461486A,G
Ctyz_3:461487A,G
Ctyz_3:461488C,T
Ctyz_3:462042A,G
Ctyz_3:463312C,T
Ctyz_3:463313A,G
Ctyz_3:463316A,G
Ctyz_3:463318A,C
Ctyz_3:465578A,G
Ctyz_3:465732C,T
Ctyz_3:465734A,C
Ctyz_3:466023A,G
Ctyz_3:466024C,T
Ctyz_3:466360A,G
Ctyz_3:466364A,G
Ctyz_3:466374A,C
Ctyz_3:466381C,T
Ctyz_3:467020A,G
Ctyz_3:467174A,G
Ctyz_3:467175C,T
Ctyz_3:467375C,T
Ctyz_3:467385A,G
Ctyz_3:467386A,C
Ctyz_3:467445A,G
Ctyz_3:467448A,T
Ctyz_3:467455A,T
Ctyz_3:467670C,T
Ctyz_3:467763C,T
Ctyz_3:467798A,G
Ctyz_3:467823C,G
Ctyz_3:529363A,G
Ctyz_3:529366A,T
Ctyz_3:558778A,C
Ctyz_3:634728A,G
Ctyz_3:636509C,T
Ctyz_3:670238A,G
Ctyz_3:684751A,G
Ctyz_3:685439A,G
Ctyz_3:686277C,T
Ctyz_3:689793C,T
Ctyz_3:689803C,T
Ctyz_3:689823C,T
Ctyz_3:689862A,G
Ctyz_3:690131A,G
Ctyz_3:690140C,T
Ctyz_3:690149C,T
Ctyz_3:690230A,G
Ctyz_3:690231C,T
Ctyz_3:703199C,T
Ctyz_3:705714A,C
Ctyz_3:706991C,T
Ctyz_3:707022C,T
Ctyz_3:707028A,G
Ctyz_3:707037C,T
Ctyz_3:707317A,T
Ctyz_3:707575A,G
Ctyz_3:720754G,T
Ctyz_3:729839A,T
Ctyz_3:729851A,C
Ctyz_3:730343C,G
Ctyz_3:731509C,T
Ctyz_3:731518C,T
Ctyz_3:731538C,T
Ctyz_3:731548A,T
Ctyz_3:731971C,G
Ctyz_3:731978A,T
Ctyz_3:744345A,G
Ctyz_3:744607G,T
Ctyz_3:744610C,T
Ctyz_3:744615A,G
Ctyz_3:745239A,G
Ctyz_3:745308A,G
Ctyz_3:745350C,T
Ctyz_3:745371A,G
Ctyz_3:745380A,G
Ctyz_3:745818A,G
Ctyz_3:745947C,T
Ctyz_3:745958C,T
Ctyz_3:745987C,T
Ctyz_3:746003C,T
Ctyz_3:746004A,G
Ctyz_3:746799C,T
Ctyz_3:746802G,T
Ctyz_3:746815A,G
Ctyz_3:746820A,G
Ctyz_3:746855G,T
Ctyz_3:746865A,G
Ctyz_3:746895A,G
Ctyz_3:747027A,G
Ctyz_3:747033A,T
Ctyz_3:747123A,G
Ctyz_3:747900A,G
Ctyz_3:749688A,G
Ctyz_3:778184G,T
Ctyz_3:782166C,T
Ctyz_3:791449A,G
Ctyz_3:795393A,G
Ctyz_3:795394A,C
Ctyz_3:797236A,G
Ctyz_3:797238C,T
Ctyz_3:800278A,T
Ctyz_3:808465C,T
Ctyz_3:808472C,T
Ctyz_3:808500A,G
Ctyz_3:809566G,T
Ctyz_3:809568A,G
Ctyz_3:809571A,T
Ctyz_3:809572C,G
Ctyz_3:809573A,C
Ctyz_3:821411C,T
Ctyz_3:823050C,T
Ctyz_3:823134A,T
Ctyz_3:823151C,T
Ctyz_3:823162A,G
Ctyz_3:823168A,T
Ctyz_3:823191A,G
Ctyz_3:824027C,G
Ctyz_3:824465A,G
Ctyz_3:824630A,G
Ctyz_3:825253C,T
Ctyz_3:825996A,T
Ctyz_3:826087C,T
Ctyz_3:826137A,G
Ctyz_3:826177C,T
Ctyz_3:826178C,T
Ctyz_3:826377A,G
Ctyz_3:826623A,G
Ctyz_3:826627A,G
Ctyz_3:826639C,T
Ctyz_3:828908A,G
Ctyz_3:829522C,T
Ctyz_3:830401C,T
Ctyz_3:832007A,G
Ctyz_3:832157G,T
Ctyz_3:832159A,C
Ctyz_3:832160A,G
Ctyz_3:832163A,C
Ctyz_3:832237A,T
Ctyz_3:861409A,G
Ctyz_3:862114C,T
Ctyz_3:862151A,C
Ctyz_3:862238A,T
Ctyz_3:862296G,T
Ctyz_3:862335C,T
Ctyz_3:862350A,T
Ctyz_3:862421A,G
Ctyz_3:863064A,G
Ctyz_3:863588A,C
Ctyz_3:863965G,T
Ctyz_3:863991A,G
Ctyz_3:864054C,T
Ctyz_3:864056A,G
Ctyz_3:864276A,G
Ctyz_3:864306C,T
Ctyz_3:866636C,T
Ctyz_3:866640C,T
Ctyz_3:866641A,G
Ctyz_3:866722G,T
Ctyz_3:866724C,T
Ctyz_3:866764A,G
Ctyz_3:868572C,T
Ctyz_3:910474C,T
Ctyz_3:915676C,G
Ctyz_3:917839C,G
Ctyz_3:917859A,C
Ctyz_3:917894A,G
Ctyz_3:920604C,T
Ctyz_3:921987C,T
Ctyz_3:921997A,G
Ctyz_3:922076C,T
Ctyz_3:922097C,G
Ctyz_3:922098A,G
Ctyz_3:922135C,T
Ctyz_3:922157G,T
Ctyz_3:922277C,T
Ctyz_3:922279C,T
Ctyz_3:922944C,T
Ctyz_3:922953C,T
Ctyz_3:922968C,T
Ctyz_3:922969C,T
Ctyz_3:923181A,G
Ctyz_3:923280C,T
Ctyz_3:923319A,G
Ctyz_3:923358C,T
Ctyz_3:923637A,T
Ctyz_3:924021A,G
Ctyz_3:924119A,G
Ctyz_3:924410C,T
Ctyz_3:924423C,T
Ctyz_3:924615A,G
Ctyz_3:924986C,T
Ctyz_3:925072A,T
Ctyz_3:925330C,T
Ctyz_3:925341A,G
Ctyz_3:925350G,T
Ctyz_3:925353A,G
Ctyz_3:925412A,G
Ctyz_3:925662A,G
Ctyz_3:925920A,T
Ctyz_3:926082A,C
Ctyz_3:926258A,G
Ctyz_3:926301A,G
Ctyz_3:926307A,G
Ctyz_3:926318A,G
Ctyz_3:926320A,C
Ctyz_3:927140A,G
Ctyz_3:927888A,G
Ctyz_3:928060A,G
Ctyz_3:928066G,T
Ctyz_3:928185C,T
Ctyz_3:928191A,T
Ctyz_3:928349A,G
Ctyz_3:928355A,G
Ctyz_3:928357A,G
Ctyz_3:928442A,T
Ctyz_3:928443A,T
Ctyz_3:928445A,G
Ctyz_3:928451A,G
Ctyz_3:928463A,T
Ctyz_3:928530A,C
Ctyz_3:928551A,G
Ctyz_3:928556A,G
Ctyz_3:928628A,G
Ctyz_3:928670A,G
Ctyz_3:929084C,T
Ctyz_3:929087C,T
Ctyz_3:929216C,T
Ctyz_3:929543C,T
Ctyz_3:939935A,T
Ctyz_3:940398C,T
Ctyz_3:940415A,T
Ctyz_3:940464A,G
Ctyz_3:942690C,T
Ctyz_3:942704C,G
Ctyz_3:942708C,T
Ctyz_3:947327A,G
Ctyz_3:982019C,T
Ctyz_3:1005830C,T
Ctyz_3:1006432G,T
Ctyz_3:1006433C,G
Ctyz_3:1006437A,G
Ctyz_3:1006449A,T
Ctyz_3:1006461A,G
Ctyz_3:1006462A,C
Ctyz_3:1006479A,G
Ctyz_3:1006543A,G
Ctyz_3:1020002C,T
Ctyz_3:1020030A,G
Ctyz_3:1029111C,T
Ctyz_3:1030925C,T
Ctyz_3:1030937A,T
Ctyz_3:1031002C,T
Ctyz_3:1031021A,G
Ctyz_3:1031066A,C
Ctyz_3:1031070A,G
Ctyz_3:1031182C,T
Ctyz_3:1031228C,T
Ctyz_3:1031302C,T
Ctyz_3:1031329C,G
Ctyz_3:1031331A,G
Ctyz_3:1031469A,G
Ctyz_3:1031472A,T
Ctyz_3:1031487A,G
Ctyz_3:1031549A,G
Ctyz_3:1031555A,G
Ctyz_3:1031558A,G
Ctyz_3:1031562C,T
Ctyz_3:1031565C,T
Ctyz_3:1031599A,G
Ctyz_3:1031698A,G
Ctyz_3:1031701C,T
Ctyz_3:1031710C,T
Ctyz_3:1031711C,T
Ctyz_3:1031714A,G
Ctyz_3:1031756C,T
Ctyz_3:1031804C,T
Ctyz_3:1031876C,T
Ctyz_3:1032191A,G
Ctyz_3:1032203C,T
Ctyz_3:1032207A,G
Ctyz_3:1032209A,G
Ctyz_3:1032538C,T
Ctyz_3:1032542C,G
Ctyz_3:1032545C,T
Ctyz_3:1032558C,T
Ctyz_3:1032561C,T
Ctyz_3:1032707C,T
Ctyz_3:1033048A,G
Ctyz_3:1033182A,G
Ctyz_3:1033277A,G
Ctyz_3:1033285C,G
Ctyz_3:1034839A,G
Ctyz_3:1035073A,C
Ctyz_3:1035091A,T
Ctyz_3:1035151C,T
Ctyz_3:1036321C,T
Ctyz_3:1036325A,T
Ctyz_3:1036326C,T
Ctyz_3:1039252A,G
Ctyz_3:1039255A,G
Ctyz_3:1039258G,T
Ctyz_3:1039290C,T
Ctyz_3:1039392C,T
Ctyz_3:1039393C,T
Ctyz_3:1039431A,C
Ctyz_3:1039437A,C
Ctyz_3:1039445C,T
Ctyz_3:1039508A,G
Ctyz_3:1039813A,G
Ctyz_3:1039835A,T
Ctyz_3:1039897C,T
Ctyz_3:1039932C,T
Ctyz_3:1040010C,T
Ctyz_3:1040019G,T
Ctyz_3:1040218C,T
Ctyz_3:1040224A,G
Ctyz_3:1040410C,T
Ctyz_3:1041175A,G
Ctyz_3:1042330A,G
Ctyz_3:1042459C,T
Ctyz_3:1043803A,G
Ctyz_3:1043947A,G
Ctyz_3:1044086A,G
Ctyz_3:1047722C,T
Ctyz_3:1047854A,C
Ctyz_3:1047973C,T
Ctyz_3:1047983C,T
Ctyz_3:1048082A,G
Ctyz_3:1048091A,G
Ctyz_3:1048540C,T
Ctyz_3:1048554A,G
Ctyz_3:1048557A,G
Ctyz_3:1048571C,T
Ctyz_3:1048613C,G
Ctyz_3:1048641G,T
Ctyz_3:1048647A,T
Ctyz_3:1048658C,T
Ctyz_3:1048674A,G
Ctyz_3:1048677G,T
Ctyz_3:1048691C,T
Ctyz_3:1048692C,T
Ctyz_3:1048722A,G
Ctyz_3:1048732C,G
Ctyz_3:1049070C,T
Ctyz_3:1049074A,G
Ctyz_3:1049077C,T
Ctyz_3:1049078C,T
Ctyz_3:1049081C,T
Ctyz_3:1049084A,C
Ctyz_3:1049085A,G
Ctyz_3:1049094G,T
Ctyz_3:1049098A,G
Ctyz_3:1049304A,G
Ctyz_3:1049337C,T
Ctyz_3:1049364A,G
Ctyz_3:1049388C,T
Ctyz_3:1049423A,C
Ctyz_3:1049445C,T
Ctyz_3:1049535A,G
Ctyz_3:1049616C,T
Ctyz_3:1049617C,T
Ctyz_3:1049620A,G
Ctyz_3:1049625C,T
Ctyz_3:1049640C,T
Ctyz_3:1049649A,G
Ctyz_3:1049688A,G
Ctyz_3:1049693C,T
Ctyz_3:1049783A,T
Ctyz_3:1049790A,G
Ctyz_3:1049794C,T
Ctyz_3:1049820A,G
Ctyz_3:1049822G,T
Ctyz_3:1049870C,T
Ctyz_3:1049883C,T
Ctyz_3:1049932G,T
Ctyz_3:1049972C,T
Ctyz_3:1050011A,G
Ctyz_3:1050024A,C
Ctyz_3:1050057C,T
Ctyz_3:1050102A,G
Ctyz_3:1050128C,T
Ctyz_3:1050199C,T
Ctyz_3:1050232C,T
Ctyz_3:1050305C,T
Ctyz_3:1050311A,G
Ctyz_3:1050333A,G
Ctyz_3:1050379C,T
Ctyz_3:1050386C,G
Ctyz_3:1050757C,T
Ctyz_3:1050794A,G
Ctyz_3:1050805A,T
Ctyz_3:1050822G,T
Ctyz_3:1050823C,T
Ctyz_3:1050830A,G
Ctyz_3:1050866A,G
Ctyz_3:1050929C,T
Ctyz_3:1051000C,T
Ctyz_3:1051028C,T
Ctyz_3:1051061A,C
Ctyz_3:1051072A,G
Ctyz_3:1051141C,T
Ctyz_3:1051199A,G
Ctyz_3:1051244A,G
Ctyz_3:1051295C,T
Ctyz_3:1051478A,G
Ctyz_3:1051501A,G
Ctyz_3:1051517C,T
Ctyz_3:1051557A,G
Ctyz_3:1051566A,T
Ctyz_3:1051568A,C
Ctyz_3:1051580C,T
Ctyz_3:1051581A,G
Ctyz_3:1051602C,G
Ctyz_3:1051604C,T
Ctyz_3:1051631A,G
Ctyz_3:1051637A,G
Ctyz_3:1051674A,G
Ctyz_3:1051688C,G
Ctyz_3:1051691A,G
Ctyz_3:1051695A,G
Ctyz_3:1051778C,T
Ctyz_3:1051799A,G
Ctyz_3:1051832C,T
Ctyz_3:1051872A,G
Ctyz_3:1051908C,T
Ctyz_3:1051917C,T
Ctyz_3:1051919G,T
Ctyz_3:1051932A,T
Ctyz_3:1052022A,C
Ctyz_3:1052048C,T
Ctyz_3:1052057C,T
Ctyz_3:1052066C,T
Ctyz_3:1052355C,T
Ctyz_3:1052367C,T
Ctyz_3:1052399G,T
Ctyz_3:1052423A,G
Ctyz_3:1052516C,T
Ctyz_3:1052525C,T
Ctyz_3:1052558G,T
Ctyz_3:1052632C,T
Ctyz_3:1052647A,G
Ctyz_3:1052656A,G
Ctyz_3:1052675A,G
Ctyz_3:1052683C,T
Ctyz_3:1052810C,T
Ctyz_3:1052907C,T
Ctyz_3:1053056A,G
Ctyz_3:1053077A,G
Ctyz_3:1053086C,T
Ctyz_3:1053206A,G
Ctyz_3:1053212C,T
Ctyz_3:1053220A,G
Ctyz_3:1053233C,T
Ctyz_3:1053248C,T
Ctyz_3:1053275C,T
Ctyz_3:1053323C,T
Ctyz_3:1053331C,T
Ctyz_3:1053491A,G
Ctyz_3:1053551A,G
Ctyz_3:1053644C,T
Ctyz_3:1053647C,T
Ctyz_3:1053653A,T
Ctyz_3:1053788C,T
Ctyz_3:1053796A,C
Ctyz_3:1053857C,T
Ctyz_3:1053872A,G
Ctyz_3:1053896A,G
Ctyz_3:1053963A,T
Ctyz_3:1053986C,T
Ctyz_3:1054015C,T
Ctyz_3:1054031A,T
Ctyz_3:1054162A,T
Ctyz_3:1054163A,T
Ctyz_3:1054263A,T
Ctyz_3:1054274A,G
Ctyz_3:1054282A,G
Ctyz_3:1054297G,T
Ctyz_3:1054311A,G
Ctyz_3:1054370A,T
Ctyz_3:1054404A,G
Ctyz_3:1054405A,G
Ctyz_3:1054437G,T
Ctyz_3:1054444A,G
Ctyz_3:1054451A,T
Ctyz_3:1054455A,C
Ctyz_3:1054484A,G
Ctyz_3:1054670A,G
Ctyz_3:1055372A,G
Ctyz_3:1055767C,T
Ctyz_3:1055773C,T
Ctyz_3:1055776A,C
Ctyz_3:1055778C,T
Ctyz_3:1056525C,T
Ctyz_3:1056530A,T
Ctyz_3:1058726A,G
Ctyz_3:1058728A,T
Ctyz_3:1058729C,T
Ctyz_3:1058736A,G
Ctyz_3:1058738C,T
Ctyz_3:1058739A,G
Ctyz_3:1059377C,T
Ctyz_3:1059378A,G
Ctyz_3:1059379A,T
Ctyz_3:1059514A,G
Ctyz_3:1059520A,G
Ctyz_3:1060747A,G
Ctyz_3:1061373G,T
Ctyz_3:1061397A,G
Ctyz_3:1061400A,G
Ctyz_3:1061884A,T
Ctyz_3:1061959C,T
Ctyz_3:1061964C,T
Ctyz_3:1061965A,T
Ctyz_3:1061991C,T
Ctyz_3:1061992A,G
Ctyz_3:1061995A,T
Ctyz_3:1061998C,T
Ctyz_3:1062000C,G
Ctyz_3:1062004A,G
Ctyz_3:1062007C,T
Ctyz_3:1062452A,G
Ctyz_3:1062468A,C
Ctyz_3:1062490A,G
Ctyz_3:1062496A,G
Ctyz_3:1062502C,T
Ctyz_3:1062511A,G
Ctyz_3:1062530A,G
Ctyz_3:1062590C,T
Ctyz_3:1063069A,G
Ctyz_3:1063487A,G
Ctyz_3:1063492A,T
Ctyz_3:1063495A,G
Ctyz_3:1063496C,T
Ctyz_3:1063510C,T
Ctyz_3:1063519A,T
Ctyz_3:1074721A,T
Ctyz_3:1074722C,T
Ctyz_3:1074730C,T
Ctyz_3:1074886C,T
Ctyz_3:1075033A,T
Ctyz_3:1075055A,G
Ctyz_3:1075339A,T
Ctyz_3:1075346A,G
Ctyz_3:1075358A,G
Ctyz_3:1075377A,G
Ctyz_3:1075513A,G
Ctyz_3:1076014A,T
Ctyz_3:1076430A,G
Ctyz_3:1076882C,T
Ctyz_3:1076883G,T
Ctyz_3:1078715C,T
Ctyz_3:1080685G,T
Ctyz_3:1080708A,G
Ctyz_3:1080727C,T
Ctyz_3:1081033A,G
Ctyz_3:1081087C,T
Ctyz_3:1081669A,G
Ctyz_3:1081713A,T
Ctyz_3:1081979C,T
Ctyz_3:1082012C,T
Ctyz_3:1082053A,C
Ctyz_3:1082214C,T
Ctyz_3:1082230A,T
Ctyz_3:1082263C,T
Ctyz_3:1082514A,G
Ctyz_3:1082539A,G
Ctyz_3:1082564C,T
Ctyz_3:1082605A,G
Ctyz_3:1082618C,T
Ctyz_3:1082621C,T
Ctyz_3:1082728A,C
Ctyz_3:1082754A,G
Ctyz_3:1082773C,T
Ctyz_3:1082791C,G
Ctyz_3:1082825C,T
Ctyz_3:1082826A,G
Ctyz_3:1082911G,T
Ctyz_4:5527C,T
Ctyz_4:11217C,T
Ctyz_4:13949G,T
Ctyz_4:13955A,G
Ctyz_4:14083A,G
Ctyz_4:14239A,G
Ctyz_4:14425A,C
Ctyz_4:14560G,T
Ctyz_4:14698C,T
Ctyz_4:14749C,T
Ctyz_4:14884A,G
Ctyz_4:14926C,T
Ctyz_4:14961C,T
Ctyz_4:15013C,T
Ctyz_4:15233A,G
Ctyz_4:15248A,G
Ctyz_4:15623C,T
Ctyz_4:15747G,T
Ctyz_4:15762A,G
Ctyz_4:15948A,G
Ctyz_4:15968A,G
Ctyz_4:15970C,T
Ctyz_4:15983C,T
Ctyz_4:16040A,G
Ctyz_4:16043C,T
Ctyz_4:16086C,T
Ctyz_4:16095G,T
Ctyz_4:16139A,G
Ctyz_4:16141G,T
Ctyz_4:16147C,G
Ctyz_4:16216A,G
Ctyz_4:16314C,T
Ctyz_4:16356A,G
Ctyz_4:16385A,G
Ctyz_4:16552A,G
Ctyz_4:16574C,T
Ctyz_4:16587A,G
Ctyz_4:17185G,T
Ctyz_4:17551A,G
Ctyz_4:17565A,T
Ctyz_4:18248A,T
Ctyz_4:18628G,T
Ctyz_4:18637C,T
Ctyz_4:18639A,G
Ctyz_4:20772A,T
Ctyz_4:20780A,G
Ctyz_4:22801A,C
Ctyz_4:23132A,T
Ctyz_4:23133A,T
Ctyz_4:23660A,G
Ctyz_4:23668A,C
Ctyz_4:23678C,T
Ctyz_4:24059C,T
Ctyz_4:24060A,G
Ctyz_4:25721C,T
Ctyz_4:25746C,T
Ctyz_4:26563A,G
Ctyz_4:26791A,G
Ctyz_4:26795A,C
Ctyz_4:26846A,C
Ctyz_4:26901A,G
Ctyz_4:31158A,C
Ctyz_4:45235A,G
Ctyz_4:45252C,T
Ctyz_4:45330C,T
Ctyz_4:45331A,G
Ctyz_4:45687A,T
Ctyz_4:45688C,G
Ctyz_4:45823C,T
Ctyz_4:46333A,G
Ctyz_4:46352A,G
Ctyz_4:46466C,T
Ctyz_4:46930A,G
Ctyz_4:46993A,G
Ctyz_4:47320C,T
Ctyz_4:47839C,T
Ctyz_4:47860A,G
Ctyz_4:48052A,G
Ctyz_4:49050A,G
Ctyz_4:49090C,T
Ctyz_4:49094A,G
Ctyz_4:49095A,T
Ctyz_4:49149C,T
Ctyz_4:49209A,G
Ctyz_4:49239C,T
Ctyz_4:49292A,C
Ctyz_4:49297C,G
Ctyz_4:49335C,T
Ctyz_4:49393C,T
Ctyz_4:49581A,G
Ctyz_4:49725A,G
Ctyz_4:49728A,G
Ctyz_4:50157A,T
Ctyz_4:50245A,G
Ctyz_4:50703A,G
Ctyz_4:51050A,G
Ctyz_4:51530A,G
Ctyz_4:51532G,T
Ctyz_4:51550A,G
Ctyz_4:51551C,T
Ctyz_4:52010A,G
Ctyz_4:52017A,G
Ctyz_4:52023A,G
Ctyz_4:52071C,T
Ctyz_4:52778C,T
Ctyz_4:54003A,G
Ctyz_4:56696A,G
Ctyz_4:61983C,T
Ctyz_4:70908C,T
Ctyz_4:71248C,T
Ctyz_4:71557A,G
Ctyz_4:91071C,T
Ctyz_4:91245A,T
Ctyz_4:91264C,T
Ctyz_4:91827A,G
Ctyz_4:91877C,T
Ctyz_4:92416A,G
Ctyz_4:92436C,T
Ctyz_4:92449C,T
Ctyz_4:92754C,T
Ctyz_4:93134C,T
Ctyz_4:93138A,G
Ctyz_4:93140A,T
Ctyz_4:106101A,G
Ctyz_4:109653A,G
Ctyz_4:109670C,T
Ctyz_4:112626G,T
Ctyz_4:112643A,G
Ctyz_4:165597A,T
Ctyz_4:169992A,T
Ctyz_4:170138A,C
Ctyz_4:170140C,T
Ctyz_4:170421A,G
Ctyz_4:190911C,T
Ctyz_4:191418C,T
Ctyz_4:191933C,T
Ctyz_4:191935C,T
Ctyz_4:191982A,T
Ctyz_4:201262C,T
Ctyz_4:201263C,T
Ctyz_4:202560C,T
Ctyz_4:202574C,G
Ctyz_4:202696A,G
Ctyz_4:202983G,T
Ctyz_4:203082A,G
Ctyz_4:203104G,T
Ctyz_4:203109A,T
Ctyz_4:203110C,T
Ctyz_4:203193A,T
Ctyz_4:203231A,G
Ctyz_4:203255C,T
Ctyz_4:203293C,T
Ctyz_4:203350A,G
Ctyz_4:203422A,G
Ctyz_4:203888C,T
Ctyz_4:204027A,G
Ctyz_4:204277A,G
Ctyz_4:204286A,G
Ctyz_4:204288C,T
Ctyz_4:204552A,C
Ctyz_4:204556C,G
Ctyz_4:204568C,T
Ctyz_4:205974A,G
Ctyz_4:206760A,C
Ctyz_4:206788G,T
Ctyz_4:206880A,G
Ctyz_4:207220A,G
Ctyz_4:207772C,T
Ctyz_4:207834A,G
Ctyz_4:207836A,G
Ctyz_4:207925A,G
Ctyz_4:208009C,T
Ctyz_4:208499A,G
Ctyz_4:208582A,G
Ctyz_4:208600A,G
Ctyz_4:209093C,T
Ctyz_4:209219A,C
Ctyz_4:209249C,T
Ctyz_4:209845A,G
Ctyz_4:215554A,G
Ctyz_4:215555A,T
Ctyz_4:215560C,T
Ctyz_4:215569C,T
Ctyz_4:215578A,G
Ctyz_4:215579A,G
Ctyz_4:215580A,T
Ctyz_4:215602A,C
Ctyz_4:215603A,G
Ctyz_4:215613G,T
Ctyz_4:215640C,T
Ctyz_4:215646G,T
Ctyz_4:215649A,T
Ctyz_4:215654A,G
Ctyz_4:215656G,T
Ctyz_4:215680C,T
Ctyz_4:215682A,G
Ctyz_4:215687C,T
Ctyz_4:215699A,C
Ctyz_4:215726C,T
Ctyz_4:215735A,T
Ctyz_4:215784C,T
Ctyz_4:215795C,T
Ctyz_4:215814A,G
Ctyz_4:215900A,G
Ctyz_4:219516C,T
Ctyz_4:228829A,T
Ctyz_4:228834C,T
Ctyz_4:228836A,T
Ctyz_4:228838C,T
Ctyz_4:272149A,T
Ctyz_4:273700C,T
Ctyz_4:274243C,T
Ctyz_4:274477C,T
Ctyz_4:274796G,T
Ctyz_4:275457C,G
Ctyz_4:276014A,G
Ctyz_4:276032A,G
Ctyz_4:276525A,G
Ctyz_4:276671C,T
Ctyz_4:277472C,T
Ctyz_4:277886A,G
Ctyz_4:278363C,T
Ctyz_4:278859A,G
Ctyz_4:278878A,G
Ctyz_4:278898A,G
Ctyz_4:279005A,C
Ctyz_4:279016G,T
Ctyz_4:279017G,T
Ctyz_4:279158A,G
Ctyz_4:279167A,G
Ctyz_4:279192G,T
Ctyz_4:279197C,T
Ctyz_4:279202G,T
Ctyz_4:279320C,T
Ctyz_4:279333A,G
Ctyz_4:279627C,T
Ctyz_4:279708A,G
Ctyz_4:279741C,T
Ctyz_4:279772G,T
Ctyz_4:279903A,G
Ctyz_4:280860A,G
Ctyz_4:280905A,C
Ctyz_4:281172A,G
Ctyz_4:284265A,G
Ctyz_4:284272A,G
Ctyz_4:284284G,T
Ctyz_4:286446A,T
Ctyz_4:286456G,T
Ctyz_4:286461C,T
Ctyz_4:286686C,T
Ctyz_4:286717A,G
Ctyz_4:286719A,G
Ctyz_4:286720A,G
Ctyz_4:286805A,G
Ctyz_4:286825A,G
Ctyz_4:286887A,G
Ctyz_4:286901A,G
Ctyz_4:286908G,T
Ctyz_4:287049C,T
Ctyz_4:287771A,G
Ctyz_4:287789C,T
Ctyz_4:288034C,T
Ctyz_4:289049C,T
Ctyz_4:289060A,G
Ctyz_4:289076C,T
Ctyz_4:289298A,T
Ctyz_4:289513C,T
Ctyz_4:289583C,T
Ctyz_4:289623C,T
Ctyz_4:289649A,T
Ctyz_4:289717A,G
Ctyz_4:289718A,G
Ctyz_4:289740A,G
Ctyz_4:289796A,G
Ctyz_4:289812A,G
Ctyz_4:289814A,G
Ctyz_4:289878C,T
Ctyz_4:290210C,T
Ctyz_4:290211A,G
Ctyz_4:290308A,G
Ctyz_4:290319C,T
Ctyz_4:290397A,G
Ctyz_4:290520A,G
Ctyz_4:291042C,T
Ctyz_4:291070A,G
Ctyz_4:291104C,T
Ctyz_4:294875A,G
Ctyz_4:294879A,G
Ctyz_4:298534A,G
Ctyz_4:300181A,T
Ctyz_4:302426A,G
Ctyz_4:302427A,G
Ctyz_4:302428A,T
Ctyz_4:302435A,G
Ctyz_4:329991C,G
Ctyz_4:330035A,G
Ctyz_4:330043C,T
Ctyz_4:330195C,T
Ctyz_4:330546C,T
Ctyz_4:333500C,T
Ctyz_4:333510A,G
Ctyz_4:333513C,T
Ctyz_4:333514C,T
Ctyz_4:333516A,G
Ctyz_4:333544A,G
Ctyz_4:333555C,G
Ctyz_4:333579C,T
Ctyz_4:333583C,T
Ctyz_4:334580A,G
Ctyz_4:334793A,G
Ctyz_4:339204A,T
Ctyz_4:340978A,G
Ctyz_4:340981A,T
Ctyz_4:340987A,T
Ctyz_4:347151G,T
Ctyz_4:347203A,G
Ctyz_4:353297C,T
Ctyz_4:353406C,T
Ctyz_4:353408C,T
Ctyz_4:353415A,G
Ctyz_4:354465C,T
Ctyz_4:354476A,G
Ctyz_4:354946A,T
Ctyz_4:354963A,G
Ctyz_4:355993G,T
Ctyz_4:355997C,T
Ctyz_4:356018A,G
Ctyz_4:356036A,G
Ctyz_4:356077C,T
Ctyz_4:356206A,C
Ctyz_4:356210C,T
Ctyz_4:358092A,G
Ctyz_4:359305C,T
Ctyz_4:366086A,G
Ctyz_4:368232A,T
Ctyz_4:368235A,T
Ctyz_4:368238A,T
Ctyz_4:384536C,T
Ctyz_4:384608C,T
Ctyz_4:384613C,T
Ctyz_4:384624A,G
Ctyz_4:393589C,T
Ctyz_4:393590C,T
Ctyz_4:393592C,T
Ctyz_4:393616C,T
Ctyz_4:393643C,T
Ctyz_4:393646C,T
Ctyz_4:393655C,T
Ctyz_4:393664C,T
Ctyz_4:393688C,T
Ctyz_4:393709C,T
Ctyz_4:393710C,T
Ctyz_4:393718C,T
Ctyz_4:393784C,T
Ctyz_4:397932C,T
Ctyz_4:398412A,G
Ctyz_4:398562A,G
Ctyz_4:398796A,G
Ctyz_4:398886A,G
Ctyz_4:398949A,G
Ctyz_4:398955A,G
Ctyz_4:399087A,G
Ctyz_4:399092A,G
Ctyz_4:399123G,T
Ctyz_4:399474C,T
Ctyz_4:399797A,G
Ctyz_4:400096G,T
Ctyz_4:400579C,G
Ctyz_4:400711C,T
Ctyz_4:401569A,G
Ctyz_4:401594C,T
Ctyz_4:401601A,G
Ctyz_4:401617C,G
Ctyz_4:401855C,T
Ctyz_4:402000A,C
Ctyz_4:402074A,G
Ctyz_4:402290C,T
Ctyz_4:402450A,G
Ctyz_4:402461A,G
Ctyz_4:402503G,T
Ctyz_4:402533A,G
Ctyz_4:402542C,T
Ctyz_4:403664A,G
Ctyz_4:404393C,T
Ctyz_4:404399A,G
Ctyz_4:404432G,T
Ctyz_4:404438A,G
Ctyz_4:404465G,T
Ctyz_4:404468A,C
Ctyz_4:404513A,G
Ctyz_4:404687A,G
Ctyz_4:405842A,T
Ctyz_4:407211C,T
Ctyz_4:407687C,T
Ctyz_4:407736C,T
Ctyz_4:407846G,T
Ctyz_4:407855C,T
Ctyz_4:407918A,G
Ctyz_4:408392C,T
Ctyz_4:408450A,G
Ctyz_4:408498C,T
Ctyz_4:408510A,C
Ctyz_4:408639A,T
Ctyz_4:408701A,T
Ctyz_4:408709C,T
Ctyz_4:408876C,T
Ctyz_4:409353C,T
Ctyz_4:410014A,C
Ctyz_4:410457C,T
Ctyz_4:410471A,G
Ctyz_4:410473C,T
Ctyz_4:410479C,T
Ctyz_4:410518C,T
Ctyz_4:410609A,G
Ctyz_4:412508A,G
Ctyz_4:413465C,T
Ctyz_4:415416A,T
Ctyz_4:419866G,T
Ctyz_4:430648A,C
Ctyz_4:504191C,T
Ctyz_4:516032C,T
Ctyz_4:516035A,C
Ctyz_4:516036A,T
Ctyz_4:516384C,T
Ctyz_4:524881C,T
Ctyz_4:525489C,T
Ctyz_4:526487C,T
Ctyz_4:526496C,T
Ctyz_4:530535A,G
Ctyz_4:531320A,G
Ctyz_4:531323A,C
Ctyz_4:532675A,G
Ctyz_4:532676C,T
Ctyz_4:532848C,T
Ctyz_4:533598C,T
Ctyz_4:533793A,G
Ctyz_4:533808C,T
Ctyz_4:533930A,G
Ctyz_4:534411C,T
Ctyz_4:534441C,T
Ctyz_4:534508A,G
Ctyz_4:534580A,G
Ctyz_4:534603A,G
Ctyz_4:534696A,G
Ctyz_4:537202C,T
Ctyz_4:537212A,C
Ctyz_4:537221A,G
Ctyz_4:537358C,T
Ctyz_4:537361C,T
Ctyz_4:537383A,C
Ctyz_4:537394A,G
Ctyz_4:537397A,G
Ctyz_4:537407G,T
Ctyz_4:537919A,C
Ctyz_4:538112C,T
Ctyz_4:543071C,G
Ctyz_4:543312C,T
Ctyz_4:543939A,G
Ctyz_4:543971C,T
Ctyz_4:544143C,T
Ctyz_4:544404C,T
Ctyz_4:544485A,G
Ctyz_4:544494A,G
Ctyz_4:544527C,T
Ctyz_4:544539C,T
Ctyz_4:544629A,T
Ctyz_4:544636A,G
Ctyz_4:544974A,G
Ctyz_4:545743C,T
Ctyz_4:545788A,G
Ctyz_4:545828A,G
Ctyz_4:545832A,G
Ctyz_4:545871A,T
Ctyz_4:545872A,G
Ctyz_4:545879G,T
Ctyz_4:549965A,G
Ctyz_4:550816A,G
Ctyz_4:550832A,T
Ctyz_4:550860C,T
Ctyz_4:551074C,T
Ctyz_4:552042C,T
Ctyz_4:552353A,G
Ctyz_4:552365C,T
Ctyz_4:552393A,G
Ctyz_4:552580A,G
Ctyz_4:552581A,T
Ctyz_4:552593A,G
Ctyz_4:552833C,T
Ctyz_4:552931C,T
Ctyz_4:552940G,T
Ctyz_4:552942C,T
Ctyz_4:553852C,T
Ctyz_4:554139C,T
Ctyz_4:554174A,G
Ctyz_4:554177C,T
Ctyz_4:554194A,G
Ctyz_4:554305G,T
Ctyz_4:554306A,C
Ctyz_4:554340A,G
Ctyz_4:554357C,T
Ctyz_4:554366C,T
Ctyz_4:554378C,T
Ctyz_4:554406A,G
Ctyz_4:554429C,T
Ctyz_4:554464A,G
Ctyz_4:554790A,G
Ctyz_4:554822C,T
Ctyz_4:554850A,C
Ctyz_4:555511A,G
Ctyz_4:555547C,T
Ctyz_4:556439C,T
Ctyz_4:572428C,T
Ctyz_4:572429G,T
Ctyz_4:572443C,T
Ctyz_4:573071C,T
Ctyz_4:573750A,G
Ctyz_4:573782C,G
Ctyz_4:573822A,T
Ctyz_4:574105A,G
Ctyz_4:574528A,G
Ctyz_4:574581G,T
Ctyz_4:574591C,T
Ctyz_4:574606A,C
Ctyz_4:574692C,G
Ctyz_4:575113A,G
Ctyz_4:575117A,T
Ctyz_4:576446A,T
Ctyz_4:576448A,C
Ctyz_4:576484C,T
Ctyz_4:576497C,T
Ctyz_4:576517A,C
Ctyz_4:577330A,G
Ctyz_4:577346A,T
Ctyz_4:577349A,G
Ctyz_4:577362C,G
Ctyz_4:577380C,T
Ctyz_4:577644C,T
Ctyz_4:577692A,T
Ctyz_4:577718A,C
Ctyz_4:577874A,G
Ctyz_4:577880C,T
Ctyz_4:578194A,G
Ctyz_4:578311C,T
Ctyz_4:578685C,T
Ctyz_4:578688A,G
Ctyz_4:578703A,G
Ctyz_4:578760A,G
Ctyz_4:579049C,T
Ctyz_4:579240A,C
Ctyz_4:579518A,T
Ctyz_4:579576A,G
Ctyz_4:579944A,G
Ctyz_4:580002A,T
Ctyz_4:580162A,G
Ctyz_4:580653G,T
Ctyz_4:580661C,T
Ctyz_4:580705A,C
Ctyz_4:581180A,C
Ctyz_4:581276A,C
Ctyz_4:581295A,G
Ctyz_4:581306C,T
Ctyz_4:581327C,T
Ctyz_4:581349A,T
Ctyz_4:581566A,G
Ctyz_4:582218A,G
Ctyz_4:582612A,G
Ctyz_4:582626A,G
Ctyz_4:582686C,T
Ctyz_4:584046C,T
Ctyz_4:594191A,G
Ctyz_4:594193C,T
Ctyz_4:619187C,T
Ctyz_4:636816A,T
Ctyz_4:636953C,T
Ctyz_4:637259A,G
Ctyz_4:637277A,T
Ctyz_4:638834A,G
Ctyz_4:639430A,G
Ctyz_4:640128A,G
Ctyz_4:640235A,G
Ctyz_4:640236A,G
Ctyz_4:640555A,G
Ctyz_4:640557C,G
Ctyz_4:640560C,T
Ctyz_4:641680A,C
Ctyz_4:641688C,T
Ctyz_4:643167C,T
Ctyz_4:643176C,T
Ctyz_4:643845C,T
Ctyz_4:643851A,C
Ctyz_4:643955A,G
Ctyz_4:643968A,G
Ctyz_4:685322A,C
Ctyz_4:685760C,T
Ctyz_4:750245C,T
Ctyz_4:752297C,T
Ctyz_4:753018C,T
Ctyz_4:753020G,T
Ctyz_4:753032C,T
Ctyz_4:753062C,T
Ctyz_4:753068A,G
Ctyz_4:753138C,T
Ctyz_4:753155C,T
Ctyz_4:753200A,G
Ctyz_4:753396C,G
Ctyz_4:753415C,T
Ctyz_4:753416C,T
Ctyz_4:753417C,T
Ctyz_4:753481A,G
Ctyz_4:753485A,T
Ctyz_4:753513C,T
Ctyz_4:753517C,T
Ctyz_4:753518A,T
Ctyz_4:753790A,G
Ctyz_4:771376A,G
Ctyz_4:771385A,C
Ctyz_4:799725A,G
Ctyz_4:835270A,T
Ctyz_4:835431A,T
Ctyz_4:835436C,T
Ctyz_4:835461G,T
Ctyz_4:840365C,T
Ctyz_4:847584A,C
Ctyz_4:847585A,G
Ctyz_4:847605C,T
Ctyz_4:847606C,T
Ctyz_4:847609C,T
Ctyz_4:876266A,T
Ctyz_4:898315C,T
Ctyz_4:898558A,C
Ctyz_4:898566A,G
Ctyz_4:898763A,T
Ctyz_4:898772C,T
Ctyz_4:898773A,T
Ctyz_4:904071C,T
Ctyz_4:931003G,T
Ctyz_4:931103A,T
Ctyz_4:933247G,T
Ctyz_4:933581A,G
Ctyz_4:935858C,T
Ctyz_4:936044A,G
Ctyz_4:937970C,T
Ctyz_4:938388C,T
Ctyz_4:938391A,G
Ctyz_4:938392C,T
Ctyz_4:942096G,T
Ctyz_4:953130A,G
Ctyz_4:973737A,G
Ctyz_4:973743C,G
Ctyz_4:982251A,T
Ctyz_4:989243A,G
Ctyz_4:989270A,G
Ctyz_4:989280G,T
Ctyz_4:989908C,T
Ctyz_4:990820A,C
Ctyz_4:990977A,G
Ctyz_4:991007A,C
Ctyz_4:991144A,G
Ctyz_4:991935A,G
Ctyz_4:991936A,G
Ctyz_4:991982A,G
Ctyz_4:993030A,G
Ctyz_4:993040C,T
Ctyz_4:994288C,T
Ctyz_4:994304A,T
Ctyz_4:994328C,T
Ctyz_4:994345C,T
Ctyz_4:994370A,G
Ctyz_4:994407A,G
Ctyz_4:994505C,T
Ctyz_4:994538A,G
Ctyz_4:994922A,C
Ctyz_4:995973A,G
Ctyz_4:996009C,T
Ctyz_4:996659C,T
Ctyz_4:1001275C,T
Ctyz_4:1008635A,G
Ctyz_4:1072744A,G
Ctyz_4:1072747C,T
Ctyz_4:1072752C,T
Ctyz_4:1077097C,T
Ctyz_4:1079019C,T
Ctyz_5:5152A,T
Ctyz_5:5992G,T
Ctyz_5:19988C,T
Ctyz_5:20001C,T
Ctyz_5:20008C,T
Ctyz_5:20040C,T
Ctyz_5:20041A,G
Ctyz_5:20044A,G
Ctyz_5:20053C,T
Ctyz_5:20054G,T
Ctyz_5:20206A,G
Ctyz_5:20242A,C
Ctyz_5:20265C,T
Ctyz_5:20369A,G
Ctyz_5:20381A,G
Ctyz_5:20399C,G
Ctyz_5:20444C,T
Ctyz_5:20564A,G
Ctyz_5:20569G,T
Ctyz_5:20576C,T
Ctyz_5:20593C,T
Ctyz_5:20627C,T
Ctyz_5:20653C,T
Ctyz_5:20655C,G
Ctyz_5:20656C,T
Ctyz_5:20658C,G
Ctyz_5:20695A,G
Ctyz_5:20699A,G
Ctyz_5:20713A,T
Ctyz_5:20717A,G
Ctyz_5:20911A,G
Ctyz_5:20942C,T
Ctyz_5:21048C,G
Ctyz_5:21142C,T
Ctyz_5:25783A,G
Ctyz_5:25917A,T
Ctyz_5:26004C,T
Ctyz_5:26021A,T
Ctyz_5:26023C,T
Ctyz_5:26070C,T
Ctyz_5:26317C,T
Ctyz_5:26358A,G
Ctyz_5:26538A,T
Ctyz_5:26583A,T
Ctyz_5:26632A,C
Ctyz_5:26870C,G
Ctyz_5:26896C,T
Ctyz_5:34409A,T
Ctyz_5:36340A,T
Ctyz_5:36343A,C
Ctyz_5:38499A,G
Ctyz_5:75184A,G
Ctyz_5:89130C,T
Ctyz_5:90412G,T
Ctyz_5:90416C,T
Ctyz_5:90428C,T
Ctyz_5:90433A,C
Ctyz_5:90434C,T
Ctyz_5:90476C,T
Ctyz_5:90480C,T
Ctyz_5:90501A,G
Ctyz_5:90511A,G
Ctyz_5:90747A,G
Ctyz_5:91433A,C
Ctyz_5:96742C,G
Ctyz_5:96749A,G
Ctyz_5:97466C,T
Ctyz_5:97527A,G
Ctyz_5:97549A,G
Ctyz_5:97623C,T
Ctyz_5:97665A,G
Ctyz_5:97961A,G
Ctyz_5:98176A,T
Ctyz_5:98877C,T
Ctyz_5:98920A,G
Ctyz_5:98943C,T
Ctyz_5:98992C,T
Ctyz_5:99112C,T
Ctyz_5:99326A,T
Ctyz_5:99373A,G
Ctyz_5:99517C,T
Ctyz_5:99751C,T
Ctyz_5:99754C,T
Ctyz_5:99763C,T
Ctyz_5:99796A,G
Ctyz_5:99901A,G
Ctyz_5:99916A,T
Ctyz_5:101183A,G
Ctyz_5:101344C,G
Ctyz_5:101551C,T
Ctyz_5:101605C,T
Ctyz_5:101660A,G
Ctyz_5:101668C,T
Ctyz_5:101843A,G
Ctyz_5:101897A,G
Ctyz_5:101926C,T
Ctyz_5:101982A,T
Ctyz_5:102032A,G
Ctyz_5:102064G,T
Ctyz_5:102152C,T
Ctyz_5:102158A,G
Ctyz_5:102188C,T
Ctyz_5:102203C,T
Ctyz_5:107397A,G
Ctyz_5:107506A,G
Ctyz_5:107539A,G
Ctyz_5:107545A,G
Ctyz_5:107547A,G
Ctyz_5:107956C,T
Ctyz_5:108092A,T
Ctyz_5:108147A,G
Ctyz_5:108148C,T
Ctyz_5:108160G,T
Ctyz_5:108185A,G
Ctyz_5:108268A,G
Ctyz_5:108421A,T
Ctyz_5:109075A,G
Ctyz_5:109534A,G
Ctyz_5:109720A,G
Ctyz_5:109726G,T
Ctyz_5:119680A,G
Ctyz_5:119791C,T
Ctyz_5:119792C,T
Ctyz_5:120661A,G
Ctyz_5:120671A,G
Ctyz_5:120838C,T
Ctyz_5:121189C,T
Ctyz_5:121234A,T
Ctyz_5:121246C,T
Ctyz_5:121264A,G
Ctyz_5:121276A,G
Ctyz_5:122963A,G
Ctyz_5:124024C,T
Ctyz_5:124063A,C
Ctyz_5:124071C,G
Ctyz_5:124087A,G
Ctyz_5:124178A,G
Ctyz_5:124182C,T
Ctyz_5:124201C,T
Ctyz_5:124222A,G
Ctyz_5:124241A,C
Ctyz_5:124271A,G
Ctyz_5:124488C,T
Ctyz_5:124545C,T
Ctyz_5:124599C,T
Ctyz_5:124828A,T
Ctyz_5:125017G,T
Ctyz_5:126201C,G
Ctyz_5:126814C,G
Ctyz_5:126893C,T
Ctyz_5:141161C,G
Ctyz_5:141591G,T
Ctyz_5:142581A,G
Ctyz_5:144249G,T
Ctyz_5:144389C,T
Ctyz_5:144400C,T
Ctyz_5:144402A,T
Ctyz_5:145802A,G
Ctyz_5:146962A,G
Ctyz_5:147192C,T
Ctyz_5:147658A,T
Ctyz_5:147674A,G
Ctyz_5:147809C,T
Ctyz_5:152388A,G
Ctyz_5:152394C,T
Ctyz_5:153067A,G
Ctyz_5:157420A,T
Ctyz_5:157463A,T
Ctyz_5:178701C,T
Ctyz_5:178702A,G
Ctyz_5:178707C,T
Ctyz_5:181144C,T
Ctyz_5:181219C,T
Ctyz_5:181221C,T
Ctyz_5:181226A,C
Ctyz_5:184685C,T
Ctyz_5:184756A,G
Ctyz_5:185028C,T
Ctyz_5:185144C,T
Ctyz_5:185215C,T
Ctyz_5:187337A,G
Ctyz_5:187338A,T
Ctyz_5:187339A,T
Ctyz_5:187572A,G
Ctyz_5:188739C,T
Ctyz_5:188741G,T
Ctyz_5:188834A,T
Ctyz_5:189757A,G
Ctyz_5:228177C,T
Ctyz_5:228849C,T
Ctyz_5:228854C,T
Ctyz_5:228857G,T
Ctyz_5:228858A,G
Ctyz_5:291670A,G
Ctyz_5:291703A,G
Ctyz_5:291706A,G
Ctyz_5:291715A,T
Ctyz_5:291718A,T
Ctyz_5:291720A,T
Ctyz_5:292402A,T
Ctyz_5:298955C,T
Ctyz_5:299917A,G
Ctyz_5:303218C,T
Ctyz_5:304014C,T
Ctyz_5:304015A,G
Ctyz_5:305653A,G
Ctyz_5:310421A,C
Ctyz_5:311597G,T
Ctyz_5:311605A,G
Ctyz_5:311616A,G
Ctyz_5:311624A,T
Ctyz_5:311665C,T
Ctyz_5:313198C,T
Ctyz_5:313250C,T
Ctyz_5:313254A,G
Ctyz_5:313339C,T
Ctyz_5:313346A,G
Ctyz_5:315949A,G
Ctyz_5:315968A,G
Ctyz_5:316282C,T
Ctyz_5:316372G,T
Ctyz_5:316433A,G
Ctyz_5:316453A,G
Ctyz_5:316484A,G
Ctyz_5:316530C,T
Ctyz_5:316545C,T
Ctyz_5:316589A,G
Ctyz_5:316693A,T
Ctyz_5:316702A,G
Ctyz_5:316823A,G
Ctyz_5:316865A,G
Ctyz_5:316867C,T
Ctyz_5:316870C,T
Ctyz_5:316970C,T
Ctyz_5:317016C,T
Ctyz_5:317056C,T
Ctyz_5:317172C,G
Ctyz_5:317186A,G
Ctyz_5:317396A,T
Ctyz_5:317437A,T
Ctyz_5:317445C,T
Ctyz_5:317803C,T
Ctyz_5:317818C,T
Ctyz_5:317998C,T
Ctyz_5:318043C,T
Ctyz_5:318100A,T
Ctyz_5:318208A,C
Ctyz_5:318237G,T
Ctyz_5:318262A,G
Ctyz_5:318581A,G
Ctyz_5:318616A,G
Ctyz_5:318673A,G
Ctyz_5:318751A,T
Ctyz_5:318766A,T
Ctyz_5:318769C,T
Ctyz_5:318849A,G
Ctyz_5:318886G,T
Ctyz_5:319076C,T
Ctyz_5:319082C,T
Ctyz_5:319112C,T
Ctyz_5:319118A,G
Ctyz_5:319233C,T
Ctyz_5:319278C,T
Ctyz_5:319295A,G
Ctyz_5:319864C,T
Ctyz_5:320416C,T
Ctyz_5:320508A,G
Ctyz_5:320984C,G
Ctyz_5:321569C,G
Ctyz_5:322118C,T
Ctyz_5:322166A,G
Ctyz_5:322321A,G
Ctyz_5:322354A,T
Ctyz_5:322377C,T
Ctyz_5:322406C,T
Ctyz_5:322414A,T
Ctyz_5:322416A,G
Ctyz_5:322474C,G
Ctyz_5:322501C,T
Ctyz_5:322552C,T
Ctyz_5:322734A,G
Ctyz_5:322847C,T
Ctyz_5:323202A,T
Ctyz_5:323207A,T
Ctyz_5:323851A,G
Ctyz_5:324022A,T
Ctyz_5:324533A,T
Ctyz_5:324548C,T
Ctyz_5:324578A,G
Ctyz_5:325532A,C
Ctyz_5:325538C,T
Ctyz_5:327842A,G
Ctyz_5:328071A,C
Ctyz_5:328210C,T
Ctyz_5:329538A,T
Ctyz_5:330618A,C
Ctyz_5:360223A,G
Ctyz_5:458905C,T
Ctyz_5:482354C,T
Ctyz_5:482355A,G
Ctyz_5:482356C,G
Ctyz_5:483374A,T
Ctyz_5:483379C,G
Ctyz_5:483388C,T
Ctyz_5:490945C,T
Ctyz_5:490946A,G
Ctyz_5:493925A,G
Ctyz_5:493940A,G
Ctyz_5:493949A,G
Ctyz_5:493958A,G
Ctyz_5:493967A,G
Ctyz_5:494003A,G
Ctyz_5:494009A,G
Ctyz_5:494015A,G
Ctyz_5:494021A,G
Ctyz_5:494042A,G
Ctyz_5:494045A,G
Ctyz_5:494054A,G
Ctyz_5:498561C,T
Ctyz_5:500402A,T
Ctyz_5:500403C,T
Ctyz_5:502148C,T
Ctyz_5:507739C,T
Ctyz_5:507798A,G
Ctyz_5:507801A,G
Ctyz_5:508016A,G
Ctyz_5:508089A,G
Ctyz_5:508091A,G
Ctyz_5:508110A,C
Ctyz_5:508148A,G
Ctyz_5:513049A,G
Ctyz_5:533259C,T
Ctyz_5:533271C,T
Ctyz_5:533277C,T
Ctyz_5:533418C,T
Ctyz_5:533427C,T
Ctyz_5:533430C,T
Ctyz_5:533433C,T
Ctyz_5:533442C,T
Ctyz_5:533469A,T
Ctyz_5:545123A,G
Ctyz_5:545156C,T
Ctyz_5:557992C,T
Ctyz_5:557998C,T
Ctyz_5:558073C,T
Ctyz_5:558091C,T
Ctyz_5:558103C,T
Ctyz_5:558106C,T
Ctyz_5:558118C,T
Ctyz_5:558130C,T
Ctyz_5:566259A,T
Ctyz_5:566540C,G
Ctyz_5:566674C,T
Ctyz_5:603424A,G
Ctyz_5:603426A,C
Ctyz_5:608353C,G
Ctyz_5:608414C,T
Ctyz_5:608416C,T
Ctyz_5:608425C,G
Ctyz_5:608430C,T
Ctyz_5:608431C,G
Ctyz_5:608437C,G
Ctyz_5:608441C,G
Ctyz_5:608446C,T
Ctyz_5:635292A,T
Ctyz_5:701735A,G
Ctyz_5:704347A,C
Ctyz_5:704348A,T
Ctyz_5:704349A,T
Ctyz_5:707967A,T
Ctyz_5:707975A,T
Ctyz_5:717050A,C
Ctyz_5:724664C,T
Ctyz_5:724734A,G
Ctyz_5:726138A,G
Ctyz_5:726139A,G
Ctyz_5:734743G,T
Ctyz_5:734750A,G
Ctyz_5:734944A,T
Ctyz_5:735083C,T
Ctyz_5:735155A,G
Ctyz_5:735197A,C
Ctyz_5:735263C,T
Ctyz_5:735278C,T
Ctyz_5:735311C,T
Ctyz_5:735320G,T
Ctyz_5:735328A,G
Ctyz_5:735394G,T
Ctyz_5:735422A,G
Ctyz_5:735443C,T
Ctyz_5:735516A,G
Ctyz_5:735575A,G
Ctyz_5:735723C,T
Ctyz_5:735742C,T
Ctyz_5:735761A,C
Ctyz_5:735764A,G
Ctyz_5:736104C,T
Ctyz_5:736118A,G
Ctyz_5:736122C,T
Ctyz_5:736127G,T
Ctyz_5:736295C,T
Ctyz_5:736310A,G
Ctyz_5:736430A,T
Ctyz_5:736454G,T
Ctyz_5:736466C,T
Ctyz_5:736510A,C
Ctyz_5:736630C,T
Ctyz_5:736659C,T
Ctyz_5:736661C,T
Ctyz_5:736709A,T
Ctyz_5:736745C,T
Ctyz_5:736754C,G
Ctyz_5:736755C,T
Ctyz_5:736756C,T
Ctyz_5:736758C,T
Ctyz_5:736771A,T
Ctyz_5:736830C,T
Ctyz_5:736843A,T
Ctyz_5:736845A,C
Ctyz_5:736850A,C
Ctyz_5:736870C,T
Ctyz_5:736885G,T
Ctyz_5:736889C,T
Ctyz_5:736946C,T
Ctyz_5:736961C,G
Ctyz_5:736966A,T
Ctyz_5:737054C,T
Ctyz_5:737267A,G
Ctyz_5:737310A,G
Ctyz_5:737552C,T
Ctyz_5:737554A,G
Ctyz_5:737791A,G
Ctyz_5:737849A,G
Ctyz_5:738050C,T
Ctyz_5:738073C,T
Ctyz_5:738140A,T
Ctyz_5:738233C,T
Ctyz_5:738275A,G
Ctyz_5:738375A,C
Ctyz_5:739238A,T
Ctyz_5:739341C,G
Ctyz_5:740141C,T
Ctyz_5:740153C,T
Ctyz_5:740705C,T
Ctyz_5:740870A,G
Ctyz_5:741467A,C
Ctyz_5:742825A,G
Ctyz_5:742834A,C
Ctyz_5:742837A,G
Ctyz_5:743159C,T
Ctyz_5:775838C,T
Ctyz_5:776286A,G
Ctyz_5:776290G,T
Ctyz_5:776387A,T
Ctyz_5:800705C,T
Ctyz_5:800709A,T
Ctyz_5:801493A,T
Ctyz_5:801679A,G
Ctyz_5:801685C,T
Ctyz_5:801768C,T
Ctyz_5:801770A,T
Ctyz_5:813889C,G
Ctyz_5:814255A,G
Ctyz_5:819783A,C
Ctyz_5:820031C,T
Ctyz_5:820037C,T
Ctyz_5:828219G,T
Ctyz_5:828227C,T
Ctyz_5:828228A,G
Ctyz_5:829509C,T
Ctyz_5:829515A,G
Ctyz_5:830414C,T
Ctyz_5:832058A,G
Ctyz_5:832062C,T
Ctyz_5:834144A,G
Ctyz_5:834167A,G
Ctyz_5:834171A,G
Ctyz_5:853930A,G
Ctyz_5:855202A,G
Ctyz_5:855205C,T
Ctyz_5:855362G,T
Ctyz_5:855401C,T
Ctyz_5:855475C,T
Ctyz_5:856355C,T
Ctyz_5:856471C,T
Ctyz_5:856473A,C
Ctyz_5:856500C,T
Ctyz_5:856969A,G
Ctyz_5:856980G,T
Ctyz_5:856989C,G
Ctyz_5:857161A,T
Ctyz_5:857219G,T
Ctyz_5:857370C,T
Ctyz_5:857975A,G
Ctyz_5:858003C,T
Ctyz_5:858118A,G
Ctyz_5:858181A,G
Ctyz_5:858214C,T
Ctyz_5:858319A,G
Ctyz_5:858376A,G
Ctyz_5:858564A,T
Ctyz_5:858572A,T
Ctyz_5:858617A,T
Ctyz_5:858619C,T
Ctyz_5:858655C,T
Ctyz_5:858693C,T
Ctyz_5:858704C,T
Ctyz_5:858720A,T
Ctyz_5:858736A,G
Ctyz_5:858817A,G
Ctyz_5:858835A,G
Ctyz_5:858836C,T
Ctyz_5:858849C,T
Ctyz_5:858853C,T
Ctyz_5:858862A,G
Ctyz_5:858871C,T
Ctyz_5:859004A,G
Ctyz_5:859099A,G
Ctyz_5:859114C,T
Ctyz_5:859193C,G
Ctyz_5:859204A,G
Ctyz_5:859205C,T
Ctyz_5:859216C,T
Ctyz_5:859227C,T
Ctyz_5:859282C,T
Ctyz_5:859290A,T
Ctyz_5:859542G,T
Ctyz_5:859558C,G
Ctyz_5:859573G,T
Ctyz_5:860119A,G
Ctyz_5:860127G,T
Ctyz_5:860128A,G
Ctyz_5:860131C,T
Ctyz_5:860179A,G
Ctyz_5:860304A,G
Ctyz_5:860311C,T
Ctyz_5:860326A,G
Ctyz_5:860327C,G
Ctyz_5:860350A,G
Ctyz_5:860359A,G
Ctyz_5:860392C,T
Ctyz_5:860506C,T
Ctyz_5:861274A,T
Ctyz_5:861352A,G
Ctyz_5:861400A,C
Ctyz_5:861439A,G
Ctyz_5:861440A,G
Ctyz_5:861476A,G
Ctyz_5:861549A,G
Ctyz_5:861744A,T
Ctyz_5:861825A,G
Ctyz_5:861874C,T
Ctyz_5:862212G,T
Ctyz_5:862225C,T
Ctyz_5:862259C,T
Ctyz_5:862265A,T
Ctyz_5:862266A,G
Ctyz_5:862270G,T
Ctyz_5:862322A,G
Ctyz_5:862659A,T
Ctyz_5:862692A,G
Ctyz_5:862930C,T
Ctyz_5:863016A,G
Ctyz_5:863065C,T
Ctyz_5:863094C,T
Ctyz_5:863217C,T
Ctyz_5:863322C,T
Ctyz_5:863365A,C
Ctyz_5:863399A,G
Ctyz_5:863428C,G
Ctyz_5:863430A,T
Ctyz_5:863760C,T
Ctyz_5:863794C,T
Ctyz_5:863806C,T
Ctyz_5:863838C,T
Ctyz_5:863932C,G
Ctyz_5:864018C,T
Ctyz_5:864056A,T
Ctyz_5:864069A,G
Ctyz_5:864082A,C
Ctyz_5:864131A,G
Ctyz_5:864134A,C
Ctyz_5:864290G,T
Ctyz_5:864742A,T
Ctyz_5:864785C,T
Ctyz_5:865099C,G
Ctyz_5:865115A,G
Ctyz_5:865248C,T
Ctyz_5:865314C,T
Ctyz_5:865568A,G
Ctyz_5:865641G,T
Ctyz_5:865648C,T
Ctyz_5:865691C,T
Ctyz_5:865714A,G
Ctyz_5:865765A,G
Ctyz_5:865775A,G
Ctyz_5:865864A,G
Ctyz_5:865891C,T
Ctyz_5:865982A,G
Ctyz_5:866045C,T
Ctyz_5:866046A,C
Ctyz_5:866193A,C
Ctyz_5:866284C,T
Ctyz_5:867265A,G
Ctyz_5:867443A,C
Ctyz_5:867670A,G
Ctyz_5:868340C,T
Ctyz_5:868343A,G
Ctyz_5:879175A,T
Ctyz_5:884296A,G
Ctyz_5:886263C,T
Ctyz_5:889529C,T
Ctyz_5:889542A,G
Ctyz_5:889547C,T
Ctyz_5:890610A,T
Ctyz_5:891704A,T
Ctyz_5:891714G,T
Ctyz_5:891718C,T
Ctyz_5:891753A,G
Ctyz_5:891842A,T
Ctyz_5:895552A,G
Ctyz_6:4859A,G
Ctyz_6:5189C,T
Ctyz_6:5214G,T
Ctyz_6:5229G,T
Ctyz_6:5512C,T
Ctyz_6:5521C,T
Ctyz_6:5522C,T
Ctyz_6:5523A,G
Ctyz_6:5529A,G
Ctyz_6:5543C,T
Ctyz_6:5552A,G
Ctyz_6:5553C,T
Ctyz_6:5556A,G
Ctyz_6:5561A,G
Ctyz_6:5562A,G
Ctyz_6:5564C,T
Ctyz_6:5569A,G
Ctyz_6:5592A,G
Ctyz_6:5598A,G
Ctyz_6:5610A,T
Ctyz_6:5786C,T
Ctyz_6:5808A,T
Ctyz_6:5850A,G
Ctyz_6:5990C,T
Ctyz_6:45846A,G
Ctyz_6:45856G,T
Ctyz_6:45860C,T
Ctyz_6:63755A,T
Ctyz_6:63803G,T
Ctyz_6:63804C,T
Ctyz_6:66250A,G
Ctyz_6:66452A,G
Ctyz_6:66566A,G
Ctyz_6:67596C,T
Ctyz_6:67617G,T
Ctyz_6:67644A,G
Ctyz_6:67676C,G
Ctyz_6:67677C,G
Ctyz_6:68008G,T
Ctyz_6:68588G,T
Ctyz_6:69226C,T
Ctyz_6:69304A,G
Ctyz_6:69436C,T
Ctyz_6:70008A,G
Ctyz_6:70089C,T
Ctyz_6:70108A,G
Ctyz_6:70216C,T
Ctyz_6:70363C,T
Ctyz_6:70471C,T
Ctyz_6:70494C,T
Ctyz_6:70551C,T
Ctyz_6:71037A,C
Ctyz_6:71116C,T
Ctyz_6:71352A,T
Ctyz_6:71354C,T
Ctyz_6:71936G,T
Ctyz_6:72033C,T
Ctyz_6:72235A,G
Ctyz_6:73422A,C
Ctyz_6:79921C,T
Ctyz_6:79926G,T
Ctyz_6:79930A,C
Ctyz_6:80235A,G
Ctyz_6:80386A,G
Ctyz_6:80578A,G
Ctyz_6:80841C,T
Ctyz_6:80882C,G
Ctyz_6:80892A,C
Ctyz_6:80895C,T
Ctyz_6:80912C,G
Ctyz_6:81154A,G
Ctyz_6:81208A,C
Ctyz_6:81343A,T
Ctyz_6:81346C,T
Ctyz_6:81361C,T
Ctyz_6:81505C,T
Ctyz_6:92302A,G
Ctyz_6:92852A,G
Ctyz_6:93178C,T
Ctyz_6:94238C,G
Ctyz_6:96319A,T
Ctyz_6:96698A,G
Ctyz_6:98716C,T
Ctyz_6:98815A,G
Ctyz_6:99041A,T
Ctyz_6:109926A,T
Ctyz_6:111393A,T
Ctyz_6:113466A,G
Ctyz_6:113467C,T
Ctyz_6:114975C,T
Ctyz_6:115048G,T
Ctyz_6:117518A,G
Ctyz_6:117760C,T
Ctyz_6:117773C,T
Ctyz_6:117800A,G
Ctyz_6:117806C,T
Ctyz_6:117825A,G
Ctyz_6:119277A,G
Ctyz_6:119300A,G
Ctyz_6:119321A,G
Ctyz_6:119371C,T
Ctyz_6:119488A,T
Ctyz_6:119501A,G
Ctyz_6:119534A,C
Ctyz_6:119548C,T
Ctyz_6:120005C,T
Ctyz_6:120294A,G
Ctyz_6:121069C,T
Ctyz_6:121177C,T
Ctyz_6:121246A,G
Ctyz_6:121273A,G
Ctyz_6:121301C,T
Ctyz_6:121423A,G
Ctyz_6:121474C,T
Ctyz_6:121784A,T
Ctyz_6:121785C,T
Ctyz_6:121811A,G
Ctyz_6:121825A,T
Ctyz_6:121951C,T
Ctyz_6:121957C,T
Ctyz_6:121994C,T
Ctyz_6:122167C,T
Ctyz_6:122183C,T
Ctyz_6:122200A,G
Ctyz_6:122233C,T
Ctyz_6:122239A,G
Ctyz_6:122431A,G
Ctyz_6:122590C,T
Ctyz_6:122608C,T
Ctyz_6:122657A,C
Ctyz_6:122735A,G
Ctyz_6:122762A,T
Ctyz_6:122765A,G
Ctyz_6:122821C,T
Ctyz_6:122891A,G
Ctyz_6:122892C,T
Ctyz_6:122898A,T
Ctyz_6:124348A,C
Ctyz_6:128232A,G
Ctyz_6:128298A,T
Ctyz_6:128319C,T
Ctyz_6:128427A,C
Ctyz_6:128431A,G
Ctyz_6:128528A,G
Ctyz_6:129262A,C
Ctyz_6:129337A,G
Ctyz_6:130375C,T
Ctyz_6:137207A,G
Ctyz_6:137276C,T
Ctyz_6:137517A,G
Ctyz_6:137522A,T
Ctyz_6:139268A,G
Ctyz_6:140910A,G
Ctyz_6:140918G,T
Ctyz_6:140922G,T
Ctyz_6:141795C,T
Ctyz_6:141811C,T
Ctyz_6:141871C,T
Ctyz_6:142466C,T
Ctyz_6:142473A,G
Ctyz_6:142494C,T
Ctyz_6:144575A,T
Ctyz_6:144610A,C
Ctyz_6:144618G,T
Ctyz_6:144646A,G
Ctyz_6:148640A,C
Ctyz_6:148807C,T
Ctyz_6:149257A,C
Ctyz_6:149290A,T
Ctyz_6:149476C,T
Ctyz_6:150492C,T
Ctyz_6:150581A,G
Ctyz_6:151737C,T
Ctyz_6:151743C,T
Ctyz_6:151920A,G
Ctyz_6:151923C,T
Ctyz_6:152004C,T
Ctyz_6:152075A,G
Ctyz_6:152121C,T
Ctyz_6:152127C,T
Ctyz_6:152232C,T
Ctyz_6:152319C,T
Ctyz_6:152362A,T
Ctyz_6:152385C,T
Ctyz_6:152394A,G
Ctyz_6:152398C,T
Ctyz_6:152499A,G
Ctyz_6:152535A,T
Ctyz_6:153870A,G
Ctyz_6:154430C,T
Ctyz_6:154592G,T
Ctyz_6:154644A,G
Ctyz_6:154773C,T
Ctyz_6:154806A,C
Ctyz_6:155876C,T
Ctyz_6:155916A,G
Ctyz_6:155927A,G
Ctyz_6:155931A,G
Ctyz_6:155983A,C
Ctyz_6:155984C,T
Ctyz_6:168193C,T
Ctyz_6:198722C,T
Ctyz_6:199913A,G
Ctyz_6:205648C,T
Ctyz_6:211580A,T
Ctyz_6:212931A,G
Ctyz_6:216812G,T
Ctyz_6:218279C,T
Ctyz_6:218574C,T
Ctyz_6:218654A,G
Ctyz_6:218726C,T
Ctyz_6:218744A,G
Ctyz_6:219491C,T
Ctyz_6:219845G,T
Ctyz_6:220430A,G
Ctyz_6:220922A,G
Ctyz_6:224205C,T
Ctyz_6:232204A,G
Ctyz_6:232210A,G
Ctyz_6:268915A,T
Ctyz_6:277381A,T
Ctyz_6:299471C,T
Ctyz_6:299473C,T
Ctyz_6:300065A,G
Ctyz_6:300421G,T
Ctyz_6:300425C,T
Ctyz_6:301198C,T
Ctyz_6:302215G,T
Ctyz_6:302660A,G
Ctyz_6:302725A,G
Ctyz_6:303808A,G
Ctyz_6:304800C,T
Ctyz_6:304909A,T
Ctyz_6:328564A,G
Ctyz_6:328565C,T
Ctyz_6:328570A,G
Ctyz_6:341378C,T
Ctyz_6:345111C,G
Ctyz_6:347783A,G
Ctyz_6:353515C,T
Ctyz_6:354253A,G
Ctyz_6:354254A,G
Ctyz_6:360985C,T
Ctyz_6:360991C,T
Ctyz_6:385118G,T
Ctyz_6:424665A,C
Ctyz_6:452928C,T
Ctyz_6:452938A,C
Ctyz_6:452959A,G
Ctyz_6:454428A,G
Ctyz_6:456249A,G
Ctyz_6:460213A,G
Ctyz_6:474862C,T
Ctyz_6:475840C,T
Ctyz_6:475861C,T
Ctyz_6:475879C,T
Ctyz_6:476080C,T
Ctyz_6:476094A,C
Ctyz_6:476275A,G
Ctyz_6:476380C,T
Ctyz_6:476394A,G
Ctyz_6:476437A,C
Ctyz_6:476734A,C
Ctyz_6:476735A,C
Ctyz_6:476743A,C
Ctyz_6:476767C,T
Ctyz_6:476770A,C
Ctyz_6:476832A,G
Ctyz_6:476877C,T
Ctyz_6:477102C,T
Ctyz_6:477104A,G
Ctyz_6:477105A,G
Ctyz_6:477143C,T
Ctyz_6:477288A,G
Ctyz_6:477297C,T
Ctyz_6:477325C,T
Ctyz_6:477362C,T
Ctyz_6:477363C,T
Ctyz_6:477373C,G
Ctyz_6:477398C,T
Ctyz_6:477439C,T
Ctyz_6:477515C,T
Ctyz_6:477587A,G
Ctyz_6:477608C,T
Ctyz_6:477611A,C
Ctyz_6:477644C,T
Ctyz_6:477724C,T
Ctyz_6:477911A,G
Ctyz_6:477991C,T
Ctyz_6:478122A,G
Ctyz_6:478176A,C
Ctyz_6:478178C,T
Ctyz_6:478250A,T
Ctyz_6:478394A,G
Ctyz_6:478400C,T
Ctyz_6:478419C,T
Ctyz_6:478481A,G
Ctyz_6:478644A,G
Ctyz_6:478709A,G
Ctyz_6:478787A,G
Ctyz_6:478865A,G
Ctyz_6:479322A,G
Ctyz_6:479342A,G
Ctyz_6:479727G,T
Ctyz_6:479762A,C
Ctyz_6:479772A,G
Ctyz_6:480296C,T
Ctyz_6:480500G,T
Ctyz_6:480845A,G
Ctyz_6:480942A,G
Ctyz_6:480959C,T
Ctyz_6:481241C,G
Ctyz_6:481285G,T
Ctyz_6:481426C,T
Ctyz_6:481449A,G
Ctyz_6:481463C,T
Ctyz_6:481520G,T
Ctyz_6:481523A,G
Ctyz_6:481807C,T
Ctyz_6:481894A,G
Ctyz_6:481902C,T
Ctyz_6:481911A,G
Ctyz_6:481961A,G
Ctyz_6:482307C,T
Ctyz_6:487926C,T
Ctyz_6:488155A,C
Ctyz_6:488166A,G
Ctyz_6:488167A,G
Ctyz_6:488574A,G
Ctyz_6:488639A,G
Ctyz_6:489048A,G
Ctyz_6:489252C,T
Ctyz_6:489629C,T
Ctyz_6:489986A,G
Ctyz_6:490109A,G
Ctyz_6:490472C,T
Ctyz_6:490479A,G
Ctyz_6:490481C,G
Ctyz_6:490506A,G
Ctyz_6:490711C,T
Ctyz_6:491006A,G
Ctyz_6:491062G,T
Ctyz_6:491128C,T
Ctyz_6:491189C,T
Ctyz_6:491336G,T
Ctyz_6:491338A,G
Ctyz_6:491357A,T
Ctyz_6:491396G,T
Ctyz_6:491525C,T
Ctyz_6:491553C,G
Ctyz_6:491597C,T
Ctyz_6:492087A,C
Ctyz_6:492258A,G
Ctyz_6:492806A,G
Ctyz_6:492808C,T
Ctyz_6:492814A,G
Ctyz_6:496474A,G
Ctyz_6:496478C,T
Ctyz_6:497113A,G
Ctyz_6:497530G,T
Ctyz_6:497536G,T
Ctyz_6:497719G,T
Ctyz_6:498047A,G
Ctyz_6:498460C,T
Ctyz_6:513917C,T
Ctyz_6:514094A,G
Ctyz_6:597357C,G
Ctyz_6:603803A,G
Ctyz_6:603831C,T
Ctyz_6:605485C,T
Ctyz_6:605495A,G
Ctyz_6:606464C,T
Ctyz_6:611853A,T
Ctyz_6:615390A,G
Ctyz_6:615508C,T
Ctyz_6:615809A,C
Ctyz_6:615861G,T
Ctyz_6:616239C,T
Ctyz_6:616315C,T
Ctyz_6:617241A,G
Ctyz_6:617289A,G
Ctyz_6:617325A,G
Ctyz_6:617330A,C
Ctyz_6:617346A,G
Ctyz_6:617361C,T
Ctyz_6:617393A,G
Ctyz_6:617400A,T
Ctyz_6:617421A,G
Ctyz_6:617509C,T
Ctyz_6:617532C,T
Ctyz_6:617811A,G
Ctyz_6:617936C,T
Ctyz_6:617941A,C
Ctyz_6:654398C,T
Ctyz_6:654399A,T
Ctyz_6:654400A,C
Ctyz_6:682766C,T
Ctyz_6:696956C,T
Ctyz_6:776548A,T
Ctyz_6:776565C,T
Ctyz_6:776566A,G
Ctyz_6:776613A,C
Ctyz_6:800404A,G
Ctyz_6:800405A,T
Ctyz_6:803646A,G
Ctyz_6:803649C,T
Ctyz_6:803667A,T
Ctyz_6:803669A,G
Ctyz_6:807472A,G
Ctyz_6:807473C,T
Ctyz_6:807549C,G
Ctyz_6:808887A,G
Ctyz_6:808968C,T
Ctyz_6:812533A,G
Ctyz_6:814752G,T
Ctyz_6:814862G,T
Ctyz_6:899134C,T
Ctyz_6:899136C,T
Ctyz_6:899142C,T
Ctyz_6:899144C,T
Ctyz_6:899729C,T
Ctyz_6:899732C,T
Ctyz_6:905240C,T
Ctyz_6:905282C,T
Ctyz_6:907896A,C
Ctyz_6:917071A,G
Ctyz_6:917073C,T
Ctyz_6:917075A,G
Ctyz_6:917108C,T
Ctyz_6:917120A,G
Ctyz_6:943908A,G
Ctyz_6:978447A,G
Ctyz_6:978450A,G
Ctyz_6:978594C,T
Ctyz_6:978597A,G
Ctyz_6:980504C,T
Ctyz_6:980669C,T
Ctyz_6:985287A,G
Ctyz_6:1016352A,G
Ctyz_6:1016521G,T
Ctyz_6:1023856A,G
Ctyz_6:1023857A,C
Ctyz_6:1032056G,T
Ctyz_6:1052289A,C
Ctyz_6:1052291A,G
Ctyz_6:1152024C,T
Ctyz_6:1152695A,G
Ctyz_6:1152715C,T
Ctyz_6:1152721A,G
Ctyz_6:1152773A,G
Ctyz_6:1152775A,G
Ctyz_6:1152790A,G
Ctyz_6:1152884A,G
Ctyz_6:1157962C,T
Ctyz_6:1180650C,T
Ctyz_6:1185270C,T
Ctyz_6:1191293A,T
Ctyz_6:1193584C,T
Ctyz_6:1194472A,T
Ctyz_6:1194626C,T
Ctyz_6:1201063A,G
Ctyz_6:1201446A,G
Ctyz_6:1206223C,T
Ctyz_6:1206246G,T
Ctyz_6:1206263C,T
Ctyz_6:1210380A,G
Ctyz_6:1212924C,G
Ctyz_6:1212925A,G
Ctyz_6:1213010A,T
Ctyz_6:1213318A,G
Ctyz_6:1213328A,T
Ctyz_6:1213329A,T
Ctyz_6:1213339A,G
Ctyz_6:1213565G,T
Ctyz_6:1213661A,T
Ctyz_6:1215382A,T
Ctyz_6:1215390A,G
Ctyz_6:1215391C,T
Ctyz_6:1215401C,T
Ctyz_6:1232311A,G
Ctyz_6:1235009A,G
Ctyz_6:1235011A,T
Ctyz_6:1235267A,G
Ctyz_6:1253718C,T
Ctyz_6:1253775C,T
Ctyz_6:1254136C,T
Ctyz_6:1254193C,T
Ctyz_6:1254194A,G
Ctyz_6:1254367C,T
Ctyz_6:1272508C,T
Ctyz_6:1272511C,T
Ctyz_6:1287440A,T
Ctyz_6:1287442G,T
Ctyz_6:1287446G,T
Ctyz_6:1287447C,G
Ctyz_7:9031A,G
Ctyz_7:9120C,T
Ctyz_7:9193A,C
Ctyz_7:9215A,C
Ctyz_7:10247A,T
Ctyz_7:10253A,G
Ctyz_7:10613C,T
Ctyz_7:11106C,G
Ctyz_7:11466A,G
Ctyz_7:11743C,G
Ctyz_7:11768A,T
Ctyz_7:11852C,T
Ctyz_7:11947C,G
Ctyz_7:12202A,G
Ctyz_7:12486A,G
Ctyz_7:13053A,G
Ctyz_7:13297C,T
Ctyz_7:13298C,T
Ctyz_7:13360C,T
Ctyz_7:13390A,G
Ctyz_7:13394C,T
Ctyz_7:13396A,G
Ctyz_7:13787A,G
Ctyz_7:13867A,G
Ctyz_7:14012C,G
Ctyz_7:14080C,T
Ctyz_7:14089A,G
Ctyz_7:14635A,G
Ctyz_7:14969A,T
Ctyz_7:15876A,G
Ctyz_7:15987A,G
Ctyz_7:15990C,T
Ctyz_7:16006A,G
Ctyz_7:16010A,C
Ctyz_7:16038C,T
Ctyz_7:16181C,T
Ctyz_7:16197A,G
Ctyz_7:16200A,G
Ctyz_7:16201C,T
Ctyz_7:16218A,G
Ctyz_7:26475C,T
Ctyz_7:26517G,T
Ctyz_7:26597A,G
Ctyz_7:26650C,T
Ctyz_7:27016A,G
Ctyz_7:27017C,T
Ctyz_7:27051A,G
Ctyz_7:27119G,T
Ctyz_7:27162G,T
Ctyz_7:27786A,G
Ctyz_7:27858C,T
Ctyz_7:27883C,T
Ctyz_7:28015C,T
Ctyz_7:28438A,G
Ctyz_7:28441A,G
Ctyz_7:28618A,G
Ctyz_7:28680A,C
Ctyz_7:28684A,T
Ctyz_7:28712C,T
Ctyz_7:28886C,T
Ctyz_7:28965C,T
Ctyz_7:35228A,G
Ctyz_7:71458A,T
Ctyz_7:178044C,T
Ctyz_7:178072A,G
Ctyz_7:178124A,G
Ctyz_7:178129C,T
Ctyz_7:178238A,G
Ctyz_7:178243A,T
Ctyz_7:180895C,T
Ctyz_7:180897A,G
Ctyz_7:180898A,G
Ctyz_7:181089A,G
Ctyz_7:181114A,T
Ctyz_7:181393A,G
Ctyz_7:181396A,G
Ctyz_7:181398A,G
Ctyz_7:186122A,T
Ctyz_7:189085A,T
Ctyz_7:189121C,T
Ctyz_7:230530C,T
Ctyz_7:238563C,T
Ctyz_7:238664C,T
Ctyz_7:238713A,G
Ctyz_7:259728A,C
Ctyz_7:259734A,C
Ctyz_7:268018C,T
Ctyz_7:271679C,T
Ctyz_7:272269C,T
Ctyz_7:333263A,G
Ctyz_7:333302A,C
Ctyz_7:333367A,G
Ctyz_7:333568A,G
Ctyz_7:334793A,G
Ctyz_7:334941C,T
Ctyz_7:334959G,T
Ctyz_7:334986A,T
Ctyz_7:334989A,G
Ctyz_7:335041C,G
Ctyz_7:335046A,G
Ctyz_7:335091G,T
Ctyz_7:335137C,T
Ctyz_7:335365A,G
Ctyz_7:335370A,G
Ctyz_7:336097A,G
Ctyz_7:336175A,G
Ctyz_7:336301C,T
Ctyz_7:336894A,G
Ctyz_7:336895A,T
Ctyz_7:336896A,G
Ctyz_7:343171A,T
Ctyz_7:343178A,G
Ctyz_7:343263C,T
Ctyz_7:343264C,T
Ctyz_7:343265A,G
Ctyz_7:343309A,G
Ctyz_7:350115A,C
Ctyz_7:350123C,T
Ctyz_7:376284C,T
Ctyz_7:379253C,T
Ctyz_7:379448A,C
Ctyz_7:381752G,T
Ctyz_7:381755A,T
Ctyz_7:381758C,T
Ctyz_7:382074C,T
Ctyz_7:382083A,T
Ctyz_7:422891C,T
Ctyz_7:430733A,G
Ctyz_7:501886G,T
Ctyz_7:541024A,G
Ctyz_7:563643A,T
Ctyz_7:563652C,T
Ctyz_7:564242A,G
Ctyz_7:642777A,G
Ctyz_7:642939A,C
Ctyz_7:642966A,G
Ctyz_7:643116A,G
Ctyz_7:643135A,C
Ctyz_7:643341A,T
Ctyz_7:643348A,G
Ctyz_7:643495C,T
Ctyz_7:643606C,T
Ctyz_7:643624C,T
Ctyz_7:643629A,T
Ctyz_7:643662C,T
Ctyz_7:643701A,G
Ctyz_7:643705G,T
Ctyz_7:643733A,T
Ctyz_7:644184C,T
Ctyz_7:644386A,G
Ctyz_7:644828A,G
Ctyz_7:644853C,T
Ctyz_7:644898C,T
Ctyz_7:645036A,G
Ctyz_7:645404A,G
Ctyz_7:645441A,G
Ctyz_7:645461A,C
Ctyz_7:645477C,T
Ctyz_7:645485A,G
Ctyz_7:645504C,T
Ctyz_7:645561G,T
Ctyz_7:645576C,T
Ctyz_7:646091A,G
Ctyz_7:646093C,T
Ctyz_7:646187C,T
Ctyz_7:646208A,C
Ctyz_7:646427A,G
Ctyz_7:646443C,T
Ctyz_7:646691A,G
Ctyz_7:646705C,T
Ctyz_7:646757A,G
Ctyz_7:646774A,G
Ctyz_7:647048C,T
Ctyz_7:647078A,T
Ctyz_7:647156G,T
Ctyz_7:650469A,G
Ctyz_7:650476A,G
Ctyz_7:650480A,C
Ctyz_7:650481A,C
Ctyz_7:650829A,T
Ctyz_7:650904A,G
Ctyz_7:650958C,T
Ctyz_7:651119A,G
Ctyz_7:651123G,T
Ctyz_7:651152A,G
Ctyz_7:651163C,T
Ctyz_7:684690A,T
Ctyz_7:684705C,G
Ctyz_7:684991A,T
Ctyz_7:685242C,T
Ctyz_7:685569C,T
Ctyz_7:685580C,T
Ctyz_7:705235C,T
Ctyz_7:705284A,G
Ctyz_7:711446C,T
Ctyz_7:711447C,T
Ctyz_7:792157G,T
Ctyz_7:793596C,T
Ctyz_7:839207A,T
Ctyz_7:839241A,T
Ctyz_7:845782C,G
Ctyz_7:845787G,T
Ctyz_7:845788A,C
Ctyz_7:845791C,T
Ctyz_7:849522C,T
Ctyz_7:849874C,T
Ctyz_7:849875A,G
Ctyz_7:906934C,T
Ctyz_7:911026A,T
Ctyz_7:911038A,T
Ctyz_7:911080A,T
Ctyz_7:911173C,T
Ctyz_7:911176A,T
Ctyz_7:911179A,T
Ctyz_7:911182A,T
Ctyz_7:911296C,T
Ctyz_7:956013C,T
Ctyz_7:963627C,T
Ctyz_7:964697A,G
Ctyz_7:964700A,G
Ctyz_7:964752A,C
Ctyz_7:964768C,T
Ctyz_7:964817A,G
Ctyz_7:964818A,G
Ctyz_7:964819C,G
Ctyz_7:970219A,G
Ctyz_7:970223A,G
Ctyz_7:970224C,G
Ctyz_7:1150634A,G
Ctyz_7:1162553C,G
Ctyz_7:1167359C,T
Ctyz_7:1188964C,T
Ctyz_7:1188972G,T
Ctyz_7:1256456C,T
Ctyz_7:1256651A,G
Ctyz_7:1268561C,T
Ctyz_7:1269638A,T
Ctyz_7:1270567C,T
Ctyz_7:1270831C,T
Ctyz_7:1270854A,T
Ctyz_7:1270858A,G
Ctyz_7:1271620C,G
Ctyz_7:1271715C,T
Ctyz_7:1271718A,G
Ctyz_7:1271751A,G
Ctyz_7:1271761C,G
Ctyz_7:1271767A,G
Ctyz_7:1271799C,T
Ctyz_7:1271869C,T
Ctyz_7:1271871C,T
Ctyz_7:1271887C,T
Ctyz_7:1272754C,T
Ctyz_7:1272758G,T
Ctyz_7:1273081A,G
Ctyz_7:1273088C,T
Ctyz_7:1273098A,G
Ctyz_7:1273099C,T
Ctyz_7:1273208C,T
Ctyz_7:1273281C,T
Ctyz_7:1273324C,T
Ctyz_7:1273338C,T
Ctyz_7:1273353A,G
Ctyz_7:1273354G,T
Ctyz_7:1273366A,G
Ctyz_7:1273497A,G
Ctyz_7:1273530C,T
Ctyz_7:1274940A,G
Ctyz_7:1274987A,G
Ctyz_7:1275037A,G
Ctyz_7:1275047C,T
Ctyz_7:1275072A,G
Ctyz_7:1275095G,T
Ctyz_7:1275096A,G
Ctyz_7:1275098A,G
Ctyz_7:1275111A,G
Ctyz_7:1275141A,G
Ctyz_7:1275143A,G
Ctyz_7:1275171C,T
Ctyz_7:1275173A,T
Ctyz_7:1276178C,T
Ctyz_7:1276183C,T
Ctyz_7:1276191A,G
Ctyz_7:1276201A,G
Ctyz_7:1276255A,G
Ctyz_7:1276885C,T
Ctyz_7:1276920A,C
Ctyz_7:1277455A,T
Ctyz_7:1277456A,T
Ctyz_7:1277482C,T
Ctyz_7:1277484A,T
Ctyz_7:1277499A,G
Ctyz_7:1277604A,T
Ctyz_8:1133A,G
Ctyz_8:1316A,G
Ctyz_8:3793A,T
Ctyz_8:3795C,T
Ctyz_8:4218G,T
Ctyz_8:4488C,T
Ctyz_8:4504A,G
Ctyz_8:4506C,T
Ctyz_8:5101A,T
Ctyz_8:5175A,T
Ctyz_8:5196C,T
Ctyz_8:5787C,G
Ctyz_8:5832A,G
Ctyz_8:5992A,T
Ctyz_8:6247C,T
Ctyz_8:6248A,G
Ctyz_8:6295G,T
Ctyz_8:6298A,G
Ctyz_8:6309C,T
Ctyz_8:6314C,G
Ctyz_8:6318A,G
Ctyz_8:6321A,G
Ctyz_8:6322C,G
Ctyz_8:6338A,G
Ctyz_8:6339C,T
Ctyz_8:7568A,G
Ctyz_8:7830C,T
Ctyz_8:7914C,T
Ctyz_8:7919C,G
Ctyz_8:7923A,G
Ctyz_8:7926A,G
Ctyz_8:7927C,G
Ctyz_8:7943A,G
Ctyz_8:7944C,T
Ctyz_8:8795C,T
Ctyz_8:9265C,T
Ctyz_8:9334C,T
Ctyz_8:9420C,T
Ctyz_8:9421C,T
Ctyz_8:10065C,T
Ctyz_8:10323G,T
Ctyz_8:10327A,T
Ctyz_8:10380A,G
Ctyz_8:12478A,G
Ctyz_8:12501A,T
Ctyz_8:12528C,T
Ctyz_8:12543A,T
Ctyz_8:12561A,C
Ctyz_8:12638C,T
Ctyz_8:12643G,T
Ctyz_8:12647C,T
Ctyz_8:12648A,G
Ctyz_8:12659C,T
Ctyz_8:12670G,T
Ctyz_8:12680C,T
Ctyz_8:12683C,T
Ctyz_8:12875G,T
Ctyz_8:12886C,T
Ctyz_8:12898A,G
Ctyz_8:12979A,T
Ctyz_8:12993C,T
Ctyz_8:13000G,T
Ctyz_8:13566C,T
Ctyz_8:13595A,T
Ctyz_8:14817C,T
Ctyz_8:16236C,T
Ctyz_8:16252A,G
Ctyz_8:16260A,G
Ctyz_8:16263C,T
Ctyz_8:16317C,T
Ctyz_8:16318A,G
Ctyz_8:16321A,C
Ctyz_8:16333C,T
Ctyz_8:16725A,C
Ctyz_8:16957A,C
Ctyz_8:16958C,T
Ctyz_8:16963C,T
Ctyz_8:17053A,C
Ctyz_8:17056C,G
Ctyz_8:17057C,T
Ctyz_8:17109A,G
Ctyz_8:17110A,G
Ctyz_8:17151A,C
Ctyz_8:17511C,T
Ctyz_8:17512G,T
Ctyz_8:17513A,T
Ctyz_8:17580A,T
Ctyz_8:17598C,T
Ctyz_8:17601C,T
Ctyz_8:17739A,G
Ctyz_8:40288A,G
Ctyz_8:81266C,T
Ctyz_8:110687C,T
Ctyz_8:110880A,G
Ctyz_8:110896C,T
Ctyz_8:123065G,T
Ctyz_8:123067C,T
Ctyz_8:123070C,T
Ctyz_8:123073C,T
Ctyz_8:125391C,T
Ctyz_8:125494C,T
Ctyz_8:155168A,G
Ctyz_8:166711C,G
Ctyz_8:181425C,T
Ctyz_8:191987A,T
Ctyz_8:265901G,T
Ctyz_8:265902C,T
Ctyz_8:266858A,T
Ctyz_8:266864A,T
Ctyz_8:280427A,T
Ctyz_8:282367C,T
Ctyz_8:287644C,T
Ctyz_8:287650C,T
Ctyz_8:287653C,T
Ctyz_8:287658C,G
Ctyz_8:287665C,T
Ctyz_8:287668C,T
Ctyz_8:287671C,T
Ctyz_8:287692A,T
Ctyz_8:287704A,T
Ctyz_8:287716A,T
Ctyz_8:287719C,T
Ctyz_8:287722C,T
Ctyz_8:303180G,T
Ctyz_8:303188C,T
Ctyz_8:308497A,C
Ctyz_8:332373C,T
Ctyz_8:332381C,T
Ctyz_8:339406A,C
Ctyz_8:345466A,T
Ctyz_8:364884A,G
Ctyz_8:365077G,T
Ctyz_8:365078A,G
Ctyz_8:365389C,T
Ctyz_8:365699C,T
Ctyz_8:367736C,G
Ctyz_8:367744C,G
Ctyz_8:367751C,T
Ctyz_8:367769C,T
Ctyz_8:367777C,T
Ctyz_8:367778A,T
Ctyz_8:367862C,G
Ctyz_8:367932A,G
Ctyz_8:369297C,T
Ctyz_8:369960C,T
Ctyz_8:370538C,G
Ctyz_8:370540A,C
Ctyz_8:370559A,T
Ctyz_8:370575C,T
Ctyz_8:370598C,G
Ctyz_8:370603C,T
Ctyz_8:370646A,C
Ctyz_8:370666C,T
Ctyz_8:380386C,T
Ctyz_8:380607C,T
Ctyz_8:383368A,G
Ctyz_8:383645C,T
Ctyz_8:383699A,G
Ctyz_8:383708A,G
Ctyz_8:383737A,G
Ctyz_8:383754A,G
Ctyz_8:383837A,G
Ctyz_8:383840A,G
Ctyz_8:384020C,T
Ctyz_8:430801C,T
Ctyz_8:434871C,T
Ctyz_8:446368A,C
Ctyz_8:446369C,T
Ctyz_8:449604G,T
Ctyz_8:452433A,G
Ctyz_8:452446A,G
Ctyz_8:452490A,C
Ctyz_8:452517A,G
Ctyz_8:452518C,T
Ctyz_8:507244C,T
Ctyz_8:507251C,T
Ctyz_8:507255G,T
Ctyz_8:507963A,G
Ctyz_8:514362G,T
Ctyz_8:514419C,T
Ctyz_8:514497C,T
Ctyz_8:514539C,T
Ctyz_8:530310C,G
Ctyz_8:535661C,T
Ctyz_8:545066A,G
Ctyz_8:560290C,T
Ctyz_8:560374A,G
Ctyz_8:560401C,T
Ctyz_8:560577A,G
Ctyz_8:561138A,G
Ctyz_8:573840A,G
Ctyz_8:576534C,T
Ctyz_8:576540C,T
Ctyz_8:578227C,T
Ctyz_8:582282C,T
Ctyz_8:582337C,T
Ctyz_8:582401A,G
Ctyz_8:582431C,T
Ctyz_8:586138C,T
Ctyz_8:607574A,C
Ctyz_8:647166A,G
Ctyz_8:648324A,T
Ctyz_8:648330A,C
Ctyz_8:664799C,T
Ctyz_8:673971C,T
Ctyz_8:682590C,T
Ctyz_8:687753A,G
Ctyz_8:687796A,T
Ctyz_8:687806C,T
Ctyz_8:687861A,G
Ctyz_8:688027C,T
Ctyz_8:711122A,G
Ctyz_8:711130A,G
Ctyz_8:711144A,T
Ctyz_8:711150A,T
Ctyz_8:726551A,T
Ctyz_8:726554A,T
Ctyz_8:726557A,T
Ctyz_8:726560A,C
Ctyz_8:726561A,G
Ctyz_8:726604C,T
Ctyz_8:740424C,T
Ctyz_8:740428A,G
Ctyz_8:740430A,G
Ctyz_8:754841C,T
Ctyz_8:754844A,G
Ctyz_8:765547A,G
Ctyz_8:765600A,G
Ctyz_8:768639A,T
Ctyz_8:769342A,G
Ctyz_8:772009G,T
Ctyz_8:772266C,T
Ctyz_8:772934C,T
Ctyz_8:773053A,G
Ctyz_8:773068C,T
Ctyz_8:773090A,G
Ctyz_8:773091A,G
Ctyz_8:773092C,T
Ctyz_8:773612A,G
Ctyz_8:773613A,C
Ctyz_8:775970A,G
Ctyz_8:775974G,T
Ctyz_8:776011C,G
Ctyz_8:776015C,T
Ctyz_8:776074C,T
Ctyz_8:776101G,T
Ctyz_8:776202C,T
Ctyz_8:776203C,T
Ctyz_8:777209C,G
Ctyz_8:777212A,G
Ctyz_8:777228C,T
Ctyz_8:777230A,G
Ctyz_8:778228A,C
Ctyz_8:799129C,T
Ctyz_8:806101A,T
Ctyz_8:809176A,G
Ctyz_8:809178A,G
Ctyz_8:833938A,G
Ctyz_8:839537A,C
Ctyz_8:845312C,T
Ctyz_8:846401C,T
Ctyz_8:851193C,T
Ctyz_8:859247A,G
Ctyz_8:870566C,T
Ctyz_8:875098A,G
Ctyz_8:875582A,C
Ctyz_8:875603C,T
Ctyz_8:875699C,T
Ctyz_8:877421G,T
Ctyz_8:877478C,T
Ctyz_8:877485C,T
Ctyz_8:877668A,G
Ctyz_8:879384A,G
Ctyz_8:879386C,T
Ctyz_8:879388A,C
Ctyz_8:879782A,G
Ctyz_8:880595A,G
Ctyz_8:880596A,G
Ctyz_8:881606A,C
Ctyz_8:881613A,T
Ctyz_8:881618A,C
Ctyz_8:881679A,C
Ctyz_8:881680A,T
Ctyz_8:881681A,T
Ctyz_8:881682A,T
Ctyz_8:881683G,T
Ctyz_8:881776C,T
Ctyz_8:882177C,T
Ctyz_8:882194A,C
Ctyz_8:882472C,T
Ctyz_8:882490A,C
Ctyz_8:882539G,T
Ctyz_8:884994A,T
Ctyz_8:884998G,T
Ctyz_8:885282C,T
Ctyz_8:885283A,G
Ctyz_8:885456G,T
Ctyz_8:885457C,G
Ctyz_8:885748A,C
Ctyz_8:951702C,T
Ctyz_8:960969A,C
Ctyz_8:980796G,T
Ctyz_8:981358A,G
Ctyz_8:981616C,T
Ctyz_8:981624G,T
Ctyz_8:981636C,T
Ctyz_8:981697C,T
Ctyz_8:981705A,C
Ctyz_8:981707A,C
Ctyz_8:981708A,G
Ctyz_8:981821A,G
Ctyz_8:982111A,G
Ctyz_8:982122A,G
Ctyz_8:982153A,T
Ctyz_8:982161C,T
Ctyz_8:982186C,T
Ctyz_8:982205C,T
Ctyz_8:982418A,G
Ctyz_8:982433A,G
Ctyz_8:982475G,T
Ctyz_8:982478C,T
Ctyz_8:982647A,T
Ctyz_8:982707C,T
Ctyz_8:982861A,G
Ctyz_8:982909A,G
Ctyz_8:982912A,G
Ctyz_8:982923C,T
Ctyz_8:982961A,G
Ctyz_8:983034C,G
Ctyz_8:983395C,T
Ctyz_8:983763C,T
Ctyz_8:983775A,G
Ctyz_8:983799A,G
Ctyz_8:983829C,T
Ctyz_8:983904A,G
Ctyz_8:983997A,G
Ctyz_8:984054A,C
Ctyz_8:984099C,T
Ctyz_8:984114A,G
Ctyz_8:985404C,T
Ctyz_8:1026683A,G
Ctyz_8:1029560C,T
Ctyz_8:1047214C,G
Ctyz_8:1047217C,T
Ctyz_8:1047221C,T
Ctyz_8:1047228A,G
Ctyz_8:1047230A,T
Ctyz_8:1047231C,T
Ctyz_8:1051488A,G
Ctyz_8:1052149A,G
Ctyz_8:1052264A,G
Ctyz_8:1052271C,T
Ctyz_8:1052291A,G
Ctyz_8:1052303A,C
Ctyz_8:1052308A,G
Ctyz_8:1052313A,G
Ctyz_8:1052327A,G
Ctyz_8:1053202C,T
Ctyz_8:1053231A,G
Ctyz_8:1053305A,T
Ctyz_8:1054029A,G
Ctyz_8:1054036G,T
Ctyz_8:1054044C,T
Ctyz_8:1054356A,G
Ctyz_8:1054386C,T
Ctyz_8:1054447A,T
Ctyz_8:1054457C,T
Ctyz_8:1054465A,T
Ctyz_8:1054868C,T
Ctyz_8:1055680C,T
Ctyz_8:1055829A,G
Ctyz_8:1055958C,T
Ctyz_8:1058822C,T
Ctyz_8:1059131G,T
Ctyz_8:1073749C,T
Ctyz_8:1073758A,T
Ctyz_8:1073770A,T
Ctyz_8:1073776A,T
Ctyz_8:1073782A,T
Ctyz_8:1094404A,G
Ctyz_8:1094405C,T
Ctyz_8:1094410A,G
Ctyz_8:1095970A,C
Ctyz_8:1095978A,C
Ctyz_8:1095981C,T
Ctyz_8:1098776C,T
Ctyz_8:1117872C,T
Ctyz_8:1117881C,T
Ctyz_8:1117893C,T
Ctyz_8:1117905C,T
Ctyz_8:1117907C,T
Ctyz_8:1117913C,T
Ctyz_8:1117917C,T
Ctyz_8:1117919C,T
Ctyz_8:1117925C,T
Ctyz_8:1128519A,G
Ctyz_8:1134805A,G
Ctyz_8:1134812C,T
Ctyz_8:1139592C,T
Ctyz_8:1140880C,T
Ctyz_8:1141744A,G
Ctyz_8:1143452C,T
Ctyz_8:1143454C,T
Ctyz_8:1143455A,C
Ctyz_8:1143486C,T
Ctyz_8:1143538C,T
Ctyz_8:1143583C,T
Ctyz_8:1143587A,G
Ctyz_8:1143588A,C
Ctyz_8:1143676A,G
Ctyz_8:1143738C,T
Ctyz_8:1143820A,T
Ctyz_8:1143831A,G
Ctyz_8:1143868A,G
Ctyz_8:1143991A,G
Ctyz_8:1143997A,T
Ctyz_8:1143998A,G
Ctyz_8:1144000A,G
Ctyz_8:1144018A,G
Ctyz_8:1144508A,G
Ctyz_8:1144525A,G
Ctyz_8:1148802C,T
Ctyz_8:1148806A,G
Ctyz_8:1148808A,C
Ctyz_8:1149170C,T
Ctyz_8:1153573C,T
Ctyz_8:1153579A,G
Ctyz_8:1153660A,G
Ctyz_8:1153755A,T
Ctyz_8:1153831A,C
Ctyz_8:1153832A,G
Ctyz_8:1153834C,T
Ctyz_8:1155285A,G
Ctyz_8:1155301A,G
Ctyz_8:1155304C,T
Ctyz_8:1155453A,G
Ctyz_8:1155471G,T
Ctyz_8:1155531A,G
Ctyz_8:1155548A,G
Ctyz_8:1155619A,G
Ctyz_8:1157528A,G
Ctyz_8:1161687A,C
Ctyz_8:1169704A,G
Ctyz_8:1169709G,T
Ctyz_8:1170110C,T
Ctyz_8:1170118A,G
Ctyz_8:1170180A,G
Ctyz_8:1170181A,G
Ctyz_8:1170185A,T
Ctyz_8:1171052A,G
Ctyz_8:1183922C,T
Ctyz_8:1183934C,T
Ctyz_8:1183937C,T
Ctyz_8:1193747C,T
Ctyz_8:1217036C,T
Ctyz_8:1222831A,G
Ctyz_8:1222840A,G
Ctyz_8:1222845A,T
Ctyz_8:1222847A,G
Ctyz_8:1225586A,G
Ctyz_8:1225594A,T
Ctyz_8:1225640A,G
Ctyz_8:1225655A,G
Ctyz_8:1225675C,T
Ctyz_8:1229534C,T
Ctyz_8:1230046A,C
Ctyz_8:1230093A,G
Ctyz_8:1231226C,T
Ctyz_8:1266429A,C
Ctyz_8:1266437C,T
Ctyz_8:1284277A,G
Ctyz_8:1312773A,G
Ctyz_8:1312784A,G
Ctyz_8:1313624A,G
Ctyz_8:1313671A,G
Ctyz_8:1313695G,T
Ctyz_8:1313703G,T
Ctyz_8:1313708A,G
Ctyz_8:1313720C,T
Ctyz_8:1313730C,T
Ctyz_00_2:2328A,G
Ctyz_00_2:2344A,G
Ctyz_00_2:2604A,G
Ctyz_00_2:2612A,T
Ctyz_00_2:2613A,C
Ctyz_00_2:2617A,T
Ctyz_00_2:2621C,T
Ctyz_00_2:2657C,T
Ctyz_00_2:2663A,C
Ctyz_00_2:2702C,T
Ctyz_00_2:2763C,T
Ctyz_00_3:44579G,T
Ctyz_00_3:58318C,T
Ctyz_00_3:58320C,T
Ctyz_00_3:58325C,G
Ctyz_00_3:58326C,T
Ctyz_00_3:97123A,G
Ctyz_00_3:106188A,G
Ctyz_00_3:120645A,G
Ctyz_00_3:134332A,T
Ctyz_00_3:134370A,C
Ctyz_00_3:134400C,G
Ctyz_00_3:134630C,T
Ctyz_00_3:135360C,T
Ctyz_00_3:135538A,T
Ctyz_00_3:137065A,C
Ctyz_00_3:137079A,G
Ctyz_00_3:137084A,G
