Ctyz_1:91735A,T
Ctyz_1:99075A,G
Ctyz_1:99081A,G
Ctyz_1:115567A,G
Ctyz_1:717039C,T
Ctyz_1:758330A,T
Ctyz_1:758331A,T
Ctyz_1:758332A,T
Ctyz_2:150818A,T
Ctyz_2:637974C,T
Ctyz_2:750511C,G
Ctyz_2:751032C,T
Ctyz_2:751981G,T
Ctyz_2:754513A,T
Ctyz_2:764809A,T
Ctyz_2:866609C,G
Ctyz_2:990970A,T
Ctyz_3:76958A,C
Ctyz_3:181909A,T
Ctyz_3:366275A,G
Ctyz_3:447935A,T
Ctyz_3:945667A,G
Ctyz_3:948219C,G
Ctyz_3:972831A,T
Ctyz_3:1022888A,G
Ctyz_3:1081562G,T
Ctyz_3:1084048A,G
Ctyz_3:1084797G,T
Ctyz_4:9200C,T
Ctyz_4:162039G,T
Ctyz_4:209458C,T
Ctyz_4:298179C,T
Ctyz_4:316022A,C
Ctyz_4:380642A,C
Ctyz_4:391223C,T
Ctyz_4:391526A,T
Ctyz_4:397394C,T
Ctyz_4:637835G,T
Ctyz_4:759298A,T
Ctyz_4:790549C,T
Ctyz_4:851811C,T
Ctyz_4:856803G,T
Ctyz_4:957700A,T
Ctyz_4:1040837C,G
Ctyz_4:1062560A,C
Ctyz_5:81147A,T
Ctyz_5:86514A,T
Ctyz_5:91073A,T
Ctyz_5:184751C,T
Ctyz_5:237257A,G
Ctyz_5:291688A,T
Ctyz_5:293061A,T
Ctyz_5:293064A,G
Ctyz_5:486390A,G
Ctyz_5:492955A,T
Ctyz_5:493979A,T
Ctyz_5:493982A,T
Ctyz_5:545099A,G
Ctyz_5:545100C,T
Ctyz_5:545111A,G
Ctyz_5:608336C,T
Ctyz_5:651390A,T
Ctyz_5:737757G,T
Ctyz_5:737776A,G
Ctyz_5:737778C,G
Ctyz_5:819935C,T
Ctyz_5:819940C,T
Ctyz_5:819944C,T
Ctyz_5:851543A,T
Ctyz_6:5156C,G
Ctyz_6:5162C,T
Ctyz_6:5164G,T
Ctyz_6:5168G,T
Ctyz_6:5169C,G
Ctyz_6:5194A,G
Ctyz_6:5199G,T
Ctyz_6:5204C,T
Ctyz_6:8689A,T
Ctyz_6:63776A,T
Ctyz_6:69651A,T
Ctyz_6:69652A,T
Ctyz_6:136760A,C
Ctyz_6:137735A,G
Ctyz_6:143256A,T
Ctyz_6:172473G,T
Ctyz_6:385227A,T
Ctyz_6:708569G,T
Ctyz_6:908838G,T
Ctyz_6:1146536C,T
Ctyz_6:1199810A,T
Ctyz_6:1201292A,T
Ctyz_6:1253763A,G
Ctyz_6:1269749A,T
Ctyz_7:130523A,T
Ctyz_7:169613G,T
Ctyz_7:254001C,G
Ctyz_7:254862A,C
Ctyz_7:272422C,T
Ctyz_7:333565A,G
Ctyz_7:334101A,G
Ctyz_7:344255A,G
Ctyz_7:890122A,G
Ctyz_7:1275301A,T
Ctyz_8:312298G,T
Ctyz_8:312301G,T
Ctyz_8:312304G,T
Ctyz_8:312313A,G
Ctyz_8:345208C,T
Ctyz_8:363014C,T
Ctyz_8:531421A,C
Ctyz_8:638464C,G
Ctyz_8:1001070A,C
Ctyz_8:1091575A,T
Ctyz_8:1167624C,T
Ctyz_8:1197392G,T
Ctyz_8:1197945G,T
Ctyz_00_1:5429A,T
