PLINK v1.90b6.26 64-bit (2 Apr 2022)
Options in effect:
  --allow-extra-chr
  --double-id
  --extract all.prune.in
  --make-bed
  --out all
  --pca
  --set-missing-var-ids @:#$1,$2
  --vcf /SAN/Ctyzzeri/all/results/vcf/all.vcf.gz

Hostname: harriet
Working directory: /SAN/Ctyzzeri/all/scripts
Start time: Mon Jun 13 13:28:40 2022

Random number seed: 1655119720
515931 MB RAM detected; reserving 257965 MB for main workspace.
--vcf: all-temporary.bed + all-temporary.bim + all-temporary.fam written.
40592 variants loaded from .bim file.
40592 missing IDs set.
4 people (0 males, 0 females, 4 ambiguous) loaded from .fam.
Ambiguous sex IDs written to all.nosex .
--extract: 943 variants remaining.
Using up to 95 threads (change this with --threads).
Before main variant filters, 4 founders and 0 nonfounders present.
Calculating allele frequencies... done.
Total genotyping rate is 0.840138.
943 variants and 4 people pass filters and QC.
Note: No phenotypes present.
Relationship matrix calculation complete.
Warning: calculating 4 PCs, since there are only 4 samples.
--pca: Results saved to all.eigenval and all.eigenvec .
--make-bed to all.bed + all.bim + all.fam ... done.

End time: Mon Jun 13 13:28:40 2022
