PLINK v1.90b6.26 64-bit (2 Apr 2022)
Options in effect:
  --allow-extra-chr
  --double-id
  --indep-pairwise 50 10 0.1
  --out multiSpp
  --set-missing-var-ids @:#$1,$2
  --vcf /SAN/Ctyzzeri/all/results/vcf/multiSpp.vcf.gz

Hostname: harriet
Working directory: /SAN/Ctyzzeri/all/scripts
Start time: Thu Jul 21 13:49:55 2022

Random number seed: 1658404195
515931 MB RAM detected; reserving 257965 MB for main workspace.
--vcf: multiSpp-temporary.bed + multiSpp-temporary.bim + multiSpp-temporary.fam
written.
365702 variants loaded from .bim file.
365702 missing IDs set.
12 people (0 males, 0 females, 12 ambiguous) loaded from .fam.
Ambiguous sex IDs written to multiSpp.nosex .
Using 1 thread (no multithreaded calculations invoked).
Before main variant filters, 12 founders and 0 nonfounders present.
Calculating allele frequencies... done.
Total genotyping rate is 0.935223.
365702 variants and 12 people pass filters and QC.
Note: No phenotypes present.
Pruned 35760 variants from chromosome 27, leaving 624.
Pruned 40168 variants from chromosome 28, leaving 687.
Pruned 44811 variants from chromosome 29, leaving 795.
Pruned 44513 variants from chromosome 30, leaving 775.
Pruned 36406 variants from chromosome 31, leaving 620.
Pruned 49157 variants from chromosome 32, leaving 870.
Pruned 48839 variants from chromosome 33, leaving 826.
Pruned 53658 variants from chromosome 34, leaving 935.
Pruned 357 variants from chromosome 35, leaving 9.
Pruned 268 variants from chromosome 36, leaving 5.
Pruned 5525 variants from chromosome 37, leaving 94.
Pruning complete.  359462 of 365702 variants removed.
Marker lists written to multiSpp.prune.in and multiSpp.prune.out .

End time: Thu Jul 21 13:49:57 2022
