PLINK v1.90b6.26 64-bit (2 Apr 2022)
Options in effect:
  --allow-extra-chr
  --double-id
  --extract /SAN/Ctyzzeri/all/results/pca/12_samples/multiSpp.prune.in
  --make-bed
  --out /SAN/Ctyzzeri/all/results/pca/multiSpp_sorted
  --pca
  --set-missing-var-ids @:#$1,$2
  --vcf /SAN/Ctyzzeri/all/results/vcf/multiSpp.vcf.gz

Hostname: harriet
Working directory: /SAN/Ctyzzeri/all/scripts
Start time: Thu Jul 21 13:53:20 2022

Random number seed: 1658404400
515931 MB RAM detected; reserving 257965 MB for main workspace.
--vcf: /SAN/Ctyzzeri/all/results/pca/multiSpp_sorted-temporary.bed +
/SAN/Ctyzzeri/all/results/pca/multiSpp_sorted-temporary.bim +
/SAN/Ctyzzeri/all/results/pca/multiSpp_sorted-temporary.fam written.
365702 variants loaded from .bim file.
365702 missing IDs set.
12 people (0 males, 0 females, 12 ambiguous) loaded from .fam.
Ambiguous sex IDs written to
/SAN/Ctyzzeri/all/results/pca/multiSpp_sorted.nosex .
--extract: 6240 variants remaining.
Using up to 95 threads (change this with --threads).
Before main variant filters, 12 founders and 0 nonfounders present.
Calculating allele frequencies... done.
Total genotyping rate is 0.851696.
6240 variants and 12 people pass filters and QC.
Note: No phenotypes present.
Relationship matrix calculation complete.
Warning: calculating 12 PCs, since there are only 12 samples.
--pca: Results saved to /SAN/Ctyzzeri/all/results/pca/multiSpp_sorted.eigenval
and /SAN/Ctyzzeri/all/results/pca/multiSpp_sorted.eigenvec .
--make-bed to /SAN/Ctyzzeri/all/results/pca/multiSpp_sorted.bed +
/SAN/Ctyzzeri/all/results/pca/multiSpp_sorted.bim +
/SAN/Ctyzzeri/all/results/pca/multiSpp_sorted.fam ... done.

End time: Thu Jul 21 13:53:22 2022
