****                   ADMIXTURE Version 1.3.0                  ****
****                    Copyright 2008-2015                     ****
****           David Alexander, Suyash Shringarpure,            ****
****                John  Novembre, Ken Lange                   ****
****                                                            ****
****                 Please cite our paper!                     ****
****   Information at www.genetics.ucla.edu/software/admixture  ****

Cross-validation will be performed.  Folds=5.
Random seed: 43
Point estimation method: Block relaxation algorithm
Convergence acceleration algorithm: QuasiNewton, 3 secant conditions
Point estimation will terminate when objective function delta < 0.0001
Estimation of standard errors disabled; will compute point estimates only.
Size of G: 38x4345
Performing five EM steps to prime main algorithm
1 (EM) 	Elapsed: 0.076	Loglikelihood: -191618	(delta): 29065
2 (EM) 	Elapsed: 0.083	Loglikelihood: -168424	(delta): 23194.3
3 (EM) 	Elapsed: 0.068	Loglikelihood: -118014	(delta): 50409.4
4 (EM) 	Elapsed: 0.067	Loglikelihood: -64287.3	(delta): 53727.2
5 (EM) 	Elapsed: 0.068	Loglikelihood: -38275.7	(delta): 26011.6
Initial loglikelihood: -38275.7
Starting main algorithm
1 (QN/Block) 	Elapsed: 0.239	Loglikelihood: -6819.13	(delta): 31456.5
2 (QN/Block) 	Elapsed: 0.237	Loglikelihood: -5310.38	(delta): 1508.75
3 (QN/Block) 	Elapsed: 0.289	Loglikelihood: -4809.7	(delta): 500.683
4 (QN/Block) 	Elapsed: 0.274	Loglikelihood: -4628.62	(delta): 181.078
5 (QN/Block) 	Elapsed: 0.222	Loglikelihood: -4411.3	(delta): 217.318
6 (QN/Block) 	Elapsed: 0.224	Loglikelihood: -4377.2	(delta): 34.1023
7 (QN/Block) 	Elapsed: 0.212	Loglikelihood: -4367.37	(delta): 9.82965
8 (QN/Block) 	Elapsed: 0.209	Loglikelihood: -4375.22	(delta): -7.85596
9 (QN/Block) 	Elapsed: 0.209	Loglikelihood: -4377.77	(delta): -2.54848
10 (QN/Block) 	Elapsed: 0.214	Loglikelihood: -4375.02	(delta): 2.75465
11 (QN/Block) 	Elapsed: 0.213	Loglikelihood: -4375.38	(delta): -0.36161
12 (QN/Block) 	Elapsed: 0.205	Loglikelihood: -4368.53	(delta): 6.85118
13 (QN/Block) 	Elapsed: 0.213	Loglikelihood: -4366.61	(delta): 1.92095
14 (QN/Block) 	Elapsed: 0.213	Loglikelihood: -4365.41	(delta): 1.20127
15 (QN/Block) 	Elapsed: 0.225	Loglikelihood: -4365.39	(delta): 0.01414
16 (QN/Block) 	Elapsed: 0.208	Loglikelihood: -4365.39	(delta): 0.00418843
17 (QN/Block) 	Elapsed: 0.238	Loglikelihood: -4365.39	(delta): 0.00278473
18 (QN/Block) 	Elapsed: 0.227	Loglikelihood: -4365.39	(delta): 5.18594e-09
Summary: 
Converged in 18 iterations (4.528 sec)
Loglikelihood: -4365.385672
Fst divergences between estimated populations: 
	Pop0	Pop1	Pop2	Pop3	Pop4	Pop5	Pop6	Pop7	Pop8	Pop9	Pop10	
Pop0	
Pop1	0.802	
Pop2	0.994	0.990	
Pop3	0.997	0.993	0.987	
Pop4	0.906	0.765	0.995	0.999	
Pop5	0.998	0.994	0.987	0.981	0.999	
Pop6	0.998	0.994	0.988	0.931	1.000	0.989	
Pop7	0.998	0.993	0.987	0.892	0.999	0.980	0.847	
Pop8	0.834	0.468	0.991	0.995	0.825	0.995	0.995	0.995	
Pop9	0.565	0.632	0.989	0.992	0.770	0.993	0.993	0.992	0.679	
Pop10	0.841	0.478	0.991	0.995	0.830	0.995	0.995	0.995	0.334	0.691	
Pop11	0.978	0.974	0.570	0.948	0.979	0.944	0.949	0.948	0.975	0.973	0.975	
CV error (K=12): 0.04824
Writing output files.
