****                   ADMIXTURE Version 1.3.0                  ****
****                    Copyright 2008-2015                     ****
****           David Alexander, Suyash Shringarpure,            ****
****                John  Novembre, Ken Lange                   ****
****                                                            ****
****                 Please cite our paper!                     ****
****   Information at www.genetics.ucla.edu/software/admixture  ****

Cross-validation will be performed.  Folds=5.
Random seed: 43
Point estimation method: Block relaxation algorithm
Convergence acceleration algorithm: QuasiNewton, 3 secant conditions
Point estimation will terminate when objective function delta < 0.0001
Estimation of standard errors disabled; will compute point estimates only.
Size of G: 38x4345
Performing five EM steps to prime main algorithm
1 (EM) 	Elapsed: 0.059	Loglikelihood: -191447	(delta): 30348.2
2 (EM) 	Elapsed: 0.061	Loglikelihood: -169627	(delta): 21819.8
3 (EM) 	Elapsed: 0.061	Loglikelihood: -130838	(delta): 38789.3
4 (EM) 	Elapsed: 0.053	Loglikelihood: -88897.2	(delta): 41940.8
5 (EM) 	Elapsed: 0.053	Loglikelihood: -58469	(delta): 30428.3
Initial loglikelihood: -58469
Starting main algorithm
1 (QN/Block) 	Elapsed: 0.183	Loglikelihood: -8267.61	(delta): 50201.3
2 (QN/Block) 	Elapsed: 0.181	Loglikelihood: -5205.19	(delta): 3062.43
3 (QN/Block) 	Elapsed: 0.199	Loglikelihood: -4357.34	(delta): 847.853
4 (QN/Block) 	Elapsed: 0.22	Loglikelihood: -3815.88	(delta): 541.456
5 (QN/Block) 	Elapsed: 0.189	Loglikelihood: -3275.12	(delta): 540.763
6 (QN/Block) 	Elapsed: 0.195	Loglikelihood: -3108.67	(delta): 166.446
7 (QN/Block) 	Elapsed: 0.207	Loglikelihood: -3066.13	(delta): 42.5369
8 (QN/Block) 	Elapsed: 0.182	Loglikelihood: -3064.04	(delta): 2.08917
9 (QN/Block) 	Elapsed: 0.188	Loglikelihood: -3063.93	(delta): 0.117445
10 (QN/Block) 	Elapsed: 0.239	Loglikelihood: -3063.93	(delta): 9.06445e-05
Summary: 
Converged in 10 iterations (2.33 sec)
Loglikelihood: -3063.926742
Fst divergences between estimated populations: 
	Pop0	Pop1	Pop2	Pop3	Pop4	Pop5	Pop6	Pop7	Pop8	
Pop0	
Pop1	0.986	
Pop2	0.662	0.987	
Pop3	0.990	0.810	0.992	
Pop4	0.698	0.989	0.567	0.994	
Pop5	0.770	0.991	0.663	0.995	0.783	
Pop6	0.989	0.712	0.990	0.883	0.992	0.994	
Pop7	0.546	0.991	0.823	0.995	0.867	0.932	0.994	
Pop8	0.987	0.970	0.989	0.981	0.991	0.993	0.978	0.993	
Pop9	0.992	0.979	0.993	0.989	0.995	0.998	0.987	0.997	0.640	
CV error (K=10): 0.12227
Writing output files.
