****                   ADMIXTURE Version 1.3.0                  ****
****                    Copyright 2008-2015                     ****
****           David Alexander, Suyash Shringarpure,            ****
****                John  Novembre, Ken Lange                   ****
****                                                            ****
****                 Please cite our paper!                     ****
****   Information at www.genetics.ucla.edu/software/admixture  ****

Cross-validation will be performed.  Folds=5.
Random seed: 43
Point estimation method: Block relaxation algorithm
Convergence acceleration algorithm: QuasiNewton, 3 secant conditions
Point estimation will terminate when objective function delta < 0.0001
Estimation of standard errors disabled; will compute point estimates only.
Size of G: 38x4345
Performing five EM steps to prime main algorithm
1 (EM) 	Elapsed: 0.009	Loglikelihood: -198386	(delta): 67090.1
2 (EM) 	Elapsed: 0.009	Loglikelihood: -185843	(delta): 12542.7
3 (EM) 	Elapsed: 0.009	Loglikelihood: -161543	(delta): 24300
4 (EM) 	Elapsed: 0.011	Loglikelihood: -119052	(delta): 42491.3
5 (EM) 	Elapsed: 0.01	Loglikelihood: -78566.9	(delta): 40484.8
Initial loglikelihood: -78566.9
Starting main algorithm
1 (QN/Block) 	Elapsed: 0.057	Loglikelihood: -38630.2	(delta): 39936.7
2 (QN/Block) 	Elapsed: 0.049	Loglikelihood: -31502.3	(delta): 7127.87
3 (QN/Block) 	Elapsed: 0.07	Loglikelihood: -31344.6	(delta): 157.725
4 (QN/Block) 	Elapsed: 0.054	Loglikelihood: -31262.4	(delta): 82.2228
5 (QN/Block) 	Elapsed: 0.057	Loglikelihood: -31212.8	(delta): 49.5318
6 (QN/Block) 	Elapsed: 0.065	Loglikelihood: -31195	(delta): 17.8915
7 (QN/Block) 	Elapsed: 0.084	Loglikelihood: -31194	(delta): 0.982006
8 (QN/Block) 	Elapsed: 0.064	Loglikelihood: -31194	(delta): 0.00017638
9 (QN/Block) 	Elapsed: 0.081	Loglikelihood: -31194	(delta): 1.09183e-07
Summary: 
Converged in 9 iterations (0.663 sec)
Loglikelihood: -31193.968083
Fst divergences between estimated populations: 
	Pop0	
Pop0	
Pop1	0.930	
CV error (K=2): 0.23937
Writing output files.
