****                   ADMIXTURE Version 1.3.0                  ****
****                    Copyright 2008-2015                     ****
****           David Alexander, Suyash Shringarpure,            ****
****                John  Novembre, Ken Lange                   ****
****                                                            ****
****                 Please cite our paper!                     ****
****   Information at www.genetics.ucla.edu/software/admixture  ****

Cross-validation will be performed.  Folds=5.
Random seed: 43
Point estimation method: Block relaxation algorithm
Convergence acceleration algorithm: QuasiNewton, 3 secant conditions
Point estimation will terminate when objective function delta < 0.0001
Estimation of standard errors disabled; will compute point estimates only.
Size of G: 18x3271
Performing five EM steps to prime main algorithm
1 (EM) 	Elapsed: 0.004	Loglikelihood: -55543.6	(delta): 28812.6
2 (EM) 	Elapsed: 0.004	Loglikelihood: -51241	(delta): 4302.62
3 (EM) 	Elapsed: 0.004	Loglikelihood: -44952.3	(delta): 6288.67
4 (EM) 	Elapsed: 0.004	Loglikelihood: -36318.2	(delta): 8634.13
5 (EM) 	Elapsed: 0.004	Loglikelihood: -28628.5	(delta): 7689.72
Initial loglikelihood: -28628.5
Starting main algorithm
1 (QN/Block) 	Elapsed: 0.041	Loglikelihood: -9039.15	(delta): 19589.3
2 (QN/Block) 	Elapsed: 0.041	Loglikelihood: -7988.97	(delta): 1050.19
3 (QN/Block) 	Elapsed: 0.039	Loglikelihood: -6081.57	(delta): 1907.4
4 (QN/Block) 	Elapsed: 0.038	Loglikelihood: -5628.54	(delta): 453.028
5 (QN/Block) 	Elapsed: 0.038	Loglikelihood: -5346.47	(delta): 282.068
6 (QN/Block) 	Elapsed: 0.039	Loglikelihood: -5162.89	(delta): 183.579
7 (QN/Block) 	Elapsed: 0.043	Loglikelihood: -5052.25	(delta): 110.64
8 (QN/Block) 	Elapsed: 0.052	Loglikelihood: -5030.79	(delta): 21.4618
9 (QN/Block) 	Elapsed: 0.043	Loglikelihood: -5026.47	(delta): 4.31668
10 (QN/Block) 	Elapsed: 0.043	Loglikelihood: -5025.22	(delta): 1.25103
11 (QN/Block) 	Elapsed: 0.044	Loglikelihood: -5025.2	(delta): 0.0267725
12 (QN/Block) 	Elapsed: 0.043	Loglikelihood: -5025.2	(delta): 4.91855e-09
Summary: 
Converged in 12 iterations (0.545 sec)
Loglikelihood: -5025.195735
Fst divergences between estimated populations: 
	Pop0	Pop1	
Pop0	
Pop1	0.518	
Pop2	0.973	0.940	
CV error (K=3): 0.28832
Writing output files.
