****                   ADMIXTURE Version 1.3.0                  ****
****                    Copyright 2008-2015                     ****
****           David Alexander, Suyash Shringarpure,            ****
****                John  Novembre, Ken Lange                   ****
****                                                            ****
****                 Please cite our paper!                     ****
****   Information at www.genetics.ucla.edu/software/admixture  ****

Cross-validation will be performed.  Folds=5.
Random seed: 43
Point estimation method: Block relaxation algorithm
Convergence acceleration algorithm: QuasiNewton, 3 secant conditions
Point estimation will terminate when objective function delta < 0.0001
Estimation of standard errors disabled; will compute point estimates only.
Size of G: 18x3271
Performing five EM steps to prime main algorithm
1 (EM) 	Elapsed: 0.008	Loglikelihood: -53586.1	(delta): 25582.4
2 (EM) 	Elapsed: 0.008	Loglikelihood: -46587.9	(delta): 6998.2
3 (EM) 	Elapsed: 0.008	Loglikelihood: -37057.6	(delta): 9530.24
4 (EM) 	Elapsed: 0.008	Loglikelihood: -24699.6	(delta): 12358
5 (EM) 	Elapsed: 0.008	Loglikelihood: -12963.1	(delta): 11736.5
Initial loglikelihood: -12963.1
Starting main algorithm
1 (QN/Block) 	Elapsed: 0.055	Loglikelihood: -5125.07	(delta): 7838.06
2 (QN/Block) 	Elapsed: 0.051	Loglikelihood: -3472.06	(delta): 1653.01
3 (QN/Block) 	Elapsed: 0.052	Loglikelihood: -2976.67	(delta): 495.383
4 (QN/Block) 	Elapsed: 0.051	Loglikelihood: -2676.85	(delta): 299.821
5 (QN/Block) 	Elapsed: 0.051	Loglikelihood: -2512.03	(delta): 164.82
6 (QN/Block) 	Elapsed: 0.052	Loglikelihood: -2439.42	(delta): 72.6164
7 (QN/Block) 	Elapsed: 0.052	Loglikelihood: -2421.04	(delta): 18.3779
8 (QN/Block) 	Elapsed: 0.052	Loglikelihood: -2420.92	(delta): 0.122953
9 (QN/Block) 	Elapsed: 0.052	Loglikelihood: -2420.92	(delta): 5.86647e-07
Summary: 
Converged in 9 iterations (0.525 sec)
Loglikelihood: -2420.916292
Fst divergences between estimated populations: 
	Pop0	Pop1	Pop2	Pop3	
Pop0	
Pop1	0.977	
Pop2	0.934	0.979	
Pop3	0.836	0.968	0.755	
Pop4	0.961	0.981	0.868	0.830	
CV error (K=5): 0.30370
Writing output files.
