****                   ADMIXTURE Version 1.3.0                  ****
****                    Copyright 2008-2015                     ****
****           David Alexander, Suyash Shringarpure,            ****
****                John  Novembre, Ken Lange                   ****
****                                                            ****
****                 Please cite our paper!                     ****
****   Information at www.genetics.ucla.edu/software/admixture  ****

Cross-validation will be performed.  Folds=5.
Random seed: 43
Point estimation method: Block relaxation algorithm
Convergence acceleration algorithm: QuasiNewton, 3 secant conditions
Point estimation will terminate when objective function delta < 0.0001
Estimation of standard errors disabled; will compute point estimates only.
Size of G: 38x4345
Performing five EM steps to prime main algorithm
1 (EM) 	Elapsed: 0.037	Loglikelihood: -196633	(delta): 33008.7
2 (EM) 	Elapsed: 0.033	Loglikelihood: -184398	(delta): 12235.9
3 (EM) 	Elapsed: 0.032	Loglikelihood: -156141	(delta): 28256.2
4 (EM) 	Elapsed: 0.026	Loglikelihood: -102892	(delta): 53249.6
5 (EM) 	Elapsed: 0.026	Loglikelihood: -52320	(delta): 50571.7
Initial loglikelihood: -52320
Starting main algorithm
1 (QN/Block) 	Elapsed: 0.099	Loglikelihood: -6872.72	(delta): 45447.3
2 (QN/Block) 	Elapsed: 0.101	Loglikelihood: -6281.45	(delta): 591.273
3 (QN/Block) 	Elapsed: 0.109	Loglikelihood: -5805.71	(delta): 475.734
4 (QN/Block) 	Elapsed: 0.105	Loglikelihood: -5535.48	(delta): 270.233
5 (QN/Block) 	Elapsed: 0.104	Loglikelihood: -5391.51	(delta): 143.975
6 (QN/Block) 	Elapsed: 0.109	Loglikelihood: -5357.46	(delta): 34.0491
7 (QN/Block) 	Elapsed: 0.111	Loglikelihood: -5355.99	(delta): 1.46193
8 (QN/Block) 	Elapsed: 0.115	Loglikelihood: -5355.92	(delta): 0.0770824
9 (QN/Block) 	Elapsed: 0.113	Loglikelihood: -5355.87	(delta): 0.0520395
10 (QN/Block) 	Elapsed: 0.104	Loglikelihood: -5355.84	(delta): 0.0274499
11 (QN/Block) 	Elapsed: 0.115	Loglikelihood: -5355.84	(delta): 0.00229908
12 (QN/Block) 	Elapsed: 0.106	Loglikelihood: -5355.84	(delta): 0.000472912
13 (QN/Block) 	Elapsed: 0.105	Loglikelihood: -5355.84	(delta): 0.000244991
14 (QN/Block) 	Elapsed: 0.107	Loglikelihood: -5355.84	(delta): 2.02823e-06
Summary: 
Converged in 14 iterations (1.715 sec)
Loglikelihood: -5355.835186
Fst divergences between estimated populations: 
	Pop0	Pop1	Pop2	Pop3	Pop4	
Pop0	
Pop1	0.975	
Pop2	0.588	0.976	
Pop3	0.987	0.945	0.988	
Pop4	0.554	0.975	0.670	0.987	
Pop5	0.991	0.725	0.992	0.981	0.991	
CV error (K=6): 0.09275
Writing output files.
