****                   ADMIXTURE Version 1.3.0                  ****
****                    Copyright 2008-2015                     ****
****           David Alexander, Suyash Shringarpure,            ****
****                John  Novembre, Ken Lange                   ****
****                                                            ****
****                 Please cite our paper!                     ****
****   Information at www.genetics.ucla.edu/software/admixture  ****

Cross-validation will be performed.  Folds=5.
Random seed: 43
Point estimation method: Block relaxation algorithm
Convergence acceleration algorithm: QuasiNewton, 3 secant conditions
Point estimation will terminate when objective function delta < 0.0001
Estimation of standard errors disabled; will compute point estimates only.
Size of G: 38x4345
Performing five EM steps to prime main algorithm
1 (EM) 	Elapsed: 0.046	Loglikelihood: -193846	(delta): 31615.7
2 (EM) 	Elapsed: 0.05	Loglikelihood: -174445	(delta): 19400.9
3 (EM) 	Elapsed: 0.039	Loglikelihood: -131772	(delta): 42673
4 (EM) 	Elapsed: 0.039	Loglikelihood: -75396.3	(delta): 56376.1
5 (EM) 	Elapsed: 0.039	Loglikelihood: -43391.4	(delta): 32005
Initial loglikelihood: -43391.4
Starting main algorithm
1 (QN/Block) 	Elapsed: 0.134	Loglikelihood: -8397.09	(delta): 34994.3
2 (QN/Block) 	Elapsed: 0.138	Loglikelihood: -5489.67	(delta): 2907.42
3 (QN/Block) 	Elapsed: 0.143	Loglikelihood: -4232.73	(delta): 1256.93
4 (QN/Block) 	Elapsed: 0.141	Loglikelihood: -3613.66	(delta): 619.074
5 (QN/Block) 	Elapsed: 0.147	Loglikelihood: -3408.63	(delta): 205.032
6 (QN/Block) 	Elapsed: 0.15	Loglikelihood: -3315.82	(delta): 92.8014
7 (QN/Block) 	Elapsed: 0.141	Loglikelihood: -3292.07	(delta): 23.7539
8 (QN/Block) 	Elapsed: 0.141	Loglikelihood: -3289.59	(delta): 2.47869
9 (QN/Block) 	Elapsed: 0.149	Loglikelihood: -3289.51	(delta): 0.0807999
10 (QN/Block) 	Elapsed: 0.141	Loglikelihood: -3289.51	(delta): 4.27876e-07
Summary: 
Converged in 10 iterations (1.691 sec)
Loglikelihood: -3289.510681
Fst divergences between estimated populations: 
	Pop0	Pop1	Pop2	Pop3	Pop4	Pop5	Pop6	
Pop0	
Pop1	0.987	
Pop2	0.822	0.992	
Pop3	0.970	0.988	0.980	
Pop4	0.992	0.793	0.996	0.994	
Pop5	0.986	0.673	0.990	0.987	0.731	
Pop6	0.719	0.990	0.891	0.977	0.995	0.989	
Pop7	0.987	0.434	0.992	0.988	0.774	0.651	0.990	
CV error (K=8): 0.21771
Writing output files.
