PLINK v1.90b6.26 64-bit (2 Apr 2022)
Options in effect:
  --allow-extra-chr
  --double-id
  --indep-pairwise 50 10 0.1
  --out 7_samples
  --set-missing-var-ids @:#$1,$2
  --vcf /SAN/Ctyzzeri/all/results/vcf/7_samples/HZ_UGA_TYGZ1_PAR_HOM_filtered.vcf.gz

Hostname: harriet
Working directory: /SAN/Ctyzzeri/all/scripts
Start time: Tue Jun 14 16:01:11 2022

Random number seed: 1655215271
515931 MB RAM detected; reserving 257965 MB for main workspace.
--vcf: 7_samples-temporary.bed + 7_samples-temporary.bim +
7_samples-temporary.fam written.
301 variants loaded from .bim file.
301 missing IDs set.
7 people (0 males, 0 females, 7 ambiguous) loaded from .fam.
Ambiguous sex IDs written to 7_samples.nosex .
Using 1 thread (no multithreaded calculations invoked).
Before main variant filters, 7 founders and 0 nonfounders present.
Calculating allele frequencies... done.
Total genotyping rate is 0.863787.
301 variants and 7 people pass filters and QC.
Note: No phenotypes present.
Pruned 25 variants from chromosome 27, leaving 1.
Pruned 43 variants from chromosome 28, leaving 1.
Pruned 16 variants from chromosome 29, leaving 1.
Pruned 47 variants from chromosome 30, leaving 1.
Pruned 37 variants from chromosome 31, leaving 2.
Pruned 33 variants from chromosome 32, leaving 2.
Pruned 19 variants from chromosome 33, leaving 2.
Pruned 65 variants from chromosome 34, leaving 3.
Pruned 0 variants from chromosome 35, leaving 3.
Pruning complete.  285 of 301 variants removed.
Marker lists written to 7_samples.prune.in and 7_samples.prune.out .

End time: Tue Jun 14 16:01:11 2022
